PRT1
145
307
4 0 64 (2208 0 1254.027100 ) (2048 0 1254.027344 ) (2048 0 1015.932251 ) (2208 0 1015.932312 ) 
4 0 61 (2464 0 1254.026733 ) (2208 0 1254.027100 ) (2208 0 1015.932312 ) (2464 0 1015.932434 ) 
4 0 60 (2976 0 1015.932617 ) (2976 0 1254.025879 ) (2464 0 1254.026733 ) (2464 0 1015.932434 ) 
3 0 2 (2048 0 1015.932129 ) (2048 0 1254.026855 ) (2048 110.378044 1090.384521 ) 
3 1 19 (0 1024 -1233.978271 ) (0 1024 -1008.045471 ) (0 1128.741821 -1163.330078 ) 
5 1 17 (0 1024 -1008.045471 ) (0 1024 -387.368286 ) (0 1372.964966 -151.985962 ) (0 1765.450684 -733.870667 ) (0 1128.741821 -1163.330078 ) 
3 1 6 (0 1024 -387.368286 ) (0 1024 -1233.978027 ) (350.941132 1024 -810.672119 ) 
4 2 80 (2048 0 1015.932312 ) (2048 0 1254.026855 ) (1368.115845 0 1254.027588 ) (1170.739014 0 1015.931946 ) 
3 2 4 (1233.408936 0 1091.532104 ) (1368.114502 0 1254.027588 ) (1233.408936 75.330475 1142.345581 ) 
3 3 81 (1024 0 1254.027954 ) (1024 0 1057.272095 ) (1187.115845 0 1254.027832 ) 
3 3 7 (1024 0 1057.272095 ) (1024 0 1254.027954 ) (1024 91.215942 1118.794556 ) 
3 3 4 (1187.112305 0 1254.027832 ) (1142.896851 0 1200.693970 ) (1142.897705 24.725266 1217.371094 ) 
4 4 82 (1187.115845 0 1254.027710 ) (1142.898804 0 1200.691650 ) (1233.409546 0 1091.531372 ) (1368.115845 0 1254.027588 ) 
3 5 85 (1024 0 1344.149902 ) (1024 0 1311.249512 ) (1051.277466 0 1311.249512 ) 
5 5 10 (1024 383.048584 1315.626709 ) (1024 117.743958 1136.686768 ) (1024 0 1311.249390 ) (1024 0 1344.150024 ) (1024 250.056458 1512.795898 ) 
4 6 86 (0 0 -1078.072021 ) (0 0 -1550.054199 ) (310.572815 0 -1550.051025 ) (350.933960 0 -1501.367310 ) 
4 6 31 (0 364.859772 -831.968506 ) (0 1024 -387.368225 ) (0 1024 -1233.978027 ) (0 757.342163 -1413.838379 ) 
5 6 30 (0 0 -1550.053955 ) (0 0 -1078.072021 ) (0 364.859772 -831.968506 ) (0 757.342163 -1413.838379 ) (0 173.665527 -1807.527588 ) 
4 7 91 (901.382324 0 1254.028198 ) (0 0 1254.029297 ) (0 0 1015.935059 ) (703.992249 0 1015.935059 ) 
5 7 88 (1024 0 1057.272095 ) (1024 0 1254.028076 ) (901.382324 0 1254.028198 ) (703.992249 0 1015.935059 ) (989.730469 0 1015.935059 ) 
3 7 27 (0 0 1015.935120 ) (0 0 1254.029053 ) (0 110.381050 1090.382202 ) 
4 8 104 (333.150635 0 223.958267 ) (807.559448 0 796.195801 ) (777.832458 0 796.195801 ) (303.444305 0 223.958008 ) 
4 8 103 (256.013214 0 166.743591 ) (285.717285 0 166.743591 ) (333.150635 0 223.958267 ) (303.444305 0 223.958008 ) 
4 8 96 (0 0 796.195740 ) (0 0 166.743652 ) (256.013214 0 166.743591 ) (777.832458 0 796.195801 ) 
4 8 93 (0 0 853.414063 ) (0 0 796.195740 ) (521.818359 0 796.195801 ) (569.254639 0 853.413757 ) 
4 8 92 (671.984131 0 977.326660 ) (0 0 977.326721 ) (0 0 853.414063 ) (569.254639 0 853.413757 ) 
4 8 90 (957.724487 0 977.326660 ) (927.990967 0 977.326660 ) (777.832458 0 796.195801 ) (807.559448 0 796.195801 ) 
4 8 89 (927.990967 0 977.326660 ) (671.984131 0 977.326660 ) (521.818359 0 796.195801 ) (777.832458 0 796.195801 ) 
3 8 87 (0 0 166.743652 ) (0 0 -177.892029 ) (285.717285 0 166.743591 ) 
4 8 29 (0 0 -177.891968 ) (0 0 977.326721 ) (0 128.278107 1063.848633 ) (0 663.830322 269.858887 ) 
3 8 9 (0 663.829895 269.858582 ) (0 128.277588 1063.848389 ) (957.723511 128.277206 1063.848022 ) 
4 9 29 (0 154.801865 1081.746338 ) (0 690.375061 287.726318 ) (0 663.847107 269.834045 ) (0 128.271667 1063.858276 ) 
3 9 10 (0 690.374634 287.726013 ) (0 154.801819 1081.746338 ) (957.729126 154.803391 1081.744141 ) 
4 10 105 (1024 0 1311.249634 ) (1024 0 1344.150024 ) (645.102173 0 1801.156494 ) (238.942352 0 1311.249512 ) 
4 10 29 (0 690.357910 287.751709 ) (0 154.805481 1081.740967 ) (0 420.107910 1260.684082 ) (0 955.658936 466.696228 ) 
4 10 28 (0 154.805481 1081.740967 ) (0 133.614258 1113.158325 ) (0 398.918304 1292.098999 ) (0 420.107910 1260.684082 ) 
3 11 36 (-2336.513184 3072 -2670.911133 ) (-2799.462402 3072 -2670.911133 ) (-2567.988770 3072 -2950.117432 ) 
3 12 17 (-505.284821 2048 -1152.766968 ) (-1024 2048 -1152.766602 ) (-1024 2048 -1778.442139 ) 
3 12 13 (-1024 2048 -1778.442139 ) (-1024 2048 -1152.767334 ) (-1024 2338.058838 -1582.797729 ) 
5 13 36 (-2048 2273.966797 -2861.178467 ) (-2048 2048 -2526.172363 ) (-2048 2048 -1485.188232 ) (-2048 2202.109619 -1381.244385 ) (-2048 2910.666992 -2431.724854 ) 
6 13 25 (-1024 2048 -1778.442139 ) (-1024 2048 -1152.767334 ) (-1772.404541 2048 -1152.766846 ) (-2048 2048 -1485.188232 ) (-2048 2048 -2526.172363 ) (-1643.904785 2048 -2526.172363 ) 
3 14 38 (-2048 2048 -3013.592773 ) (-2048 2048 -2755.084473 ) (-2048 2167.842529 -2932.759033 ) 
3 14 23 (-1833.682617 2048 -2755.082764 ) (-2048 2048 -2755.084229 ) (-2048 2048 -3013.592773 ) 
3 15 39 (-2048 2048 -1266.866089 ) (-2048 2048 -1152.767334 ) (-2048 2100.895508 -1231.188354 ) 
3 15 22 (-1953.406006 2048 -1152.766724 ) (-2048 2048 -1152.766602 ) (-2048 2048 -1266.866089 ) 
3 16 29 (-122.213608 1024 365.376465 ) (-1024 1024 365.376465 ) (-1024 1024 -722.369019 ) 
3 16 22 (-1024 1024 -722.369141 ) (-1024 1024 365.376465 ) (-1024 1528.272827 -382.239075 ) 
5 17 31 (0 1024 -1008.045654 ) (0 1024 -387.368286 ) (-282.623016 1024 -46.469360 ) (-1024 1024 -940.713501 ) (-1024 1024 -1008.045410 ) 
5 17 25 (-1024 1939.151855 -991.392578 ) (-1024 2048 -1152.766602 ) (-1024 2048 -1778.442139 ) (-1024 1701.354248 -2012.254150 ) (-1024 1302.421509 -1420.818359 ) 
5 17 24 (-1024 1024 -1008.045654 ) (-1024 1024 -940.713501 ) (-1024 1629.500610 -532.315491 ) (-1024 1939.151855 -991.392578 ) (-1024 1302.421509 -1420.818359 ) 
5 17 19 (0 1024 -1008.043030 ) (-1024 1024 -1008.042969 ) (-1024 1302.422607 -1420.817627 ) (-667.295166 1501.888672 -1716.535400 ) (0 1128.742798 -1163.329102 ) 
4 18 31 (-2.439854 1024 -1236.921143 ) (-1024 1024 -1236.927979 ) (-1024 1024 -1809.184326 ) (-476.867065 1024 -1809.176025 ) 
3 18 30 (-1024 1024 -1809.184326 ) (-1024 1024 -2469.128662 ) (-476.867065 1024 -1809.176025 ) 
4 18 23 (-1024 1024 -1809.184326 ) (-1024 1024 -1236.927979 ) (-1024 1595.239136 -2083.828613 ) (-1024 1329.949585 -2262.766113 ) 
3 18 21 (-1024 1024 -2469.128906 ) (-1024 1024 -1809.184326 ) (-1024 1329.949585 -2262.766113 ) 
4 18 19 (-1024 1196.305298 -1492.385498 ) (-1024 1024 -1236.931396 ) (-2.442810 1024 -1236.924561 ) (-667.291809 1395.772461 -1788.106689 ) 
5 19 31 (0 1024 -1233.978149 ) (0 1024 -1008.045654 ) (-1024 1024 -1008.045410 ) (-1024 1024 -1236.927979 ) (-2.439880 1024 -1236.921143 ) 
4 19 24 (-1024 1024 -1236.927979 ) (-1024 1024 -1008.045654 ) (-1024 1302.421509 -1420.818359 ) (-1024 1196.306763 -1492.384399 ) 
4 20 43 (-2048 1024 -2175.855469 ) (-2048 1024 -2174.913574 ) (-2048 1140.434692 -2096.286865 ) (-2048 1140.914917 -2096.998779 ) 
5 20 42 (-2048 1318.861572 -3505.395508 ) (-2048 1024 -3068.238770 ) (-2048 1024 -2175.855469 ) (-2048 1193.982666 -2061.205566 ) (-2048 1902.557129 -3111.693848 ) 
4 20 33 (-2048 1024 -2174.913330 ) (-2048 1024 -3068.238770 ) (-1520.687134 1024 -3068.233643 ) (-1414.162720 1024 -2939.743652 ) 
4 20 23 (-1413.991821 1548.028320 -2586.081299 ) (-2048 1902.557373 -3111.693604 ) (-2048 1193.985352 -2061.208984 ) (-2047.550903 1193.734253 -2060.836670 ) 
4 20 21 (-1414.164429 1024 -2939.735352 ) (-1413.993652 1548.024170 -2586.075928 ) (-2047.547852 1193.732910 -2060.835449 ) (-2047.611084 1024 -2175.376465 ) 
5 21 34 (-1413.996948 1024 -2939.543701 ) (-1024 1024 -2469.128906 ) (-1024 1024 -1809.184082 ) (-1744.013184 1024 -1809.195068 ) (-2047.576416 1024 -2175.334473 ) 
4 21 33 (-2047.613770 1024 -2175.379395 ) (-1414.162720 1024 -2939.743652 ) (-1413.996948 1024 -2939.543701 ) (-2047.576416 1024 -2175.334473 ) 
5 21 23 (-1024 1024 -1809.183594 ) (-1024 1329.949951 -2262.765869 ) (-1413.991821 1548.028320 -2586.081299 ) (-2047.550293 1193.734619 -2060.837158 ) (-1744.012817 1024 -1809.194458 ) 
4 22 47 (-2048 1024 -1236.934692 ) (-2048 1024 -1008.133484 ) (-2048 1464.169678 -1660.637329 ) (-2048 1358.062988 -1732.205811 ) 
6 22 46 (-2048 1024 -1008.133484 ) (-2048 1024 -756.594238 ) (-2048 1544.132080 -405.751648 ) (-2048 2048 -1152.767090 ) (-2048 2048 -1266.845947 ) (-2048 1464.169678 -1660.637329 ) 
4 22 45 (-2048 1024 -1809.199951 ) (-2048 1024 -1236.934692 ) (-2048 1358.062988 -1732.205811 ) (-2048 1092.765747 -1911.147705 ) 
6 22 32 (-2048 1024 -756.594238 ) (-2048 1024 -1809.199707 ) (-1925.026367 1024 -1809.197876 ) (-1024 1024 -722.369141 ) (-1024 1024 365.376465 ) (-1117.853027 1024 365.376465 ) 
5 23 44 (-2048 2048 -2755.084473 ) (-2048 2048 -3013.592773 ) (-2048 1902.557129 -3111.693848 ) (-2048 1193.985107 -2061.209473 ) (-2048 1459.287109 -1882.277344 ) 
4 23 35 (-1744.015381 1024 -1809.195068 ) (-1024 1024 -1809.184082 ) (-1024 1024 -1236.927979 ) (-1269.570557 1024 -1236.929565 ) 
4 23 24 (-1300.854126 1041.489746 -1262.867188 ) (-1269.577026 1024 -1236.937256 ) (-1024 1024 -1236.935547 ) (-1024 1196.303467 -1492.386719 ) 
3 24 35 (-1024 1024 -1236.927979 ) (-1024 1024 -940.727417 ) (-1269.570557 1024 -1236.929565 ) 
4 24 25 (-1300.858398 1147.608643 -1191.300903 ) (-1300.864258 1784.336182 -761.869629 ) (-1024 1939.155029 -991.398132 ) (-1024 1302.426025 -1420.824829 ) 
3 25 50 (-2048 2048 -1485.222290 ) (-2048 2048 -2526.172363 ) (-2048 1565.406616 -1810.705444 ) 
4 26 138 (0 0 1253.832031 ) (0 0 1254.029053 ) (-608 0 1254.029785 ) (-608 0 1253.829468 ) 
4 26 27 (-608 0 1253.832031 ) (-608 110.359711 1090.367798 ) (0 110.360451 1090.368286 ) (0 0 1253.830933 ) 
4 27 138 (0 0 1015.935059 ) (0 0 1253.832031 ) (-608 0 1253.829468 ) (-608 0 1015.935059 ) 
4 28 29 (-37.893372 420.107422 1260.683594 ) (0 420.107422 1260.683594 ) (0 154.805511 1081.740845 ) (-37.896420 154.805511 1081.740845 ) 
4 29 142 (-608 0 289.661560 ) (-1024 0 -212.129883 ) (-1024 0 -291.048553 ) (-608 0 -291.053528 ) 
5 29 140 (0 0 166.743591 ) (0 0 977.326660 ) (-37.905197 0 977.326660 ) (-608 0 289.661560 ) (-608 0 166.743591 ) 
5 29 136 (0 0 -177.891846 ) (0 0 166.743591 ) (-608 0 166.743591 ) (-608 0 -291.053528 ) (-93.820923 0 -291.059692 ) 
6 29 32 (-1024 1024 365.376465 ) (-1024 1024 -722.369141 ) (-1024 520.148193 -1062.215088 ) (-1024 0 -291.048584 ) (-1024 0 -212.130005 ) (-1024 971.518066 443.184265 ) 
3 30 141 (-608 0 -1129.604370 ) (-956.583252 0 -1550.063232 ) (-608 0 -1550.059814 ) 
5 30 137 (0 0 -1550.053955 ) (0 0 -1078.072021 ) (-282.638092 0 -737.155029 ) (-608 0 -1129.604370 ) (-608 0 -1550.059814 ) 
5 30 34 (-1024 1024 -1809.184204 ) (-1024 1024 -2469.128662 ) (-1024 746.263611 -2656.461670 ) (-1024 37.697937 -1605.954346 ) (-1024 621.374329 -1212.276367 ) 
6 30 31 (0 757.342224 -1413.840210 ) (-476.866943 1024 -1809.177734 ) (-1024 1024 -1809.185791 ) (-1024 621.373962 -1212.276611 ) (-282.635071 206.811981 -597.660767 ) (0 364.859528 -831.968628 ) 
3 31 35 (-1024 1024 -940.727417 ) (-1024 1024 -1809.184204 ) (-1024 621.374451 -1212.276611 ) 
3 32 143 (-1024 0 -291.048584 ) (-1024 0 -212.130005 ) (-1089.425171 0 -291.047760 ) 
3 32 53 (-2048 536.027039 -1085.744629 ) (-2048 1024 -756.594116 ) (-2048 1024 -1809.208618 ) 
3 33 52 (-2048 1024 -2174.823486 ) (-2048 1024 -3068.239258 ) (-2048 609.827759 -2454.194336 ) 
4 33 34 (-1414.001831 964.335938 -2979.781250 ) (-1414.001099 1024 -2939.537354 ) (-2047.572998 1024 -2175.340332 ) (-2047.581177 610.062500 -2454.542725 ) 
3 34 35 (-1024 621.372559 -1212.277588 ) (-1024 1024 -1809.187988 ) (-1744.022339 1024 -1809.199829 ) 
4 36 50 (-2048 2048 -2526.172363 ) (-2048 2048 -1485.188110 ) (-2613.246094 2048 -2166.984131 ) (-2315.456299 2048 -2526.172363 ) 
3 36 49 (-2613.246094 2048 -2166.984131 ) (-2911.032471 2048 -2526.172363 ) (-2315.456299 2048 -2526.172363 ) 
4 36 41 (-3072 2282.906738 -2874.432373 ) (-3072 2138.011963 -2659.619141 ) (-3072 2774.718750 -2230.173340 ) (-3072 2919.600342 -2444.969238 ) 
5 36 37 (-2613.241943 2518.182617 -1849.846436 ) (-3072 2774.714844 -2230.171875 ) (-3072 2138.011719 -2659.617188 ) (-2911.032715 2048 -2526.170654 ) (-2613.247070 2048 -2166.982666 ) 
5 37 49 (-2703.744629 2048 -2057.825928 ) (-3072 2048 -2502.015869 ) (-3072 2048 -2526.172363 ) (-2911.032471 2048 -2526.172363 ) (-2613.246094 2048 -2166.984131 ) 
5 37 41 (-3072 2138.011963 -2659.619141 ) (-3072 2048 -2526.172363 ) (-3072 2048 -2502.015625 ) (-3072 2673.504883 -2080.117432 ) (-3072 2774.718750 -2230.173340 ) 
4 37 39 (-2703.741211 2467.579102 -1774.819824 ) (-3072 2673.503906 -2080.117188 ) (-3072 2048 -2502.014893 ) (-2703.744141 2048 -2057.826416 ) 
6 38 44 (-2308.143066 2048 -3327.377686 ) (-2048 2048 -3013.592773 ) (-2048 2048 -2755.084473 ) (-3072 2048 -2755.091064 ) (-3072 2048 -3032.881348 ) (-2827.855469 2048 -3327.371338 ) 
3 38 42 (-2567.997803 2048 -3640.814941 ) (-2308.143066 2048 -3327.377686 ) (-2827.855469 2048 -3327.371338 ) 
3 38 40 (-3072 2048 -3032.881592 ) (-3072 2048 -2755.091309 ) (-3072 2176.780273 -2946.016602 ) 
6 39 51 (-2322.700195 2048 -1152.767090 ) (-2949.061768 2048 -1152.766724 ) (-3072 2048 -1301.058350 ) (-3072 2048 -1613.643066 ) (-2703.744629 2048 -2057.825928 ) (-2138.056641 2048 -1375.492188 ) 
3 39 48 (-3072 2048 -1613.643066 ) (-3072 2048 -2502.015869 ) (-2703.744629 2048 -2057.825928 ) 
4 39 46 (-2048 2048 -1266.865967 ) (-2048 2048 -1152.767334 ) (-2322.700195 2048 -1152.767090 ) (-2138.056641 2048 -1375.492188 ) 
4 39 41 (-3072 2048 -2502.015625 ) (-3072 2048 -1301.058350 ) (-3072 2116.745850 -1254.687500 ) (-3072 2673.504883 -2080.117432 ) 
4 40 56 (-3072 2048 -3032.881348 ) (-3072 2048 -2755.091064 ) (-3100.802734 2048 -2755.091309 ) (-3201.552490 2048 -2876.613525 ) 
4 41 57 (-3072 2048 -2526.172607 ) (-3072 2048 -1301.058350 ) (-3789.871582 2048 -2166.976318 ) (-3492.083008 2048 -2526.172607 ) 
4 42 55 (-3072 1858.429321 -3160.750488 ) (-3072 1327.806396 -3518.666748 ) (-3072 1182.896362 -3303.825684 ) (-3072 1713.527222 -2945.925781 ) 
4 42 54 (-3072 1911.480713 -3124.966309 ) (-3072 1858.429321 -3160.750488 ) (-3072 1713.527222 -2945.925781 ) (-3072 1766.582275 -2910.141113 ) 
3 42 52 (-2048 1024 -3068.238770 ) (-2048 1024 -2175.855469 ) (-2787.839844 1024 -3068.245605 ) 
6 42 44 (-2048 1902.531250 -3111.710938 ) (-2308.144531 2048 -3327.378906 ) (-2827.852295 2048 -3327.374268 ) (-3072 1911.479004 -3124.966553 ) (-3072 1766.580811 -2910.142090 ) (-2048 1193.973755 -2061.211670 ) 
5 42 43 (-3072 1713.526123 -2945.924316 ) (-3072 1182.895264 -3303.823975 ) (-2787.841797 1024 -3068.245850 ) (-2048 1024 -2175.855225 ) (-2048 1140.914795 -2096.998779 ) 
5 43 55 (-3072 1182.896362 -3303.825684 ) (-3072 1024 -3068.248535 ) (-3072 1024 -1991.773193 ) (-3072 1055.573608 -1970.475952 ) (-3072 1713.527222 -2945.925781 ) 
7 43 52 (-2048 1024 -2175.855469 ) (-2048 1024 -2174.823486 ) (-2256.225586 1024 -1923.666504 ) (-3015.537598 1024 -1923.666504 ) (-3072 1024 -1991.773193 ) (-3072 1024 -3068.248291 ) (-2787.839844 1024 -3068.245605 ) 
5 44 56 (-3072 2048 -2755.090820 ) (-3072 2048 -3032.881348 ) (-3072 1911.480713 -3124.966309 ) (-3072 1766.586792 -2910.147949 ) (-3072 2031.894043 -2731.212646 ) 
5 45 53 (-2048 1024 -1809.208496 ) (-2048 1024 -1236.934570 ) (-2446.218750 1024 -1236.937378 ) (-2635.880371 1024 -1465.712891 ) (-2351.118652 1024 -1809.204834 ) 
5 45 47 (-2635.880371 1130.054199 -1394.176758 ) (-2446.223145 1024 -1236.942993 ) (-2048 1024 -1236.940186 ) (-2048 1358.060547 -1732.207520 ) (-2138.073242 1408.428345 -1806.881836 ) 
3 46 53 (-2048 1024 -1008.133545 ) (-2048 1024 -756.593994 ) (-2256.549805 1024 -1008.153076 ) 
5 46 51 (-2635.880859 1236.119629 -1322.632935 ) (-2635.880127 1872.870361 -893.127075 ) (-2322.699463 2048 -1152.768555 ) (-2138.056641 2048 -1375.492554 ) (-2138.064941 1514.541260 -1735.316406 ) 
5 46 47 (-2256.562500 1024 -1008.160156 ) (-2635.878906 1236.113281 -1322.632813 ) (-2138.062744 1514.536377 -1735.317017 ) (-2048 1464.174438 -1660.652100 ) (-2048 1024 -1008.140564 ) 
4 47 53 (-2048 1024 -1236.934570 ) (-2048 1024 -1008.133545 ) (-2256.549805 1024 -1008.153076 ) (-2446.218750 1024 -1236.937378 ) 
4 48 57 (-3072 2048 -1613.643066 ) (-3072 2048 -2502.006836 ) (-3072 2036.789917 -2509.567871 ) (-3072 1624.951660 -1898.993286 ) 
4 48 51 (-2703.750732 1830.865845 -2204.276855 ) (-2703.749512 2048 -2057.818848 ) (-3072 2048 -1613.643066 ) (-3072 1624.951904 -1898.993652 ) 
4 48 49 (-2703.749756 2048 -2057.818848 ) (-2703.750977 1830.865601 -2204.276367 ) (-3072 2036.789673 -2509.567627 ) (-3072 2048 -2502.006348 ) 
3 49 57 (-3072 2048 -2502.006836 ) (-3072 2048 -2526.172363 ) (-3072 2036.796875 -2509.563232 ) 
3 49 50 (-2315.454102 2048 -2526.172363 ) (-2613.245117 2048 -2166.983154 ) (-2613.247314 1881.480713 -2279.299805 ) 
4 51 57 (-3072 2048 -1301.058350 ) (-3072 2048 -1613.643066 ) (-3072 1624.951660 -1898.993286 ) (-3072 1480.044189 -1684.159424 ) 
3 52 58 (-3072 1024 -1991.773071 ) (-3072 1024 -3068.248535 ) (-3072 524.963867 -2328.385986 ) 
3 54 56 (-3072 1766.590088 -2910.135742 ) (-3072 1911.492432 -3124.958496 ) (-3201.563721 1839.040527 -3017.548096 ) 
3 54 55 (-3072 1858.428589 -3160.751221 ) (-3072 1713.526367 -2945.926270 ) (-3201.564209 1785.977539 -3053.338867 ) 
4 55 58 (-3072 1024 -3068.248535 ) (-3072 1024 -1991.773193 ) (-3789.869141 1024 -2857.688477 ) (-3615.302002 1024 -3068.253662 ) 
4 59 67 (2464 -1024 1684.874146 ) (2240 -1024 1684.869507 ) (2240 -1024 1455.979736 ) (2464 -1024 1455.976685 ) 
4 59 65 (2976 -1024 1455.969849 ) (2976 -1024 1684.884888 ) (2464 -1024 1684.874146 ) (2464 -1024 1455.976685 ) 
4 59 60 (2976 -1024 1684.882324 ) (2976 -393.679016 750.391113 ) (2464 -393.683838 750.387695 ) (2464 -1024 1684.871460 ) 
4 60 65 (2976 -1024 1684.884888 ) (2976 -1024 2772.170166 ) (2464 -1024 2772.170898 ) (2464 -1024 1684.874268 ) 
5 60 61 (2464 -1024 2772.175781 ) (2464 0 1254.031250 ) (2464 0 1015.935425 ) (2464 -367.149109 768.290955 ) (2464 -1024 1742.102051 ) 
4 61 76 (2208 -1024 2199.907471 ) (2208 -1024 2142.683594 ) (2240 -1024 2142.682373 ) (2240 -1024 2199.907471 ) 
4 61 75 (2208 -1024 2142.683594 ) (2208 -1024 1742.099854 ) (2240 -1024 1742.100098 ) (2240 -1024 2142.682373 ) 
4 61 72 (2432 -1024 2199.907471 ) (2240 -1024 2199.907471 ) (2240 -1024 1855.888550 ) (2432 -1024 1855.878540 ) 
4 61 71 (2464 -1024 2142.673584 ) (2464 -1024 2199.907471 ) (2432 -1024 2199.907471 ) (2432 -1024 2142.674805 ) 
4 61 70 (2464 -1024 1855.876831 ) (2464 -1024 2142.673584 ) (2432 -1024 2142.674805 ) (2432 -1024 1855.878540 ) 
4 61 69 (2240 -1024 1742.100098 ) (2432 -1024 1742.101807 ) (2432 -1024 1855.878540 ) (2240 -1024 1855.888550 ) 
4 61 68 (2432 -1024 1742.101807 ) (2464 -1024 1742.102051 ) (2464 -1024 1855.876831 ) (2432 -1024 1855.878540 ) 
4 61 66 (2464 -1024 2772.170898 ) (2208 -1024 2772.171143 ) (2208 -1024 2199.907471 ) (2464 -1024 2199.907471 ) 
5 61 64 (2208 -773.216064 1999.750000 ) (2208 -587.492126 2125.020752 ) (2208 0 1254.026855 ) (2208 0 1015.932617 ) (2208 -75.346367 965.109924 ) 
4 61 63 (2208 -1024 1830.596191 ) (2208 -1024 2139.370605 ) (2208 -942.882629 2194.085938 ) (2208 -799.735901 1981.862305 ) 
4 61 62 (2208 -1024 2371.590576 ) (2208 -1024 2772.170898 ) (2208 -587.492126 2125.020752 ) (2208 -773.216003 1999.750000 ) 
4 62 81 (2048 -1024 2371.606934 ) (2048 -1024 2772.171387 ) (2048 -498.021423 1992.375000 ) (2048 -683.744019 1867.105103 ) 
4 62 78 (2208 -1024 2371.590576 ) (2208 -1024 2772.170898 ) (2048 -1024 2772.171143 ) (2048 -1024 2371.606934 ) 
4 62 64 (2048 -683.744385 1867.105591 ) (2048 -498.024048 1992.371338 ) (2208 -587.494812 2125.017090 ) (2208 -773.216370 1999.750610 ) 
5 63 84 (2048 -975.555786 1670.278076 ) (2048 -1024 1742.098877 ) (2048 -1024 1946.377563 ) (2048 -853.411865 2061.442627 ) (2048 -710.264038 1849.217407 ) 
5 63 77 (2208 -1024 1830.596191 ) (2208 -1024 2139.370605 ) (2048 -1024 1946.377441 ) (2048 -1024 1742.098877 ) (2134.632568 -1024 1742.099487 ) 
4 64 82 (2048 -565.925781 1692.433105 ) (2048 -667.139526 1842.489380 ) (2048 -481.415100 1967.755127 ) (2048 -380.207001 1817.707642 ) 
4 64 81 (2048 -667.139526 1842.489380 ) (2048 -683.743286 1867.105591 ) (2048 -498.021423 1992.375000 ) (2048 -481.415100 1967.755127 ) 
5 64 80 (2048 0 1254.026855 ) (2048 0 1015.932617 ) (2048 -75.343994 965.111572 ) (2048 -565.925781 1692.433105 ) (2048 -380.207001 1817.707642 ) 
4 65 109 (2976 -2048 2974.112305 ) (2976 -2048 4290.295898 ) (2464 -2048 4290.295410 ) (2464 -2048 2974.112305 ) 
4 65 71 (2464 -1024 2199.907471 ) (2464 -1024 2142.673584 ) (2464 -1595.090088 2989.350098 ) (2464 -1568.560181 3007.250244 ) 
4 65 70 (2464 -1024 2142.673584 ) (2464 -1024 1855.876831 ) (2464 -1727.745728 2899.882080 ) (2464 -1595.089966 2989.350098 ) 
4 65 68 (2464 -1024 1855.876831 ) (2464 -1024 1742.102051 ) (2464 -1780.803711 2864.097656 ) (2464 -1727.745728 2899.882080 ) 
4 65 67 (2464 -1024 1684.864990 ) (2464 -1024 1455.979126 ) (2464 -2048 2974.112793 ) (2464 -2048 3203.014404 ) 
4 65 66 (2464 -2048 4290.296875 ) (2464 -1024 2772.152344 ) (2464 -1024 2199.907471 ) (2464 -2048 3718.048096 ) 
4 66 110 (2464 -2048 3718.047363 ) (2464 -2048 4290.295410 ) (2208 -2048 4290.295410 ) (2208 -2048 3718.048096 ) 
4 66 78 (2208 -1303.271118 3186.186523 ) (2208 -1024 2772.148926 ) (2208 -1024 2371.517822 ) (2208 -1489.010498 3060.900391 ) 
4 66 76 (2208 -1568.563477 3007.257813 ) (2208 -1024 2199.910156 ) (2240 -1024 2199.910156 ) (2240 -1568.562988 3007.256836 ) 
4 66 72 (2240 -1024 2199.910156 ) (2432 -1024 2199.909668 ) (2432 -1568.549316 3007.236572 ) (2240 -1568.553833 3007.243408 ) 
4 66 71 (2432 -1024 2199.909668 ) (2464 -1024 2199.909668 ) (2464 -1568.558960 3007.250977 ) (2432 -1568.559448 3007.251465 ) 
4 67 124 (2432 -2048 3203.012451 ) (2240 -2048 3203.001709 ) (2240 -2048 2974.123779 ) (2432 -2048 2974.120605 ) 
4 67 119 (2464 -2048 2974.120117 ) (2464 -2048 3203.014160 ) (2432 -2048 3203.012451 ) (2432 -2048 2974.120605 ) 
4 67 74 (2240 -1913.432007 2774.618652 ) (2240 -2048 2974.124023 ) (2240 -2048 3203.001953 ) (2240 -1807.330444 2846.192871 ) 
4 68 70 (2464 -1727.744873 2899.882813 ) (2464 -1024 1855.878906 ) (2432 -1024 1855.880615 ) (2432 -1727.744141 2899.883301 ) 
4 68 69 (2432 -1727.744873 2899.882813 ) (2432 -1024 1855.879028 ) (2432 -1024 1742.101807 ) (2432 -1780.803955 2864.097656 ) 
4 69 125 (2240 -2048 3374.729248 ) (2240 -2048 3260.231201 ) (2432 -2048 3260.231201 ) (2432 -2048 3374.729492 ) 
4 69 113 (2432 -2048 3374.979980 ) (2240 -2048 3374.989990 ) (2240 -2048 3374.729248 ) (2432 -2048 3374.729492 ) 
4 69 75 (2240 -1024 1855.888550 ) (2240 -1024 1742.124512 ) (2240 -1780.800049 2864.100342 ) (2240 -1727.740356 2899.885742 ) 
4 69 73 (2240 -1745.618896 2926.410645 ) (2240 -2048 3374.992432 ) (2432 -2048 3374.982178 ) (2432 -1745.623535 2926.407471 ) 
4 69 72 (2432 -1024 1855.880615 ) (2240 -1024 1855.890625 ) (2240 -1727.728760 2899.870850 ) (2432 -1727.728882 2899.860840 ) 
4 70 72 (2432 -1024 2142.675049 ) (2432 -1024 1855.882813 ) (2432 -1727.742920 2899.883789 ) (2432 -1595.089355 2989.350586 ) 
4 70 71 (2464 -1595.087036 2989.352295 ) (2464 -1024 2142.679688 ) (2432 -1024 2142.679688 ) (2432 -1595.087158 2989.351807 ) 
4 71 72 (2432 -1568.559448 3007.251709 ) (2432 -1024 2199.910156 ) (2432 -1024 2142.675049 ) (2432 -1595.089966 2989.351318 ) 
4 72 76 (2240 -1568.553833 3007.243408 ) (2240 -1024 2199.910156 ) (2240 -1024 2142.682373 ) (2240 -1595.082764 2989.348145 ) 
4 72 75 (2240 -1024 2142.682373 ) (2240 -1024 1855.888550 ) (2240 -1727.729858 2899.870117 ) (2240 -1595.082764 2989.348145 ) 
4 73 113 (2240 -2048 3660.826172 ) (2240 -2048 3374.989990 ) (2432 -2048 3374.979980 ) (2432 -2048 3660.818604 ) 
4 74 126 (2240 -2048 2974.112305 ) (2240 -2048 3203.014160 ) (2208 -2048 3203.013428 ) (2208 -2048 2974.112549 ) 
4 75 77 (2208 -1024 2139.370605 ) (2208 -1024 1830.596191 ) (2208 -1065.026611 1802.923706 ) (2208 -1208.171753 2015.142944 ) 
4 75 76 (2240 -1595.085083 2989.353516 ) (2240 -1024 2142.684570 ) (2208 -1024 2142.685059 ) (2208 -1595.088135 2989.358398 ) 
3 77 107 (2048 -1024 1946.377441 ) (2048 -1024 1742.099121 ) (2048 -1118.702026 1882.499146 ) 
4 78 106 (2048 -1303.260986 3186.193359 ) (2048 -1024 2772.171387 ) (2048 -1024 2371.518066 ) (2048 -1489.010498 3060.900391 ) 
4 79 87 (1024 -412.845825 778.811462 ) (1024 -625.076355 635.658813 ) (1024 -758.047913 832.801147 ) (1024 -545.820007 975.953369 ) 
5 80 82 (2048 -380.204224 1817.708496 ) (1368.121826 0 1254.032227 ) (1233.410767 0 1091.529785 ) (1233.410767 -110.376785 1017.076233 ) (2048 -565.924927 1692.431763 ) 
4 81 106 (2048 -1024 2371.649658 ) (2048 -1024 2772.171387 ) (1024 -1024 2772.172363 ) (1024 -1024 2371.649658 ) 
4 81 95 (1024 -409.345490 1460.346802 ) (1024 -1024 2371.649658 ) (1024 -1024 2772.172363 ) (1024 -223.648254 1585.600464 ) 
4 81 94 (1024 -200.583984 1150.831543 ) (1024 -409.345490 1460.346802 ) (1024 -223.648254 1585.600464 ) (1024 -14.879898 1276.088257 ) 
5 81 88 (1024 0 1254.027832 ) (1024 0 1057.272095 ) (1024 -94.493568 993.539063 ) (1024 -200.583984 1150.831543 ) (1024 -14.879898 1276.088257 ) 
5 81 82 (2048 -667.107788 1842.511597 ) (1142.893555 -160.978058 1092.111694 ) (1142.898315 0 1200.692261 ) (1187.114868 0 1254.027710 ) (2048 -481.415649 1967.755615 ) 
4 83 97 (1024 -402.947693 821.352234 ) (1024 -701.183838 1263.500610 ) (1024 -435.893127 1442.440430 ) (1024 -137.660370 1000.287720 ) 
4 83 84 (1440.027832 -778.734436 1378.473999 ) (1823.955444 -850.298584 1484.573853 ) (1823.957153 -585.007446 1663.513672 ) (1440.021606 -513.441650 1557.411865 ) 
3 84 107 (2048 -1024 1742.098633 ) (2048 -1024 1946.377563 ) (1878.642334 -1024 1742.097290 ) 
3 85 105 (1024 0 1344.149902 ) (1024 0 1311.249512 ) (1024 -15.252996 1333.863037 ) 
3 86 137 (0 0 -1078.072021 ) (0 0 -1550.054077 ) (0 -218.804092 -1225.658691 ) 
5 87 136 (0 0 166.743652 ) (0 0 -177.856506 ) (0 -52.476021 -213.252380 ) (0 -609.207275 612.122742 ) (0 -396.973572 755.279907 ) 
4 87 103 (957.731750 -375.789978 723.874023 ) (285.693176 0 166.743759 ) (256.013336 0 166.743759 ) (928.004517 -375.789978 723.874023 ) 
4 87 96 (928.004456 -375.789978 723.874023 ) (256.013336 0 166.743759 ) (0 0 166.743759 ) (0 -375.789978 723.874084 ) 
4 88 94 (1024 -14.883365 1276.089478 ) (927.994934 -14.883317 1276.089478 ) (927.997864 -200.585236 1150.833374 ) (1024 -200.589752 1150.830322 ) 
5 88 91 (927.994873 -200.583939 1150.831543 ) (927.991272 -14.879822 1276.088257 ) (901.381409 0 1254.028076 ) (703.991943 0 1015.935059 ) (703.996033 -75.325233 965.131592 ) 
4 89 96 (521.821167 0 796.199219 ) (777.835327 0 796.199219 ) (927.991699 -83.969597 920.690369 ) (671.986511 -83.969597 920.690369 ) 
4 89 93 (521.821472 0 796.199341 ) (671.986328 -83.969391 920.690430 ) (671.985596 -57.440048 938.584106 ) (569.254700 0 853.413696 ) 
3 89 92 (671.985596 -57.440048 938.584106 ) (671.983948 0 977.326721 ) (569.254700 0 853.413696 ) 
3 89 90 (927.994934 -83.961639 920.695740 ) (777.852600 0 796.216187 ) (927.994080 0 977.326782 ) 
4 90 104 (777.835327 0 796.199219 ) (807.562256 0 796.199219 ) (957.725159 -83.969597 920.690369 ) (927.991699 -83.969597 920.690369 ) 
5 91 138 (0 0 1254.028809 ) (0 0 1015.935120 ) (0 -75.337891 965.123047 ) (0 -200.582565 1150.832397 ) (0 -14.879442 1276.088501 ) 
4 91 94 (927.994934 -14.883317 1276.089478 ) (0 -14.882860 1276.089844 ) (0 -200.583862 1150.834351 ) (927.997864 -200.584122 1150.834106 ) 
3 92 140 (0 0 977.326721 ) (0 0 853.414063 ) (0 -57.439846 938.584290 ) 
4 92 93 (569.250000 0 853.414063 ) (671.982117 -57.440052 938.584167 ) (0 -57.439957 938.584229 ) (0 0 853.414063 ) 
4 93 140 (0 0 853.414063 ) (0 0 796.195740 ) (0 -83.979118 920.701172 ) (0 -57.448303 938.596802 ) 
4 93 96 (0 0 796.199158 ) (521.821167 0 796.199219 ) (672 -83.977577 920.702209 ) (0 -83.977585 920.702209 ) 
4 94 139 (0 -218.431168 1177.388306 ) (0 -32.772400 1302.615967 ) (0 -14.879442 1276.088501 ) (0 -200.540115 1150.861084 ) 
4 94 95 (1024 -223.650391 1585.603516 ) (0 -32.774414 1302.619141 ) (0 -218.431976 1177.389526 ) (1024 -409.342499 1460.350708 ) 
4 95 139 (0 -1024 2371.580322 ) (0 -1024 2772.173828 ) (0 -32.772400 1302.615967 ) (0 -218.471786 1177.360962 ) 
4 95 108 (1024 -1024 2371.580322 ) (1024 -1024 2772.172363 ) (0 -1024 2772.173584 ) (0 -1024 2371.580322 ) 
4 96 140 (0 0 796.195740 ) (0 0 166.743652 ) (0 -375.789978 723.874023 ) (0 -83.943787 920.648804 ) 
4 96 104 (303.444702 0 223.958023 ) (777.835938 0 796.198303 ) (927.944153 -83.942589 920.649536 ) (928 -349.262207 741.760193 ) 
4 96 103 (928.005310 -375.788635 723.875000 ) (256.015625 0 166.746094 ) (303.444702 0 223.958023 ) (928 -349.262207 741.760193 ) 
4 96 100 (896 -349.262512 741.760315 ) (896 -83.945313 920.648438 ) (671.938110 -83.945297 920.648438 ) (672 -349.263367 741.759766 ) 
4 96 98 (928 -349.271698 741.754150 ) (927.943420 -83.945313 920.648438 ) (896 -83.945313 920.648438 ) (896 -349.271698 741.754150 ) 
5 97 98 (928 -227.121063 1132.933472 ) (928 -83.968750 920.699219 ) (928 -345.484375 744.308594 ) (928 -349.262787 741.761047 ) (928 -492.412659 953.987244 ) 
4 97 99 (928 -417.992371 1415.914673 ) (928 -227.121063 1132.933472 ) (928 -492.412659 953.987244 ) (928 -683.289429 1236.970703 ) 
4 98 100 (896 -83.945313 920.648438 ) (896 -349.271790 741.754395 ) (896 -474.527740 927.457642 ) (896 -209.234955 1106.402954 ) 
4 99 102 (896 -635.571594 1166.219604 ) (896 -677.327026 1228.125732 ) (896 -412.031250 1407.068848 ) (896 -370.278137 1345.165649 ) 
4 99 101 (896 -492.419006 953.983032 ) (896 -635.571594 1166.219604 ) (896 -370.278137 1345.165649 ) (896 -227.126907 1132.929565 ) 
4 101 102 (671.983521 -635.569702 1166.218506 ) (896 -635.568848 1166.219116 ) (896 -370.279144 1345.162720 ) (671.995117 -370.278564 1345.163208 ) 
4 103 104 (957.736145 -349.262207 741.760132 ) (333.152344 0 223.957031 ) (303.437500 0 223.953125 ) (927.996216 -349.264465 741.758667 ) 
4 106 108 (1024 -1024 2772.172119 ) (1024 -1024 2371.518066 ) (1024 -1489.010498 3060.900391 ) (1024 -1303.260498 3186.193848 ) 
4 108 144 (0 -1024 2772.173340 ) (0 -1024 2371.517822 ) (0 -1489.010498 3060.900391 ) (0 -1303.260010 3186.194092 ) 
4 109 128 (2976 -3072 4492.245117 ) (2976 -3072 5389.869141 ) (2464 -3072 5389.875000 ) (2464 -3072 4492.246094 ) 
4 109 119 (2464 -2048 3203.014404 ) (2464 -2048 2974.112305 ) (2464 -2378.610107 3464.259277 ) (2464 -2272.563232 3535.944580 ) 
4 109 118 (2464 -2246.059570 3553.860352 ) (2464 -2272.562988 3535.944580 ) (2464 -2487.291016 3854.292969 ) (2464 -2460.780273 3872.193359 ) 
4 109 117 (2464 -3072 4492.246094 ) (2464 -3072 4721.162109 ) (2464 -2272.562988 3535.944580 ) (2464 -2378.610107 3464.259277 ) 
3 109 116 (2464 -3072 4849.486816 ) (2464 -3072 4892.765137 ) (2464 -3051.935059 4863.019531 ) 
4 109 112 (2464 -3072 5178.960938 ) (2464 -3072 5236.188477 ) (2464 -2892.730225 4970.410645 ) (2464 -2919.258301 4952.511719 ) 
4 109 111 (2464 -3072 4892.765137 ) (2464 -3072 5178.960938 ) (2464 -2919.254639 4952.506348 ) (2464 -3051.935059 4863.019531 ) 
5 109 110 (2464 -3072 5236.188477 ) (2464 -3072 5389.875000 ) (2464 -2877.955566 5520.758301 ) (2464 -2048 4290.294922 ) (2464 -2048 3718.047852 ) 
4 110 134 (2240 -3072 5389.877930 ) (2208 -3072 5389.878418 ) (2208 -3072 5236.188965 ) (2240 -3072 5236.188965 ) 
4 110 132 (2432 -3072 5389.875488 ) (2240 -3072 5389.877930 ) (2240 -3072 5236.188965 ) (2432 -3072 5236.188477 ) 
4 110 131 (2464 -3072 5236.188477 ) (2464 -3072 5389.875000 ) (2432 -3072 5389.875488 ) (2432 -3072 5236.188477 ) 
4 110 115 (2208 -3072 5236.191406 ) (2208 -2892.725342 4970.406250 ) (2240 -2892.722168 4970.401367 ) (2240 -3072 5236.191406 ) 
4 110 114 (2432 -2892.729004 4970.411133 ) (2432 -3072 5236.191406 ) (2240 -3072 5236.191406 ) (2240 -2892.728760 4970.411133 ) 
4 110 112 (2464 -2892.729004 4970.411133 ) (2464 -3072 5236.191406 ) (2432 -3072 5236.191406 ) (2432 -2892.728760 4970.411133 ) 
4 111 131 (2464 -3072 4892.765137 ) (2464 -3072 5178.960938 ) (2432 -3072 5178.962402 ) (2432 -3072 4892.765137 ) 
4 111 116 (2464 -3051.934082 4863.019531 ) (2464 -3072 4892.766602 ) (2432 -3072 4892.767090 ) (2432 -3051.937256 4863.024902 ) 
4 111 113 (2432 -3051.937988 4863.024414 ) (2432 -3072 4892.765625 ) (2432 -3072 5178.961914 ) (2432 -2919.257324 4952.511719 ) 
4 111 112 (2464 -3072 5178.964844 ) (2464 -2919.253174 4952.507813 ) (2432 -2919.256348 4952.511719 ) (2432 -3072 5178.963867 ) 
4 112 131 (2464 -3072 5178.960938 ) (2464 -3072 5236.188477 ) (2432 -3072 5236.188477 ) (2432 -3072 5178.962402 ) 
4 112 114 (2432 -3072 5236.191406 ) (2432 -2892.728760 4970.411133 ) (2432 -2919.257813 4952.511719 ) (2432 -3072 5178.961914 ) 
4 113 132 (2240 -3072 5178.969727 ) (2240 -3072 4892.764648 ) (2432 -3072 4892.765137 ) (2432 -3072 5178.962402 ) 
4 113 125 (2240 -2048 3374.730469 ) (2432 -2048 3374.730469 ) (2432 -2175.082520 3563.125000 ) (2240 -2175.079590 3563.120605 ) 
4 113 123 (2432 -2425.609131 3934.520264 ) (2432 -3051.937256 4863.024902 ) (2240 -3051.955322 4863.053223 ) (2240 -2425.610596 3934.522705 ) 
4 113 116 (2432 -3051.937256 4863.024902 ) (2432 -3072 4892.767090 ) (2240 -3072 4892.769043 ) (2240 -3051.955322 4863.053223 ) 
4 113 115 (2240 -3051.932861 4863.021484 ) (2240 -3072 4892.770020 ) (2240 -3072 5178.969727 ) (2240 -2919.250488 4952.509277 ) 
4 113 114 (2432 -3072 5178.964844 ) (2432 -2919.256348 4952.512695 ) (2240 -2919.254395 4952.513672 ) (2240 -3072 5178.968750 ) 
4 114 132 (2432 -3072 5236.188477 ) (2240 -3072 5236.188965 ) (2240 -3072 5178.969727 ) (2432 -3072 5178.962402 ) 
4 114 115 (2240 -3072 5236.191406 ) (2240 -2892.728760 4970.411133 ) (2240 -2919.254150 4952.514648 ) (2240 -3072 5178.969727 ) 
4 115 134 (2240 -3072 5236.188965 ) (2208 -3072 5236.188965 ) (2208 -3072 4892.764648 ) (2240 -3072 4892.764648 ) 
4 115 116 (2208 -3072 4892.769531 ) (2208 -3051.936035 4863.025391 ) (2240 -3051.933350 4863.020996 ) (2240 -3072 4892.769043 ) 
4 116 134 (2240 -3072 4892.764648 ) (2208 -3072 4892.764648 ) (2208 -3072 4849.540527 ) (2240 -3072 4849.533691 ) 
4 116 132 (2432 -3072 4892.765137 ) (2240 -3072 4892.764648 ) (2240 -3072 4849.533691 ) (2432 -3072 4849.493652 ) 
4 116 131 (2464 -3072 4849.486816 ) (2464 -3072 4892.765137 ) (2432 -3072 4892.765137 ) (2432 -3072 4849.493652 ) 
4 116 123 (2240 -3051.956787 4863.049805 ) (2432 -3051.937988 4863.021973 ) (2432 -3072 4849.491211 ) (2240 -3072 4849.531738 ) 
4 117 129 (2464 -3072 4492.246094 ) (2464 -3072 4721.162109 ) (2432 -3072 4721.162109 ) (2432 -3072 4492.246094 ) 
4 117 120 (2432 -2378.607910 3464.260742 ) (2432 -3072 4492.250000 ) (2432 -3072 4721.162109 ) (2432 -2272.563232 3535.944580 ) 
4 117 119 (2464 -2378.605469 3464.261719 ) (2432 -2378.605469 3464.261719 ) (2432 -2272.562744 3535.944092 ) (2464 -2272.562744 3535.944092 ) 
4 117 118 (2464 -2272.564453 3535.941650 ) (2432 -2272.564453 3535.941650 ) (2432 -2487.293213 3854.291260 ) (2464 -2487.293457 3854.291260 ) 
4 118 122 (2432 -2246.059570 3553.860352 ) (2432 -2272.563232 3535.944580 ) (2432 -2487.291016 3854.292480 ) (2432 -2460.780029 3872.193115 ) 
4 119 124 (2432 -2048 2974.117188 ) (2432 -2378.607910 3464.260742 ) (2432 -2272.563965 3535.944092 ) (2432 -2048 3203.012695 ) 
4 120 129 (2240 -3072 4721.162109 ) (2240 -3072 4492.246094 ) (2432 -3072 4492.246094 ) (2432 -3072 4721.162109 ) 
4 120 126 (2240 -2378.607910 3464.260498 ) (2240 -3072 4492.249512 ) (2240 -3072 4721.162109 ) (2240 -2272.562988 3535.944336 ) 
4 120 124 (2240 -2378.605469 3464.261719 ) (2240 -2272.562744 3535.944092 ) (2432 -2272.562744 3535.944092 ) (2432 -2378.609863 3464.258789 ) 
4 120 122 (2432 -2487.323730 3854.337646 ) (2432 -2272.564453 3535.941650 ) (2240 -2272.564453 3535.941650 ) (2240 -2487.324463 3854.337402 ) 
4 121 132 (2240 -3072 4835.622559 ) (2240 -3072 4778.389160 ) (2432 -3072 4778.385742 ) (2432 -3072 4835.607422 ) 
4 121 123 (2432 -3072 4835.604492 ) (2432 -2452.134033 3916.620361 ) (2240 -2452.126709 3916.625488 ) (2240 -3072 4835.623047 ) 
4 122 127 (2240 -2246.052002 3553.865234 ) (2240 -2272.562988 3535.944336 ) (2240 -2487.322266 3854.338867 ) (2240 -2460.781982 3872.215820 ) 
4 123 132 (2432 -3072 4849.493652 ) (2240 -3072 4849.533691 ) (2240 -3072 4835.622559 ) (2432 -3072 4835.607422 ) 
4 124 126 (2240 -2048 2974.117188 ) (2240 -2378.607910 3464.260498 ) (2240 -2272.569092 3535.940430 ) (2240 -2048 3203.001465 ) 
4 126 129 (2208 -3072 4721.149414 ) (2208 -3072 4492.246094 ) (2240 -3072 4492.246094 ) (2240 -3072 4721.150879 ) 
4 126 127 (2240 -2487.297852 3854.288086 ) (2240 -2272.570313 3535.939941 ) (2208 -2272.571289 3535.938965 ) (2208 -2487.298584 3854.287354 ) 
4 128 131 (2464 -3355.497803 5198.652832 ) (2464 -3072 5389.873047 ) (2464 -3072 4849.486816 ) (2464 -3104.977539 4827.244629 ) 
4 128 130 (2464 -3382.009277 5180.770996 ) (2464 -3355.497803 5198.652832 ) (2464 -3104.974365 4827.240234 ) (2464 -3131.491455 4809.361816 ) 
4 128 129 (2464 -3488.135498 5109.188477 ) (2464 -3382.009277 5180.770996 ) (2464 -3072 4721.162109 ) (2464 -3072 4492.246094 ) 
4 129 135 (2208 -3131.492432 4809.361816 ) (2208 -3382.013184 5180.775391 ) (2240 -3382.012939 5180.774902 ) (2240 -3131.492432 4809.361816 ) 
4 129 133 (2240 -3131.492432 4809.361816 ) (2240 -3382.012939 5180.774902 ) (2432 -3382.011963 5180.773438 ) (2432 -3131.492188 4809.361816 ) 
4 129 130 (2464 -3382.011719 5180.773438 ) (2464 -3131.492188 4809.361816 ) (2432 -3131.492188 4809.361816 ) (2432 -3382.011963 5180.773438 ) 
4 130 133 (2432 -3131.490234 4809.362793 ) (2432 -3382.007813 5180.773438 ) (2432 -3355.498535 5198.653809 ) (2432 -3104.974365 4827.240234 ) 
4 130 131 (2464 -3355.500000 5198.648438 ) (2464 -3104.977783 4827.237793 ) (2432 -3104.975586 4827.239258 ) (2432 -3355.500000 5198.652344 ) 
4 131 132 (2432 -3355.498535 5198.653809 ) (2432 -3072 5389.874512 ) (2432 -3072 4849.493652 ) (2432 -3104.980469 4827.249512 ) 
4 132 134 (2240 -3355.479736 5198.666504 ) (2240 -3072 5389.874512 ) (2240 -3072 4849.487305 ) (2240 -3104.961426 4827.256348 ) 
4 132 133 (2240 -3355.480469 5198.667969 ) (2240 -3104.957520 4827.250977 ) (2432 -3104.960938 4827.249512 ) (2432 -3355.484375 5198.664063 ) 
4 133 135 (2240 -3131.490234 4809.362793 ) (2240 -3382.007813 5180.773438 ) (2240 -3355.479736 5198.666504 ) (2240 -3104.958008 4827.251465 ) 
4 134 135 (2240 -3104.963867 4827.253906 ) (2240 -3355.480469 5198.664063 ) (2208 -3355.480469 5198.664551 ) (2208 -3104.965820 4827.259766 ) 
4 136 142 (-608 -269.208984 108.072998 ) (-608 -56.983337 251.224731 ) (-608 0 166.743652 ) (-608 0 -291.053558 ) 
5 136 140 (0 0 166.742188 ) (-608 0 166.742188 ) (-608 -56.984024 251.224289 ) (-37.892883 -375.784790 723.864746 ) (0 -375.784790 723.864746 ) 
3 137 141 (-608 0 -1129.604370 ) (-608 0 -1550.059814 ) (-608 -194.920334 -1261.074219 ) 
4 138 139 (0 -14.880859 1276.089844 ) (-608 -14.880551 1276.090088 ) (-608 -200.583694 1150.834473 ) (0 -200.583832 1150.834351 ) 
4 139 144 (0 -1024 2371.518066 ) (0 -1024 2772.173828 ) (-608 -1024 2772.174072 ) (-608 -1024 2371.518066 ) 
3 140 142 (-608 0 289.661499 ) (-608 0 166.743652 ) (-608 -56.983341 251.224747 ) 
3 142 143 (-1024 0 -212.129883 ) (-1024 0 -291.048523 ) (-1024 -36.585205 -236.807587 ) 
