PRT1
195
497
4 0 3 (512 7168 -512 ) (512 7168 1536 ) (0 7168 1536 ) (0 7168 -512 ) 
4 0 1 (0 7168 -512 ) (0 7168 1536 ) (0 7680 1536 ) (0 7680 -512 ) 
4 1 4 (0 7168 -512 ) (0 7168 1536 ) (-1024 7168 1536 ) (-1024 7168 -512 ) 
4 1 2 (-1024 7168 -512 ) (-1024 7168 1536 ) (-1024 7680 1536 ) (-1024 7680 -512 ) 
4 2 26 (-2048 7168 -512 ) (-2048 7168 1536 ) (-2048 7680 1536 ) (-2048 7680 -512 ) 
4 2 9 (-1024 7168 -512 ) (-1024 7168 0 ) (-2048 7168 0 ) (-2048 7168 -512 ) 
4 2 6 (-1124.939941 7168 1536 ) (-2048 7168 1536 ) (-2048 7168 0 ) (-1124.939941 7168 0 ) 
4 2 5 (-1024 7168 0 ) (-1024 7168 1536 ) (-1124.939941 7168 1536 ) (-1124.939941 7168 0 ) 
4 3 10 (512 6144 -512 ) (512 6144 1536 ) (0 6144 1536 ) (0 6144 -512 ) 
4 3 4 (0 7168 1536 ) (0 7168 -512 ) (0 6144 -512 ) (0 6144 1536 ) 
4 4 12 (0 6144 -512 ) (0 6144 1536 ) (-1024 6144 1536 ) (-1024 6144 -512 ) 
4 4 9 (-1024 6144 -512 ) (-1024 6144 0 ) (-1024 7168 0 ) (-1024 7168 -512 ) 
4 4 5 (-1024 6144 0 ) (-1024 6144 1536 ) (-1024 7168 1536 ) (-1024 7168 0 ) 
4 5 13 (-1024 6144 0 ) (-1024 6144 1536 ) (-1124.939941 6144 1536 ) (-1124.939941 6144 0 ) 
4 5 9 (-1124.939941 7168 0 ) (-1024 7168 0 ) (-1024 6144 0 ) (-1124.939941 6144 0 ) 
4 5 7 (-1124.939941 6272 448 ) (-1124.939941 6272 1536 ) (-1124.939941 6288 1536 ) (-1124.939941 6288 448 ) 
4 5 6 (-1124.939941 7168 0 ) (-1124.939941 6288 0 ) (-1124.939941 6288 1536 ) (-1124.939941 7168 1536 ) 
4 5 8 (-1124.939941 6272 0 ) (-1124.939941 6144 0 ) (-1124.939941 6144 1536 ) (-1124.939941 6272 1536 ) 
4 6 33 (-2048 7168 448 ) (-2048 7168 0 ) (-2048 6288 0 ) (-2048 6288 448 ) 
4 6 31 (-2048 7168 848 ) (-2048 7168 448 ) (-2048 6288 448 ) (-2048 6288 848 ) 
4 6 30 (-2048 6288 1536 ) (-2048 7168 1536 ) (-2048 7168 848 ) (-2048 6288 848 ) 
4 6 9 (-2048 6288 0 ) (-2048 7168 0 ) (-1124.939941 7168 0 ) (-1124.939941 6288 0 ) 
4 6 7 (-1124.939941 6288 448 ) (-1124.939941 6288 1536 ) (-2048 6288 1536 ) (-2048 6288 448 ) 
4 7 31 (-2048 6288 848 ) (-2048 6288 448 ) (-2048 6272 448 ) (-2048 6272 848 ) 
4 7 30 (-2048 6272 1536 ) (-2048 6288 1536 ) (-2048 6288 848 ) (-2048 6272 848 ) 
4 7 8 (-1124.939941 6272 448 ) (-1124.939941 6272 1536 ) (-2048 6272 1536 ) (-2048 6272 448 ) 
4 8 34 (-2048 6144 0 ) (-2048 6144 448 ) (-2048 6272 448 ) (-2048 6272 0 ) 
4 8 31 (-2048 6144 448 ) (-2048 6144 848 ) (-2048 6272 848 ) (-2048 6272 448 ) 
4 8 30 (-2048 6144 848 ) (-2048 6144 1536 ) (-2048 6272 1536 ) (-2048 6272 848 ) 
4 8 13 (-1124.939941 6144 1536 ) (-2048 6144 1536 ) (-2048 6144 0 ) (-1124.939941 6144 0 ) 
4 8 9 (-2048 6144 0 ) (-2048 6272 0 ) (-1124.939941 6272 0 ) (-1124.939941 6144 0 ) 
4 9 35 (-2048 6144 -512 ) (-2048 6144 0 ) (-2048 7168 0 ) (-2048 7168 -512 ) 
4 9 13 (-1024 6144 -512 ) (-1024 6144 0 ) (-2048 6144 0 ) (-2048 6144 -512 ) 
4 10 12 (0 6144 1536 ) (0 6144 -512 ) (0 5120 -512 ) (0 5120 1536 ) 
4 10 11 (512 5120 -512 ) (512 5120 1536 ) (0 5120 1536 ) (0 5120 -512 ) 
4 11 102 (512 4096 -512 ) (512 4096 1536 ) (0 4096 1536 ) (0 4096 -512 ) 
4 11 17 (0 4096 -512 ) (0 4096 64 ) (0 5120 64 ) (0 5120 -512 ) 
4 11 14 (0 4096 64 ) (0 4096 1536 ) (0 5120 1536 ) (0 5120 64 ) 
4 12 18 (-256 5120 64 ) (-1024 5120 64 ) (-1024 5120 -512 ) (-256 5120 -512 ) 
4 12 17 (0 5120 -512 ) (0 5120 64 ) (-256 5120 64 ) (-256 5120 -512 ) 
4 12 15 (-512 5120 1536 ) (-1024 5120 1536 ) (-1024 5120 64 ) (-512 5120 64 ) 
4 12 14 (0 5120 64 ) (0 5120 1536 ) (-512 5120 1536 ) (-512 5120 64 ) 
4 12 13 (-1024 6144 1536 ) (-1024 6144 -512 ) (-1024 5120 -512 ) (-1024 5120 1536 ) 
4 13 62 (-2048 5120 -512 ) (-2048 5120 448 ) (-2048 6144 448 ) (-2048 6144 -512 ) 
4 13 59 (-2048 5120 448 ) (-2048 5120 1536 ) (-2048 6144 1536 ) (-2048 6144 448 ) 
4 13 25 (-1024 5120 -512 ) (-1024 5120 32 ) (-2048 5120 32 ) (-2048 5120 -512 ) 
4 13 24 (-1024 5120 32 ) (-1024 5120 64 ) (-2048 5120 64 ) (-2048 5120 32 ) 
4 13 21 (-1024 5120 64 ) (-1024 5120 416 ) (-2048 5120 416 ) (-2048 5120 64 ) 
4 13 20 (-1024 5120 416 ) (-1024 5120 1536 ) (-2048 5120 1536 ) (-2048 5120 416 ) 
4 14 104 (0 4096 64 ) (0 4096 416 ) (-512 4096 416 ) (-512 4096 64 ) 
4 14 103 (0 4096 416 ) (0 4096 1536 ) (-512 4096 1536 ) (-512 4096 416 ) 
4 14 18 (-512 5120 64 ) (-256 5120 64 ) (-256 4864 64 ) (-512 4864 64 ) 
4 14 17 (-256 5120 64 ) (0 5120 64 ) (0 4096 64 ) (-256 4096 64 ) 
4 14 16 (-512 4096 416 ) (-512 4096 1536 ) (-512 4864 1536 ) (-512 4864 416 ) 
4 14 15 (-512 5120 64 ) (-512 4864 64 ) (-512 4864 1536 ) (-512 5120 1536 ) 
4 15 21 (-1024 5120 416 ) (-1024 5120 64 ) (-1024 4864 64 ) (-1024 4864 416 ) 
4 15 20 (-1024 5120 1536 ) (-1024 5120 416 ) (-1024 4864 416 ) (-1024 4864 1536 ) 
4 15 18 (-1024 5120 64 ) (-512 5120 64 ) (-512 4864 64 ) (-1024 4864 64 ) 
4 15 16 (-512 4864 416 ) (-512 4864 1536 ) (-1024 4864 1536 ) (-1024 4864 416 ) 
4 16 103 (-512 4096 1536 ) (-1024 4096 1536 ) (-1024 4096 416 ) (-512 4096 416 ) 
4 16 20 (-1024 4096 416 ) (-1024 4096 1536 ) (-1024 4864 1536 ) (-1024 4864 416 ) 
4 17 106 (0 4096 -512 ) (0 4096 64 ) (-256 4096 64 ) (-256 4096 -512 ) 
4 17 19 (-256 4864 -512 ) (-256 4096 -512 ) (-256 4096 32 ) (-256 4864 32 ) 
4 17 18 (-256 5120 -512 ) (-256 4864 -512 ) (-256 4864 64 ) (-256 5120 64 ) 
4 18 25 (-1024 5120 32 ) (-1024 5120 -512 ) (-1024 4864 -512 ) (-1024 4864 32 ) 
4 18 24 (-1024 5120 64 ) (-1024 5120 32 ) (-1024 4864 32 ) (-1024 4864 64 ) 
4 18 19 (-1024 4864 -512 ) (-256 4864 -512 ) (-256 4864 32 ) (-1024 4864 32 ) 
4 19 107 (-1024 4096 32 ) (-1024 4096 -512 ) (-256 4096 -512 ) (-256 4096 32 ) 
4 19 25 (-1024 4864 -512 ) (-1024 4096 -512 ) (-1024 4096 32 ) (-1024 4864 32 ) 
4 20 108 (-1024 4096 416 ) (-1024 4096 1536 ) (-2048 4096 1536 ) (-2048 4096 416 ) 
4 20 69 (-2048 4096 416 ) (-2048 4096 1536 ) (-2048 5120 1536 ) (-2048 5120 416 ) 
4 20 21 (-1024 5120 416 ) (-1024 4864 416 ) (-2048 4864 416 ) (-2048 5120 416 ) 
4 21 70 (-2048 4864 416 ) (-2048 5120 416 ) (-2048 5120 64 ) (-2048 4864 64 ) 
4 21 24 (-2048 4864 64 ) (-2048 5120 64 ) (-1024 5120 64 ) (-1024 4864 64 ) 
4 21 23 (-2048 4864 64 ) (-1792 4864 64 ) (-1792 4864 384 ) (-2048 4864 384 ) 
4 22 71 (-2048 4608 384 ) (-2048 4608 64 ) (-2048 4352 64 ) (-2048 4352 384 ) 
4 22 23 (-1280 4096 384 ) (-1280 4096 64 ) (-1792 4608 64 ) (-1792 4608 384 ) 
4 23 109 (-1024 4096 64 ) (-1024 4096 384 ) (-1280 4096 384 ) (-1280 4096 64 ) 
4 24 73 (-2048 4864 64 ) (-2048 5120 64 ) (-2048 5120 32 ) (-2048 4864 32 ) 
4 24 25 (-1024 5120 32 ) (-1024 4864 32 ) (-2048 4864 32 ) (-2048 5120 32 ) 
4 25 110 (-1024 4096 -512 ) (-1024 4096 32 ) (-2048 4096 32 ) (-2048 4096 -512 ) 
4 25 74 (-2048 4096 -512 ) (-2048 4096 32 ) (-2048 5120 32 ) (-2048 5120 -512 ) 
4 26 40 (-3072 7168 448 ) (-3072 7168 -512 ) (-2712 7168 -512 ) (-2712 7168 448 ) 
4 26 39 (-3072 7168 464 ) (-3072 7168 448 ) (-2712 7168 448 ) (-2712 7168 464 ) 
4 26 37 (-3072 7168 848 ) (-3072 7168 464 ) (-2712 7168 464 ) (-2712 7168 848 ) 
4 26 36 (-2712 7168 1536 ) (-3072 7168 1536 ) (-3072 7168 848 ) (-2712 7168 848 ) 
4 26 35 (-2048 7168 -512 ) (-2048 7168 0 ) (-2712 7168 0 ) (-2712 7168 -512 ) 
4 26 33 (-2048 7168 0 ) (-2048 7168 448 ) (-2712 7168 448 ) (-2712 7168 0 ) 
4 26 32 (-2696 7168 848 ) (-2712 7168 848 ) (-2712 7168 448 ) (-2696 7168 448 ) 
4 26 31 (-2048 7168 448 ) (-2048 7168 848 ) (-2696 7168 848 ) (-2696 7168 448 ) 
4 26 30 (-2048 7168 848 ) (-2048 7168 1536 ) (-2712 7168 1536 ) (-2712 7168 848 ) 
4 26 27 (-3072 7168 -512 ) (-3072 7168 1536 ) (-3072 7680 1536 ) (-3072 7680 -512 ) 
4 27 48 (-3072 7168 -512 ) (-3072 7168 448 ) (-4096 7168 448 ) (-4096 7168 -512 ) 
4 27 43 (-3072 7168 448 ) (-3072 7168 1536 ) (-4096 7168 1536 ) (-4096 7168 448 ) 
4 27 28 (-4096 7168 -512 ) (-4096 7168 1536 ) (-4096 7680 1536 ) (-4096 7680 -512 ) 
4 28 56 (-4096 7168 -512 ) (-4096 7168 448 ) (-5120 7168 448 ) (-5120 7168 -512 ) 
4 28 51 (-4096 7168 448 ) (-4096 7168 1536 ) (-5120 7168 1536 ) (-5120 7168 448 ) 
4 28 29 (-5120 7168 -512 ) (-5120 7168 1536 ) (-5120 7680 1536 ) (-5120 7680 -512 ) 
4 29 96 (-5120 7168 -512 ) (-5120 7168 848 ) (-5988.940430 7168 848 ) (-5988.940430 7168 -512 ) 
4 29 99 (-5988.940430 7168 848 ) (-6144 7168 848 ) (-6144 7168 -512 ) (-5988.940430 7168 -512 ) 
4 29 95 (-5120 7168 848 ) (-5120 7168 1536 ) (-6144 7168 1536 ) (-6144 7168 848 ) 
4 30 60 (-2696 6144 1536 ) (-2712 6144 1536 ) (-2712 6144 848 ) (-2696 6144 848 ) 
4 30 59 (-2048 6144 848 ) (-2048 6144 1536 ) (-2696 6144 1536 ) (-2696 6144 848 ) 
4 30 36 (-2712 6144 848 ) (-2712 6144 1536 ) (-2712 7168 1536 ) (-2712 7168 848 ) 
4 30 32 (-2712 6672 848 ) (-2712 7168 848 ) (-2696 7168 848 ) (-2696 6672 848 ) 
4 30 31 (-2048 6144 848 ) (-2696 6144 848 ) (-2696 7168 848 ) (-2048 7168 848 ) 
4 31 59 (-2048 6144 448 ) (-2048 6144 848 ) (-2696 6144 848 ) (-2696 6144 448 ) 
4 31 33 (-2696 7168 448 ) (-2048 7168 448 ) (-2048 6288 448 ) (-2696 6288 448 ) 
4 31 34 (-2048 6272 448 ) (-2048 6144 448 ) (-2696 6144 448 ) (-2696 6272 448 ) 
4 31 32 (-2696 7168 448 ) (-2696 6672 448 ) (-2696 6672 848 ) (-2696 7168 848 ) 
4 32 39 (-2712 7168 464 ) (-2712 7168 448 ) (-2712 6672 448 ) (-2712 6672 464 ) 
4 32 37 (-2712 6672 848 ) (-2712 7168 848 ) (-2712 7168 464 ) (-2712 6672 464 ) 
4 32 33 (-2712 6672 448 ) (-2712 7168 448 ) (-2696 7168 448 ) (-2696 6672 448 ) 
4 33 40 (-2712 6288 448 ) (-2712 7168 448 ) (-2712 7168 0 ) (-2712 6288 0 ) 
4 33 35 (-2712 6288 0 ) (-2712 7168 0 ) (-2048 7168 0 ) (-2048 6288 0 ) 
4 34 62 (-2048 6144 0 ) (-2048 6144 448 ) (-2712 6144 448 ) (-2712 6144 0 ) 
4 34 42 (-2712 6144 0 ) (-2712 6144 448 ) (-2712 6272 448 ) (-2712 6272 0 ) 
4 34 35 (-2048 6144 0 ) (-2712 6144 0 ) (-2712 6272 0 ) (-2048 6272 0 ) 
4 35 62 (-2048 6144 -512 ) (-2048 6144 0 ) (-2712 6144 0 ) (-2712 6144 -512 ) 
4 35 42 (-2712 6144 -512 ) (-2712 6144 0 ) (-2712 6272 0 ) (-2712 6272 -512 ) 
4 35 41 (-2712 6272 0 ) (-2712 6288 0 ) (-2712 6288 -512 ) (-2712 6272 -512 ) 
4 35 40 (-2712 6288 0 ) (-2712 7168 0 ) (-2712 7168 -512 ) (-2712 6288 -512 ) 
4 36 63 (-2712 6144 848 ) (-2712 6144 1536 ) (-3072 6144 1536 ) (-3072 6144 848 ) 
4 36 46 (-3072 6272 848 ) (-3072 6144 848 ) (-3072 6144 1536 ) (-3072 6272 1536 ) 
4 36 45 (-3072 6288 848 ) (-3072 6272 848 ) (-3072 6272 1536 ) (-3072 6288 1536 ) 
4 36 44 (-3072 6672 848 ) (-3072 6288 848 ) (-3072 6288 1536 ) (-3072 6672 1536 ) 
4 36 43 (-3072 7168 1536 ) (-3072 7168 848 ) (-3072 6672 848 ) (-3072 6672 1536 ) 
4 36 37 (-3072 7168 848 ) (-2712 7168 848 ) (-2712 6272 848 ) (-3072 6272 848 ) 
4 37 44 (-3072 6672 464 ) (-3072 6288 464 ) (-3072 6288 848 ) (-3072 6672 848 ) 
4 37 43 (-3072 7168 848 ) (-3072 7168 464 ) (-3072 6672 464 ) (-3072 6672 848 ) 
4 37 39 (-3072 6672 464 ) (-3072 7168 464 ) (-2712 7168 464 ) (-2712 6672 464 ) 
4 37 38 (-3072 6272 464 ) (-2712 6272 464 ) (-2712 6272 832 ) (-3072 6272 832 ) 
4 38 65 (-2712 6144 464 ) (-2712 6144 832 ) (-3072 6144 832 ) (-3072 6144 464 ) 
4 38 47 (-3072 6272 464 ) (-3072 6144 464 ) (-3072 6144 832 ) (-3072 6272 832 ) 
4 39 43 (-3072 7168 464 ) (-3072 7168 448 ) (-3072 6672 448 ) (-3072 6672 464 ) 
4 39 40 (-3072 6672 448 ) (-3072 7168 448 ) (-2712 7168 448 ) (-2712 6672 448 ) 
4 40 48 (-3072 7168 448 ) (-3072 7168 -512 ) (-3072 6288 -512 ) (-3072 6288 448 ) 
4 40 41 (-2712 6288 -512 ) (-2712 6288 0 ) (-3072 6288 0 ) (-3072 6288 -512 ) 
4 41 49 (-3072 6272 -512 ) (-3072 6272 0 ) (-3072 6288 0 ) (-3072 6288 -512 ) 
4 41 42 (-2712 6272 -512 ) (-2712 6272 0 ) (-3072 6272 0 ) (-3072 6272 -512 ) 
4 42 68 (-2712 6144 -512 ) (-2712 6144 448 ) (-3072 6144 448 ) (-3072 6144 -512 ) 
4 42 50 (-3072 6144 -512 ) (-3072 6144 448 ) (-3072 6272 448 ) (-3072 6272 -512 ) 
4 43 51 (-4096 7168 1536 ) (-4096 7168 448 ) (-4096 6672 448 ) (-4096 6672 1536 ) 
4 43 48 (-4096 6672 448 ) (-4096 7168 448 ) (-3072 7168 448 ) (-3072 6672 448 ) 
4 43 44 (-3072 6672 464 ) (-3072 6672 1536 ) (-4096 6672 1536 ) (-4096 6672 464 ) 
4 44 52 (-4096 6288 464 ) (-4096 6288 1536 ) (-4096 6672 1536 ) (-4096 6672 464 ) 
4 44 45 (-3072 6288 848 ) (-3072 6288 1536 ) (-4096 6288 1536 ) (-4096 6288 848 ) 
4 45 53 (-4096 6288 1536 ) (-4096 6288 848 ) (-4096 6272 848 ) (-4096 6272 1536 ) 
4 45 46 (-4096 6272 1536 ) (-4096 6272 848 ) (-3072 6272 848 ) (-3072 6272 1536 ) 
4 46 75 (-3072 6144 848 ) (-3072 6144 1536 ) (-4096 6144 1536 ) (-4096 6144 848 ) 
4 46 54 (-4096 6144 848 ) (-4096 6144 1536 ) (-4096 6272 1536 ) (-4096 6272 848 ) 
4 47 77 (-3072 6144 464 ) (-3072 6144 832 ) (-4096 6144 832 ) (-4096 6144 464 ) 
4 47 55 (-4096 6144 464 ) (-4096 6144 832 ) (-4096 6272 832 ) (-4096 6272 464 ) 
4 48 56 (-4096 6288 448 ) (-4096 7168 448 ) (-4096 7168 -512 ) (-4096 6288 -512 ) 
4 48 49 (-4096 6288 -512 ) (-3072 6288 -512 ) (-3072 6288 0 ) (-4096 6288 0 ) 
4 49 57 (-4096 6288 0 ) (-4096 6288 -512 ) (-4096 6272 -512 ) (-4096 6272 0 ) 
4 49 50 (-4096 6272 -512 ) (-3072 6272 -512 ) (-3072 6272 0 ) (-4096 6272 0 ) 
4 50 80 (-3072 6144 -512 ) (-3072 6144 448 ) (-4096 6144 448 ) (-4096 6144 -512 ) 
4 50 58 (-4096 6144 -512 ) (-4096 6144 448 ) (-4096 6272 448 ) (-4096 6272 -512 ) 
4 51 96 (-5120 7168 848 ) (-5120 7168 448 ) (-5120 6672 448 ) (-5120 6672 848 ) 
4 51 95 (-5120 7168 1536 ) (-5120 7168 848 ) (-5120 6672 848 ) (-5120 6672 1536 ) 
4 51 56 (-5120 6672 448 ) (-5120 7168 448 ) (-4096 7168 448 ) (-4096 6672 448 ) 
4 51 52 (-4096 6672 464 ) (-4096 6672 1536 ) (-5120 6672 1536 ) (-5120 6672 464 ) 
4 52 96 (-5120 6288 464 ) (-5120 6288 848 ) (-5120 6672 848 ) (-5120 6672 464 ) 
4 52 95 (-5120 6288 848 ) (-5120 6288 1536 ) (-5120 6672 1536 ) (-5120 6672 848 ) 
4 52 53 (-5120 6288 1536 ) (-5120 6288 848 ) (-4096 6288 848 ) (-4096 6288 1536 ) 
4 53 95 (-5120 6272 848 ) (-5120 6272 1536 ) (-5120 6288 1536 ) (-5120 6288 848 ) 
4 53 54 (-4096 6272 848 ) (-4096 6272 1536 ) (-5120 6272 1536 ) (-5120 6272 848 ) 
4 54 95 (-5120 6144 848 ) (-5120 6144 1536 ) (-5120 6272 1536 ) (-5120 6272 848 ) 
4 54 81 (-4096 6144 848 ) (-4096 6144 1536 ) (-5120 6144 1536 ) (-5120 6144 848 ) 
4 55 98 (-5120 6144 464 ) (-5120 6144 832 ) (-5120 6272 832 ) (-5120 6272 464 ) 
4 55 83 (-4096 6144 464 ) (-4096 6144 832 ) (-5120 6144 832 ) (-5120 6144 464 ) 
4 56 96 (-5120 7168 448 ) (-5120 7168 -512 ) (-5120 6288 -512 ) (-5120 6288 448 ) 
4 56 57 (-5120 6288 -512 ) (-4096 6288 -512 ) (-4096 6288 0 ) (-5120 6288 0 ) 
4 57 97 (-5120 6288 -512 ) (-5120 6272 -512 ) (-5120 6272 0 ) (-5120 6288 0 ) 
4 57 58 (-5120 6272 -512 ) (-4096 6272 -512 ) (-4096 6272 0 ) (-5120 6272 0 ) 
4 58 98 (-5120 6272 -512 ) (-5120 6144 -512 ) (-5120 6144 448 ) (-5120 6272 448 ) 
4 58 86 (-4096 6144 -512 ) (-4096 6144 448 ) (-5120 6144 448 ) (-5120 6144 -512 ) 
4 59 69 (-2048 5120 448 ) (-2048 5120 1536 ) (-2696 5120 1536 ) (-2696 5120 448 ) 
4 59 62 (-2696 6144 448 ) (-2048 6144 448 ) (-2048 5120 448 ) (-2696 5120 448 ) 
4 59 60 (-2696 5888 848 ) (-2696 5888 1536 ) (-2696 6144 1536 ) (-2696 6144 848 ) 
4 59 61 (-2696 5888 448 ) (-2696 5120 448 ) (-2696 5120 1536 ) (-2696 5888 1536 ) 
4 60 63 (-2712 6144 1536 ) (-2712 6144 848 ) (-2712 5888 848 ) (-2712 5888 1536 ) 
4 60 61 (-2696 5888 848 ) (-2696 5888 1536 ) (-2712 5888 1536 ) (-2712 5888 848 ) 
4 61 69 (-2696 5120 1536 ) (-2712 5120 1536 ) (-2712 5120 448 ) (-2696 5120 448 ) 
4 61 67 (-2712 5888 448 ) (-2712 5120 448 ) (-2712 5120 464 ) (-2712 5888 464 ) 
4 61 66 (-2712 5120 464 ) (-2712 5120 832 ) (-2712 5888 832 ) (-2712 5888 464 ) 
4 61 64 (-2712 5120 832 ) (-2712 5120 1536 ) (-2712 5888 1536 ) (-2712 5888 832 ) 
4 61 62 (-2712 5120 448 ) (-2712 5888 448 ) (-2696 5888 448 ) (-2696 5120 448 ) 
4 62 74 (-2048 5120 -512 ) (-2048 5120 32 ) (-2712 5120 32 ) (-2712 5120 -512 ) 
4 62 73 (-2048 5120 32 ) (-2048 5120 64 ) (-2712 5120 64 ) (-2712 5120 32 ) 
4 62 70 (-2048 5120 64 ) (-2048 5120 416 ) (-2712 5120 416 ) (-2712 5120 64 ) 
4 62 69 (-2048 5120 416 ) (-2048 5120 448 ) (-2712 5120 448 ) (-2712 5120 416 ) 
4 62 68 (-2712 6144 448 ) (-2712 6144 -512 ) (-2712 5120 -512 ) (-2712 5120 448 ) 
4 63 75 (-3072 6144 1536 ) (-3072 6144 848 ) (-3072 5888 848 ) (-3072 5888 1536 ) 
4 63 64 (-2712 5888 848 ) (-2712 5888 1536 ) (-3072 5888 1536 ) (-3072 5888 848 ) 
4 64 76 (-3072 5888 832 ) (-3072 5120 832 ) (-3072 5120 1536 ) (-3072 5888 1536 ) 
4 64 69 (-2712 5120 832 ) (-2712 5120 1536 ) (-3072 5120 1536 ) (-3072 5120 832 ) 
4 64 66 (-3072 5120 832 ) (-3072 5888 832 ) (-2712 5888 832 ) (-2712 5120 832 ) 
4 65 77 (-3072 6144 832 ) (-3072 6144 464 ) (-3072 5904 464 ) (-3072 5904 832 ) 
4 66 78 (-3072 5888 464 ) (-3072 5120 464 ) (-3072 5120 832 ) (-3072 5888 832 ) 
4 66 69 (-2712 5120 464 ) (-2712 5120 832 ) (-3072 5120 832 ) (-3072 5120 464 ) 
4 66 67 (-2712 5888 464 ) (-2712 5120 464 ) (-3072 5120 464 ) (-3072 5888 464 ) 
4 67 79 (-3072 5888 448 ) (-3072 5120 448 ) (-3072 5120 464 ) (-3072 5888 464 ) 
4 67 69 (-2712 5120 448 ) (-2712 5120 464 ) (-3072 5120 464 ) (-3072 5120 448 ) 
4 67 68 (-3072 5120 448 ) (-3072 5888 448 ) (-2712 5888 448 ) (-2712 5120 448 ) 
4 68 80 (-3072 6144 448 ) (-3072 6144 -512 ) (-3072 5120 -512 ) (-3072 5120 448 ) 
4 68 74 (-2712 5120 -512 ) (-2712 5120 32 ) (-3072 5120 32 ) (-3072 5120 -512 ) 
4 68 73 (-2712 5120 32 ) (-2712 5120 64 ) (-3072 5120 64 ) (-3072 5120 32 ) 
4 68 70 (-2712 5120 64 ) (-2712 5120 416 ) (-3072 5120 416 ) (-3072 5120 64 ) 
4 68 69 (-2712 5120 416 ) (-2712 5120 448 ) (-3072 5120 448 ) (-3072 5120 416 ) 
4 69 164 (-2048 4096 416 ) (-2048 4096 1536 ) (-3072 4096 1536 ) (-3072 4096 416 ) 
4 69 87 (-3072 4096 416 ) (-3072 4096 1536 ) (-3072 5120 1536 ) (-3072 5120 416 ) 
4 69 70 (-3072 4864 416 ) (-3072 5120 416 ) (-2048 5120 416 ) (-2048 4864 416 ) 
4 70 88 (-3072 4864 416 ) (-3072 5120 416 ) (-3072 5120 64 ) (-3072 4864 64 ) 
4 70 73 (-2048 5120 64 ) (-2048 4864 64 ) (-3072 4864 64 ) (-3072 5120 64 ) 
4 71 89 (-3072 4608 384 ) (-3072 4608 64 ) (-3072 4352 64 ) (-3072 4352 384 ) 
4 71 72 (-3072 4352 64 ) (-2560 4352 64 ) (-2560 4352 384 ) (-3072 4352 384 ) 
4 72 165 (-3072 4096 384 ) (-3072 4096 64 ) (-2816 4096 64 ) (-2816 4096 384 ) 
4 72 89 (-3072 4096 64 ) (-3072 4096 384 ) (-3072 4352 384 ) (-3072 4352 64 ) 
4 73 91 (-3072 4864 64 ) (-3072 5120 64 ) (-3072 5120 32 ) (-3072 4864 32 ) 
4 73 74 (-3072 4864 32 ) (-3072 5120 32 ) (-2048 5120 32 ) (-2048 4864 32 ) 
4 74 166 (-2048 4096 -512 ) (-2048 4096 32 ) (-3072 4096 32 ) (-3072 4096 -512 ) 
4 74 93 (-3072 4096 -512 ) (-3072 4096 32 ) (-3072 5120 32 ) (-3072 5120 -512 ) 
4 75 81 (-4096 6144 1536 ) (-4096 6144 848 ) (-4096 5888 848 ) (-4096 5888 1536 ) 
4 75 76 (-3072 5888 848 ) (-3072 5888 1536 ) (-4096 5888 1536 ) (-4096 5888 848 ) 
4 76 87 (-3072 5120 832 ) (-3072 5120 1536 ) (-4096 5120 1536 ) (-4096 5120 832 ) 
4 76 82 (-4096 5888 832 ) (-4096 5120 832 ) (-4096 5120 1536 ) (-4096 5888 1536 ) 
4 76 78 (-3072 5120 832 ) (-4096 5120 832 ) (-4096 5888 832 ) (-3072 5888 832 ) 
4 77 83 (-4096 6144 832 ) (-4096 6144 464 ) (-4096 5904 464 ) (-4096 5904 832 ) 
4 78 87 (-3072 5120 464 ) (-3072 5120 832 ) (-4096 5120 832 ) (-4096 5120 464 ) 
4 78 84 (-4096 5888 464 ) (-4096 5120 464 ) (-4096 5120 832 ) (-4096 5888 832 ) 
4 78 79 (-4096 5120 464 ) (-4096 5888 464 ) (-3072 5888 464 ) (-3072 5120 464 ) 
4 79 87 (-3072 5120 448 ) (-3072 5120 464 ) (-4096 5120 464 ) (-4096 5120 448 ) 
4 79 85 (-4096 5888 448 ) (-4096 5120 448 ) (-4096 5120 464 ) (-4096 5888 464 ) 
4 79 80 (-3072 5120 448 ) (-4096 5120 448 ) (-4096 5888 448 ) (-3072 5888 448 ) 
4 80 93 (-3072 5120 -512 ) (-3072 5120 32 ) (-4096 5120 32 ) (-4096 5120 -512 ) 
4 80 91 (-3072 5120 32 ) (-3072 5120 64 ) (-3584 5120 64 ) (-3584 5120 32 ) 
4 80 92 (-3584 5120 64 ) (-4096 5120 64 ) (-4096 5120 32 ) (-3584 5120 32 ) 
4 80 88 (-3072 5120 64 ) (-3072 5120 416 ) (-3328 5120 416 ) (-3328 5120 64 ) 
4 80 90 (-3328 5120 416 ) (-4096 5120 416 ) (-4096 5120 64 ) (-3328 5120 64 ) 
4 80 87 (-3072 5120 416 ) (-3072 5120 448 ) (-4096 5120 448 ) (-4096 5120 416 ) 
4 80 86 (-4096 6144 448 ) (-4096 6144 -512 ) (-4096 5120 -512 ) (-4096 5120 448 ) 
4 81 100 (-5120 5888 1536 ) (-5120 6144 1536 ) (-5120 6144 848 ) (-5120 5888 848 ) 
4 81 82 (-4096 5888 848 ) (-4096 5888 1536 ) (-5120 5888 1536 ) (-5120 5888 848 ) 
4 82 100 (-5120 5120 832 ) (-5120 5120 1536 ) (-5120 5888 1536 ) (-5120 5888 832 ) 
4 82 94 (-4096 5120 832 ) (-4096 5120 1536 ) (-5120 5120 1536 ) (-5120 5120 832 ) 
4 82 84 (-4096 5888 832 ) (-4096 5120 832 ) (-5120 5120 832 ) (-5120 5888 832 ) 
4 83 100 (-5120 5904 832 ) (-5120 6144 832 ) (-5120 6144 464 ) (-5120 5904 464 ) 
4 84 100 (-5120 5120 464 ) (-5120 5120 832 ) (-5120 5888 832 ) (-5120 5888 464 ) 
4 84 94 (-4096 5120 464 ) (-4096 5120 832 ) (-5120 5120 832 ) (-5120 5120 464 ) 
4 84 85 (-4096 5120 464 ) (-5120 5120 464 ) (-5120 5888 464 ) (-4096 5888 464 ) 
4 85 100 (-5120 5120 448 ) (-5120 5120 464 ) (-5120 5888 464 ) (-5120 5888 448 ) 
4 85 94 (-4096 5120 448 ) (-4096 5120 464 ) (-5120 5120 464 ) (-5120 5120 448 ) 
4 85 86 (-4096 5888 448 ) (-4096 5120 448 ) (-5120 5120 448 ) (-5120 5888 448 ) 
4 86 100 (-5120 5120 -512 ) (-5120 5120 448 ) (-5120 6144 448 ) (-5120 6144 -512 ) 
4 86 94 (-4096 5120 -512 ) (-4096 5120 448 ) (-5120 5120 448 ) (-5120 5120 -512 ) 
4 87 167 (-3072 4096 416 ) (-3072 4096 1536 ) (-4096 4096 1536 ) (-4096 4096 416 ) 
4 87 94 (-4096 5120 1536 ) (-4096 5120 416 ) (-4096 4096 416 ) (-4096 4096 1536 ) 
4 87 88 (-3328 5120 416 ) (-3072 5120 416 ) (-3072 4864 416 ) (-3328 4864 416 ) 
4 87 90 (-4096 5120 416 ) (-3328 5120 416 ) (-3328 4096 416 ) (-4096 4096 416 ) 
4 88 91 (-3328 4864 64 ) (-3328 5120 64 ) (-3072 5120 64 ) (-3072 4864 64 ) 
4 88 90 (-3328 5120 64 ) (-3328 4864 64 ) (-3328 4864 416 ) (-3328 5120 416 ) 
4 89 168 (-3072 4096 64 ) (-3072 4096 384 ) (-3328 4096 384 ) (-3328 4096 64 ) 
4 89 90 (-3328 4608 64 ) (-3328 4096 64 ) (-3328 4096 384 ) (-3328 4608 384 ) 
4 90 169 (-3328 4096 416 ) (-4096 4096 416 ) (-4096 4096 64 ) (-3328 4096 64 ) 
4 90 94 (-4096 5120 416 ) (-4096 5120 64 ) (-4096 4096 64 ) (-4096 4096 416 ) 
4 90 91 (-3584 4864 64 ) (-3584 5120 64 ) (-3328 5120 64 ) (-3328 4864 64 ) 
4 90 92 (-3584 4096 64 ) (-4096 4096 64 ) (-4096 5120 64 ) (-3584 5120 64 ) 
4 91 93 (-3584 5120 32 ) (-3072 5120 32 ) (-3072 4864 32 ) (-3584 4864 32 ) 
4 91 92 (-3584 5120 32 ) (-3584 4864 32 ) (-3584 4864 64 ) (-3584 5120 64 ) 
4 92 171 (-3584 4096 64 ) (-4096 4096 64 ) (-4096 4096 32 ) (-3584 4096 32 ) 
4 92 94 (-4096 5120 64 ) (-4096 5120 32 ) (-4096 4096 32 ) (-4096 4096 64 ) 
4 92 93 (-4096 5120 32 ) (-3584 5120 32 ) (-3584 4096 32 ) (-4096 4096 32 ) 
4 93 170 (-3072 4096 -512 ) (-3072 4096 32 ) (-3584 4096 32 ) (-3584 4096 -512 ) 
4 93 171 (-3584 4096 32 ) (-4096 4096 32 ) (-4096 4096 -512 ) (-3584 4096 -512 ) 
4 93 94 (-4096 5120 32 ) (-4096 5120 -512 ) (-4096 4096 -512 ) (-4096 4096 32 ) 
4 94 172 (-4096 4096 -512 ) (-4096 4096 1536 ) (-5120 4096 1536 ) (-5120 4096 -512 ) 
4 94 101 (-5120 4096 -512 ) (-5120 4096 1536 ) (-5120 5120 1536 ) (-5120 5120 -512 ) 
4 95 100 (-5120 6144 848 ) (-5120 6144 1536 ) (-6144 6144 1536 ) (-6144 6144 848 ) 
4 95 96 (-5988.940430 6288 848 ) (-5988.940430 7168 848 ) (-5120 7168 848 ) (-5120 6288 848 ) 
4 95 98 (-5120 6144 848 ) (-5988.940430 6144 848 ) (-5988.940430 6272 848 ) (-5120 6272 848 ) 
4 95 99 (-5988.940430 6144 848 ) (-6144 6144 848 ) (-6144 7168 848 ) (-5988.940430 7168 848 ) 
4 96 97 (-5988.940430 6288 0 ) (-5988.940430 6288 -512 ) (-5120 6288 -512 ) (-5120 6288 0 ) 
4 96 99 (-5988.940430 7168 -512 ) (-5988.940430 6288 -512 ) (-5988.940430 6288 848 ) (-5988.940430 7168 848 ) 
4 97 99 (-5988.940430 6288 -512 ) (-5988.940430 6272 -512 ) (-5988.940430 6272 0 ) (-5988.940430 6288 0 ) 
4 97 98 (-5988.940430 6272 0 ) (-5988.940430 6272 -512 ) (-5120 6272 -512 ) (-5120 6272 0 ) 
4 98 100 (-5120 6144 -512 ) (-5120 6144 848 ) (-5988.940430 6144 848 ) (-5988.940430 6144 -512 ) 
4 98 99 (-5988.940430 6272 -512 ) (-5988.940430 6144 -512 ) (-5988.940430 6144 848 ) (-5988.940430 6272 848 ) 
4 99 100 (-5988.940430 6144 848 ) (-6144 6144 848 ) (-6144 6144 -512 ) (-5988.940430 6144 -512 ) 
4 100 101 (-5120 5120 -512 ) (-5120 5120 1536 ) (-6144 5120 1536 ) (-6144 5120 -512 ) 
4 101 186 (-5120 4096 -512 ) (-5120 4096 1536 ) (-6144 4096 1536 ) (-6144 4096 -512 ) 
4 102 111 (512 3072 -512 ) (512 3072 1536 ) (0 3072 1536 ) (0 3072 -512 ) 
4 102 106 (0 4096 64 ) (0 4096 -512 ) (0 3072 -512 ) (0 3072 64 ) 
4 102 104 (0 4096 416 ) (0 4096 64 ) (0 3072 64 ) (0 3072 416 ) 
4 102 103 (0 4096 1536 ) (0 4096 416 ) (0 3072 416 ) (0 3072 1536 ) 
4 103 113 (0 3072 416 ) (0 3072 1536 ) (-1024 3072 1536 ) (-1024 3072 416 ) 
4 103 108 (-1024 3072 416 ) (-1024 3072 1536 ) (-1024 4096 1536 ) (-1024 4096 416 ) 
4 103 104 (-512 4096 416 ) (0 4096 416 ) (0 3072 416 ) (-512 3072 416 ) 
4 104 114 (0 3072 64 ) (0 3072 416 ) (-512 3072 416 ) (-512 3072 64 ) 
4 104 106 (0 3072 64 ) (-256 3072 64 ) (-256 4096 64 ) (0 4096 64 ) 
4 104 105 (-512 3584 64 ) (-512 3328 64 ) (-512 3328 384 ) (-512 3584 384 ) 
4 105 109 (-1024 4096 384 ) (-1024 4096 64 ) (-1024 3840 64 ) (-1024 3840 384 ) 
4 106 125 (0 3072 -512 ) (0 3072 32 ) (-256 3072 32 ) (-256 3072 -512 ) 
4 106 122 (0 3072 32 ) (0 3072 64 ) (-256 3072 64 ) (-256 3072 32 ) 
4 106 107 (-256 4096 -512 ) (-256 3072 -512 ) (-256 3072 32 ) (-256 4096 32 ) 
4 107 125 (-1024 3072 32 ) (-1024 3072 -512 ) (-256 3072 -512 ) (-256 3072 32 ) 
4 107 110 (-1024 3072 -512 ) (-1024 3072 32 ) (-1024 4096 32 ) (-1024 4096 -512 ) 
4 108 164 (-2048 4096 1536 ) (-2048 4096 416 ) (-2048 3072 416 ) (-2048 3072 1536 ) 
4 108 126 (-1024 3072 416 ) (-1024 3072 1536 ) (-2048 3072 1536 ) (-2048 3072 416 ) 
4 110 166 (-2048 4096 32 ) (-2048 4096 -512 ) (-2048 3072 -512 ) (-2048 3072 32 ) 
4 110 128 (-1024 3072 -512 ) (-1024 3072 32 ) (-2048 3072 32 ) (-2048 3072 -512 ) 
4 111 125 (0 3072 32 ) (0 3072 -512 ) (0 2048 -512 ) (0 2048 32 ) 
4 111 123 (0 2304 32 ) (0 2048 32 ) (0 2048 64 ) (0 2304 64 ) 
4 111 122 (0 3072 64 ) (0 3072 32 ) (0 2304 32 ) (0 2304 64 ) 
4 111 118 (0 2304 64 ) (0 2048 64 ) (0 2048 288 ) (0 2304 288 ) 
4 111 115 (0 2048 288 ) (0 2048 1536 ) (0 2304 1536 ) (0 2304 288 ) 
4 111 114 (0 3072 416 ) (0 3072 64 ) (0 2304 64 ) (0 2304 416 ) 
4 111 113 (0 3072 1536 ) (0 3072 416 ) (0 2304 416 ) (0 2304 1536 ) 
4 111 112 (512 2048 -512 ) (512 2048 1536 ) (0 2048 1536 ) (0 2048 -512 ) 
4 112 141 (512 1024 -512 ) (512 1024 1536 ) (0 1024 1536 ) (0 1024 -512 ) 
4 112 138 (0 1024 -512 ) (0 1024 64 ) (0 2048 64 ) (0 2048 -512 ) 
4 112 133 (0 1024 64 ) (0 1024 288 ) (0 2048 288 ) (0 2048 64 ) 
4 112 131 (0 1024 288 ) (0 1024 320 ) (0 2048 320 ) (0 2048 288 ) 
4 112 130 (0 1024 320 ) (0 1024 1536 ) (0 2048 1536 ) (0 2048 320 ) 
4 113 126 (-1024 3072 1536 ) (-1024 3072 416 ) (-1024 2304 416 ) (-1024 2304 1536 ) 
4 113 116 (-512 2304 416 ) (-256 2304 416 ) (-256 2304 1536 ) (-512 2304 1536 ) 
4 113 115 (-256 2304 416 ) (0 2304 416 ) (0 2304 1536 ) (-256 2304 1536 ) 
4 113 117 (-1024 2304 1536 ) (-1024 2304 416 ) (-512 2304 416 ) (-512 2304 1536 ) 
4 113 114 (0 2304 416 ) (-512 2304 416 ) (-512 3072 416 ) (0 3072 416 ) 
4 114 122 (-256 3072 64 ) (0 3072 64 ) (0 2304 64 ) (-256 2304 64 ) 
4 114 119 (-480 2304 64 ) (-288 2304 64 ) (-288 2304 128 ) (-480 2304 128 ) 
4 114 118 (-256 2304 64 ) (0 2304 64 ) (0 2304 288 ) (-256 2304 288 ) 
4 114 116 (-256 2304 416 ) (-512 2304 416 ) (-512 2304 320 ) (-256 2304 320 ) 
4 114 115 (0 2304 288 ) (0 2304 416 ) (-256 2304 416 ) (-256 2304 288 ) 
4 115 131 (0 2048 288 ) (0 2048 320 ) (-256 2048 320 ) (-256 2048 288 ) 
4 115 130 (0 2048 320 ) (0 2048 1536 ) (-256 2048 1536 ) (-256 2048 320 ) 
4 115 118 (0 2048 288 ) (-256 2048 288 ) (-256 2304 288 ) (0 2304 288 ) 
4 115 116 (-256 2048 320 ) (-256 2048 1536 ) (-256 2304 1536 ) (-256 2304 320 ) 
4 116 130 (-256 2048 1536 ) (-512 2048 1536 ) (-512 2048 320 ) (-256 2048 320 ) 
4 116 117 (-512 2048 320 ) (-512 2048 1536 ) (-512 2304 1536 ) (-512 2304 320 ) 
4 117 132 (-1024 2048 320 ) (-1024 2048 288 ) (-512 2048 288 ) (-512 2048 320 ) 
4 117 130 (-512 2048 1536 ) (-1024 2048 1536 ) (-1024 2048 320 ) (-512 2048 320 ) 
4 117 127 (-1024 2048 288 ) (-1024 2048 1536 ) (-1024 2304 1536 ) (-1024 2304 288 ) 
4 117 121 (-512 2048 288 ) (-1024 2048 288 ) (-1024 2304 288 ) (-512 2304 288 ) 
4 118 133 (0 2048 64 ) (0 2048 288 ) (-256 2048 288 ) (-256 2048 64 ) 
4 118 123 (0 2048 64 ) (-256 2048 64 ) (-256 2304 64 ) (0 2304 64 ) 
4 119 120 (-480 2272 128 ) (-480 2272 64 ) (-288 2272 64 ) (-288 2272 128 ) 
4 120 134 (-288 2048 288 ) (-480 2048 288 ) (-480 2048 64 ) (-288 2048 64 ) 
4 121 137 (-512 2048 288 ) (-1024 2048 288 ) (-1024 2048 64 ) (-512 2048 64 ) 
4 121 127 (-1024 2304 64 ) (-1024 2048 64 ) (-1024 2048 288 ) (-1024 2304 288 ) 
4 121 124 (-512 2048 64 ) (-1024 2048 64 ) (-1024 2304 64 ) (-512 2304 64 ) 
4 122 125 (-256 3072 32 ) (0 3072 32 ) (0 2304 32 ) (-256 2304 32 ) 
4 122 123 (-256 2304 32 ) (0 2304 32 ) (0 2304 64 ) (-256 2304 64 ) 
4 123 138 (0 2048 32 ) (0 2048 64 ) (-256 2048 64 ) (-256 2048 32 ) 
4 123 125 (-256 2304 32 ) (0 2304 32 ) (0 2048 32 ) (-256 2048 32 ) 
4 124 140 (-512 2048 64 ) (-1024 2048 64 ) (-1024 2048 32 ) (-512 2048 32 ) 
4 124 129 (-1024 2304 32 ) (-1024 2048 32 ) (-1024 2048 64 ) (-1024 2304 64 ) 
4 124 125 (-1024 2048 32 ) (-1024 2304 32 ) (-512 2304 32 ) (-512 2048 32 ) 
4 125 139 (-256 2048 32 ) (-512 2048 32 ) (-512 2048 -512 ) (-256 2048 -512 ) 
4 125 138 (0 2048 -512 ) (0 2048 32 ) (-256 2048 32 ) (-256 2048 -512 ) 
4 125 140 (-512 2048 32 ) (-1024 2048 32 ) (-1024 2048 -512 ) (-512 2048 -512 ) 
4 125 128 (-1024 3072 32 ) (-1024 3072 -512 ) (-1024 2304 -512 ) (-1024 2304 32 ) 
4 125 129 (-1024 2304 -512 ) (-1024 2048 -512 ) (-1024 2048 32 ) (-1024 2304 32 ) 
4 126 173 (-2048 2304 1536 ) (-2048 3072 1536 ) (-2048 3072 416 ) (-2048 2304 416 ) 
4 126 127 (-1024 2304 416 ) (-1024 2304 1536 ) (-2048 2304 1536 ) (-2048 2304 416 ) 
4 127 174 (-2048 2048 64 ) (-2048 2048 1536 ) (-2048 2304 1536 ) (-2048 2304 64 ) 
4 127 129 (-1024 2304 64 ) (-1024 2048 64 ) (-2048 2048 64 ) (-2048 2304 64 ) 
4 128 175 (-2048 3072 32 ) (-2048 3072 -512 ) (-2048 2304 -512 ) (-2048 2304 32 ) 
4 128 129 (-2048 2304 -512 ) (-1024 2304 -512 ) (-1024 2304 32 ) (-2048 2304 32 ) 
4 129 176 (-2048 2048 -512 ) (-2048 2048 64 ) (-2048 2304 64 ) (-2048 2304 -512 ) 
4 130 142 (0 1024 320 ) (0 1024 1536 ) (-1024 1024 1536 ) (-1024 1024 320 ) 
4 130 131 (-256 2048 320 ) (0 2048 320 ) (0 1024 320 ) (-256 1024 320 ) 
4 130 132 (-1024 2048 320 ) (-512 2048 320 ) (-512 1024 320 ) (-1024 1024 320 ) 
4 131 143 (0 1024 288 ) (0 1024 320 ) (-256 1024 320 ) (-256 1024 288 ) 
4 131 133 (0 1024 288 ) (-256 1024 288 ) (-256 2048 288 ) (0 2048 288 ) 
4 132 144 (-512 1024 320 ) (-1024 1024 320 ) (-1024 1024 288 ) (-512 1024 288 ) 
4 132 137 (-512 1024 288 ) (-1024 1024 288 ) (-1024 2048 288 ) (-512 2048 288 ) 
4 133 145 (0 1024 64 ) (0 1024 288 ) (-256 1024 288 ) (-256 1024 64 ) 
4 133 138 (-256 2048 64 ) (0 2048 64 ) (0 1024 64 ) (-256 1024 64 ) 
4 134 135 (-480 1504 288 ) (-480 1504 160 ) (-288 1504 160 ) (-288 1504 288 ) 
4 135 136 (-480 1056 288 ) (-480 1056 160 ) (-288 1056 160 ) (-288 1056 288 ) 
4 136 146 (-288 1024 288 ) (-480 1024 288 ) (-480 1024 64 ) (-288 1024 64 ) 
4 137 147 (-512 1024 288 ) (-1024 1024 288 ) (-1024 1024 64 ) (-512 1024 64 ) 
4 137 140 (-1024 2048 64 ) (-512 2048 64 ) (-512 1024 64 ) (-1024 1024 64 ) 
4 138 148 (0 1024 -512 ) (0 1024 64 ) (-256 1024 64 ) (-256 1024 -512 ) 
4 138 139 (-256 2048 -512 ) (-256 1024 -512 ) (-256 1024 32 ) (-256 2048 32 ) 
4 139 149 (-512 1024 32 ) (-512 1024 -512 ) (-256 1024 -512 ) (-256 1024 32 ) 
4 139 140 (-512 2048 -512 ) (-512 1024 -512 ) (-512 1024 32 ) (-512 2048 32 ) 
4 140 150 (-512 1024 64 ) (-1024 1024 64 ) (-1024 1024 -512 ) (-512 1024 -512 ) 
4 141 151 (512 0 -512 ) (512 0 1536 ) (0 0 1536 ) (0 0 -512 ) 
4 141 148 (0 1024 64 ) (0 1024 -512 ) (0 0 -512 ) (0 0 64 ) 
4 141 145 (0 1024 288 ) (0 1024 64 ) (0 0 64 ) (0 0 288 ) 
4 141 143 (0 1024 320 ) (0 1024 288 ) (0 0 288 ) (0 0 320 ) 
4 141 142 (0 1024 1536 ) (0 1024 320 ) (0 0 320 ) (0 0 1536 ) 
4 142 153 (-256 0 1536 ) (-512 0 1536 ) (-512 0 320 ) (-256 0 320 ) 
4 142 152 (0 0 320 ) (0 0 1536 ) (-256 0 1536 ) (-256 0 320 ) 
4 142 155 (-512 0 1536 ) (-1024 0 1536 ) (-1024 0 320 ) (-512 0 320 ) 
4 142 143 (0 0 320 ) (-256 0 320 ) (-256 1024 320 ) (0 1024 320 ) 
4 142 144 (-512 0 320 ) (-1024 0 320 ) (-1024 1024 320 ) (-512 1024 320 ) 
4 143 152 (0 0 288 ) (0 0 320 ) (-256 0 320 ) (-256 0 288 ) 
4 143 145 (-256 1024 288 ) (0 1024 288 ) (0 0 288 ) (-256 0 288 ) 
4 144 155 (-512 0 320 ) (-1024 0 320 ) (-1024 0 288 ) (-512 0 288 ) 
4 144 147 (-1024 0 288 ) (-1024 1024 288 ) (-512 1024 288 ) (-512 0 288 ) 
4 145 156 (0 0 64 ) (0 0 288 ) (-256 0 288 ) (-256 0 64 ) 
4 145 148 (0 0 64 ) (-256 0 64 ) (-256 1024 64 ) (0 1024 64 ) 
4 146 157 (-288 0 288 ) (-480 0 288 ) (-480 0 64 ) (-288 0 64 ) 
4 147 158 (-512 0 288 ) (-1024 0 288 ) (-1024 0 64 ) (-512 0 64 ) 
4 147 150 (-512 0 64 ) (-1024 0 64 ) (-1024 1024 64 ) (-512 1024 64 ) 
4 148 160 (0 0 -512 ) (0 0 64 ) (-256 0 64 ) (-256 0 -512 ) 
4 148 149 (-256 1024 -512 ) (-256 0 -512 ) (-256 0 32 ) (-256 1024 32 ) 
4 149 161 (-512 0 32 ) (-512 0 -512 ) (-256 0 -512 ) (-256 0 32 ) 
4 149 150 (-512 1024 -512 ) (-512 0 -512 ) (-512 0 32 ) (-512 1024 32 ) 
4 150 162 (-512 0 64 ) (-1024 0 64 ) (-1024 0 -512 ) (-512 0 -512 ) 
4 151 163 (0 -64 -512 ) (0 -512 -512 ) (0 -512 64 ) (0 -64 64 ) 
4 151 160 (0 0 64 ) (0 0 -512 ) (0 -64 -512 ) (0 -64 64 ) 
4 151 159 (0 -64 64 ) (0 -512 64 ) (0 -512 288 ) (0 -64 288 ) 
4 151 156 (0 0 288 ) (0 0 64 ) (0 -64 64 ) (0 -64 288 ) 
4 151 152 (0 0 1536 ) (0 0 288 ) (0 -512 288 ) (0 -512 1536 ) 
4 152 159 (0 -64 288 ) (0 -512 288 ) (-256 -512 288 ) (-256 -64 288 ) 
4 152 156 (-256 0 288 ) (0 0 288 ) (0 -64 288 ) (-256 -64 288 ) 
4 152 153 (-256 -64 320 ) (-256 -64 1536 ) (-256 0 1536 ) (-256 0 320 ) 
4 152 154 (-256 -64 288 ) (-256 -512 288 ) (-256 -512 1536 ) (-256 -64 1536 ) 
4 153 154 (-512 -64 1536 ) (-512 -64 320 ) (-256 -64 320 ) (-256 -64 1536 ) 
4 153 155 (-512 -64 320 ) (-512 -64 1536 ) (-512 0 1536 ) (-512 0 320 ) 
4 154 159 (-256 -64 288 ) (-256 -512 288 ) (-512 -512 288 ) (-512 -64 288 ) 
4 154 155 (-512 -64 288 ) (-512 -512 288 ) (-512 -512 1536 ) (-512 -64 1536 ) 
4 155 159 (-1024 -512 288 ) (-1024 -64 288 ) (-512 -64 288 ) (-512 -512 288 ) 
4 155 158 (-1024 -64 288 ) (-1024 0 288 ) (-512 0 288 ) (-512 -64 288 ) 
4 156 160 (-256 0 64 ) (0 0 64 ) (0 -64 64 ) (-256 -64 64 ) 
4 156 159 (-256 -64 64 ) (0 -64 64 ) (0 -64 288 ) (-256 -64 288 ) 
4 157 159 (-480 -64 64 ) (-288 -64 64 ) (-288 -64 288 ) (-480 -64 288 ) 
4 158 162 (-1024 -64 64 ) (-1024 0 64 ) (-512 0 64 ) (-512 -64 64 ) 
4 158 159 (-1024 -64 64 ) (-512 -64 64 ) (-512 -64 288 ) (-1024 -64 288 ) 
4 159 163 (-1024 -512 64 ) (-1024 -64 64 ) (0 -64 64 ) (0 -512 64 ) 
4 160 163 (-256 -64 -512 ) (0 -64 -512 ) (0 -64 64 ) (-256 -64 64 ) 
4 160 161 (-256 0 -512 ) (-256 -64 -512 ) (-256 -64 32 ) (-256 0 32 ) 
4 161 163 (-512 -64 -512 ) (-256 -64 -512 ) (-256 -64 32 ) (-512 -64 32 ) 
4 161 162 (-512 0 -512 ) (-512 -64 -512 ) (-512 -64 32 ) (-512 0 32 ) 
4 162 163 (-1024 -64 -512 ) (-512 -64 -512 ) (-512 -64 64 ) (-1024 -64 64 ) 
4 164 173 (-2048 3072 416 ) (-2048 3072 1536 ) (-3072 3072 1536 ) (-3072 3072 416 ) 
4 164 167 (-3072 4096 1536 ) (-3072 4096 416 ) (-3072 3072 416 ) (-3072 3072 1536 ) 
4 165 168 (-3072 4096 384 ) (-3072 4096 64 ) (-3072 3840 64 ) (-3072 3840 384 ) 
4 166 175 (-2048 3072 -512 ) (-2048 3072 32 ) (-3072 3072 32 ) (-3072 3072 -512 ) 
4 166 170 (-3072 4096 32 ) (-3072 4096 -512 ) (-3072 3072 -512 ) (-3072 3072 32 ) 
4 167 177 (-3072 3072 416 ) (-3072 3072 1536 ) (-3328 3072 1536 ) (-3328 3072 416 ) 
4 167 179 (-3328 3072 1536 ) (-4096 3072 1536 ) (-4096 3072 416 ) (-3328 3072 416 ) 
4 167 172 (-4096 3072 416 ) (-4096 3072 1536 ) (-4096 4096 1536 ) (-4096 4096 416 ) 
4 167 169 (-4096 3072 416 ) (-4096 4096 416 ) (-3328 4096 416 ) (-3328 3072 416 ) 
4 168 169 (-3328 4096 64 ) (-3328 3584 64 ) (-3328 3584 384 ) (-3328 4096 384 ) 
4 169 179 (-3328 3072 416 ) (-4096 3072 416 ) (-4096 3072 64 ) (-3328 3072 64 ) 
4 169 172 (-4096 3072 64 ) (-4096 3072 416 ) (-4096 4096 416 ) (-4096 4096 64 ) 
4 169 171 (-3584 3072 64 ) (-4096 3072 64 ) (-4096 4096 64 ) (-3584 4096 64 ) 
4 170 180 (-3072 3072 -512 ) (-3072 3072 32 ) (-3584 3072 32 ) (-3584 3072 -512 ) 
4 170 171 (-3584 4096 -512 ) (-3584 3072 -512 ) (-3584 3072 32 ) (-3584 4096 32 ) 
4 171 182 (-3584 3072 64 ) (-4096 3072 64 ) (-4096 3072 -512 ) (-3584 3072 -512 ) 
4 171 172 (-4096 3072 -512 ) (-4096 3072 64 ) (-4096 4096 64 ) (-4096 4096 -512 ) 
4 172 186 (-5120 4096 1536 ) (-5120 4096 -512 ) (-5120 3072 -512 ) (-5120 3072 1536 ) 
4 172 183 (-4096 3072 -512 ) (-4096 3072 1536 ) (-5120 3072 1536 ) (-5120 3072 -512 ) 
4 173 177 (-3072 3072 1536 ) (-3072 3072 416 ) (-3072 2304 416 ) (-3072 2304 1536 ) 
4 173 174 (-2048 2304 416 ) (-2048 2304 1536 ) (-3072 2304 1536 ) (-3072 2304 416 ) 
4 174 178 (-3072 2304 64 ) (-3072 2048 64 ) (-3072 2048 1536 ) (-3072 2304 1536 ) 
4 174 176 (-3072 2048 64 ) (-3072 2304 64 ) (-2048 2304 64 ) (-2048 2048 64 ) 
4 175 180 (-3072 3072 32 ) (-3072 3072 -512 ) (-3072 2304 -512 ) (-3072 2304 32 ) 
4 175 176 (-3072 2304 -512 ) (-2048 2304 -512 ) (-2048 2304 32 ) (-3072 2304 32 ) 
4 176 181 (-3072 2304 -512 ) (-3072 2048 -512 ) (-3072 2048 64 ) (-3072 2304 64 ) 
4 177 178 (-3328 2304 1536 ) (-3328 2304 416 ) (-3072 2304 416 ) (-3072 2304 1536 ) 
4 177 179 (-3328 2304 416 ) (-3328 2304 1536 ) (-3328 3072 1536 ) (-3328 3072 416 ) 
4 178 184 (-3072 2048 64 ) (-3072 2048 1536 ) (-3328 2048 1536 ) (-3328 2048 64 ) 
4 178 181 (-3072 2048 64 ) (-3328 2048 64 ) (-3328 2304 64 ) (-3072 2304 64 ) 
4 178 179 (-3328 2304 64 ) (-3328 2048 64 ) (-3328 2048 1536 ) (-3328 2304 1536 ) 
4 179 184 (-3328 2048 1536 ) (-4096 2048 1536 ) (-4096 2048 64 ) (-3328 2048 64 ) 
4 179 183 (-4096 3072 1536 ) (-4096 3072 64 ) (-4096 2048 64 ) (-4096 2048 1536 ) 
4 179 181 (-3328 2048 64 ) (-3584 2048 64 ) (-3584 2304 64 ) (-3328 2304 64 ) 
4 179 182 (-3584 2048 64 ) (-4096 2048 64 ) (-4096 3072 64 ) (-3584 3072 64 ) 
4 180 181 (-3584 2304 32 ) (-3584 2304 -512 ) (-3072 2304 -512 ) (-3072 2304 32 ) 
4 180 182 (-3584 3072 -512 ) (-3584 2304 -512 ) (-3584 2304 32 ) (-3584 3072 32 ) 
4 181 184 (-3072 2048 -512 ) (-3072 2048 64 ) (-3584 2048 64 ) (-3584 2048 -512 ) 
4 181 182 (-3584 2304 -512 ) (-3584 2048 -512 ) (-3584 2048 64 ) (-3584 2304 64 ) 
4 182 184 (-3584 2048 64 ) (-4096 2048 64 ) (-4096 2048 -512 ) (-3584 2048 -512 ) 
4 182 183 (-4096 3072 64 ) (-4096 3072 -512 ) (-4096 2048 -512 ) (-4096 2048 64 ) 
4 183 187 (-5120 2048 -512 ) (-5120 2048 1536 ) (-5120 3072 1536 ) (-5120 3072 -512 ) 
4 183 185 (-4096 2048 -512 ) (-4096 2048 1536 ) (-5120 2048 1536 ) (-5120 2048 -512 ) 
4 184 189 (-3072 1024 -512 ) (-3072 1024 1536 ) (-4096 1024 1536 ) (-4096 1024 -512 ) 
4 184 185 (-4096 2048 1536 ) (-4096 2048 -512 ) (-4096 1024 -512 ) (-4096 1024 1536 ) 
4 185 190 (-4096 1024 -512 ) (-4096 1024 1536 ) (-5120 1024 1536 ) (-5120 1024 -512 ) 
4 185 188 (-5120 1024 -512 ) (-5120 1024 1536 ) (-5120 2048 1536 ) (-5120 2048 -512 ) 
4 186 187 (-5120 3072 -512 ) (-5120 3072 1536 ) (-6144 3072 1536 ) (-6144 3072 -512 ) 
4 187 188 (-5120 2048 -512 ) (-5120 2048 1536 ) (-6144 2048 1536 ) (-6144 2048 -512 ) 
4 188 193 (-5120 1024 -512 ) (-5120 1024 1536 ) (-6144 1024 1536 ) (-6144 1024 -512 ) 
4 189 191 (-3072 0 -512 ) (-3072 0 1536 ) (-4096 0 1536 ) (-4096 0 -512 ) 
4 189 190 (-4096 0 -512 ) (-4096 0 1536 ) (-4096 1024 1536 ) (-4096 1024 -512 ) 
4 190 193 (-5120 1024 1536 ) (-5120 1024 -512 ) (-5120 0 -512 ) (-5120 0 1536 ) 
4 190 192 (-4096 0 -512 ) (-4096 0 1536 ) (-5120 0 1536 ) (-5120 0 -512 ) 
4 191 192 (-4096 0 1536 ) (-4096 0 -512 ) (-4096 -512 -512 ) (-4096 -512 1536 ) 
4 192 194 (-5120 -512 1536 ) (-5120 0 1536 ) (-5120 0 -512 ) (-5120 -512 -512 ) 
4 193 194 (-5120 0 -512 ) (-5120 0 1536 ) (-6144 0 1536 ) (-6144 0 -512 ) 
