PRT1
191
531
4 0 114 (3328 0 55.028809 ) (3328 0 1017.454102 ) (3072 0 1017.454102 ) (3072 0 55.028259 ) 
3 0 3 (3072 0 55.028809 ) (3072 0 1017.454102 ) (3072 446.172791 355.976074 ) 
4 1 5 (1376 2048 -1006.621826 ) (1376 2048 -759.877930 ) (1024 2048 -759.877441 ) (1024 2048 -1431.211426 ) 
3 1 2 (1024 2359.224854 -1221.286621 ) (1024 2048 -1431.211426 ) (1024 2048 -759.877930 ) 
3 2 44 (0 2048 -2666.380615 ) (0 2048 -759.877930 ) (0 2931.839600 -2070.220947 ) 
4 2 16 (1024 2048 -1180.090332 ) (1024 2048 -1152.816162 ) (698.237183 2048 -759.877930 ) (675.627502 2048 -759.877930 ) 
4 2 15 (0 2048 -1646.898804 ) (0 2048 -1675.442139 ) (821.541016 2048 -1675.421509 ) (845.173035 2048 -1646.916138 ) 
6 2 14 (1024 2048 -1431.211426 ) (1024 2048 -1180.090332 ) (675.627502 2048 -759.877930 ) (0 2048 -759.877930 ) (0 2048 -1646.898804 ) (845.173035 2048 -1646.916138 ) 
3 2 7 (0 2048 -1675.442139 ) (0 2048 -2666.380859 ) (821.541016 2048 -1675.421509 ) 
3 2 6 (1024 2048 -1152.816162 ) (1024 2048 -759.877930 ) (698.237183 2048 -759.877930 ) 
4 3 118 (2816 0 1017.454102 ) (2560 0 1017.454102 ) (2560 0 55.028534 ) (2816 0 55.028671 ) 
4 3 117 (3072 0 55.028809 ) (3072 0 1017.454102 ) (2816 0 1017.454102 ) (2816 0 55.028671 ) 
4 3 4 (2560 0 1017.449219 ) (2560 446.171875 355.972656 ) (2560 260.470001 230.714966 ) (2560 0 616.875854 ) 
4 4 119 (2560 0 1017.454102 ) (2048 0 1017.454102 ) (2048 0 616.875854 ) (2560 0 616.875854 ) 
4 4 23 (2048 0 616.875854 ) (2048 0 1017.454102 ) (2048 446.172791 355.976074 ) (2048 260.468628 230.717056 ) 
4 5 22 (1024 1024 360.484161 ) (1024 1024 333.197998 ) (1232.622925 1024 584.844055 ) (1221.307861 1024 598.481506 ) 
4 5 21 (1131.166382 1024 707.124084 ) (1024 1024 707.124023 ) (1024 1024 360.484161 ) (1221.307861 1024 598.481506 ) 
3 5 20 (1333.997314 1024 707.124207 ) (1131.166382 1024 707.124084 ) (1232.622925 1024 584.844055 ) 
5 5 18 (1376 1024 -1697.322021 ) (1376 1024 707.124207 ) (1333.997314 1024 707.124207 ) (1024 1024 333.197998 ) (1024 1024 -2121.911377 ) 
4 5 17 (1024 1831.605103 -1326.052734 ) (1024 1818.368164 -1334.981323 ) (1024 1805.720947 -1316.231445 ) (1024 1818.959229 -1307.302246 ) 
4 5 16 (1024 2048 -1152.816162 ) (1024 2048 -1180.090332 ) (1024 1831.605103 -1326.052734 ) (1024 1818.959229 -1307.302246 ) 
4 5 15 (1024 1948.001709 -1498.661499 ) (1024 1934.786743 -1507.575073 ) (1024 1818.368164 -1334.981323 ) (1024 1831.587280 -1326.064697 ) 
4 5 14 (1024 2048 -1180.090332 ) (1024 2048 -1431.211426 ) (1024 1948.001709 -1498.661499 ) (1024 1831.587280 -1326.064697 ) 
4 5 13 (1024 1487.353760 -1530.967407 ) (1024 1805.720947 -1316.231445 ) (1024 1818.368164 -1334.981323 ) (1024 1500.004761 -1549.723267 ) 
4 5 12 (1024 1024 -1870.797119 ) (1024 1024 -1843.495605 ) (1024 1487.353760 -1530.967407 ) (1024 1500.004761 -1549.723267 ) 
4 5 7 (1024 1934.786743 -1507.575073 ) (1024 1024 -2121.911377 ) (1024 1024 -1870.797119 ) (1024 1818.368164 -1334.981323 ) 
5 5 6 (1024 2048 -759.877930 ) (1024 2048 -1152.816162 ) (1024 1024 -1843.495605 ) (1024 1024 707.124512 ) (1024 1047.706421 723.114624 ) 
3 6 59 (0 1024 -608.337646 ) (0 1024 -128.446594 ) (0 1246.393921 -458.334717 ) 
5 6 56 (0 1024 -128.446594 ) (0 1024 707.124268 ) (0 1047.706543 723.114441 ) (0 1657.549927 -181.013245 ) (0 1246.393921 -458.334717 ) 
5 6 34 (1024 1024 -844.005432 ) (1024 1024 707.124023 ) (0 1024 707.124512 ) (0 1024 -608.337402 ) (195.395584 1024 -844.025330 ) 
3 6 31 (1024 1024 -1843.495605 ) (1024 1024 -844.005432 ) (195.395584 1024 -844.025330 ) 
4 6 17 (1024 1818.959351 -1307.302490 ) (1024 1805.720947 -1316.231689 ) (393.249390 1452.996338 -793.324158 ) (393.249390 1466.248413 -784.385742 ) 
5 6 16 (1024 2048 -1152.816406 ) (1024 1818.959351 -1307.302490 ) (0 1246.346436 -458.366699 ) (0 1657.549927 -181.013306 ) (698.236816 2048 -759.877808 ) 
4 6 13 (1024 1805.720947 -1316.231689 ) (1024 1487.354004 -1530.967651 ) (393.249756 1134.643799 -1008.050720 ) (393.249390 1452.996338 -793.324219 ) 
3 6 12 (1024 1487.354004 -1530.967651 ) (1024 1024 -1843.496094 ) (195.385742 1024 -844.013672 ) 
6 7 57 (0 1024 -2389.123535 ) (0 1024 -1557.215332 ) (0 1672.820068 -1119.228271 ) (0 2048 -1675.442017 ) (0 2048 -2666.380615 ) (0 1472.736572 -3054.402588 ) 
6 7 31 (1024 1024 -2121.911377 ) (1024 1024 -1870.797119 ) (381.965881 1024 -1096.365234 ) (0 1024 -1557.215332 ) (0 1024 -2389.123535 ) (802.471313 1024 -2389.123779 ) 
6 7 15 (1024 1934.787598 -1507.576050 ) (821.542419 2048 -1675.421387 ) (0 2048 -1675.441162 ) (0 1672.820679 -1119.227905 ) (381.869629 1459.282959 -802.642883 ) (1024 1818.368774 -1334.980835 ) 
4 7 13 (1024 1818.369507 -1334.978516 ) (381.870422 1459.283936 -802.641235 ) (381.940338 1140.972534 -1017.433472 ) (1024 1500.004639 -1549.722900 ) 
4 7 12 (381.940338 1140.972534 -1017.433472 ) (381.966034 1024 -1096.364990 ) (1024 1024 -1870.799072 ) (1024 1500.004639 -1549.722900 ) 
4 7 10 (381.937225 1154.221802 -1008.493225 ) (381.869781 1459.281250 -802.644531 ) (0 1672.819214 -1119.229492 ) (0 1367.797852 -1325.133789 ) 
4 7 8 (0 1024 -1557.214111 ) (381.966003 1024 -1096.364624 ) (381.940155 1140.971558 -1017.434265 ) (0 1354.549072 -1334.077393 ) 
4 8 65 (0 1024 -1557.215332 ) (0 1024 -901.976074 ) (0 1050.863525 -883.855957 ) (0 1354.549194 -1334.077637 ) 
5 8 31 (381.965881 1024 -1096.365234 ) (172.766724 1024 -844.025879 ) (48.040146 1024 -844.028870 ) (0 1024 -901.976074 ) (0 1024 -1557.215332 ) 
3 8 12 (172.767731 1024 -844.025879 ) (381.966034 1024 -1096.364990 ) (381.940338 1140.971558 -1017.434143 ) 
3 9 61 (0 1024 -874.687683 ) (0 1024 -844.030029 ) (0 1038.212891 -865.100952 ) 
3 9 32 (25.416746 1024 -844.029419 ) (0 1024 -844.030029 ) (0 1024 -874.687683 ) 
4 10 62 (0 1369.212402 -669.122314 ) (0 1672.820068 -1119.228271 ) (0 1367.797974 -1325.134033 ) (0 1064.121338 -874.913269 ) 
3 10 35 (149.060303 1024 -815.430786 ) (110.404465 1024 -768.803528 ) (71.748894 1024 -815.430786 ) 
4 10 15 (0 1672.820679 -1119.227905 ) (0 1369.213257 -669.121887 ) (110.403870 1307.476563 -577.592773 ) (381.869629 1459.282959 -802.642883 ) 
5 10 11 (71.752304 1024 -815.430847 ) (110.406181 1024 -768.804199 ) (110.405640 1307.476074 -577.593750 ) (0 1369.213745 -669.124207 ) (0 1064.122803 -874.915527 ) 
4 11 64 (0 1356.564087 -650.370789 ) (0 1369.212402 -669.122314 ) (0 1064.122314 -874.912598 ) (0 1051.472168 -856.157410 ) 
5 11 60 (0 1024 -815.426941 ) (0 1024 -635.631958 ) (0 1245.736694 -486.066467 ) (0 1356.564087 -650.370789 ) (0 1051.472168 -856.157410 ) 
4 11 36 (110.404465 1024 -768.803528 ) (0 1024 -635.631897 ) (0 1024 -815.426941 ) (71.750893 1024 -815.428406 ) 
4 11 15 (0 1369.213257 -669.121887 ) (0 1356.565308 -650.371033 ) (99.095093 1301.152588 -568.217590 ) (110.403870 1307.476563 -577.592773 ) 
4 12 31 (1024 1024 -1870.797119 ) (1024 1024 -1843.495605 ) (195.385803 1024 -844.013550 ) (172.756577 1024 -844.013672 ) 
4 12 13 (1024 1500.005249 -1549.729492 ) (381.936707 1140.971680 -1017.437256 ) (393.251831 1134.638062 -1008.052185 ) (1024 1487.347656 -1530.968750 ) 
4 13 17 (393.244965 1453 -793.327271 ) (1024 1805.726563 -1316.238281 ) (1024 1818.368774 -1334.980835 ) (381.942566 1459.323730 -802.703369 ) 
4 14 56 (0 1670.195557 -199.761108 ) (0 2048 -759.877930 ) (0 2048 -1646.898804 ) (0 1259 -477.120483 ) 
5 14 16 (1024 1831.587769 -1326.065308 ) (1024 2048 -1180.091309 ) (675.626831 2048 -759.877991 ) (0 1670.195923 -199.761780 ) (0 1259 -477.121185 ) 
6 14 15 (845.169556 2048 -1646.913940 ) (1024 1948 -1498.656250 ) (1024 1831.587036 -1326.060791 ) (99.095215 1314.410034 -559.271240 ) (0 1369.822754 -641.424927 ) (0 2048 -1646.897949 ) 
5 15 68 (0 1369.219482 -669.132690 ) (0 1356.564697 -650.371582 ) (0 1369.821411 -641.425903 ) (0 1376.587036 -651.456665 ) (0 1382.475586 -660.191467 ) 
4 15 66 (0 1672.820068 -1119.228271 ) (0 1369.219482 -669.132690 ) (0 1382.475586 -660.191467 ) (0 1685.956787 -1110.360352 ) 
4 15 57 (0 2048 -1647.397217 ) (0 2048 -1675.442017 ) (0 1672.820068 -1119.228271 ) (0 1685.956787 -1110.360352 ) 
3 15 56 (0 2048 -1646.898804 ) (0 2048 -1647.397217 ) (0 1376.587036 -651.456665 ) 
4 15 17 (381.942200 1459.324341 -802.703430 ) (1024 1818.369873 -1334.980957 ) (1024 1831.587769 -1326.065308 ) (381.942261 1472.569824 -793.769287 ) 
4 16 56 (0 1246.346436 -458.366699 ) (0 1657.549927 -181.013214 ) (0 1670.195557 -199.761108 ) (0 1258.995972 -477.122833 ) 
4 16 17 (381.944336 1472.575073 -793.763062 ) (1024 1831.605469 -1326.050781 ) (1024 1818.959839 -1307.301636 ) (393.249573 1466.249023 -784.385132 ) 
3 18 145 (1232.629517 0 -105.859550 ) (1215.059326 0 -127.053207 ) (1250.214478 0 -127.053719 ) 
5 18 144 (1376 0 -127.055542 ) (1376 0 16.430176 ) (1334.011719 0 16.430176 ) (1232.629517 0 -105.859550 ) (1250.214478 0 -127.053719 ) 
5 18 143 (1376 0 -870.981689 ) (1376 0 -127.055542 ) (1215.059326 0 -127.053207 ) (1024 0 -357.513672 ) (1024 0 -870.981689 ) 
3 18 34 (1024 1024 333.197998 ) (1024 1024 -844.005493 ) (1024 478.252625 -34.921082 ) 
6 18 31 (1024 1024 -844.005493 ) (1024 1024 -2121.911377 ) (1024 900.122681 -2205.468018 ) (1024 0 -870.981689 ) (1024 0 -357.513428 ) (1024 478.252625 -34.921082 ) 
4 18 26 (1334.011475 0 16.429688 ) (1376 0 16.429688 ) (1376 278.363190 204.187332 ) (1334.007446 278.363220 204.187347 ) 
4 18 24 (1376 278.363190 204.187332 ) (1376 464.067505 329.446014 ) (1334.004761 464.067505 329.446014 ) (1334.007446 278.363220 204.187347 ) 
4 18 22 (1024 1024 333.203125 ) (1024 478.236267 -34.926971 ) (1232.624268 361.573914 138.031006 ) (1232.620117 1024 584.847412 ) 
4 18 20 (1232.626587 0 -105.856041 ) (1334.012573 0 16.438965 ) (1333.998169 1024 707.132813 ) (1232.620117 1024 584.847412 ) 
3 18 19 (1024 106.836670 -285.444519 ) (1024 0 -357.508301 ) (1215.053589 0 -127.053207 ) 
3 19 143 (1024 0 -127.050400 ) (1024 0 -357.513672 ) (1215.059326 0 -127.053192 ) 
4 19 33 (1024 106.838989 -285.448059 ) (1024 0 -357.513428 ) (1024 0 -330.211029 ) (1024 94.182762 -266.684143 ) 
3 19 32 (1024 0 -330.211029 ) (1024 0 -127.050400 ) (1024 94.182762 -266.684143 ) 
3 19 21 (1024 94.180351 -266.685638 ) (1024 0 -127.055511 ) (1192.420898 0 -127.057983 ) 
3 20 144 (1334.011719 0 16.430176 ) (1131.164917 0 16.430176 ) (1232.629517 0 -105.859528 ) 
4 20 26 (1131.165283 0 16.429688 ) (1334.011475 0 16.429688 ) (1334.007446 278.363190 204.187332 ) (1131.165649 278.363220 204.187347 ) 
4 20 24 (1334.007446 278.363190 204.187332 ) (1334.004761 464.067505 329.446014 ) (1131.165894 464.067505 329.446014 ) (1131.165649 278.363220 204.187347 ) 
4 20 22 (1232.618408 1024 584.847656 ) (1232.622559 361.573608 138.031464 ) (1221.307251 355.251190 147.404785 ) (1221.307129 1024 598.480530 ) 
4 20 21 (1221.307251 0 -92.214607 ) (1131.163940 0 16.430096 ) (1131.165405 1024 707.124146 ) (1221.307129 1024 598.480530 ) 
5 21 146 (1131.164917 0 16.430176 ) (1024 0 16.430176 ) (1024 0 -127.050400 ) (1192.425171 0 -127.052864 ) (1221.307739 0 -92.213974 ) 
4 21 34 (1024 1024 707.124023 ) (1024 1024 360.484161 ) (1024 465.598694 -16.161469 ) (1024 304.896088 222.084335 ) 
5 21 32 (1024 465.598694 -16.161469 ) (1024 94.182762 -266.684143 ) (1024 0 -127.050400 ) (1024 0 16.430176 ) (1024 304.896088 222.084335 ) 
4 21 26 (1024 0 16.429688 ) (1131.165283 0 16.429688 ) (1131.165649 278.363190 204.187332 ) (1024 278.363220 204.187347 ) 
4 21 24 (1131.165649 278.363190 204.187332 ) (1131.165894 464.067505 329.446014 ) (1024 464.067505 329.446014 ) (1024 278.363220 204.187347 ) 
4 21 22 (1221.304810 1024 598.484375 ) (1221.304688 355.249451 147.407349 ) (1024 465.581696 -16.165833 ) (1024 1024 360.490845 ) 
4 22 34 (1024 1024 360.484161 ) (1024 1024 333.197998 ) (1024 478.238770 -34.930420 ) (1024 465.584991 -16.170700 ) 
4 23 142 (2048 0 616.875854 ) (2048 0 1017.453735 ) (1408 0 1017.453857 ) (1408 0 616.875916 ) 
4 23 25 (1408 242.572083 257.244110 ) (1408 0 616.870361 ) (1408 0 1017.453735 ) (1408 428.278839 382.504883 ) 
4 24 37 (1024 464.067383 329.446259 ) (1024 278.362976 204.187592 ) (1024 260.468658 230.716888 ) (1024 446.172791 355.976074 ) 
4 24 26 (1024 260.469757 230.717621 ) (1024 278.363281 204.189484 ) (1376 278.363281 204.189499 ) (1376 260.469757 230.717621 ) 
4 25 142 (1024 0 1017.453857 ) (1024 0 616.875977 ) (1408 0 616.875916 ) (1408 0 1017.453735 ) 
4 25 38 (1024 242.574600 257.245819 ) (1024 0 616.875854 ) (1024 0 1017.453735 ) (1024 428.278778 382.504883 ) 
4 26 146 (1099.139648 0 55.028259 ) (1024 0 55.028259 ) (1024 0 16.430176 ) (1131.164795 0 16.430176 ) 
4 26 144 (1376 0 55.028263 ) (1099.139648 0 55.028259 ) (1131.164795 0 16.430176 ) (1376 0 16.430176 ) 
4 26 39 (1024 278.362976 204.187592 ) (1024 0 16.430176 ) (1024 0 55.028267 ) (1024 260.468658 230.716888 ) 
4 26 27 (1024 233.940018 212.820679 ) (1024 0 55.023479 ) (1279.995850 0 55.023468 ) (1279.998169 233.940018 212.820679 ) 
4 27 147 (1536 0 363.820160 ) (1280 0 363.820160 ) (1024 0 55.028259 ) (1280 0 55.028259 ) 
4 27 28 (1280 90.786568 425.054565 ) (1279.998901 0 363.818054 ) (1535.997925 0 363.818054 ) (1535.998169 90.786568 425.054565 ) 
4 28 148 (1698.350952 0 559.651245 ) (1280 0 559.651245 ) (1280 0 363.820160 ) (1536 0 363.820160 ) 
3 28 29 (1280 0 559.652344 ) (1280 90.789063 425.050781 ) (1280 0 363.812592 ) 
4 29 149 (1280 0 559.651245 ) (1248 0 559.651245 ) (1248 0 363.820160 ) (1280 0 363.820160 ) 
3 29 30 (1248 0 559.652344 ) (1248 90.789063 425.050781 ) (1248 0 363.812592 ) 
4 30 150 (1248 0 559.651245 ) (1024 0 559.651245 ) (1024 0 363.820160 ) (1248 0 363.820160 ) 
3 30 40 (1024 0 363.820129 ) (1024 0 559.651245 ) (1024 90.785591 425.056000 ) 
3 31 152 (1024 0 -870.981689 ) (1024 0 -357.513428 ) (598.317871 0 -870.981750 ) 
3 31 96 (0 679.452148 -1134.381592 ) (0 1024 -901.976074 ) (0 1024 -1645.073242 ) 
4 31 95 (0 679.450073 -1134.382935 ) (0 679.452148 -1134.381592 ) (0 1024 -1645.073242 ) (0 1024 -1645.355225 ) 
4 31 94 (0 334.574921 -1367.009277 ) (0 679.450073 -1134.382935 ) (0 1024 -1645.355225 ) (0 1024 -2389.123535 ) 
4 31 34 (1024 1024 -844.002380 ) (195.393066 1024 -844.022156 ) (121.719414 982.800659 -782.944946 ) (1024 478.253876 -34.920380 ) 
5 31 33 (0 679.450684 -1134.383911 ) (0 334.575623 -1367.010254 ) (598.319580 0 -870.981750 ) (1024 0 -357.515625 ) (1024 106.836189 -285.451996 ) 
4 32 155 (1024 0 -12.601410 ) (1024 0 16.430176 ) (0 0 16.430176 ) (0 0 -12.601416 ) 
5 32 152 (1024 0 -330.211029 ) (1024 0 -12.601410 ) (0 0 -12.601416 ) (0 0 -870.981750 ) (575.682434 0 -870.981689 ) 
6 32 87 (0 0 -870.981750 ) (0 0 16.430176 ) (0 304.884674 222.076630 ) (0 1024 -844.030029 ) (0 1024 -874.687683 ) (0 321.919006 -1348.246216 ) 
4 32 39 (0 0 16.429688 ) (1024 0 16.429688 ) (1024 278.363220 204.187347 ) (0 278.363190 204.187378 ) 
4 32 37 (1024 278.363220 204.187347 ) (1024 304.896240 222.084030 ) (0 304.884827 222.076385 ) (0 278.363190 204.187378 ) 
5 32 34 (0 914.733521 -682.036621 ) (0 304.886719 222.076172 ) (1024 304.898071 222.083832 ) (1024 465.599915 -16.160568 ) (110.407715 976.475037 -773.567261 ) 
5 32 33 (575.682068 0 -870.981567 ) (0 321.918854 -1348.245728 ) (0 666.798279 -1115.620239 ) (1024 94.180908 -266.684052 ) (1024 0 -330.209930 ) 
4 33 152 (1024 0 -357.513428 ) (1024 0 -330.211029 ) (575.682434 0 -870.981689 ) (598.317932 0 -870.981689 ) 
4 33 94 (0 679.450073 -1134.382935 ) (0 334.574890 -1367.009277 ) (0 321.919006 -1348.246216 ) (0 666.799438 -1115.621948 ) 
4 34 88 (0 304.884674 222.076630 ) (0 1024 707.124023 ) (0 1024 -608.337280 ) (0 914.732056 -682.037598 ) 
4 34 37 (1024 304.896240 222.084030 ) (1024 464.067535 329.446014 ) (0 464.067505 329.446075 ) (0 304.884827 222.076385 ) 
3 35 36 (110.403091 1024 -768.801880 ) (71.746002 1024 -815.430786 ) (110.403137 1002.383362 -783.382751 ) 
3 36 89 (0 1024 -635.631958 ) (0 1024 -815.426941 ) (0 940.650696 -691.852539 ) 
4 37 98 (0 446.172791 355.976074 ) (0 464.067383 329.446259 ) (0 278.362976 204.187592 ) (0 260.468658 230.716888 ) 
4 37 39 (0 260.469757 230.717590 ) (0 278.363281 204.189453 ) (1024 278.363281 204.189484 ) (1024 260.469757 230.717621 ) 
4 38 154 (1024 0 616.875854 ) (1024 0 672.611206 ) (0 0 672.611206 ) (0 0 616.875977 ) 
4 38 153 (1024 0 672.611206 ) (1024 0 1017.453735 ) (0 0 1017.453857 ) (0 0 672.611206 ) 
4 38 97 (0 0 616.875854 ) (0 0 1017.453735 ) (0 428.278839 382.504883 ) (0 242.574600 257.245819 ) 
4 39 155 (1024 0 16.430176 ) (1024 0 55.028267 ) (0 0 55.028259 ) (0 0 16.430176 ) 
4 39 100 (0 0 16.430176 ) (0 0 55.028267 ) (0 260.468658 230.716873 ) (0 278.362976 204.187592 ) 
4 40 156 (1024 0 363.820160 ) (1024 0 559.651245 ) (544 0 559.651245 ) (544 0 363.820160 ) 
3 41 44 (-1024 3072 -2278.016602 ) (-1024 3072 -3210.850098 ) (-250.647278 3072 -2278.016602 ) 
3 41 42 (-1024 3072 -3210.849854 ) (-1024 3072 -2278.016357 ) (-1024 3504.454102 -2919.154541 ) 
3 42 46 (-1743.281738 3072 -2278.016113 ) (-2048 3072 -2278.016113 ) (-2048 3072 -2645.665283 ) 
6 42 45 (-1024 3072 -3210.850098 ) (-1024 3072 -2278.016357 ) (-1743.281738 3072 -2278.016113 ) (-2048 3072 -2645.665283 ) (-2048 3072 -3095.041992 ) (-1487.993652 3072 -3770.528320 ) 
3 42 43 (-2048 3072 -3095.041992 ) (-2048 3072 -2278.016357 ) (-2048 3450.767334 -2839.560547 ) 
4 43 105 (-2286.002930 3072 -2278.016357 ) (-2308.627930 3072 -2278.016357 ) (-2516.987305 3072 -2529.343994 ) (-2505.676025 3072 -2542.987793 ) 
4 43 104 (-2048 3072 -3095.041992 ) (-2048 3072 -2278.016357 ) (-2286.002930 3072 -2278.016357 ) (-2505.676025 3072 -2542.987793 ) 
3 43 103 (-2308.627930 3072 -2278.016357 ) (-2725.348389 3072 -2278.016113 ) (-2516.987305 3072 -2529.343994 ) 
4 44 66 (-647.438354 2048 -1647.110596 ) (-1024 2048 -1646.943848 ) (-1024 2048 -1675.467651 ) (-670.934204 2048 -1675.458740 ) 
3 44 62 (-1024 2048 -1675.467651 ) (-1024 2048 -2101.440186 ) (-670.934204 2048 -1675.458740 ) 
5 44 57 (0 2048 -2666.380859 ) (0 2048 -1647.397217 ) (-647.438354 2048 -1647.110596 ) (-1024 2048 -2101.440186 ) (-1024 2048 -3901.549805 ) 
4 44 56 (0 2048 -1647.397217 ) (0 2048 -759.877930 ) (-1024 2048 -759.877930 ) (-1024 2048 -1646.943848 ) 
3 44 49 (-1024 2048 -1446.457764 ) (-1024 2048 -759.877930 ) (-1024 2366.295898 -1231.769775 ) 
4 44 46 (-1024 2048 -2101.440186 ) (-1024 2048 -1446.457764 ) (-1024 2366.295898 -1231.769775 ) (-1024 2669.781982 -1681.705322 ) 
5 44 45 (-1024 3072 -2278.016602 ) (-1024 3072 -3210.850098 ) (-1024 2048 -3901.550049 ) (-1024 2048 -2101.440186 ) (-1024 2669.781982 -1681.705322 ) 
4 45 104 (-2048 3072 -2645.665283 ) (-2048 3072 -3095.041992 ) (-2048 2048 -3785.737793 ) (-2048 2048 -3336.917969 ) 
3 45 82 (-1024 2048 -3163.052734 ) (-1024 2048 -2101.440186 ) (-1904.036377 2048 -3163.222656 ) 
7 45 81 (-1028.738403 2048 -3907.265381 ) (-1024 2048 -3901.549805 ) (-1024 2048 -3163.052734 ) (-1904.036377 2048 -3163.222656 ) (-2048 2048 -3336.917969 ) (-2048 2048 -3785.737549 ) (-1947.248291 2048 -3907.265625 ) 
4 45 48 (-2048 2513.026855 -3023.011230 ) (-2048 2499.777100 -3031.955566 ) (-1320.774902 2093.120117 -2429.059570 ) (-1320.775513 2106.370117 -2420.115723 ) 
3 45 47 (-2048 2499.777100 -3031.955566 ) (-2048 2048 -3336.930176 ) (-1240.086426 2048 -2362.165771 ) 
6 45 46 (-1024 2669.785156 -1681.710938 ) (-1743.276367 3072 -2278.017334 ) (-2048 3072 -2645.673340 ) (-2048 2513.026855 -3023.011230 ) (-1216.392334 2048 -2333.578369 ) (-1024 2048 -2101.453125 ) 
5 46 104 (-2048 3072 -2278.016602 ) (-2048 3072 -2645.665283 ) (-2048 2513.021973 -3023.004150 ) (-2048 2209.347656 -2572.787109 ) (-2048 2938.910156 -2080.703125 ) 
5 46 84 (-1024 2048 -2101.440186 ) (-1024 2048 -1646.943848 ) (-1190.150635 2048 -1646.870239 ) (-1759.462036 2048 -2333.578369 ) (-1216.402832 2048 -2333.578369 ) 
3 46 83 (-1024 2048 -1646.943848 ) (-1024 2048 -1446.458008 ) (-1190.150635 2048 -1646.870239 ) 
5 46 49 (-1190.151489 2048 -1646.870239 ) (-1024 2048 -1446.457031 ) (-1024 2366.295654 -1231.769287 ) (-2048 2938.909912 -2080.702637 ) (-2048 2527.703125 -2358.058105 ) 
5 46 48 (-2048 2513.023438 -3023.003906 ) (-1320.780273 2106.368652 -2420.110840 ) (-1425.157471 2048 -2333.578125 ) (-1759.460938 2048 -2333.582031 ) (-2048 2209.347656 -2572.789063 ) 
4 47 104 (-2048 2499.771973 -3031.948486 ) (-2048 2048 -3336.917969 ) (-2048 2048 -2681.614746 ) (-2048 2196.088623 -2581.730225 ) 
3 47 86 (-1320.778320 2048 -2459.509766 ) (-1240.096924 2048 -2362.165771 ) (-1401.459351 2048 -2362.169678 ) 
6 47 85 (-1783.172974 2048 -2362.178711 ) (-2048 2048 -2681.615234 ) (-2048 2048 -3163.250732 ) (-1904.036377 2048 -3163.222900 ) (-1320.778320 2048 -2459.509766 ) (-1401.459351 2048 -2362.169678 ) 
3 47 81 (-2048 2048 -3163.250732 ) (-2048 2048 -3336.917969 ) (-1904.036377 2048 -3163.222900 ) 
5 47 48 (-1320.782471 2093.120361 -2429.050293 ) (-2048 2499.773926 -3031.941895 ) (-2048 2196.089844 -2581.730469 ) (-1783.171875 2048 -2362.175781 ) (-1401.465576 2048 -2362.162109 ) 
4 48 104 (-2048 2513.021973 -3023.004150 ) (-2048 2499.771973 -3031.948486 ) (-2048 2196.088623 -2581.730225 ) (-2048 2209.347656 -2572.787109 ) 
4 48 85 (-1759.462036 2048 -2333.578369 ) (-1783.172974 2048 -2362.178711 ) (-1401.459351 2048 -2362.169678 ) (-1425.157227 2048 -2333.578369 ) 
4 49 105 (-2048 2938.910156 -2080.703125 ) (-2048 2527.703369 -2358.058594 ) (-2048 2515.058350 -2339.301758 ) (-2048 2926.257568 -2061.944824 ) 
4 49 103 (-2048 2515.058350 -2339.301758 ) (-2048 2048 -1646.490356 ) (-2048 2048 -759.877869 ) (-2048 2926.257568 -2061.944824 ) 
4 49 83 (-1024 2048 -1446.458008 ) (-1024 2048 -1419.164185 ) (-1212.767822 2048 -1646.860352 ) (-1190.150635 2048 -1646.870361 ) 
6 49 76 (-1024 2048 -1419.164185 ) (-1024 2048 -759.877869 ) (-2048 2048 -759.877930 ) (-2048 2048 -1582.402832 ) (-1994.840576 2048 -1646.514282 ) (-1212.767822 2048 -1646.860352 ) 
3 49 75 (-2048 2048 -1582.402832 ) (-2048 2048 -1646.490723 ) (-1994.840576 2048 -1646.514282 ) 
4 49 54 (-2048 2211.486084 -1888.994385 ) (-2048 2224.136475 -1907.759277 ) (-1733.017334 2048 -1646.626709 ) (-1755.640259 2048 -1646.616699 ) 
4 49 53 (-1212.765137 2048 -1646.856934 ) (-1733.017334 2048 -1646.626709 ) (-1863.840576 2121.155518 -1755.084229 ) (-1603.615479 2266.562012 -1970.887695 ) 
4 49 52 (-2048 2224.136475 -1907.759277 ) (-2048 2515.060059 -2339.300537 ) (-1603.615479 2266.562012 -1970.887695 ) (-1863.840576 2121.155518 -1755.084229 ) 
3 49 50 (-2048 2048 -1646.487305 ) (-2048 2211.486084 -1888.994385 ) (-1755.640259 2048 -1646.616699 ) 
3 50 103 (-2048 2048 -1999.272949 ) (-2048 2048 -1646.490356 ) (-2048 2211.484619 -1888.995361 ) 
3 50 79 (-1875.187134 2048 -1790.819092 ) (-1755.844238 2048 -1646.862793 ) (-1994.555786 2048 -1646.857788 ) 
4 50 76 (-1755.844238 2048 -1646.862793 ) (-1755.643066 2048 -1646.620117 ) (-1994.840576 2048 -1646.514282 ) (-1994.555786 2048 -1646.857788 ) 
4 50 75 (-2048 2048 -1646.490723 ) (-2048 2048 -1999.273071 ) (-1875.187134 2048 -1790.819092 ) (-1994.840576 2048 -1646.514282 ) 
4 50 55 (-1875.153442 2048 -1790.778442 ) (-2048 2048 -1999.273071 ) (-2048 2211.372314 -1889.074219 ) (-1875.153809 2114.717529 -1745.776367 ) 
4 50 54 (-2048 2211.488281 -1888.996094 ) (-1755.640625 2048 -1646.617188 ) (-1755.844238 2048 -1646.862793 ) (-2048 2211.372314 -1889.074219 ) 
4 51 103 (-2048 2048 -2654.336182 ) (-2048 2048 -2026.563965 ) (-2048 2210.756592 -1916.783936 ) (-2048 2501.791260 -2348.250488 ) 
4 51 78 (-1603.628418 2048 -2118.324951 ) (-1236.488770 2048 -1675.473022 ) (-1756.942505 2048 -1675.485840 ) (-1863.871582 2048 -1804.465454 ) 
4 51 75 (-2048 2048 -2026.564087 ) (-2048 2048 -2654.335938 ) (-1603.628418 2048 -2118.324951 ) (-1863.871582 2048 -1804.465454 ) 
4 51 55 (-2048 2210.752930 -1916.778687 ) (-2048 2048 -2026.556274 ) (-1863.844482 2048 -1804.426758 ) (-1863.844360 2107.775635 -1764.107666 ) 
4 51 52 (-2048 2501.789551 -2348.251709 ) (-2048 2210.757813 -1916.785156 ) (-1863.837402 2107.776855 -1764.108032 ) (-1603.613892 2253.291992 -1979.836670 ) 
4 52 103 (-2048 2501.791260 -2348.250488 ) (-2048 2210.756592 -1916.783936 ) (-2048 2224.135010 -1907.760132 ) (-2048 2515.058594 -2339.301758 ) 
4 52 55 (-1863.843018 2121.154785 -1755.081787 ) (-2048 2224.132813 -1907.753906 ) (-2048 2210.752930 -1916.778687 ) (-1863.841309 2107.773926 -1764.105103 ) 
4 53 76 (-1212.767944 2048 -1646.860352 ) (-1733.020020 2048 -1646.630127 ) (-1733.213257 2048 -1646.863281 ) (-1212.779175 2048 -1646.873901 ) 
4 53 54 (-1733.019531 2048 -1646.625000 ) (-1863.843018 2121.154785 -1755.081787 ) (-1863.843018 2121.044189 -1755.156372 ) (-1733.217041 2048 -1646.863159 ) 
4 54 76 (-1733.213257 2048 -1646.863281 ) (-1733.020020 2048 -1646.630127 ) (-1755.643066 2048 -1646.620117 ) (-1755.844238 2048 -1646.862793 ) 
4 54 55 (-2048 2224.031250 -1907.835938 ) (-1863.838745 2121.050049 -1755.160522 ) (-1875.156494 2114.718750 -1745.772583 ) (-2048 2211.371338 -1889.067017 ) 
4 55 103 (-2048 2048 -2026.563965 ) (-2048 2048 -1999.272949 ) (-2048 2211.484619 -1888.995361 ) (-2048 2224.135010 -1907.760132 ) 
4 55 75 (-2048 2048 -1999.273071 ) (-2048 2048 -2026.564087 ) (-1863.842041 2048 -1804.429688 ) (-1875.153442 2048 -1790.778442 ) 
4 56 93 (-677.973450 1024 209.440613 ) (-689.285706 1024 195.795563 ) (-420.631042 1024 -128.259964 ) (-397.996643 1024 -128.269989 ) 
3 56 91 (-689.512390 1024 195.522156 ) (-957.743103 1024 -128.022034 ) (-420.851868 1024 -128.259872 ) 
4 56 90 (-689.285706 1024 195.795563 ) (-689.512390 1024 195.522156 ) (-420.851868 1024 -128.259872 ) (-420.631042 1024 -128.259964 ) 
5 56 88 (0 1024 -128.446289 ) (0 1024 707.124207 ) (-265.374512 1024 707.124146 ) (-677.973450 1024 209.440613 ) (-397.996643 1024 -128.269989 ) 
3 56 83 (-1024 2048 -1419.164185 ) (-1024 2048 -1646.943848 ) (-1024 1942.441772 -1490.364014 ) 
5 56 76 (-1024 2048 -759.877930 ) (-1024 2048 -1419.164185 ) (-1024 1942.441772 -1490.364014 ) (-1024 1061.050293 -182.951294 ) (-1024 1471.924561 94.186829 ) 
5 56 71 (-149.813034 1162.681396 -334.091888 ) (-397.997528 1024 -128.268921 ) (-957.742310 1024 -128.021027 ) (-1024 1061.050781 -182.951035 ) (-1024 1651.521484 -1058.825439 ) 
4 56 70 (0 1259.040771 -477.092651 ) (0 1246.394531 -458.333984 ) (-149.813034 1162.681396 -334.091888 ) (-161.125229 1169.007080 -343.470123 ) 
4 56 69 (-415.845398 1311.445068 -554.642639 ) (-1024 1651.521484 -1058.825439 ) (-1024 1955.090576 -1509.124512 ) (-144.144714 1463.081299 -779.692261 ) 
3 56 68 (0 1382.476440 -660.191040 ) (0 1378.949707 -654.959656 ) (-144.144714 1463.081299 -779.692261 ) 
5 56 67 (0 1378.949707 -654.959656 ) (0 1259.040771 -477.092651 ) (-161.125229 1169.007080 -343.470123 ) (-415.845398 1311.445068 -554.642639 ) (-144.144714 1463.081299 -779.692261 ) 
5 56 66 (-1024 2048 -1646.941650 ) (-647.436523 2048 -1647.108398 ) (0 1685.957642 -1110.359741 ) (0 1382.476440 -660.191040 ) (-1024 1955.090576 -1509.124512 ) 
3 56 59 (0 1246.394531 -458.333984 ) (0 1024 -128.445175 ) (-397.997528 1024 -128.268921 ) 
3 56 57 (-647.436523 2048 -1647.108398 ) (0 2048 -1647.395142 ) (0 1685.957642 -1110.359741 ) 
3 57 96 (0 1024 -1645.073242 ) (0 1024 -1557.215332 ) (-72.830917 1024 -1645.087402 ) 
4 57 95 (0 1024 -1645.355225 ) (0 1024 -1645.073242 ) (-72.830917 1024 -1645.087402 ) (-73.037361 1024 -1645.336426 ) 
4 57 94 (0 1024 -2389.123535 ) (0 1024 -1645.355225 ) (-73.037361 1024 -1645.336426 ) (-689.509949 1024 -2389.123535 ) 
3 57 82 (-1024 1555.888550 -2433.640869 ) (-1024 2048 -2101.440186 ) (-1024 2048 -3163.052734 ) 
5 57 81 (-1024 1211.044556 -2666.428467 ) (-1024 1555.888550 -2433.640869 ) (-1024 2048 -3163.052734 ) (-1024 2048 -3901.549805 ) (-1024 2045.350342 -3903.337158 ) 
4 57 66 (0 1685.958252 -1110.360596 ) (-647.435547 2048 -1647.108521 ) (-670.933105 2048 -1675.458862 ) (0 1672.820557 -1119.229248 ) 
5 57 65 (-1024 1927.034790 -2183.099365 ) (-1024 1555.889038 -2433.641846 ) (-72.829956 1024 -1645.087402 ) (0 1024 -1557.216553 ) (0 1354.417847 -1334.167480 ) 
5 57 62 (-670.933105 2048 -1675.458862 ) (-1024 2048 -2101.441650 ) (-1024 1940.410645 -2174.070068 ) (0 1367.798584 -1325.134766 ) (0 1672.820557 -1119.229248 ) 
4 57 58 (-1024 1555.889038 -2433.641846 ) (-1024 1211.044922 -2666.429199 ) (-689.509033 1024 -2389.123535 ) (-72.829956 1024 -1645.087402 ) 
3 58 95 (-73.037354 1024 -1645.336426 ) (-72.830933 1024 -1645.087402 ) (-625.695984 1024 -1645.194336 ) 
6 58 94 (-1024 1024 -2109.859375 ) (-1024 1024 -2389.123535 ) (-689.509888 1024 -2389.123535 ) (-73.037354 1024 -1645.336426 ) (-625.695984 1024 -1645.194336 ) (-638.778687 1024 -1645.196899 ) 
3 58 87 (-1024 1024 -1645.271362 ) (-1024 1024 -2109.859375 ) (-638.778687 1024 -1645.196899 ) 
5 58 81 (-1024 1024 -2389.123535 ) (-1024 1024 -2109.859375 ) (-1024 1239.414673 -1964.560547 ) (-1024 1555.888550 -2433.640869 ) (-1024 1211.044434 -2666.428467 ) 
3 58 77 (-1024 1024 -2109.859375 ) (-1024 1024 -1645.271240 ) (-1024 1239.414673 -1964.560547 ) 
4 58 65 (-72.824020 1024 -1645.088623 ) (-1024 1555.890625 -2433.648438 ) (-1024 1252.062500 -1983.311279 ) (-616.157898 1024 -1645.195068 ) 
3 58 61 (-1024 1239.412842 -1964.561890 ) (-1024 1024 -1645.274902 ) (-638.780884 1024 -1645.199463 ) 
3 59 88 (0 1024 -608.337280 ) (0 1024 -128.446289 ) (-397.996674 1024 -128.269989 ) 
3 59 73 (-161.125107 1024 -413.980743 ) (-397.635101 1024 -128.700287 ) (-161.127747 1156.247803 -324.776917 ) 
4 59 71 (-397.635101 1024 -128.700287 ) (-397.990204 1024 -128.271973 ) (-149.810318 1162.677979 -334.091003 ) (-149.810318 1162.576172 -334.159637 ) 
4 60 89 (0 1024 -815.426941 ) (0 1024 -635.631958 ) (-161.126038 1024 -441.279114 ) (-471.300903 1024 -815.417053 ) 
4 60 78 (-1024 1333.064087 -1273.626465 ) (-1024 1638.145264 -1067.847656 ) (-1024 1929.177734 -1499.310669 ) (-1024 1624.085693 -1705.097412 ) 
4 60 64 (-155.466309 1443.500488 -779.259827 ) (0 1356.564941 -650.371704 ) (0 1051.472900 -856.158447 ) (-155.465515 1138.408081 -985.046021 ) 
6 61 87 (0 1024 -874.687683 ) (0 1024 -844.030029 ) (-495.031952 1024 -844.041809 ) (-1024 1024 -1482.091553 ) (-1024 1024 -1645.271362 ) (-638.778687 1024 -1645.196899 ) 
5 61 77 (-1024 1024 -1645.271240 ) (-1024 1024 -1482.091675 ) (-1024 1319.794189 -1282.577026 ) (-1024 1610.827026 -1714.040405 ) (-1024 1239.414673 -1964.560669 ) 
3 61 72 (-1024 1319.797363 -1282.581543 ) (-1024 1024 -1482.099487 ) (-495.026672 1024 -844.041870 ) 
5 62 84 (-1024 1941.830322 -1518.068481 ) (-1024 2048 -1675.467651 ) (-1024 2048 -2101.440186 ) (-1024 1940.409912 -2174.068848 ) (-1024 1636.735962 -1723.852173 ) 
5 62 66 (0 1369.219849 -669.132324 ) (0 1672.820557 -1119.227905 ) (-670.933105 2048 -1675.457520 ) (-1024 2048 -1675.466553 ) (-1024 1941.830811 -1518.068115 ) 
4 62 64 (0 1369.218628 -669.132629 ) (-144.145065 1449.823120 -788.634460 ) (-144.145386 1144.729370 -994.420105 ) (0 1064.124512 -874.918091 ) 
4 63 65 (-1024 1927.035156 -2183.105469 ) (0 1354.419556 -1334.173950 ) (0 1050.852295 -883.868774 ) (-1024 1623.469116 -1732.800537 ) 
4 64 68 (0 1356.564575 -650.370483 ) (0 1369.219849 -669.132324 ) (-144.144791 1449.824219 -788.633972 ) (-155.466858 1443.500488 -779.259155 ) 
4 65 96 (0 1024 -1557.215332 ) (0 1024 -901.980408 ) (-616.155823 1024 -1645.192505 ) (-72.830933 1024 -1645.087402 ) 
4 65 86 (-1024 1927.034058 -2183.098389 ) (-1024 1555.888550 -2433.640869 ) (-1024 1252.064209 -1983.310059 ) (-1024 1623.468872 -1732.800659 ) 
4 66 84 (-1024 1955.089600 -1509.125122 ) (-1024 2048 -1646.943848 ) (-1024 2048 -1675.467651 ) (-1024 1941.830322 -1518.068481 ) 
4 66 68 (-144.147583 1449.822876 -788.631531 ) (0 1369.216919 -669.127869 ) (0 1382.472656 -660.187134 ) (-144.147369 1463.078857 -779.690613 ) 
4 67 68 (-155.463440 1456.752197 -770.312378 ) (-144.136719 1463.078125 -779.691406 ) (0 1382.478271 -660.196472 ) (0 1369.818848 -641.427551 ) 
4 71 93 (-397.639954 1024 -128.700256 ) (-397.996674 1024 -128.269989 ) (-420.631104 1024 -128.259964 ) (-420.266418 1024 -128.699799 ) 
4 71 91 (-420.851898 1024 -128.259872 ) (-957.743103 1024 -128.022034 ) (-958.295898 1024 -128.688828 ) (-420.486877 1024 -128.699799 ) 
4 71 90 (-420.631104 1024 -128.259964 ) (-420.851898 1024 -128.259872 ) (-420.486877 1024 -128.699799 ) (-420.266418 1024 -128.699799 ) 
4 71 76 (-1024 1060.741089 -183.160034 ) (-1024 1061.050415 -182.951355 ) (-1024 1651.520752 -1058.825928 ) (-1024 1651.414795 -1058.897461 ) 
5 71 73 (-161.132324 1156.252319 -324.779327 ) (-397.646973 1024 -128.696243 ) (-958.292603 1024 -128.684814 ) (-1024 1060.742920 -183.158752 ) (-1024 1638.761475 -1040.131836 ) 
3 72 87 (-1024 1024 -844.054626 ) (-1024 1024 -1482.091553 ) (-495.032043 1024 -844.041931 ) 
3 72 77 (-1024 1024 -1482.091675 ) (-1024 1024 -844.054626 ) (-1024 1319.794312 -1282.577026 ) 
3 72 74 (-1024 1307.139771 -1263.817505 ) (-1024 1024 -844.053711 ) (-517.661377 1024 -844.043518 ) 
4 73 93 (-161.127548 1024 -413.983704 ) (-397.639954 1024 -128.700256 ) (-420.266449 1024 -128.699799 ) (-172.441162 1024 -427.630615 ) 
6 73 91 (-420.486816 1024 -128.699799 ) (-958.295898 1024 -128.688828 ) (-1024 1024 -207.942139 ) (-1024 1024 -815.405396 ) (-493.924133 1024 -815.416565 ) (-172.443970 1024 -427.634003 ) 
4 73 90 (-420.266449 1024 -128.699799 ) (-420.486816 1024 -128.699799 ) (-172.443970 1024 -427.634003 ) (-172.441162 1024 -427.630615 ) 
5 73 79 (-1024 1024 -815.405396 ) (-1024 1024 -207.942383 ) (-1024 1060.741089 -183.160034 ) (-1024 1638.758789 -1040.133545 ) (-1024 1320.414063 -1254.871338 ) 
3 73 74 (-493.924896 1024 -815.417542 ) (-1024 1024 -815.408203 ) (-1024 1320.411865 -1254.872925 ) 
4 74 92 (-1024 1024 -815.405396 ) (-1024 1024 -844.054626 ) (-517.660400 1024 -844.042480 ) (-493.919556 1024 -815.416565 ) 
4 74 80 (-1024 1024 -844.054626 ) (-1024 1024 -815.405396 ) (-1024 1320.415649 -1254.873779 ) (-1024 1307.140381 -1263.817261 ) 
5 75 108 (-2048 1024 -2389.123535 ) (-2048 1024 -2272.786865 ) (-2048 2048 -1582.402832 ) (-2048 2048 -2654.335938 ) (-2048 1467.151367 -3046.122559 ) 
3 75 102 (-2048 1024 -2272.787109 ) (-2048 1024 -2389.123047 ) (-1951.537476 1024 -2389.123047 ) 
4 75 81 (-1603.568848 1563.506104 -2445.043701 ) (-1603.525391 1218.601440 -2677.632080 ) (-2048 1467.149658 -3046.119629 ) (-2048 1812.030762 -2813.494873 ) 
4 75 80 (-2048 1699.718140 -1817.209595 ) (-2048 1686.439209 -1826.162354 ) (-1875.151733 1783.096191 -1969.454590 ) (-1875.148926 1796.369507 -1960.509155 ) 
5 75 79 (-1875.184448 2048 -1790.816040 ) (-1994.550537 2048 -1646.857910 ) (-2048 2018.113281 -1602.546509 ) (-2048 1699.718140 -1817.209595 ) (-1875.149048 1796.369385 -1960.509033 ) 
4 75 78 (-1603.611572 1948.202026 -2185.623047 ) (-1603.624146 2048 -2118.323730 ) (-1863.869141 2048 -1804.462524 ) (-1863.838623 1802.693726 -1969.885742 ) 
5 75 77 (-2048 1024 -2272.781250 ) (-1951.531250 1024 -2389.125000 ) (-1603.519531 1218.601563 -2677.632813 ) (-1603.609863 1934.942871 -2194.564453 ) (-2048 1686.439209 -1826.162354 ) 
3 75 76 (-1994.550537 2048 -1646.857910 ) (-2048 2048 -1582.396729 ) (-2048 2018.113281 -1602.546509 ) 
5 76 108 (-2048 2048 -759.877930 ) (-2048 2048 -1582.402832 ) (-2048 2018.116089 -1602.550659 ) (-2048 1633.351074 -1032.095093 ) (-2048 2044.538208 -754.745605 ) 
3 76 83 (-1212.782593 2048 -1646.874023 ) (-1024 2048 -1419.160156 ) (-1024 1942.434082 -1490.365112 ) 
6 76 79 (-2048 2018.113281 -1602.546387 ) (-1994.550537 2048 -1646.857788 ) (-1755.844238 2048 -1646.862671 ) (-1024 1638.758789 -1040.133667 ) (-1024 1060.740967 -183.159912 ) (-2048 1633.351074 -1032.095093 ) 
4 77 108 (-2048 1024 -2272.786865 ) (-2048 1024 -1443.107422 ) (-2048 1301.709229 -1255.790161 ) (-2048 1686.442017 -1826.166382 ) 
7 77 102 (-2048 1024 -1443.107422 ) (-2048 1024 -2272.787109 ) (-1951.537476 1024 -2389.123047 ) (-1255.519775 1024 -2389.123535 ) (-1024 1024 -2109.859375 ) (-1024 1024 -844.054565 ) (-1551.372314 1024 -844.067261 ) 
5 77 81 (-1024 1239.412842 -1964.557983 ) (-1024 1024 -2109.855469 ) (-1255.522949 1024 -2389.123779 ) (-1603.525391 1218.601440 -2677.632080 ) (-1603.568848 1563.506104 -2445.043701 ) 
6 77 80 (-1875.157593 1783.103516 -1969.457031 ) (-2048 1686.449829 -1826.169189 ) (-2048 1301.710083 -1255.781860 ) (-1551.371094 1024 -844.057861 ) (-1024 1024 -844.046326 ) (-1024 1307.143799 -1263.814941 ) 
4 79 108 (-2048 1315.001099 -1246.824707 ) (-2048 1633.351074 -1032.095093 ) (-2048 2018.116089 -1602.550659 ) (-2048 1699.720947 -1817.213623 ) 
3 79 102 (-1024 1024 -815.405396 ) (-1024 1024 -207.942261 ) (-1527.601807 1024 -815.394775 ) 
6 79 80 (-1527.605469 1024 -815.394531 ) (-2048 1315 -1246.824219 ) (-2048 1699.723267 -1817.219482 ) (-1875.153931 1796.371094 -1960.514160 ) (-1024 1320.412964 -1254.872192 ) (-1024 1024 -815.406433 ) 
4 80 108 (-2048 1301.709229 -1255.790161 ) (-2048 1315.001099 -1246.824707 ) (-2048 1699.720947 -1817.213623 ) (-2048 1686.442017 -1826.166382 ) 
4 80 102 (-1024 1024 -844.054565 ) (-1024 1024 -815.405396 ) (-1527.601807 1024 -815.394775 ) (-1551.372314 1024 -844.067261 ) 
5 81 109 (-2048 1467.151489 -3046.122559 ) (-2048 1812.032471 -2813.497803 ) (-2048 2048 -3163.250732 ) (-2048 2048 -3785.737549 ) (-2048 1991.660522 -3823.739014 ) 
3 81 102 (-1024 1024 -2389.123535 ) (-1024 1024 -2109.859375 ) (-1255.519653 1024 -2389.123535 ) 
4 81 86 (-1024 1252.064453 -1983.309937 ) (-1024 1555.888672 -2433.640869 ) (-1320.765625 1721.838379 -2679.670410 ) (-1592.383179 1569.901123 -2454.520020 ) 
5 81 85 (-1904.036133 2048 -3163.222656 ) (-2048 2048 -3163.250488 ) (-2048 1824.679443 -2832.242676 ) (-1592.383179 1569.901123 -2454.520020 ) (-1320.765625 1721.838379 -2679.670410 ) 
3 81 82 (-1024 2048 -3163.052734 ) (-1904.036133 2048 -3163.222656 ) (-1024 1555.888672 -2433.640869 ) 
5 82 86 (-1320.762451 1721.838013 -2679.674316 ) (-1024 1555.890625 -2433.648438 ) (-1024 1927.164795 -2183.019287 ) (-1240.090332 2048 -2362.165771 ) (-1320.775146 2048 -2459.513428 ) 
3 82 85 (-1904.035156 2048 -3163.226563 ) (-1320.762451 1721.838013 -2679.674316 ) (-1320.775146 2048 -2459.513428 ) 
3 82 84 (-1024 1940.414063 -2174.075195 ) (-1024 2048 -2101.449219 ) (-1216.396118 2048 -2333.578369 ) 
3 83 84 (-1190.153076 2048 -1646.873047 ) (-1024 2048 -1646.944702 ) (-1024 1955.088745 -1509.125732 ) 
3 84 85 (-1592.308960 1954.526733 -2195.003662 ) (-1759.466919 2048 -2333.583984 ) (-1425.155518 2048 -2333.580322 ) 
4 85 111 (-2048 2048 -2681.614990 ) (-2048 2048 -3064.654053 ) (-2048 2002.283936 -3095.489990 ) (-2048 1824.679321 -2832.242920 ) 
3 85 110 (-2048 2048 -3064.654053 ) (-2048 2048 -3163.250732 ) (-2048 2002.283936 -3095.489990 ) 
5 85 86 (-1592.381714 1569.898438 -2454.520020 ) (-1320.762451 1721.835938 -2679.671875 ) (-1320.775024 2048 -2459.511230 ) (-1401.457642 2048 -2362.169434 ) (-1592.310669 1941.271362 -2203.946289 ) 
4 87 188 (-246.622375 0 16.430176 ) (-265.372437 0 16.430176 ) (-289.440765 0 -12.601418 ) (-222.550079 0 -12.601423 ) 
4 87 187 (0 0 -12.601440 ) (0 0 16.430176 ) (-246.622375 0 16.430176 ) (-222.550079 0 -12.601423 ) 
4 87 182 (0 0 -870.981689 ) (0 0 -12.601440 ) (-289.440765 0 -12.601418 ) (-1001.071350 0 -870.981689 ) 
5 87 102 (-1024 1024 -844.054565 ) (-1024 1024 -2109.859375 ) (-1024 894.535217 -2197.184326 ) (-1024 12.821533 -889.990356 ) (-1024 729.098572 -406.855652 ) 
4 87 101 (-256 0 16.431646 ) (-246.623596 0 16.431646 ) (-246.621796 278.362305 204.188675 ) (-256 278.362305 204.188675 ) 
4 87 100 (-246.623596 0 16.431646 ) (0 0 16.431641 ) (0 278.362305 204.188675 ) (-246.621796 278.362305 204.188675 ) 
4 87 99 (-246.621613 304.881256 222.075851 ) (-256 304.881134 222.075775 ) (-256 278.362305 204.188675 ) (-246.621796 278.362305 204.188675 ) 
4 87 98 (0 278.362305 204.188675 ) (0 304.884003 222.077713 ) (-246.621613 304.881256 222.075851 ) (-246.621796 278.362305 204.188675 ) 
5 87 94 (-1024 894.537109 -2197.187012 ) (-1024 1024 -2109.863281 ) (-638.770996 1024 -1645.190918 ) (0 666.800537 -1115.623413 ) (0 321.920166 -1348.247681 ) 
4 87 93 (-689.291260 541.932861 -129.360931 ) (-677.973572 535.604126 -119.978180 ) (-161.119385 824.634033 -548.464355 ) (-172.438721 830.959778 -557.842712 ) 
5 87 92 (-1024 729.098938 -406.847504 ) (-689.291260 541.932861 -129.360931 ) (-172.440979 830.958557 -557.840881 ) (-517.656677 1024 -844.037903 ) (-1024 1024 -844.048035 ) 
4 87 88 (-677.973572 535.604126 -119.978180 ) (-265.375000 304.882813 222.082031 ) (0 304.885437 222.083344 ) (0 914.733582 -682.036621 ) 
4 88 99 (-246.620621 464.066589 329.447327 ) (-256 464.066589 329.447327 ) (-256 304.881134 222.075775 ) (-246.621613 304.881256 222.075851 ) 
4 88 98 (0 304.884003 222.077713 ) (0 464.066620 329.447327 ) (-246.620621 464.066589 329.447327 ) (-246.621613 304.881256 222.075851 ) 
4 88 93 (-161.118011 824.629028 -548.465942 ) (-677.972656 535.597656 -119.980469 ) (-677.976013 1024 209.446869 ) (-161.120483 1024 -413.989838 ) 
5 90 93 (-172.440720 1024 -427.636200 ) (-689.287048 1024 195.792969 ) (-689.289001 555.224121 -120.401306 ) (-174.161499 843.267639 -547.467896 ) (-172.440765 937.899109 -485.712799 ) 
3 90 92 (-170.184402 845.488953 -550.762756 ) (-689.288147 555.223083 -120.401154 ) (-689.510742 555.347534 -120.585670 ) 
4 90 91 (-172.439148 844.226990 -548.893127 ) (-689.509277 555.346069 -120.584930 ) (-689.511047 1024 195.523895 ) (-172.442993 1024 -427.632782 ) 
3 91 102 (-1024 1024 -207.942200 ) (-1024 1024 -815.405396 ) (-1024 742.391113 -397.889709 ) 
3 91 93 (-172.442307 937.814636 -485.767914 ) (-174.161499 843.267639 -547.467896 ) (-172.441299 844.229553 -548.894043 ) 
5 91 92 (-172.440567 844.228455 -548.893860 ) (-689.510742 555.347534 -120.585670 ) (-1024 742.390503 -397.890045 ) (-1024 1024 -815.406494 ) (-493.924866 1024 -815.417480 ) 
4 92 102 (-1024 1024 -815.405396 ) (-1024 1024 -844.054565 ) (-1024 729.098572 -406.855652 ) (-1024 742.391113 -397.889709 ) 
4 92 93 (-689.289063 541.937500 -129.363281 ) (-172.442993 830.963013 -557.840393 ) (-172.438507 844.231079 -548.896362 ) (-689.289001 555.224121 -120.401306 ) 
3 94 102 (-1024 1024 -2109.859375 ) (-1024 1024 -2389.123779 ) (-1024 894.535278 -2197.184326 ) 
3 94 96 (-615.761169 1024 -1645.192261 ) (-616.150635 1024 -1645.192139 ) (-360.555908 881.072876 -1433.295166 ) 
3 94 95 (0 1024 -1645.350708 ) (-615.761169 1024 -1645.192261 ) (0 679.144348 -1133.925293 ) 
3 95 96 (0 679.449829 -1134.383057 ) (0 1024 -1645.078369 ) (-616.154968 1024 -1645.197510 ) 
4 97 181 (0 0 616.875916 ) (0 0 1017.453674 ) (-256 0 1017.453735 ) (-256 0 616.875916 ) 
5 98 100 (-246.621887 278.363281 204.189453 ) (0 278.363281 204.189453 ) (0 260.469788 230.717621 ) (-256 260.469788 230.717621 ) (-256 273.119995 211.962936 ) 
4 98 99 (-256 458.818542 337.222870 ) (-246.616241 464.065002 329.444702 ) (-246.617188 278.363281 204.183594 ) (-256 273.117157 211.960907 ) 
3 99 101 (-256 278.363281 204.189453 ) (-246.621887 278.363281 204.189453 ) (-256 273.119995 211.962936 ) 
5 100 187 (0 0 16.430176 ) (0 0 55.028267 ) (-256 0 55.028290 ) (-256 0 27.739746 ) (-246.622375 0 16.430176 ) 
4 100 101 (-256 273.124084 211.965561 ) (-246.620636 278.368073 204.191040 ) (-246.622406 0 16.430115 ) (-256 0 27.739674 ) 
3 101 189 (-256 0 16.430176 ) (-246.622375 0 16.430176 ) (-256 0 27.739742 ) 
3 102 112 (-2048 585.434509 -1738.923828 ) (-2048 1024 -1443.107910 ) (-2048 1024 -2389.123779 ) 
6 103 108 (-2048 2048 -2654.335938 ) (-2048 2048 -759.877808 ) (-2054.190430 2048 -759.877808 ) (-3072 2048 -1987.575684 ) (-3072 2048 -2550.577148 ) (-2516.987549 2048 -3220.039307 ) 
4 103 107 (-3072 2878.155518 -1990.630859 ) (-3072 2048 -2550.576660 ) (-3072 2048 -1987.576050 ) (-3072 2617.152100 -1603.678467 ) 
4 103 106 (-2218.049561 2048 -2859.457520 ) (-2516.985840 2048 -3220.041260 ) (-2516.986084 2777.315430 -2728.112793 ) (-2218.048828 2610.150879 -2480.281738 ) 
5 103 105 (-2516.986084 2777.315430 -2728.112793 ) (-2516.986084 3072 -2529.345703 ) (-2308.625488 3072 -2278.016602 ) (-2048 2926.259277 -2061.947266 ) (-2048 2515.060303 -2339.304199 ) 
3 104 111 (-2048 2048 -3064.654053 ) (-2048 2048 -2681.615234 ) (-2206.746582 2048 -2873.096680 ) 
4 104 110 (-2048 2048 -3163.250488 ) (-2048 2048 -3064.654053 ) (-2206.746582 2048 -2873.096680 ) (-2447.361328 2048 -3163.327881 ) 
4 104 109 (-2048 2048 -3785.737793 ) (-2048 2048 -3163.250488 ) (-2447.361328 2048 -3163.327881 ) (-2505.682617 2048 -3233.675537 ) 
4 104 106 (-2505.680908 2783.634033 -2737.490723 ) (-2505.685547 2048 -3233.675293 ) (-2206.747803 2048 -2873.095459 ) (-2206.742920 2616.470703 -2489.661377 ) 
5 104 105 (-2048 2938.898438 -2080.710938 ) (-2286.023438 3072 -2278.039063 ) (-2505.678955 3072 -2542.988037 ) (-2505.680908 2783.634033 -2737.490723 ) (-2048 2527.703125 -2358.058105 ) 
4 105 106 (-2516.988281 2777.314453 -2728.113281 ) (-2505.679688 2783.636719 -2737.492188 ) (-2206.741943 2616.472656 -2489.661865 ) (-2218.050049 2610.148682 -2480.281494 ) 
4 106 110 (-2218.051270 2048 -2859.455566 ) (-2469.975342 2048 -3163.332031 ) (-2447.361328 2048 -3163.327881 ) (-2206.746582 2048 -2873.096680 ) 
4 106 109 (-2469.975342 2048 -3163.332031 ) (-2516.987549 2048 -3220.039307 ) (-2505.682617 2048 -3233.675537 ) (-2447.361328 2048 -3163.327881 ) 
3 107 113 (-3072 2048 -2550.576172 ) (-3072 2048 -1987.575928 ) (-3305.375000 2048 -2269.076660 ) 
4 108 113 (-3072 2048 -1987.576172 ) (-3072 2048 -2550.576172 ) (-3072 1419.049194 -2974.808105 ) (-3072 1158.047119 -2587.856689 ) 
3 108 112 (-2048 1024 -2389.123779 ) (-2048 1024 -1443.107422 ) (-2832.284424 1024 -2389.123535 ) 
3 108 110 (-2469.981689 2048 -3163.332275 ) (-2218.054443 2048 -2859.451904 ) (-2218.054688 1907.123047 -2954.474609 ) 
5 108 109 (-2516.987061 1729.403442 -3434.927002 ) (-2516.987061 2048 -3220.031250 ) (-2469.981689 2048 -3163.332275 ) (-2048 1812.028809 -2813.492432 ) (-2048 1467.147705 -3046.117188 ) 
3 109 111 (-2048 1824.681274 -2832.241455 ) (-2048 2002.286255 -3095.488525 ) (-2206.747803 1913.452148 -2963.849121 ) 
4 109 110 (-2469.969238 2048 -3163.327881 ) (-2218.050049 1907.127441 -2954.476807 ) (-2048 2002.286255 -3095.488525 ) (-2048 2048 -3163.245605 ) 
4 110 111 (-2206.750244 1913.454712 -2963.850586 ) (-2048 2002.289795 -3095.491943 ) (-2048 2048 -3064.659668 ) (-2206.749023 2048 -2873.099121 ) 
5 114 117 (3072 0 1017.454102 ) (3072 0 55.028259 ) (3072 -57.882332 15.986080 ) (3072 -1024 1448.308960 ) (3072 -1024 2535.594727 ) 
4 114 116 (3072 -57.882332 15.986080 ) (3072 -163.998840 -55.590508 ) (3072 -1024 1219.418701 ) (3072 -1024 1448.308960 ) 
4 114 115 (3328 -1024 1219.418701 ) (3328 -1024 2535.594727 ) (3072 -1024 2535.594482 ) (3072 -1024 1219.418701 ) 
4 115 159 (3328 -2048 2737.560547 ) (3328 -2048 4053.735352 ) (3072 -2048 4053.735352 ) (3072 -2048 2737.560547 ) 
4 115 123 (3072 -2048 2966.445557 ) (3072 -2048 4053.735352 ) (3072 -1024 2535.594482 ) (3072 -1024 1448.308960 ) 
4 115 121 (3072 -2048 2737.560547 ) (3072 -2048 2966.445557 ) (3072 -1024 1448.308960 ) (3072 -1024 1219.426880 ) 
4 116 121 (3072 -1024 1219.418457 ) (3072 -1024 1448.309082 ) (2592 -1024 1448.308838 ) (2592 -1024 1219.418701 ) 
4 116 117 (3072 -1024 1448.307129 ) (3072 -57.880951 15.982513 ) (2816 -57.880943 15.982506 ) (2816 -1024 1448.307495 ) 
4 117 123 (3072 -1024 1448.309082 ) (3072 -1024 2535.594482 ) (2816 -1024 2535.594482 ) (2816 -1024 1448.308960 ) 
5 117 118 (2816 -1024 2535.589844 ) (2816 0 1017.449219 ) (2816 0 55.023621 ) (2816 -31.350592 33.877686 ) (2816 -1024 1505.538818 ) 
4 118 140 (2560 -1024 1906.125610 ) (2560 -1024 1505.538940 ) (2592 -1024 1505.538940 ) (2592 -1024 1906.125610 ) 
4 118 139 (2560 -1024 1963.348145 ) (2560 -1024 1906.125610 ) (2592 -1024 1906.125610 ) (2592 -1024 1963.348145 ) 
4 118 137 (2784 -1024 1619.832764 ) (2784 -1024 1677.224854 ) (2592 -1024 1677.224854 ) (2592 -1024 1619.832886 ) 
4 118 136 (2592 -1024 1505.538940 ) (2784 -1024 1505.538818 ) (2784 -1024 1619.832764 ) (2592 -1024 1619.832886 ) 
4 118 130 (2784 -1024 1677.224854 ) (2784 -1024 1906.125610 ) (2592 -1024 1906.125610 ) (2592 -1024 1677.224854 ) 
4 118 129 (2784 -1024 1906.125610 ) (2784 -1024 1963.348145 ) (2592 -1024 1963.348145 ) (2592 -1024 1906.125610 ) 
4 118 127 (2784 -1024 1505.538818 ) (2816 -1024 1505.538818 ) (2816 -1024 1906.125610 ) (2784 -1024 1906.125610 ) 
4 118 126 (2816 -1024 1906.125610 ) (2816 -1024 1963.348145 ) (2784 -1024 1963.348145 ) (2784 -1024 1906.125610 ) 
4 118 124 (2816 -1024 2535.594482 ) (2560 -1024 2535.594482 ) (2560 -1024 1963.348145 ) (2816 -1024 1963.348145 ) 
4 118 120 (2560 -481.828278 1273.991577 ) (2560 -747.121033 1095.049561 ) (2560 -890.272095 1307.279419 ) (2560 -624.979004 1486.221436 ) 
5 118 119 (2560 -1024 2135.011230 ) (2560 -1024 2452.252930 ) (2560 -985.363647 2478.313721 ) (2560 0 1017.453857 ) (2560 0 616.875854 ) 
5 119 142 (2048 -1024 2135.011719 ) (2048 -1024 2452.252686 ) (2048 -985.363586 2478.313721 ) (2048 0 1017.453613 ) (2048 0 616.875977 ) 
4 119 141 (2560 -1024 2135.011719 ) (2560 -1024 2452.252686 ) (2048 -1024 2452.252686 ) (2048 -1024 2135.011475 ) 
4 120 151 (2048 -508.530701 741.325256 ) (2048 -603.965637 882.813110 ) (2048 -338.672974 1061.755005 ) (2048 -243.238464 920.267395 ) 
4 120 148 (2048 -195.521439 849.523926 ) (2048 -460.813690 670.581970 ) (2048 -508.530701 741.325256 ) (2048 -243.238464 920.267395 ) 
4 121 166 (2816 -2048 2966.445801 ) (2592 -2048 2966.445801 ) (2592 -2048 2737.566895 ) (2816 -2048 2737.566895 ) 
4 121 165 (3072 -2048 2737.566895 ) (3072 -2048 2966.445801 ) (2816 -2048 2966.445801 ) (2816 -2048 2737.566895 ) 
4 121 131 (2592 -2048 2966.445801 ) (2784 -2048 2966.445801 ) (2784 -1954.667236 2828.074707 ) (2592 -1954.667236 2828.074707 ) 
4 121 125 (2784 -2048 2966.445801 ) (2816 -2048 2966.445801 ) (2816 -1954.667236 2828.074707 ) (2784 -1954.667236 2828.074707 ) 
4 121 123 (2816 -2048 2966.445801 ) (3072 -2048 2966.445801 ) (3072 -1024 1448.308960 ) (2816 -1024 1448.309082 ) 
4 121 122 (2592 -2048 2966.449219 ) (2592 -1489.417603 2138.319824 ) (2592 -1595.527710 2066.746582 ) (2592 -2048 2737.566895 ) 
4 122 166 (2592 -2048 2737.560547 ) (2592 -2048 2966.445801 ) (2560 -2048 2966.445801 ) (2560 -2048 2737.560547 ) 
4 122 138 (2560 -1954.667236 2828.074707 ) (2560 -2048 2966.445801 ) (2592 -2048 2966.445801 ) (2592 -1954.667236 2828.074707 ) 
4 123 173 (3072 -2048 3023.679199 ) (3072 -2048 3424.265869 ) (2816 -2048 3424.265869 ) (2816 -2048 3023.679199 ) 
4 123 169 (3072 -2048 3424.265869 ) (3072 -2048 4053.735352 ) (2816 -2048 4053.735352 ) (2816 -2048 3424.265869 ) 
4 123 165 (3072 -2048 2966.445801 ) (3072 -2048 3023.679199 ) (2816 -2048 3023.679199 ) (2816 -2048 2966.445801 ) 
4 123 127 (2816 -1024 1906.125610 ) (2816 -1024 1505.538818 ) (2816 -1462.890381 2156.219727 ) (2816 -1277.180054 2281.479980 ) 
4 123 126 (2816 -1024 1963.348145 ) (2816 -1024 1906.125610 ) (2816 -1277.180054 2281.479980 ) (2816 -1250.650024 2299.370117 ) 
4 123 125 (2816 -1954.665527 2828.075684 ) (2816 -2048 2966.449219 ) (2816 -2048 3023.679199 ) (2816 -1928.140137 2845.979736 ) 
4 123 124 (2816 -1024 2535.594482 ) (2816 -1024 1963.348145 ) (2816 -2048 3481.488037 ) (2816 -2048 4053.735352 ) 
4 124 170 (2560 -2048 4053.735352 ) (2560 -2048 3481.488037 ) (2816 -2048 3481.488037 ) (2816 -2048 4053.735352 ) 
3 124 141 (2560 -1024 2452.252930 ) (2560 -1024 2135.011475 ) (2560 -1171.070313 2353.051025 ) 
4 124 139 (2560 -1250.649414 2299.370605 ) (2560 -1024 1963.349365 ) (2592 -1024 1963.348633 ) (2592 -1250.649780 2299.370117 ) 
4 124 129 (2592 -1024 1963.348633 ) (2784 -1024 1963.344482 ) (2784 -1250.651733 2299.368896 ) (2592 -1250.649780 2299.370117 ) 
4 124 126 (2784 -1024 1963.344482 ) (2816 -1024 1963.343750 ) (2816 -1250.651978 2299.368652 ) (2784 -1250.651611 2299.368896 ) 
4 125 167 (2784 -2048 2966.445801 ) (2816 -2048 2966.445801 ) (2816 -2048 3023.679199 ) (2784 -2048 3023.679199 ) 
4 125 131 (2784 -1954.669434 2828.073730 ) (2784 -2048 2966.441406 ) (2784 -2048 3023.679199 ) (2784 -1928.140137 2845.979736 ) 
4 126 129 (2784 -1250.650146 2299.369873 ) (2784 -1024 1963.347656 ) (2784 -1024 1906.125488 ) (2784 -1277.180176 2281.479980 ) 
4 126 127 (2784 -1277.180298 2281.479736 ) (2784 -1024 1906.125000 ) (2816 -1024 1906.128906 ) (2816 -1277.178589 2281.480957 ) 
4 127 137 (2784 -1024 1677.224731 ) (2784 -1024 1619.832764 ) (2784 -1409.833862 2192.005859 ) (2784 -1383.297729 2209.904297 ) 
4 127 136 (2784 -1024 1619.832764 ) (2784 -1024 1505.538940 ) (2784 -1462.890381 2156.219727 ) (2784 -1409.833862 2192.005859 ) 
4 127 130 (2784 -1024 1906.125488 ) (2784 -1024 1677.224731 ) (2784 -1383.297729 2209.904297 ) (2784 -1277.180176 2281.479980 ) 
4 128 177 (2784 -2048 3195.363525 ) (2784 -2048 3424.266113 ) (2592 -2048 3424.266113 ) (2592 -2048 3195.363525 ) 
4 128 135 (2592 -1830.651978 2873.128906 ) (2592 -1401.188843 2236.426025 ) (2784 -1401.188477 2236.426270 ) (2784 -1830.651123 2873.129150 ) 
4 129 139 (2592 -1250.649902 2299.370117 ) (2592 -1024 1963.348145 ) (2592 -1024 1906.125610 ) (2592 -1277.180054 2281.479980 ) 
4 129 130 (2784 -1024 1906.128906 ) (2784 -1277.180054 2281.479980 ) (2592 -1277.180176 2281.479980 ) (2592 -1024 1906.125366 ) 
4 130 140 (2592 -1024 1906.125610 ) (2592 -1024 1677.224854 ) (2592 -1383.294556 2209.899658 ) (2592 -1277.180054 2281.479980 ) 
4 130 137 (2592 -1383.295898 2209.898682 ) (2592 -1024 1677.222656 ) (2784 -1024 1677.222656 ) (2784 -1383.295532 2209.898926 ) 
4 131 167 (2592 -2048 2966.445801 ) (2784 -2048 2966.445801 ) (2784 -2048 3023.626953 ) (2592 -2048 3023.626953 ) 
4 131 138 (2592 -1954.667358 2828.074951 ) (2592 -2048 2966.445313 ) (2592 -2048 3023.627197 ) (2592 -1928.139893 2845.979736 ) 
4 131 133 (2784 -2048 3023.625000 ) (2784 -1928.141113 2845.979004 ) (2592 -1928.141968 2845.978271 ) (2592 -2048 3023.622559 ) 
4 131 132 (2592 -1928.141602 2845.978516 ) (2592 -1941.439575 2865.693359 ) (2784 -1941.439575 2865.693359 ) (2784 -1928.141602 2845.978516 ) 
4 132 134 (2784 -1910.241089 2819.448975 ) (2784 -1480.689331 2182.798828 ) (2592 -1480.689331 2182.798828 ) (2592 -1910.242065 2819.448486 ) 
4 133 175 (2784 -2048 3023.626953 ) (2784 -2048 3138.131348 ) (2592 -2048 3138.131348 ) (2592 -2048 3023.626953 ) 
4 134 136 (2592 -1480.688232 2182.801758 ) (2592 -1427.719971 2218.531006 ) (2784 -1427.720215 2218.531250 ) (2784 -1480.688843 2182.802246 ) 
4 134 135 (2784 -1427.720703 2218.530762 ) (2592 -1427.720703 2218.530762 ) (2592 -1857.180420 2855.229248 ) (2784 -1857.180420 2855.229248 ) 
4 136 140 (2592 -1024 1619.832764 ) (2592 -1024 1505.538818 ) (2592 -1462.890381 2156.219727 ) (2592 -1409.833984 2192.005859 ) 
4 136 137 (2592 -1024 1619.835938 ) (2592 -1409.830688 2192 ) (2784 -1409.830688 2192 ) (2784 -1024 1619.831177 ) 
4 137 140 (2592 -1024 1677.224854 ) (2592 -1024 1619.832764 ) (2592 -1409.829834 2192 ) (2592 -1383.294556 2209.899658 ) 
4 138 167 (2560 -2048 3023.679199 ) (2560 -2048 2966.445801 ) (2592 -2048 2966.445801 ) (2592 -2048 3023.679199 ) 
4 139 140 (2560 -1277.180176 2281.479736 ) (2560 -1024 1906.125244 ) (2592 -1024 1906.121094 ) (2592 -1277.182129 2281.478516 ) 
3 141 157 (2048 -1024 2452.252930 ) (2048 -1024 2135.011475 ) (2048 -1171.070313 2353.051270 ) 
4 142 157 (2048 -1024 2135.011719 ) (2048 -1024 2452.252686 ) (1024 -1024 2452.252686 ) (1024 -1024 2135.011475 ) 
3 142 154 (1024 0 672.611206 ) (1024 0 616.875977 ) (1024 -25.838520 655.182983 ) 
6 142 153 (1024 -1024 2135.011719 ) (1024 -1024 2452.252686 ) (1024 -985.363586 2478.313721 ) (1024 0 1017.453613 ) (1024 0 672.611206 ) (1024 -25.838520 655.182983 ) 
4 143 152 (1024 -429.290649 -234.532440 ) (1024 -84.409302 -1.906631 ) (1024 0 -127.050400 ) (1024 0 -870.981689 ) 
5 143 146 (1192.423950 0 -127.054367 ) (1024 0 -127.051895 ) (1024 -84.411659 -1.904668 ) (1099.136963 -84.412170 -1.905005 ) (1221.307739 -16.151772 -103.108452 ) 
3 143 145 (1250.215820 0 -127.055206 ) (1215.058105 0 -127.054695 ) (1232.629639 -9.825920 -112.487213 ) 
4 143 144 (1376 -84.414063 -1.906250 ) (1376 0 -127.057045 ) (1250.215820 0 -127.055206 ) (1099.136963 -84.412170 -1.905005 ) 
4 144 147 (1279.998169 0 55.026199 ) (1099.141479 0 55.026199 ) (1099.141479 -31.351633 33.879227 ) (1279.998169 -31.351631 33.879230 ) 
4 144 146 (1221.306396 -16.150623 -103.109276 ) (1099.137329 -84.410110 -1.907181 ) (1099.137207 0 55.028255 ) (1221.306396 0 -92.215530 ) 
3 144 145 (1250.212402 0 -127.054329 ) (1232.628296 -9.824743 -112.488083 ) (1232.628296 0 -105.861130 ) 
3 146 155 (1024 -31.352589 33.880634 ) (1024 0 55.028259 ) (1024 0 -12.601418 ) 
4 146 152 (1024 -84.409302 -1.906631 ) (1024 -31.352589 33.880634 ) (1024 0 -12.601418 ) (1024 0 -127.050400 ) 
4 146 147 (1099.141479 0 55.026199 ) (1024 0 55.026199 ) (1024 -31.351633 33.879223 ) (1099.141479 -31.351631 33.879227 ) 
4 147 148 (1535.998779 0 363.819122 ) (1280 0 363.819122 ) (1280 -174.505508 246.113297 ) (1535.998535 -174.505493 246.113297 ) 
4 148 151 (1792 -460.813934 670.579712 ) (2048 -508.531494 741.323853 ) (2048 -243.238892 920.267944 ) (1792.003540 -195.521973 849.524658 ) 
5 148 149 (1280 -100.085938 708.035156 ) (1280 0 559.650391 ) (1280 0 363.819153 ) (1280 -174.505524 246.113312 ) (1280 -365.378906 529.093750 ) 
5 149 150 (1248 -94.121094 699.187500 ) (1248 0 559.648254 ) (1248 0 363.819153 ) (1248 -174.505524 246.113312 ) (1248 -359.410156 520.246094 ) 
5 150 156 (1024 0 559.651245 ) (1024 0 363.820129 ) (1024 -174.505997 246.114014 ) (1024 -317.659851 458.348053 ) (1024 -52.367889 637.289917 ) 
4 152 185 (0 -190.528168 -73.484802 ) (0 -31.352417 33.880737 ) (0 -13.458643 7.352161 ) (0 -172.634705 -100.013000 ) 
4 152 183 (0 -411.397583 -261.059937 ) (0 -429.290680 -234.532349 ) (0 -190.528168 -73.484802 ) (0 -172.634705 -100.013000 ) 
4 152 182 (0 0 -12.601074 ) (0 0 -870.981689 ) (0 -411.397583 -261.059937 ) (0 -13.458643 7.352161 ) 
4 152 155 (1024 -31.354309 33.879517 ) (1024 0 -12.605103 ) (0 0 -12.605469 ) (0 -31.354462 33.879375 ) 
6 153 181 (0 0 1017.453613 ) (0 0 672.611328 ) (0 -25.838623 655.183044 ) (0 -1024 2135.011230 ) (0 -1024 2452.252930 ) (0 -985.363647 2478.313965 ) 
4 153 158 (0 -1024 2452.252686 ) (0 -1024 2135.011475 ) (1024 -1024 2135.011230 ) (1024 -1024 2452.252930 ) 
4 153 154 (0 -25.838257 655.182434 ) (0 0 672.610474 ) (1024 0 672.610474 ) (1024 -25.838242 655.182434 ) 
3 154 181 (0 0 672.611328 ) (0 0 616.875854 ) (0 -25.838621 655.183044 ) 
3 155 187 (0 0 55.028259 ) (0 0 -12.601074 ) (0 -31.352436 33.880756 ) 
3 157 158 (1024 -1024 2452.252930 ) (1024 -1024 2135.011475 ) (1024 -1171.070313 2353.051270 ) 
3 158 190 (0 -1024 2452.252930 ) (0 -1024 2135.011475 ) (0 -1171.070313 2353.051270 ) 
4 159 173 (3072 -2048 3424.265869 ) (3072 -2048 3023.679199 ) (3072 -2787.060059 4119.379395 ) (3072 -2601.350098 4244.640137 ) 
4 159 172 (3072 -2787.060059 4119.379395 ) (3072 -3037.576904 4490.785156 ) (3072 -2851.868408 4616.048340 ) (3072 -2601.350098 4244.640137 ) 
4 159 169 (3072 -2048 4053.735352 ) (3072 -2048 3424.265869 ) (3072 -2851.868408 4616.048340 ) (3072 -2560.052002 4812.882813 ) 
5 159 168 (3072 -2880 3971.044189 ) (3072 -3072 4255.694336 ) (3072 -3072 4467.566406 ) (3072 -3037.576904 4490.785156 ) (3072 -2880 4257.167969 ) 
5 159 165 (3072 -2048 3023.679199 ) (3072 -2048 2737.560303 ) (3072 -2880 3971.044189 ) (3072 -2880 4056.649170 ) (3072 -2787.060303 4119.379395 ) 
4 159 163 (3072 -2880 4056.649170 ) (3072 -2880 4112 ) (3072 -2800 4112 ) (3072 -2800 4110.645508 ) 
4 159 162 (3072 -2800 4128 ) (3072 -2792.875000 4128 ) (3072 -2787.060303 4119.379395 ) (3072 -2800 4110.645508 ) 
3 159 161 (3072 -2880 4128 ) (3072 -2880 4257.167969 ) (3072 -2792.875000 4128 ) 
4 159 160 (3328 -3072 4255.694336 ) (3328 -3072 4467.566406 ) (3072 -3072 4467.566895 ) (3072 -3072 4255.693848 ) 
3 160 180 (3072 -3170.222656 4401.314453 ) (3072 -3072 4467.566895 ) (3072 -3072 4255.693848 ) 
4 161 179 (2560 -2792.877197 4128 ) (2560 -2880 4257.164551 ) (2592 -2880 4257.164551 ) (2592 -2792.877197 4128 ) 
4 161 174 (2592 -2880 4257.164551 ) (2784 -2880 4257.164551 ) (2784 -2792.877197 4128 ) (2592 -2792.877197 4128 ) 
4 161 172 (2784 -2880 4257.164551 ) (3072 -2880 4257.164551 ) (3072 -2792.877197 4128 ) (2784 -2792.877197 4128 ) 
4 161 168 (3072 -2880 4128 ) (3072 -2880 4257.166504 ) (2560 -2880 4257.166504 ) (2560 -2880 4128 ) 
4 161 162 (2576 -2800 4128 ) (2576 -2792.875000 4128 ) (3072 -2792.875000 4128 ) (3072 -2800 4128 ) 
4 161 164 (2576 -2880 4128 ) (2560 -2880 4128 ) (2560 -2792.875000 4128 ) (2576 -2792.875000 4128 ) 
4 162 179 (2576 -2792.877197 4128 ) (2592 -2792.877197 4128 ) (2592 -2787.062012 4119.378418 ) (2576 -2787.062012 4119.378418 ) 
4 162 174 (2592 -2792.877197 4128 ) (2784 -2792.877197 4128 ) (2784 -2787.062012 4119.378418 ) (2592 -2787.062012 4119.378418 ) 
4 162 172 (2784 -2792.877197 4128 ) (3072 -2792.877197 4128 ) (3072 -2787.062012 4119.378418 ) (2784 -2787.062012 4119.378418 ) 
4 162 165 (2816 -2787.061035 4119.380371 ) (3072 -2787.061035 4119.380371 ) (3072 -2800 4110.646973 ) (2816 -2800 4110.646973 ) 
4 162 163 (2576 -2800 4112 ) (2576 -2800 4110.648438 ) (3072 -2800 4110.648438 ) (3072 -2800 4112 ) 
4 162 164 (2576 -2787.060547 4119.379883 ) (2576 -2800 4110.646484 ) (2576 -2800 4128 ) (2576 -2792.875000 4128 ) 
4 163 168 (3072 -2880 4056.649414 ) (3072 -2880 4112 ) (2576 -2880 4112 ) (2576 -2880 4056.649414 ) 
4 163 166 (2816 -2880 4056.650879 ) (2576 -2880 4056.650879 ) (2576 -2813.589600 4101.474609 ) (2816 -2813.589600 4101.474609 ) 
4 163 165 (3072 -2880 4056.650879 ) (2816 -2880 4056.650879 ) (2816 -2800 4110.646973 ) (3072 -2800 4110.646973 ) 
4 163 164 (2576 -2800 4110.646484 ) (2576 -2880 4056.649414 ) (2576 -2880 4112 ) (2576 -2800 4112 ) 
4 164 179 (2560 -2787.062012 4119.378418 ) (2560 -2792.877197 4128 ) (2576 -2792.877197 4128 ) (2576 -2787.062012 4119.378418 ) 
4 164 168 (2576 -2880 4128 ) (2560 -2880 4128 ) (2560 -2880 4056.649414 ) (2576 -2880 4056.649414 ) 
4 164 166 (2576 -2880 4056.650879 ) (2560 -2880 4056.650879 ) (2560 -2813.589600 4101.474609 ) (2576 -2813.589600 4101.474609 ) 
4 165 173 (3072 -2048 3023.675781 ) (2816 -2048 3023.675781 ) (2816 -2787.062012 4119.378418 ) (3072 -2787.062012 4119.378418 ) 
4 165 168 (2816 -2880 3971.046875 ) (3072 -2880 3971.046875 ) (3072 -2880 4056.649414 ) (2816 -2880 4056.649414 ) 
4 165 167 (2816 -2142.870117 3164.329834 ) (2816 -2048 3023.679199 ) (2816 -2048 2966.445801 ) (2816 -2169.397705 3146.424561 ) 
5 165 166 (2816 -2048 2737.554688 ) (2816 -2880 3971.039063 ) (2816 -2880 4056.648438 ) (2816 -2813.588135 4101.472656 ) (2816 -2048 2966.445801 ) 
4 166 168 (2560 -2880 3971.046875 ) (2816 -2880 3971.046875 ) (2816 -2880 4056.649414 ) (2560 -2880 4056.649414 ) 
4 166 167 (2816 -2169.396240 3146.425537 ) (2816 -2048 2966.448975 ) (2560 -2048 2966.449219 ) (2560 -2169.396240 3146.425781 ) 
4 167 175 (2784 -2048 3023.675781 ) (2592 -2048 3023.675781 ) (2592 -2133.655762 3150.665527 ) (2784 -2133.655762 3150.665527 ) 
4 167 174 (2592 -2133.655762 3150.665527 ) (2592 -2142.871826 3164.328857 ) (2784 -2142.871826 3164.328857 ) (2784 -2133.655762 3150.665527 ) 
4 168 180 (3072 -3072 4255.693359 ) (3072 -3072 4467.567383 ) (2560 -3072 4467.566895 ) (2560 -3072 4255.693848 ) 
4 168 179 (2560 -2880 4257.164551 ) (2560 -3037.579102 4490.784668 ) (2592 -3037.579102 4490.784668 ) (2592 -2880 4257.164551 ) 
4 168 174 (2592 -3037.579102 4490.784668 ) (2784 -3037.579102 4490.784668 ) (2784 -2880 4257.164551 ) (2592 -2880 4257.164551 ) 
4 168 172 (2784 -3037.579102 4490.784668 ) (3072 -3037.579102 4490.784668 ) (3072 -2880 4257.164551 ) (2784 -2880 4257.164551 ) 
4 169 173 (2816 -2048 3424.265625 ) (3072 -2048 3424.265625 ) (3072 -2601.350098 4244.639648 ) (2816 -2601.350098 4244.639648 ) 
4 169 172 (3072 -2601.350098 4244.639648 ) (3072 -2851.868896 4616.048828 ) (2816 -2851.868896 4616.048828 ) (2816 -2601.350098 4244.639648 ) 
4 169 171 (2816 -2601.346436 4244.642578 ) (2816 -2851.867188 4616.054688 ) (2816 -2825.343506 4633.945313 ) (2816 -2574.819824 4262.529297 ) 
4 169 170 (2816 -2560.054688 4812.886719 ) (2816 -2048 4053.735352 ) (2816 -2048 3481.488037 ) (2816 -2825.343506 4633.945313 ) 
4 170 171 (2816 -2574.821777 4262.528320 ) (2816 -2825.343750 4633.941406 ) (2560 -2825.343750 4633.941406 ) (2560 -2574.822021 4262.528320 ) 
4 171 179 (2560 -2851.868896 4616.048828 ) (2560 -2601.350098 4244.639648 ) (2592 -2601.350098 4244.639648 ) (2592 -2851.868896 4616.048828 ) 
4 171 177 (2592 -2601.350098 4244.639648 ) (2784 -2601.350098 4244.639648 ) (2784 -2851.868896 4616.048828 ) (2592 -2851.868896 4616.048828 ) 
4 171 172 (2784 -2601.350098 4244.639648 ) (2816 -2601.350098 4244.639648 ) (2816 -2851.868896 4616.048828 ) (2784 -2851.868896 4616.048828 ) 
4 172 178 (2784 -2707.468262 4173.063477 ) (2784 -2734.001221 4155.166992 ) (2784 -2984.519531 4526.574219 ) (2784 -2957.986572 4544.471191 ) 
4 172 177 (2784 -2851.868896 4616.048828 ) (2784 -2601.350098 4244.639648 ) (2784 -2707.468262 4173.063477 ) (2784 -2957.986572 4544.471191 ) 
4 172 176 (2784 -2734.001221 4155.166992 ) (2784 -2786.939697 4119.460449 ) (2784 -3037.410156 4490.898438 ) (2784 -2984.519531 4526.574219 ) 
4 172 174 (2784 -2786.939697 4119.460449 ) (2784 -2787.063477 4119.376953 ) (2784 -3037.580566 4490.783691 ) (2784 -3037.410156 4490.898438 ) 
4 172 173 (3072 -2787.058594 4119.380859 ) (2816 -2787.058594 4119.380859 ) (2816 -2601.351563 4244.638672 ) (3072 -2601.351563 4244.638672 ) 
3 174 179 (2592 -2123.954590 3136.279053 ) (2592 -3037.580566 4490.783691 ) (2592 -3037.410156 4490.898438 ) 
4 174 176 (2592 -2160.758057 3190.861572 ) (2592 -3037.408203 4490.898438 ) (2784 -3037.408203 4490.898438 ) (2784 -2160.758789 3190.860840 ) 
4 174 175 (2592 -2135.535156 3153.457031 ) (2592 -2142.867920 3164.331299 ) (2784 -2142.869141 3164.331055 ) (2784 -2135.534668 3153.454102 ) 
4 176 179 (2592 -2786.939941 4119.460449 ) (2592 -3037.410156 4490.898438 ) (2592 -2984.519531 4526.574219 ) (2592 -2734.001709 4155.167480 ) 
4 176 178 (2592 -2107.699219 3226.640137 ) (2592 -2984.521484 4526.576172 ) (2784 -2984.521484 4526.576172 ) (2784 -2107.700684 3226.639648 ) 
4 177 179 (2592 -2851.868896 4616.048828 ) (2592 -2601.350098 4244.639648 ) (2592 -2707.468750 4173.063965 ) (2592 -2957.986572 4544.471191 ) 
4 177 178 (2784 -2081.168457 3244.541260 ) (2784 -2957.986328 4544.466797 ) (2592 -2957.986328 4544.466797 ) (2592 -2081.171875 3244.538818 ) 
4 178 179 (2592 -2734.001465 4155.167480 ) (2592 -2984.519531 4526.574219 ) (2592 -2957.986572 4544.471191 ) (2592 -2707.468506 4173.063965 ) 
4 181 190 (0 -1024 2135.011475 ) (0 -1024 2452.252686 ) (-256 -1024 2452.252686 ) (-256 -1024 2135.011475 ) 
4 182 188 (-222.546677 0 -12.605515 ) (-289.444183 0 -12.605512 ) (-265.372498 -13.460690 7.350819 ) (-246.622421 -13.460690 7.350820 ) 
4 182 187 (0 -13.460693 7.350830 ) (0 0 -12.605529 ) (-222.546677 0 -12.605515 ) (-246.622421 -13.460690 7.350820 ) 
4 182 186 (-246.623169 -13.460938 7.351563 ) (-256 -13.460938 7.351563 ) (-256 -172.635147 -100.012276 ) (-246.624298 -172.635147 -100.012276 ) 
4 182 185 (0 -13.460938 7.351563 ) (-246.623169 -13.460938 7.351563 ) (-246.624298 -172.635147 -100.012276 ) (0 -172.635147 -100.012268 ) 
4 182 183 (-265.371277 -172.635147 -100.012276 ) (-265.370667 -411.398132 -261.059143 ) (0 -411.398132 -261.059143 ) (0 -172.635147 -100.012268 ) 
4 183 186 (-246.622925 -172.634750 -100.013680 ) (-256 -172.634750 -100.013680 ) (-256 -177.875900 -92.243378 ) (-255.998596 -177.876678 -92.242218 ) 
5 183 185 (0 -190.528580 -73.485077 ) (0 -172.634766 -100.013672 ) (-246.622925 -172.634750 -100.013680 ) (-255.998596 -177.876678 -92.242218 ) (-233.373337 -190.528564 -73.485077 ) 
4 183 184 (-233.368347 -190.526291 -73.483551 ) (-255.996094 -177.873047 -92.242760 ) (-255.996674 -416.637268 -253.291809 ) (-233.368668 -429.290649 -234.532379 ) 
4 184 185 (-233.373322 -190.528564 -73.485077 ) (-255.998581 -177.876678 -92.242218 ) (-256 -177.877472 -92.241043 ) (-256 -190.528549 -73.485062 ) 
5 185 187 (0 -31.354492 33.879395 ) (0 -13.460693 7.350830 ) (-246.622421 -13.460690 7.350820 ) (-256 -18.703682 15.123863 ) (-256 -31.354456 33.879387 ) 
4 185 186 (-256 -18.705200 15.122559 ) (-246.620087 -13.460938 7.347656 ) (-246.621094 -172.632813 -100.015625 ) (-256 -177.876541 -92.241478 ) 
3 186 189 (-246.622421 -13.460690 7.350820 ) (-256 -13.460690 7.350820 ) (-256 -18.703674 15.123857 ) 
4 187 189 (-246.619492 -13.458988 7.351929 ) (-256 -18.703630 15.127321 ) (-256 0 27.743164 ) (-246.619415 0 16.430098 ) 
3 187 188 (-222.546875 0 -12.601563 ) (-246.619492 -13.458988 7.351929 ) (-246.619415 0 16.430098 ) 
4 188 189 (-256 -13.460938 7.351563 ) (-246.625031 -13.460938 7.351563 ) (-246.624939 0 16.431046 ) (-256 0 16.431046 ) 
