


CustomMaterialManager: Cached KeyValues materials/models/weapons/v_models/knife_butterfly/knife_butterfly.vmt.
CustomMaterialManager: Cached KeyValues materials/models/weapons/v_models/knife_bayonet/knife_bayonet.vmt.
CustomMaterialManager: Cached KeyValues materials/models/weapons/v_models/knife_ct/knife_ct.vmt.
CustomMaterialManager: Cached KeyValues materials/models/weapons/v_models/knife_flip/knife_flip.vmt.
CustomMaterialManager: Cached KeyValues materials/models/weapons/v_models/knife_gut/knife_gut.vmt.
CustomMaterialManager: Cached KeyValues materials/models/weapons/v_models/knife_karam/karam.vmt.
CustomMaterialManager: Cached KeyValues materials/models/weapons/v_models/knife_m9_bay/knife_m9_bay.vmt.
CustomMaterialManager: Cached KeyValues materials/models/weapons/v_models/knife_t/knife_t.vmt.
CustomMaterialManager: Cached KeyValues materials/models/weapons/v_models/knife_tactical/knife_tactical.vmt.
CustomMaterialManager: Cached KeyValues materials/models/weapons/v_models/mach_m249para/m249.vmt.
CustomMaterialManager: Cached KeyValues materials/models/weapons/v_models/mach_negev/mach_negev.vmt.
CustomMaterialManager: Cached KeyValues materials/models/weapons/v_models/pist_223/pist_223.vmt.
CustomMaterialManager: Cached KeyValues materials/models/weapons/v_models/pist_cz_75/pist_cz_75.vmt.
CustomMaterialManager: Cached KeyValues materials/models/weapons/v_models/pist_deagle/pist_deagle.vmt.
CustomMaterialManager: Cached KeyValues materials/models/weapons/v_models/pist_elite/m9a1.vmt.
CustomMaterialManager: Cached KeyValues materials/models/weapons/v_models/pist_fiveseven/fiveseven.vmt.
CustomMaterialManager: Cached KeyValues materials/models/weapons/v_models/pist_glock18/pist_glock18.vmt.
CustomMaterialManager: Cached KeyValues materials/models/weapons/v_models/pist_hkp2000/pist_hkp2000.vmt.
CustomMaterialManager: Cached KeyValues materials/models/weapons/v_models/pist_p250/p250.vmt.
CustomMaterialManager: Cached KeyValues materials/models/weapons/v_models/pist_tec9/pist_tec9.vmt.
CustomMaterialManager: Cached KeyValues materials/models/weapons/v_models/rif_ak47/ak47.vmt.
CustomMaterialManager: Cached KeyValues materials/models/weapons/v_models/rif_aug/rif_aug.vmt.
CustomMaterialManager: Cached KeyValues materials/models/weapons/v_models/rif_famas/rif_famas.vmt.
CustomMaterialManager: Cached KeyValues materials/models/weapons/v_models/rif_galilar/rif_galilar.vmt.
CustomMaterialManager: Cached KeyValues materials/models/weapons/v_models/rif_m4a1/rif_m4a1.vmt.
CustomMaterialManager: Cached KeyValues materials/models/weapons/v_models/rif_m4a1_s/rif_m4a1_s.vmt.
CustomMaterialManager: Cached KeyValues materials/models/weapons/v_models/rif_sg556/rif_sg556.vmt.
CustomMaterialManager: Cached KeyValues materials/models/weapons/v_models/shot_mag7/shot_mag7.vmt.
CustomMaterialManager: Cached KeyValues materials/models/weapons/v_models/shot_nova/shot_nova.vmt.
CustomMaterialManager: Cached KeyValues materials/models/weapons/v_models/shot_sawedoff/shot_sawedoff_01.vmt.
CustomMaterialManager: Cached KeyValues materials/models/weapons/v_models/shot_xm1014/shot_xm1014.vmt.
CustomMaterialManager: Cached KeyValues materials/models/weapons/v_models/smg_bizon/bizon.vmt.
CustomMaterialManager: Cached KeyValues materials/models/weapons/v_models/smg_mac10/smg_mac10_1.vmt.
CustomMaterialManager: Cached KeyValues materials/models/weapons/v_models/smg_mp7/smg_mp7.vmt.
CustomMaterialManager: Cached KeyValues materials/models/weapons/v_models/smg_mp9/smg_mp9.vmt.
CustomMaterialManager: Cached KeyValues materials/models/weapons/v_models/smg_p90/smg_p90.vmt.
CustomMaterialManager: Cached KeyValues materials/models/weapons/v_models/smg_ump45/smg_ump45.vmt.
CustomMaterialManager: Cached KeyValues materials/models/weapons/v_models/snip_awp/awp.vmt.
CustomMaterialManager: Cached KeyValues materials/models/weapons/v_models/snip_g3sg1/snip_g3sg1.vmt.
CustomMaterialManager: Cached KeyValues materials/models/weapons/v_models/snip_scar20/snip_scar20.vmt.
CustomMaterialManager: Cached KeyValues materials/models/weapons/v_models/snip_ssg08/snip_ssg08.vmt.
CustomMaterialManager: Cached KeyValues materials/models/weapons/v_models/snip_ssg08/snip_ssg08_scope.vmt.
materialPath: C:\Program Files (x86)\Steam\steamapps\common\Counter-Strike Global Offensive\csgo\materials
Loading C:\Program Files (x86)\Steam\SteamApps\common\Counter-Strike Global Offensive\sdk_content\maps\stage_4.vmf
Map revision 87
Patching WVT material: maps/stage_4/dev/dev_blendmeasure_wvt_patch
fixing up env_cubemap materials on brush sides...
0...1...2...3...4...5...6...7...8...9...10**** leaked ****
Entity light (-7488.00 5568.00 -1952.00) leaked!
Processing areas...done (0)
Building Faces...done (0)
Chop Details...done (0)
Find Visible Detail Sides...
Merged 72 detail faces...done (0)
Merging details...done (0)
FixTjuncs...
PruneNodes...
WriteBSP...
done (0)
Finding displacement neighbors...
Finding lightmap sample positions...
Displacement Alpha : 0...1...2...3...4...5...6...7...8...9...10
Building Physics collision data...
done (0) (76310 bytes)
Placing detail props : 0...1...2...3...4...5...6...7...8...9...10
Compacting texture/material tables...
Reduced 80 texinfos to 48
Reduced 13 texdatas to 12 (307 bytes to 286)
Writing C:\Program Files (x86)\Steam\SteamApps\common\Counter-Strike Global Offensive\sdk_content\maps\stage_4.bsp
0 seconds elapsed



8 threads
reading c:\program files (x86)\steam\steamapps\common\counter-strike global offensive\sdk_content\maps\stage_4.bsp
reading c:\program files (x86)\steam\steamapps\common\counter-strike global offensive\sdk_content\maps\stage_4.prt
LoadPortals: couldn't read c:\program files (x86)\steam\steamapps\common\counter-strike global offensive\sdk_content\maps\stage_4.prt



CustomMaterialManager: Cached KeyValues materials/models/weapons/v_models/knife_butterfly/knife_butterfly.vmt.
CustomMaterialManager: Cached KeyValues materials/models/weapons/v_models/knife_bayonet/knife_bayonet.vmt.
CustomMaterialManager: Cached KeyValues materials/models/weapons/v_models/knife_ct/knife_ct.vmt.
CustomMaterialManager: Cached KeyValues materials/models/weapons/v_models/knife_flip/knife_flip.vmt.
CustomMaterialManager: Cached KeyValues materials/models/weapons/v_models/knife_gut/knife_gut.vmt.
CustomMaterialManager: Cached KeyValues materials/models/weapons/v_models/knife_karam/karam.vmt.
CustomMaterialManager: Cached KeyValues materials/models/weapons/v_models/knife_m9_bay/knife_m9_bay.vmt.
CustomMaterialManager: Cached KeyValues materials/models/weapons/v_models/knife_t/knife_t.vmt.
CustomMaterialManager: Cached KeyValues materials/models/weapons/v_models/knife_tactical/knife_tactical.vmt.
CustomMaterialManager: Cached KeyValues materials/models/weapons/v_models/mach_m249para/m249.vmt.
CustomMaterialManager: Cached KeyValues materials/models/weapons/v_models/mach_negev/mach_negev.vmt.
CustomMaterialManager: Cached KeyValues materials/models/weapons/v_models/pist_223/pist_223.vmt.
CustomMaterialManager: Cached KeyValues materials/models/weapons/v_models/pist_cz_75/pist_cz_75.vmt.
CustomMaterialManager: Cached KeyValues materials/models/weapons/v_models/pist_deagle/pist_deagle.vmt.
CustomMaterialManager: Cached KeyValues materials/models/weapons/v_models/pist_elite/m9a1.vmt.
CustomMaterialManager: Cached KeyValues materials/models/weapons/v_models/pist_fiveseven/fiveseven.vmt.
CustomMaterialManager: Cached KeyValues materials/models/weapons/v_models/pist_glock18/pist_glock18.vmt.
CustomMaterialManager: Cached KeyValues materials/models/weapons/v_models/pist_hkp2000/pist_hkp2000.vmt.
CustomMaterialManager: Cached KeyValues materials/models/weapons/v_models/pist_p250/p250.vmt.
CustomMaterialManager: Cached KeyValues materials/models/weapons/v_models/pist_tec9/pist_tec9.vmt.
CustomMaterialManager: Cached KeyValues materials/models/weapons/v_models/rif_ak47/ak47.vmt.
CustomMaterialManager: Cached KeyValues materials/models/weapons/v_models/rif_aug/rif_aug.vmt.
CustomMaterialManager: Cached KeyValues materials/models/weapons/v_models/rif_famas/rif_famas.vmt.
CustomMaterialManager: Cached KeyValues materials/models/weapons/v_models/rif_galilar/rif_galilar.vmt.
CustomMaterialManager: Cached KeyValues materials/models/weapons/v_models/rif_m4a1/rif_m4a1.vmt.
CustomMaterialManager: Cached KeyValues materials/models/weapons/v_models/rif_m4a1_s/rif_m4a1_s.vmt.
CustomMaterialManager: Cached KeyValues materials/models/weapons/v_models/rif_sg556/rif_sg556.vmt.
CustomMaterialManager: Cached KeyValues materials/models/weapons/v_models/shot_mag7/shot_mag7.vmt.
CustomMaterialManager: Cached KeyValues materials/models/weapons/v_models/shot_nova/shot_nova.vmt.
CustomMaterialManager: Cached KeyValues materials/models/weapons/v_models/shot_sawedoff/shot_sawedoff_01.vmt.
CustomMaterialManager: Cached KeyValues materials/models/weapons/v_models/shot_xm1014/shot_xm1014.vmt.
CustomMaterialManager: Cached KeyValues materials/models/weapons/v_models/smg_bizon/bizon.vmt.
CustomMaterialManager: Cached KeyValues materials/models/weapons/v_models/smg_mac10/smg_mac10_1.vmt.
CustomMaterialManager: Cached KeyValues materials/models/weapons/v_models/smg_mp7/smg_mp7.vmt.
CustomMaterialManager: Cached KeyValues materials/models/weapons/v_models/smg_mp9/smg_mp9.vmt.
CustomMaterialManager: Cached KeyValues materials/models/weapons/v_models/smg_p90/smg_p90.vmt.
CustomMaterialManager: Cached KeyValues materials/models/weapons/v_models/smg_ump45/smg_ump45.vmt.
CustomMaterialManager: Cached KeyValues materials/models/weapons/v_models/snip_awp/awp.vmt.
CustomMaterialManager: Cached KeyValues materials/models/weapons/v_models/snip_g3sg1/snip_g3sg1.vmt.
CustomMaterialManager: Cached KeyValues materials/models/weapons/v_models/snip_scar20/snip_scar20.vmt.
CustomMaterialManager: Cached KeyValues materials/models/weapons/v_models/snip_ssg08/snip_ssg08.vmt.
CustomMaterialManager: Cached KeyValues materials/models/weapons/v_models/snip_ssg08/snip_ssg08_scope.vmt.
materialPath: C:\Program Files (x86)\Steam\steamapps\common\Counter-Strike Global Offensive\csgo\materials
Loading C:\Program Files (x86)\Steam\SteamApps\common\Counter-Strike Global Offensive\sdk_content\maps\stage_4.vmf
Map revision 88
Patching WVT material: maps/stage_4/dev/dev_blendmeasure_wvt_patch
fixing up env_cubemap materials on brush sides...
0...1...2...3...4...5...6...7...8...9...100...1...2...3...4...5...6...7...8...9...10Processing areas...done (0)
Building Faces...done (0)
Chop Details...done (0)
Find Visible Detail Sides...
Merged 64 detail faces...done (0)
Merging details...done (0)
FixTjuncs...
PruneNodes...
WriteBSP...
done (0)
writing C:\Program Files (x86)\Steam\SteamApps\common\Counter-Strike Global Offensive\sdk_content\maps\stage_4.prt...Building visibility clusters...
done (0)
Finding displacement neighbors...
Finding lightmap sample positions...
Displacement Alpha : 0...1...2...3...4...5...6...7...8...9...10
Building Physics collision data...
done (0) (76310 bytes)
Placing detail props : 0...1...2...3...4...5...6...7...8...9...10
Compacting texture/material tables...
Reduced 80 texinfos to 48
Reduced 13 texdatas to 12 (307 bytes to 286)
Writing C:\Program Files (x86)\Steam\SteamApps\common\Counter-Strike Global Offensive\sdk_content\maps\stage_4.bsp
0 seconds elapsed



8 threads
reading c:\program files (x86)\steam\steamapps\common\counter-strike global offensive\sdk_content\maps\stage_4.bsp
reading c:\program files (x86)\steam\steamapps\common\counter-strike global offensive\sdk_content\maps\stage_4.prt
 197 portalclusters
 432 numportals
0...1...2...3...4...5...6...7...8...9...100...1...2...3...4...5...6...7...8...9...10Optimized: 146 visible clusters (0.00%)
Total clusters visible: 15315
Average clusters visible: 77
Building PAS...
Average clusters audible: 146
visdatasize:9918  compressed from 12608
writing c:\program files (x86)\steam\steamapps\common\counter-strike global offensive\sdk_content\maps\stage_4.bsp
0 seconds elapsed



[Reading texlights from 'lights.rad']
[3 texlights parsed from 'lights.rad']

Loading c:\program files (x86)\steam\steamapps\common\counter-strike global offensive\sdk_content\maps\stage_4.bsp
1894 faces
2125111 square feet [306016000.00 square inches]
0 Displacements
0 Square Feet [0.00 Square Inches]
1894 patches before subdivision
182018 patches after subdivision
431 direct lights
0.


CustomMaterialManager: Cached KeyValues materials/models/weapons/v_models/knife_butterfly/knife_butterfly.vmt.
CustomMaterialManager: Cached KeyValues materials/models/weapons/v_models/knife_bayonet/knife_bayonet.vmt.
CustomMaterialManager: Cached KeyValues materials/models/weapons/v_models/knife_ct/knife_ct.vmt.
CustomMaterialManager: Cached KeyValues materials/models/weapons/v_models/knife_flip/knife_flip.vmt.
CustomMaterialManager: Cached KeyValues materials/models/weapons/v_models/knife_gut/knife_gut.vmt.
CustomMaterialManager: Cached KeyValues materials/models/weapons/v_models/knife_karam/karam.vmt.
CustomMaterialManager: Cached KeyValues materials/models/weapons/v_models/knife_m9_bay/knife_m9_bay.vmt.
CustomMaterialManager: Cached KeyValues materials/models/weapons/v_models/knife_t/knife_t.vmt.
CustomMaterialManager: Cached KeyValues materials/models/weapons/v_models/knife_tactical/knife_tactical.vmt.
CustomMaterialManager: Cached KeyValues materials/models/weapons/v_models/mach_m249para/m249.vmt.
CustomMaterialManager: Cached KeyValues materials/models/weapons/v_models/mach_negev/mach_negev.vmt.
CustomMaterialManager: Cached KeyValues materials/models/weapons/v_models/pist_223/pist_223.vmt.
CustomMaterialManager: Cached KeyValues materials/models/weapons/v_models/pist_cz_75/pist_cz_75.vmt.
CustomMaterialManager: Cached KeyValues materials/models/weapons/v_models/pist_deagle/pist_deagle.vmt.
CustomMaterialManager: Cached KeyValues materials/models/weapons/v_models/pist_elite/m9a1.vmt.
CustomMaterialManager: Cached KeyValues materials/models/weapons/v_models/pist_fiveseven/fiveseven.vmt.
CustomMaterialManager: Cached KeyValues materials/models/weapons/v_models/pist_glock18/pist_glock18.vmt.
CustomMaterialManager: Cached KeyValues materials/models/weapons/v_models/pist_hkp2000/pist_hkp2000.vmt.
CustomMaterialManager: Cached KeyValues materials/models/weapons/v_models/pist_p250/p250.vmt.
CustomMaterialManager: Cached KeyValues materials/models/weapons/v_models/pist_tec9/pist_tec9.vmt.
CustomMaterialManager: Cached KeyValues materials/models/weapons/v_models/rif_ak47/ak47.vmt.
CustomMaterialManager: Cached KeyValues materials/models/weapons/v_models/rif_aug/rif_aug.vmt.
CustomMaterialManager: Cached KeyValues materials/models/weapons/v_models/rif_famas/rif_famas.vmt.
CustomMaterialManager: Cached KeyValues materials/models/weapons/v_models/rif_galilar/rif_galilar.vmt.
CustomMaterialManager: Cached KeyValues materials/models/weapons/v_models/rif_m4a1/rif_m4a1.vmt.
CustomMaterialManager: Cached KeyValues materials/models/weapons/v_models/rif_m4a1_s/rif_m4a1_s.vmt.
CustomMaterialManager: Cached KeyValues materials/models/weapons/v_models/rif_sg556/rif_sg556.vmt.
CustomMaterialManager: Cached KeyValues materials/models/weapons/v_models/shot_mag7/shot_mag7.vmt.
CustomMaterialManager: Cached KeyValues materials/models/weapons/v_models/shot_nova/shot_nova.vmt.
CustomMaterialManager: Cached KeyValues materials/models/weapons/v_models/shot_sawedoff/shot_sawedoff_01.vmt.
CustomMaterialManager: Cached KeyValues materials/models/weapons/v_models/shot_xm1014/shot_xm1014.vmt.
CustomMaterialManager: Cached KeyValues materials/models/weapons/v_models/smg_bizon/bizon.vmt.
CustomMaterialManager: Cached KeyValues materials/models/weapons/v_models/smg_mac10/smg_mac10_1.vmt.
CustomMaterialManager: Cached KeyValues materials/models/weapons/v_models/smg_mp7/smg_mp7.vmt.
CustomMaterialManager: Cached KeyValues materials/models/weapons/v_models/smg_mp9/smg_mp9.vmt.
CustomMaterialManager: Cached KeyValues materials/models/weapons/v_models/smg_p90/smg_p90.vmt.
CustomMaterialManager: Cached KeyValues materials/models/weapons/v_models/smg_ump45/smg_ump45.vmt.
CustomMaterialManager: Cached KeyValues materials/models/weapons/v_models/snip_awp/awp.vmt.
CustomMaterialManager: Cached KeyValues materials/models/weapons/v_models/snip_g3sg1/snip_g3sg1.vmt.
CustomMaterialManager: Cached KeyValues materials/models/weapons/v_models/snip_scar20/snip_scar20.vmt.
CustomMaterialManager: Cached KeyValues materials/models/weapons/v_models/snip_ssg08/snip_ssg08.vmt.
CustomMaterialManager: Cached KeyValues materials/models/weapons/v_models/snip_ssg08/snip_ssg08_scope.vmt.
materialPath: C:\Program Files (x86)\Steam\steamapps\common\Counter-Strike Global Offensive\csgo\materials
Loading C:\Program Files (x86)\Steam\SteamApps\common\Counter-Strike Global Offensive\sdk_content\maps\stage_4.vmf
Map revision 89
Patching WVT material: maps/stage_4/dev/dev_blendmeasure_wvt_patch
fixing up env_cubemap materials on brush sides...
0...1...2...3...4...5...6...7...8...9...100...1...2...3...4...5...6...7...8...9...10Processing areas...done (0)
Building Faces...done (0)
Chop Details...done (0)
Find Visible Detail Sides...
Merged 64 detail faces...done (0)
Merging details...done (0)
FixTjuncs...
PruneNodes...
WriteBSP...
done (0)
writing C:\Program Files (x86)\Steam\SteamApps\common\Counter-Strike Global Offensive\sdk_content\maps\stage_4.prt...Building visibility clusters...
done (0)
Finding displacement neighbors...
Finding lightmap sample positions...
Displacement Alpha : 0...1...2...3...4...5...6...7...8...9...10
Building Physics collision data...
done (0) (76310 bytes)
Placing detail props : 0...1...2...3...4...5...6...7...8...9...10
Compacting texture/material tables...
Reduced 80 texinfos to 48
Reduced 13 texdatas to 12 (307 bytes to 286)
Writing C:\Program Files (x86)\Steam\SteamApps\common\Counter-Strike Global Offensive\sdk_content\maps\stage_4.bsp
0 seconds elapsed



8 threads
reading c:\program files (x86)\steam\steamapps\common\counter-strike global offensive\sdk_content\maps\stage_4.bsp
reading c:\program files (x86)\steam\steamapps\common\counter-strike global offensive\sdk_content\maps\stage_4.prt
 197 portalclusters
 432 numportals
0...1...2...3...4...5...6...7...8...9...100...1...2...3...4...5...6...7...8...9...10Optimized: 148 visible clusters (0.00%)
Total clusters visible: 15321
Average clusters visible: 77
Building PAS...
Average clusters audible: 146
visdatasize:9919  compressed from 12608
writing c:\program files (x86)\steam\steamapps\common\counter-strike global offensive\sdk_content\maps\stage_4.bsp
0 seconds elapsed



[Reading texlights from 'lights.rad']
[3 texlights parsed from 'lights.rad']

Loading c:\program files (x86)\steam\steamapps\common\counter-strike global offensive\sdk_content\maps\stage_4.bsp
505 faces
2125530 square feet [306076352.00 square inches]
0 Displacements
0 Square Feet [0.00 Square Inches]
505 patches before subdivision
17343 patches after subdivision
169 direct lights
0...1...2...3...4...5...6...7...8...9...100...1...2...3...4...5...6...7...8...9...10transfers 1605504, max 342
transfer lists:  12.2 megs
0...1...2...3...4...5...6...7...8...9...10	Bounce #1 added RGB(14593, 9654, 4384)
0...1...2...3...4...5...6...7...8...9...10	Bounce #2 added RGB(5930, 1838, 503)
0...1...2...3...4...5...6...7...8...9...10	Bounce #3 added RGB(2746, 376, 68)
0...1...2...3...4...5...6...7...8...9...10	Bounce #4 added RGB(1322, 78, 9)
0...1...2...3...4...5...6...7...8...9...10	Bounce #5 added RGB(671, 17, 1)
0...1...2...3...4...5...6...7...8...9...10	Bounce #6 added RGB(352, 4, 0)
0...1...2...3...4...5...6...7...8...9...10	Bounce #7 added RGB(189, 1, 0)
0...1...2...3...4...5...6...7...8...9...10	Bounce #8 added RGB(104, 0, 0)
0...1...2...3...4...5...6...7...8...9...10	Bounce #9 added RGB(58, 0, 0)
0...1...2...3...4...5...6...7...8...9...10	Bounce #10 added RGB(33, 0, 0)
0...1...2...3...4...5...6...7...8...9...10	Bounce #11 added RGB(19, 0, 0)
0...1...2...3...4...5...6...7...8...9...10	Bounce #12 added RGB(11, 0, 0)
0...1...2...3...4...5...6...7...8...9...10	Bounce #13 added RGB(6, 0, 0)
0...1...2...3...4...5...6...7...8...9...10	Bounce #14 added RGB(4, 0, 0)
0...1...2...3...4...5...6...7...8...9...10	Bounce #15 added RGB(2, 0, 0)
0...1...2...3...4...5...6...7...8...9...10	Bounce #16 added RGB(1, 0, 0)
0...1...2...3...4...5...6...7...8...9...10	Bounce #17 added RGB(1, 0, 0)
Build Patch/Sample Hash Table(s).....Done<0.0088 sec>
0...1...2...3...4...5...6...7...8...9...10FinalLightFace Done
11 of 121 (9% of) surface lights went in leaf ambient cubes.
0...1...2...3...4...5...6...7...8...9...10Writing leaf ambient...done
Ready to Finish

Object names       Objects/Maxobjs  Memory / Maxmem  Fullness 
------------       ---------------  ---------------  -------- 
models                   2/1024           96/49152    ( 0.2%) 
brushes                205/8192         2460/98304    ( 2.5%) 
brushsides            2759/65536       22072/524288   ( 4.2%) 
planes                3988/65536       79760/1310720  ( 6.1%) 
vertexes              1449/65536       17388/786432   ( 2.2%) 
nodes                  646/65536       20672/2097152  ( 1.0%) 
texinfos                48/12288        3456/884736   ( 0.4%) 
texdata                 12/2048          384/65536    ( 0.6%) 
dispinfos                0/0               0/0        ( 0.0%) 
disp_verts               0/0               0/0        ( 0.0%) 
disp_tris                0/0               0/0        ( 0.0%) 
disp_multiblend          0/0               0/0        ( 0.0%) 
disp_lmsamples           0/0               0/0        ( 0.0%) 
faces                  505/65536       28280/3670016  ( 0.8%) 
hdr faces                0/65536           0/3670016  ( 0.0%) 
origfaces              294/65536       16464/3670016  ( 0.4%) 
facebrushes            115/0             230/0        ( 0.0%) 
facebrushlists         505/0            2020/0        ( 0.0%) 
leaves                 649/65536       20768/2097152  ( 1.0%) 
leaffaces             1116/65536        2232/131072   ( 1.7%) 
leafbrushes            986/65536        1972/131072   ( 1.5%) 
areas                    2/1024           16/8192     ( 0.2%) 
surfedges             3717/512000      14868/2048000  ( 0.7%) 
edges                 2490/256000       9960/1024000  ( 1.0%) 
LDR worldlights        169/8192        16900/819200   ( 2.1%) 
HDR worldlights          0/8192            0/819200   ( 0.0%) 
leafwaterdata            0/32768           0/393216   ( 0.0%) 
waterstrips            135/32768        1350/327680   ( 0.4%) 
waterverts               0/65536           0/786432   ( 0.0%) 
waterindices          2556/65536        5112/131072   ( 3.9%) 
cubemapsamples           0/1024            0/16384    ( 0.0%) 
overlays                 0/1024            0/360448   ( 0.0%) 
LDR lightdata         [variable]      852074/0        ( 0.0%) 
HDR lightdata         [variable]           0/0        ( 0.0%) 
visdata               [variable]        9919/16777216 ( 0.1%) 
entdata               [variable]       16726/393216   ( 4.3%) 
LDR ambient table      649/65536        2596/262144   ( 1.0%) 
HDR ambient table      649/65536        2596/262144   ( 1.0%) 
LDR leaf ambient      2836/65536       79408/1835008  ( 4.3%) 
HDR leaf ambient       649/65536       18172/1835008  ( 1.0%) 
occluders                0/0               0/0        ( 0.0%) 
occluder polygons        0/0               0/0        ( 0.0%) 
occluder vert ind        0/0               0/0        ( 0.0%) 
detail props          [variable]           1/12       ( 8.3%) 
static props          [variable]           1/12       ( 8.3%) 
pakfile               [variable]       74757/0        ( 0.0%) 
physics               [variable]       76310/4194304  ( 1.8%) 
physics terrain       [variable]           2/1048576  ( 0.0%) 

Level flags = 4

Total triangle count: 1535
Writing c:\program files (x86)\steam\steamapps\common\counter-strike global offensive\sdk_content\maps\stage_4.bsp
1 minute, 16 seconds elapsed



CustomMaterialManager: Cached KeyValues materials/models/weapons/v_models/knife_butterfly/knife_butterfly.vmt.
CustomMaterialManager: Cached KeyValues materials/models/weapons/v_models/knife_bayonet/knife_bayonet.vmt.
CustomMaterialManager: Cached KeyValues materials/models/weapons/v_models/knife_ct/knife_ct.vmt.
CustomMaterialManager: Cached KeyValues materials/models/weapons/v_models/knife_flip/knife_flip.vmt.
CustomMaterialManager: Cached KeyValues materials/models/weapons/v_models/knife_gut/knife_gut.vmt.
CustomMaterialManager: Cached KeyValues materials/models/weapons/v_models/knife_karam/karam.vmt.
CustomMaterialManager: Cached KeyValues materials/models/weapons/v_models/knife_m9_bay/knife_m9_bay.vmt.
CustomMaterialManager: Cached KeyValues materials/models/weapons/v_models/knife_t/knife_t.vmt.
CustomMaterialManager: Cached KeyValues materials/models/weapons/v_models/knife_tactical/knife_tactical.vmt.
CustomMaterialManager: Cached KeyValues materials/models/weapons/v_models/mach_m249para/m249.vmt.
CustomMaterialManager: Cached KeyValues materials/models/weapons/v_models/mach_negev/mach_negev.vmt.
CustomMaterialManager: Cached KeyValues materials/models/weapons/v_models/pist_223/pist_223.vmt.
CustomMaterialManager: Cached KeyValues materials/models/weapons/v_models/pist_cz_75/pist_cz_75.vmt.
CustomMaterialManager: Cached KeyValues materials/models/weapons/v_models/pist_deagle/pist_deagle.vmt.
CustomMaterialManager: Cached KeyValues materials/models/weapons/v_models/pist_elite/m9a1.vmt.
CustomMaterialManager: Cached KeyValues materials/models/weapons/v_models/pist_fiveseven/fiveseven.vmt.
CustomMaterialManager: Cached KeyValues materials/models/weapons/v_models/pist_glock18/pist_glock18.vmt.
CustomMaterialManager: Cached KeyValues materials/models/weapons/v_models/pist_hkp2000/pist_hkp2000.vmt.
CustomMaterialManager: Cached KeyValues materials/models/weapons/v_models/pist_p250/p250.vmt.
CustomMaterialManager: Cached KeyValues materials/models/weapons/v_models/pist_tec9/pist_tec9.vmt.
CustomMaterialManager: Cached KeyValues materials/models/weapons/v_models/rif_ak47/ak47.vmt.
CustomMaterialManager: Cached KeyValues materials/models/weapons/v_models/rif_aug/rif_aug.vmt.
CustomMaterialManager: Cached KeyValues materials/models/weapons/v_models/rif_famas/rif_famas.vmt.
CustomMaterialManager: Cached KeyValues materials/models/weapons/v_models/rif_galilar/rif_galilar.vmt.
CustomMaterialManager: Cached KeyValues materials/models/weapons/v_models/rif_m4a1/rif_m4a1.vmt.
CustomMaterialManager: Cached KeyValues materials/models/weapons/v_models/rif_m4a1_s/rif_m4a1_s.vmt.
CustomMaterialManager: Cached KeyValues materials/models/weapons/v_models/rif_sg556/rif_sg556.vmt.
CustomMaterialManager: Cached KeyValues materials/models/weapons/v_models/shot_mag7/shot_mag7.vmt.
CustomMaterialManager: Cached KeyValues materials/models/weapons/v_models/shot_nova/shot_nova.vmt.
CustomMaterialManager: Cached KeyValues materials/models/weapons/v_models/shot_sawedoff/shot_sawedoff_01.vmt.
CustomMaterialManager: Cached KeyValues materials/models/weapons/v_models/shot_xm1014/shot_xm1014.vmt.
CustomMaterialManager: Cached KeyValues materials/models/weapons/v_models/smg_bizon/bizon.vmt.
CustomMaterialManager: Cached KeyValues materials/models/weapons/v_models/smg_mac10/smg_mac10_1.vmt.
CustomMaterialManager: Cached KeyValues materials/models/weapons/v_models/smg_mp7/smg_mp7.vmt.
CustomMaterialManager: Cached KeyValues materials/models/weapons/v_models/smg_mp9/smg_mp9.vmt.
CustomMaterialManager: Cached KeyValues materials/models/weapons/v_models/smg_p90/smg_p90.vmt.
CustomMaterialManager: Cached KeyValues materials/models/weapons/v_models/smg_ump45/smg_ump45.vmt.
CustomMaterialManager: Cached KeyValues materials/models/weapons/v_models/snip_awp/awp.vmt.
CustomMaterialManager: Cached KeyValues materials/models/weapons/v_models/snip_g3sg1/snip_g3sg1.vmt.
CustomMaterialManager: Cached KeyValues materials/models/weapons/v_models/snip_scar20/snip_scar20.vmt.
CustomMaterialManager: Cached KeyValues materials/models/weapons/v_models/snip_ssg08/snip_ssg08.vmt.
CustomMaterialManager: Cached KeyValues materials/models/weapons/v_models/snip_ssg08/snip_ssg08_scope.vmt.
materialPath: C:\Program Files (x86)\Steam\steamapps\common\Counter-Strike Global Offensive\csgo\materials
Loading C:\Program Files (x86)\Steam\SteamApps\common\Counter-Strike Global Offensive\sdk_content\maps\stage_4.vmf
Map revision 90
Patching WVT material: maps/stage_4/dev/dev_blendmeasure_wvt_patch
fixing up env_cubemap materials on brush sides...
0...1...2...3...4...5...6...7...8...9...10**** leaked ****
Entity light (-5824.00 5632.00 -3328.00) leaked!
Processing areas...done (0)
Building Faces...done (0)
Chop Details...done (0)
Find Visible Detail Sides...
Merged 64 detail faces...done (0)
Merging details...done (0)
FixTjuncs...
PruneNodes...
WriteBSP...
done (0)
Finding displacement neighbors...
Finding lightmap sample positions...
Displacement Alpha : 0...1...2...3...4...5...6...7...8...9...10
Building Physics collision data...
done (0) (77486 bytes)
Placing detail props : 0...1...2...3...4...5...6...7...8...9...10
Compacting texture/material tables...
Reduced 84 texinfos to 53
Reduced 13 texdatas to 12 (307 bytes to 286)
Writing C:\Program Files (x86)\Steam\SteamApps\common\Counter-Strike Global Offensive\sdk_content\maps\stage_4.bsp
0 seconds elapsed



8 threads
reading c:\program files (x86)\steam\steamapps\common\counter-strike global offensive\sdk_content\maps\stage_4.bsp
reading c:\program files (x86)\steam\steamapps\common\counter-strike global offensive\sdk_content\maps\stage_4.prt
LoadPortals: couldn't read c:\program files (x86)\steam\steamapps\common\counter-strike global offensive\sdk_content\maps\stage_4.prt



CustomMaterialManager: Cached KeyValues materials/models/weapons/v_models/knife_butterfly/knife_butterfly.vmt.
CustomMaterialManager: Cached KeyValues materials/models/weapons/v_models/knife_bayonet/knife_bayonet.vmt.
CustomMaterialManager: Cached KeyValues materials/models/weapons/v_models/knife_ct/knife_ct.vmt.
CustomMaterialManager: Cached KeyValues materials/models/weapons/v_models/knife_flip/knife_flip.vmt.
CustomMaterialManager: Cached KeyValues materials/models/weapons/v_models/knife_gut/knife_gut.vmt.
CustomMaterialManager: Cached KeyValues materials/models/weapons/v_models/knife_karam/karam.vmt.
CustomMaterialManager: Cached KeyValues materials/models/weapons/v_models/knife_m9_bay/knife_m9_bay.vmt.
CustomMaterialManager: Cached KeyValues materials/models/weapons/v_models/knife_t/knife_t.vmt.
CustomMaterialManager: Cached KeyValues materials/models/weapons/v_models/knife_tactical/knife_tactical.vmt.
CustomMaterialManager: Cached KeyValues materials/models/weapons/v_models/mach_m249para/m249.vmt.
CustomMaterialManager: Cached KeyValues materials/models/weapons/v_models/mach_negev/mach_negev.vmt.
CustomMaterialManager: Cached KeyValues materials/models/weapons/v_models/pist_223/pist_223.vmt.
CustomMaterialManager: Cached KeyValues materials/models/weapons/v_models/pist_cz_75/pist_cz_75.vmt.
CustomMaterialManager: Cached KeyValues materials/models/weapons/v_models/pist_deagle/pist_deagle.vmt.
CustomMaterialManager: Cached KeyValues materials/models/weapons/v_models/pist_elite/m9a1.vmt.
CustomMaterialManager: Cached KeyValues materials/models/weapons/v_models/pist_fiveseven/fiveseven.vmt.
CustomMaterialManager: Cached KeyValues materials/models/weapons/v_models/pist_glock18/pist_glock18.vmt.
CustomMaterialManager: Cached KeyValues materials/models/weapons/v_models/pist_hkp2000/pist_hkp2000.vmt.
CustomMaterialManager: Cached KeyValues materials/models/weapons/v_models/pist_p250/p250.vmt.
CustomMaterialManager: Cached KeyValues materials/models/weapons/v_models/pist_tec9/pist_tec9.vmt.
CustomMaterialManager: Cached KeyValues materials/models/weapons/v_models/rif_ak47/ak47.vmt.
CustomMaterialManager: Cached KeyValues materials/models/weapons/v_models/rif_aug/rif_aug.vmt.
CustomMaterialManager: Cached KeyValues materials/models/weapons/v_models/rif_famas/rif_famas.vmt.
CustomMaterialManager: Cached KeyValues materials/models/weapons/v_models/rif_galilar/rif_galilar.vmt.
CustomMaterialManager: Cached KeyValues materials/models/weapons/v_models/rif_m4a1/rif_m4a1.vmt.
CustomMaterialManager: Cached KeyValues materials/models/weapons/v_models/rif_m4a1_s/rif_m4a1_s.vmt.
CustomMaterialManager: Cached KeyValues materials/models/weapons/v_models/rif_sg556/rif_sg556.vmt.
CustomMaterialManager: Cached KeyValues materials/models/weapons/v_models/shot_mag7/shot_mag7.vmt.
CustomMaterialManager: Cached KeyValues materials/models/weapons/v_models/shot_nova/shot_nova.vmt.
CustomMaterialManager: Cached KeyValues materials/models/weapons/v_models/shot_sawedoff/shot_sawedoff_01.vmt.
CustomMaterialManager: Cached KeyValues materials/models/weapons/v_models/shot_xm1014/shot_xm1014.vmt.
CustomMaterialManager: Cached KeyValues materials/models/weapons/v_models/smg_bizon/bizon.vmt.
CustomMaterialManager: Cached KeyValues materials/models/weapons/v_models/smg_mac10/smg_mac10_1.vmt.
CustomMaterialManager: Cached KeyValues materials/models/weapons/v_models/smg_mp7/smg_mp7.vmt.
CustomMaterialManager: Cached KeyValues materials/models/weapons/v_models/smg_mp9/smg_mp9.vmt.
CustomMaterialManager: Cached KeyValues materials/models/weapons/v_models/smg_p90/smg_p90.vmt.
CustomMaterialManager: Cached KeyValues materials/models/weapons/v_models/smg_ump45/smg_ump45.vmt.
CustomMaterialManager: Cached KeyValues materials/models/weapons/v_models/snip_awp/awp.vmt.
CustomMaterialManager: Cached KeyValues materials/models/weapons/v_models/snip_g3sg1/snip_g3sg1.vmt.
CustomMaterialManager: Cached KeyValues materials/models/weapons/v_models/snip_scar20/snip_scar20.vmt.
CustomMaterialManager: Cached KeyValues materials/models/weapons/v_models/snip_ssg08/snip_ssg08.vmt.
CustomMaterialManager: Cached KeyValues materials/models/weapons/v_models/snip_ssg08/snip_ssg08_scope.vmt.
materialPath: C:\Program Files (x86)\Steam\steamapps\common\Counter-Strike Global Offensive\csgo\materials
Loading C:\Program Files (x86)\Steam\SteamApps\common\Counter-Strike Global Offensive\sdk_content\maps\stage_4.vmf
Map revision 91
Patching WVT material: maps/stage_4/dev/dev_blendmeasure_wvt_patch
fixing up env_cubemap materials on brush sides...
0...1...2...3...4...5...6...7...8...9...100...1...2...3...4...5...6...7...8...9...10Processing areas...done (0)
Building Faces...done (0)
Chop Details...done (0)
Find Visible Detail Sides...
Merged 64 detail faces...done (0)
Merging details...done (0)
FixTjuncs...
PruneNodes...
WriteBSP...
done (0)
writing C:\Program Files (x86)\Steam\SteamApps\common\Counter-Strike Global Offensive\sdk_content\maps\stage_4.prt...Building visibility clusters...
done (0)
Finding displacement neighbors...
Finding lightmap sample positions...
Displacement Alpha : 0...1...2...3...4...5...6...7...8...9...10
Building Physics collision data...
done (0) (77862 bytes)
Placing detail props : 0...1...2...3...4...5...6...7...8...9...10
Compacting texture/material tables...
Reduced 88 texinfos to 53
Reduced 13 texdatas to 12 (307 bytes to 286)
Writing C:\Program Files (x86)\Steam\SteamApps\common\Counter-Strike Global Offensive\sdk_content\maps\stage_4.bsp
0 seconds elapsed



8 threads
reading c:\program files (x86)\steam\steamapps\common\counter-strike global offensive\sdk_content\maps\stage_4.bsp
reading c:\program files (x86)\steam\steamapps\common\counter-strike global offensive\sdk_content\maps\stage_4.prt
 185 portalclusters
 407 numportals
0...1...2...3...4...5...6...7...8...9...100...1...2...3...4...5...6...7...8...9...10Optimized: 143 visible clusters (0.00%)
Total clusters visible: 14750
Average clusters visible: 79
Building PAS...
Average clusters audible: 145
visdatasize:9678  compressed from 8880
writing c:\program files (x86)\steam\steamapps\common\counter-strike global offensive\sdk_content\maps\stage_4.bsp
0 seconds elapsed



[Reading texlights from 'lights.rad']
[3 texlights parsed from 'lights.rad']

Loading c:\program files (x86)\steam\steamapps\common\counter-strike global offensive\sdk_content\maps\stage_4.bsp
500 faces
2138205 square feet [307901504.00 square inches]
0 Displacements
0 Square Feet [0.00 Square Inches]
500 patches before subdivision
16984 patches after subdivision
169 direct lights
0...1...2...3...4...5...6...7...8...9...100...1...2...3...4...5...6...7...8...9...10transfers 1557609, max 340
transfer lists:  11.9 megs
0...1...2...3...4...5...6...7...8...9...10	Bounce #1 added RGB(13507, 9210, 4237)
0...1...2...3...4...5...6...7...8...9...10	Bounce #2 added RGB(5534, 1747, 491)
0...1...2...3...4...5...6...7...8...9...10	Bounce #3 added RGB(2589, 357, 67)
0...1...2...3...4...5...6...7...8...9...10	Bounce #4 added RGB(1268, 74, 9)
0...1...2...3...4...5...6...7...8...9...10	Bounce #5 added RGB(653, 16, 1)
0...1...2...3...4...5...6...7...8...9...10	Bounce #6 added RGB(347, 3, 0)
0...1...2...3...4...5...6...7...8...9...10	Bounce #7 added RGB(189, 1, 0)
0...1...2...3...4...5...6...7...8...9...10	Bounce #8 added RGB(105, 0, 0)
0...1...2...3...4...5...6...7...8...9...10	Bounce #9 added RGB(59, 0, 0)
0...1...2...3...4...5...6...7...8...9...10	Bounce #10 added RGB(33, 0, 0)
0...1...2...3...4...5...6...7...8...9...10	Bounce #11 added RGB(19, 0, 0)
0...1...2...3...4...5...6...7...8...9...10	Bounce #12 added RGB(11, 0, 0)
0...1...2...3...4...5...6...7...8...9...10	Bounce #13 added RGB(6, 0, 0)
0...1...2...3...4...5...6...7...8...9...10	Bounce #14 added RGB(4, 0, 0)
0...1...2...3...4...5...6...7...8...9...10	Bounce #15 added RGB(2, 0, 0)
0...1...2...3...4...5...6...7...8...9...10	Bounce #16 added RGB(1, 0, 0)
0...1...2...3...4...5...6...7...8...9...10	Bounce #17 added RGB(1, 0, 0)
Build Patch/Sample Hash Table(s).....Done<0.0088 sec>
0...1...2...3...4...5...6...7...8...9...10FinalLightFace Done
11 of 121 (9% of) surface lights went in leaf ambient cubes.
0...1...2...3...4...5...6...7...8...9...10Writing leaf ambient...done
Ready to Finish

Object names       Objects/Maxobjs  Memory / Maxmem  Fullness 
------------       ---------------  ---------------  -------- 
models                   2/1024           96/49152    ( 0.2%) 
brushes                209/8192         2508/98304    ( 2.6%) 
brushsides            2783/65536       22264/524288   ( 4.2%) 
planes                4010/65536       80200/1310720  ( 6.1%) 
vertexes              1431/65536       17172/786432   ( 2.2%) 
nodes                  627/65536       20064/2097152  ( 1.0%) 
texinfos                53/12288        3816/884736   ( 0.4%) 
texdata                 12/2048          384/65536    ( 0.6%) 
dispinfos                0/0               0/0        ( 0.0%) 
disp_verts               0/0               0/0        ( 0.0%) 
disp_tris                0/0               0/0        ( 0.0%) 
disp_multiblend          0/0               0/0        ( 0.0%) 
disp_lmsamples           0/0               0/0        ( 0.0%) 
faces                  500/65536       28000/3670016  ( 0.8%) 
hdr faces                0/65536           0/3670016  ( 0.0%) 
origfaces              307/65536       17192/3670016  ( 0.5%) 
facebrushes            130/0             260/0        ( 0.0%) 
facebrushlists         500/0            2000/0        ( 0.0%) 
leaves                 630/65536       20160/2097152  ( 1.0%) 
leaffaces             1100/65536        2200/131072   ( 1.7%) 
leafbrushes            980/65536        1960/131072   ( 1.5%) 
areas                    2/1024           16/8192     ( 0.2%) 
surfedges             3730/512000      14920/2048000  ( 0.7%) 
edges                 2479/256000       9916/1024000  ( 1.0%) 
LDR worldlights        169/8192        16900/819200   ( 2.1%) 
HDR worldlights          0/8192            0/819200   ( 0.0%) 
leafwaterdata            0/32768           0/393216   ( 0.0%) 
waterstrips            130/32768        1300/327680   ( 0.4%) 
waterverts               0/65536           0/786432   ( 0.0%) 
waterindices          2469/65536        4938/131072   ( 3.8%) 
cubemapsamples           0/1024            0/16384    ( 0.0%) 
overlays                 0/1024            0/360448   ( 0.0%) 
LDR lightdata         [variable]      842922/0        ( 0.0%) 
HDR lightdata         [variable]           0/0        ( 0.0%) 
visdata               [variable]        9678/16777216 ( 0.1%) 
entdata               [variable]       16726/393216   ( 4.3%) 
LDR ambient table      630/65536        2520/262144   ( 1.0%) 
HDR ambient table      630/65536        2520/262144   ( 1.0%) 
LDR leaf ambient      2744/65536       76832/1835008  ( 4.2%) 
HDR leaf ambient       630/65536       17640/1835008  ( 1.0%) 
occluders                0/0               0/0        ( 0.0%) 
occluder polygons        0/0               0/0        ( 0.0%) 
occluder vert ind        0/0               0/0        ( 0.0%) 
detail props          [variable]           1/12       ( 8.3%) 
static props          [variable]           1/12       ( 8.3%) 
pakfile               [variable]       74757/0        ( 0.0%) 
physics               [variable]       77862/4194304  ( 1.9%) 
physics terrain       [variable]           2/1048576  ( 0.0%) 

Level flags = 4

Total triangle count: 1506
Writing c:\program files (x86)\steam\steamapps\common\counter-strike global offensive\sdk_content\maps\stage_4.bsp
1 minute, 19 seconds elapsed



CustomMaterialManager: Cached KeyValues materials/models/weapons/v_models/knife_butterfly/knife_butterfly.vmt.
CustomMaterialManager: Cached KeyValues materials/models/weapons/v_models/knife_bayonet/knife_bayonet.vmt.
CustomMaterialManager: Cached KeyValues materials/models/weapons/v_models/knife_ct/knife_ct.vmt.
CustomMaterialManager: Cached KeyValues materials/models/weapons/v_models/knife_flip/knife_flip.vmt.
CustomMaterialManager: Cached KeyValues materials/models/weapons/v_models/knife_gut/knife_gut.vmt.
CustomMaterialManager: Cached KeyValues materials/models/weapons/v_models/knife_karam/karam.vmt.
CustomMaterialManager: Cached KeyValues materials/models/weapons/v_models/knife_m9_bay/knife_m9_bay.vmt.
CustomMaterialManager: Cached KeyValues materials/models/weapons/v_models/knife_t/knife_t.vmt.
CustomMaterialManager: Cached KeyValues materials/models/weapons/v_models/knife_tactical/knife_tactical.vmt.
CustomMaterialManager: Cached KeyValues materials/models/weapons/v_models/mach_m249para/m249.vmt.
CustomMaterialManager: Cached KeyValues materials/models/weapons/v_models/mach_negev/mach_negev.vmt.
CustomMaterialManager: Cached KeyValues materials/models/weapons/v_models/pist_223/pist_223.vmt.
CustomMaterialManager: Cached KeyValues materials/models/weapons/v_models/pist_cz_75/pist_cz_75.vmt.
CustomMaterialManager: Cached KeyValues materials/models/weapons/v_models/pist_deagle/pist_deagle.vmt.
CustomMaterialManager: Cached KeyValues materials/models/weapons/v_models/pist_elite/m9a1.vmt.
CustomMaterialManager: Cached KeyValues materials/models/weapons/v_models/pist_fiveseven/fiveseven.vmt.
CustomMaterialManager: Cached KeyValues materials/models/weapons/v_models/pist_glock18/pist_glock18.vmt.
CustomMaterialManager: Cached KeyValues materials/models/weapons/v_models/pist_hkp2000/pist_hkp2000.vmt.
CustomMaterialManager: Cached KeyValues materials/models/weapons/v_models/pist_p250/p250.vmt.
CustomMaterialManager: Cached KeyValues materials/models/weapons/v_models/pist_tec9/pist_tec9.vmt.
CustomMaterialManager: Cached KeyValues materials/models/weapons/v_models/rif_ak47/ak47.vmt.
CustomMaterialManager: Cached KeyValues materials/models/weapons/v_models/rif_aug/rif_aug.vmt.
CustomMaterialManager: Cached KeyValues materials/models/weapons/v_models/rif_famas/rif_famas.vmt.
CustomMaterialManager: Cached KeyValues materials/models/weapons/v_models/rif_galilar/rif_galilar.vmt.
CustomMaterialManager: Cached KeyValues materials/models/weapons/v_models/rif_m4a1/rif_m4a1.vmt.
CustomMaterialManager: Cached KeyValues materials/models/weapons/v_models/rif_m4a1_s/rif_m4a1_s.vmt.
CustomMaterialManager: Cached KeyValues materials/models/weapons/v_models/rif_sg556/rif_sg556.vmt.
CustomMaterialManager: Cached KeyValues materials/models/weapons/v_models/shot_mag7/shot_mag7.vmt.
CustomMaterialManager: Cached KeyValues materials/models/weapons/v_models/shot_nova/shot_nova.vmt.
CustomMaterialManager: Cached KeyValues materials/models/weapons/v_models/shot_sawedoff/shot_sawedoff_01.vmt.
CustomMaterialManager: Cached KeyValues materials/models/weapons/v_models/shot_xm1014/shot_xm1014.vmt.
CustomMaterialManager: Cached KeyValues materials/models/weapons/v_models/smg_bizon/bizon.vmt.
CustomMaterialManager: Cached KeyValues materials/models/weapons/v_models/smg_mac10/smg_mac10_1.vmt.
CustomMaterialManager: Cached KeyValues materials/models/weapons/v_models/smg_mp7/smg_mp7.vmt.
CustomMaterialManager: Cached KeyValues materials/models/weapons/v_models/smg_mp9/smg_mp9.vmt.
CustomMaterialManager: Cached KeyValues materials/models/weapons/v_models/smg_p90/smg_p90.vmt.
CustomMaterialManager: Cached KeyValues materials/models/weapons/v_models/smg_ump45/smg_ump45.vmt.
CustomMaterialManager: Cached KeyValues materials/models/weapons/v_models/snip_awp/awp.vmt.
CustomMaterialManager: Cached KeyValues materials/models/weapons/v_models/snip_g3sg1/snip_g3sg1.vmt.
CustomMaterialManager: Cached KeyValues materials/models/weapons/v_models/snip_scar20/snip_scar20.vmt.
CustomMaterialManager: Cached KeyValues materials/models/weapons/v_models/snip_ssg08/snip_ssg08.vmt.
CustomMaterialManager: Cached KeyValues materials/models/weapons/v_models/snip_ssg08/snip_ssg08_scope.vmt.
materialPath: C:\Program Files (x86)\Steam\steamapps\common\Counter-Strike Global Offensive\csgo\materials
Loading c:\program files (x86)\steam\steamapps\common\counter-strike global offensive\sdk_content\maps\stage_4.vmf
Map revision 92
Patching WVT material: maps/stage_4/dev/dev_blendmeasure_wvt_patch
fixing up env_cubemap materials on brush sides...
0...1...2...3...4...5...6...7...8...9...100...1...2...3...4...5...6...7...8...9...10Processing areas...done (0)
Building Faces...done (0)
Chop Details...done (0)
Find Visible Detail Sides...
Merged 64 detail faces...done (0)
Merging details...done (0)
FixTjuncs...
PruneNodes...
WriteBSP...
done (0)
writing c:\program files (x86)\steam\steamapps\common\counter-strike global offensive\sdk_content\maps\stage_4.prt...Building visibility clusters...
done (0)
Finding displacement neighbors...
Finding lightmap sample positions...
Displacement Alpha : 0...1...2...3...4...5...6...7...8...9...10
Building Physics collision data...
done (0) (77974 bytes)
Placing detail props : 0...1...2...3...4...5...6...7...8...9...10
Compacting texture/material tables...
Reduced 86 texinfos to 50
Reduced 13 texdatas to 12 (307 bytes to 286)
Writing c:\program files (x86)\steam\steamapps\common\counter-strike global offensive\sdk_content\maps\stage_4.bsp
0 seconds elapsed



8 threads
reading c:\program files (x86)\steam\steamapps\common\counter-strike global offensive\sdk_content\maps\stage_4.bsp
reading c:\program files (x86)\steam\steamapps\common\counter-strike global offensive\sdk_content\maps\stage_4.prt
 173 portalclusters
 369 numportals
0...1...2...3...4...5...6...7...8...9...100...1...2...3...4...5...6...7...8...9...10Optimized: 138 visible clusters (0.00%)
Total clusters visible: 14011
Average clusters visible: 80
Building PAS...
Average clusters audible: 144
visdatasize:8315  compressed from 8304
writing c:\program files (x86)\steam\steamapps\common\counter-strike global offensive\sdk_content\maps\stage_4.bsp
0 seconds elapsed



[Reading texlights from 'lights.rad']
[3 texlights parsed from 'lights.rad']

Loading c:\program files (x86)\steam\steamapps\common\counter-strike global offensive\sdk_content\maps\stage_4.bsp
1873 faces
2135298 square feet [307482912.00 square inches]
0 Displacements
0 Square Feet [0.00 Square Inches]
1873 patches before subdivision
176721 patches after subdivision
431 direct lights
0...1...2...3...4...5...6...7...8...9...100...1...2...3...4...5...6...7...8...9...10transfers 28143679, max 751
transfer lists: 214.7 megs
0...1...2...3...4...5...6...7...8...9...10	Bounce #1 added RGB(140676, 92666, 43873)
0...1...2...3...4...5...6...7...8...9...10	Bounce #2 added RGB(56157, 17879, 5254)
0...1...2...3...4...5...6...7...8...9...10	Bounce #3 added RGB(25948, 3679, 750)
0...1...2...3...4...5...6...7...8...9...10	Bounce #4 added RGB(12554, 761, 109)
0...1...2...3...4...5...6...7...8...9...10	Bounce #5 added RGB(6481, 163, 18)
0...1...2...3...4...5...6...7...8...9...10	Bounce #6 added RGB(3468, 35, 3)
0...1...2...3...4...5...6...7...8...9...10	Bounce #7 added RGB(1915, 8, 1)
0...1...2...3...4...5...6...7...8...9...10	Bounce #8 added RGB(1079, 2, 0)
0...1...2...3...4...5...6...7...8...9...10	Bounce #9 added RGB(618, 0, 0)
0...1...2...3...4...5...6...7...8...9...10	Bounce #10 added RGB(358, 0, 0)
0...1...2...3...4...5...6...7...8...9...10	Bounce #11 added RGB(209, 0, 0)
0...1...2...3...4...5...6...7...8...9...10	Bounce #12 added RGB(123, 0, 0)
0...1...2...3...4...5...6...7...8...9...10	Bounce #13 added RGB(73, 0, 0)
0...1...2...3...4...5...6...7...8...9...10	Bounce #14 added RGB(44, 0, 0)
0...1...2...3...4...5...6...7...8...9...10	Bounce #15 added RGB(26, 0, 0)
0...1...2...3...4...5...6...7...8...9...10	Bounce #16 added RGB(16, 0, 0)
0...1...2...3...4...5...6...7...8...9...10	Bounce #17 added RGB(9, 0, 0)
0...1...2...3...4...5...6...7...8...9...10	Bounce #18 added RGB(6, 0, 0)
0...1...2...3...4...5...6...7...8...9...10	Bounce #19 added RGB(3, 0, 0)
0...1...2...3...4...5...6...7...8...9...10	Bounce #20 added RGB(2, 0, 0)
0...1...2...3...4...5...6...7...8...9...10	Bounce #21 added RGB(1, 0, 0)
0...1...2...3...4...5...6...7...8...9...10	Bounce #22 added RGB(1, 0, 0)
Build Patch/Sample Hash Table(s).....Done<0.0582 sec>
0...1...2...3...4...5...6...7...8...9...10FinalLightFace Done
28 of 383 (7% of) surface lights went in leaf ambient cubes.
0...1...2...3...4...5...6...7...8...9...10Writing leaf ambient...done
Ready to Finish

Object names       Objects/Maxobjs  Memory / Maxmem  Fullness 
------------       ---------------  ---------------  -------- 
models                   2/1024           96/49152    ( 0.2%) 
brushes                209/8192         2508/98304    ( 2.6%) 
brushsides            2783/65536       22264/524288   ( 4.2%) 
planes                4028/65536       80560/1310720  ( 6.1%) 
vertexes              3428/65536       41136/786432   ( 5.2%) 
nodes                  623/65536       19936/2097152  ( 1.0%) 
texinfos                50/12288        3600/884736   ( 0.4%) 
texdata                 12/2048          384/65536    ( 0.6%) 
dispinfos                0/0               0/0        ( 0.0%) 
disp_verts               0/0               0/0        ( 0.0%) 
disp_tris                0/0               0/0        ( 0.0%) 
disp_multiblend          0/0               0/0        ( 0.0%) 
disp_lmsamples           0/0               0/0        ( 0.0%) 
faces                 1873/65536      104888/3670016  ( 2.9%) 
hdr faces                0/65536           0/3670016  ( 0.0%) 
origfaces              301/65536       16856/3670016  ( 0.5%) 
facebrushes            767/0            1534/0        ( 0.0%) 
facebrushlists        1873/0            7492/0        ( 0.0%) 
leaves                 626/65536       20032/2097152  ( 1.0%) 
leaffaces             2942/65536        5884/131072   ( 4.5%) 
leafbrushes            977/65536        1954/131072   ( 1.5%) 
areas                    2/1024           16/8192     ( 0.2%) 
surfedges            10260/512000      41040/2048000  ( 2.0%) 
edges                 5981/256000      23924/1024000  ( 2.3%) 
LDR worldlights        431/8192        43100/819200   ( 5.3%) 
HDR worldlights          0/8192            0/819200   ( 0.0%) 
leafwaterdata            0/32768           0/393216   ( 0.0%) 
waterstrips            313/32768        3130/327680   ( 1.0%) 
waterverts               0/65536           0/786432   ( 0.0%) 
waterindices          7143/65536       14286/131072   (10.9%) 
cubemapsamples           0/1024            0/16384    ( 0.0%) 
overlays                 0/1024            0/360448   ( 0.0%) 
LDR lightdata         [variable]     9466764/0        ( 0.0%) 
HDR lightdata         [variable]           0/0        ( 0.0%) 
visdata               [variable]        8315/16777216 ( 0.0%) 
entdata               [variable]       16726/393216   ( 4.3%) 
LDR ambient table      626/65536        2504/262144   ( 1.0%) 
HDR ambient table      626/65536        2504/262144   ( 1.0%) 
LDR leaf ambient      2980/65536       83440/1835008  ( 4.5%) 
HDR leaf ambient       626/65536       17528/1835008  ( 1.0%) 
occluders                0/0               0/0        ( 0.0%) 
occluder polygons        0/0               0/0        ( 0.0%) 
occluder vert ind        0/0               0/0        ( 0.0%) 
detail props          [variable]           1/12       ( 8.3%) 
static props          [variable]           1/12       ( 8.3%) 
pakfile               [variable]       74757/0        ( 0.0%) 
physics               [variable]       77974/4194304  ( 1.9%) 
physics terrain       [variable]           2/1048576  ( 0.0%) 

Level flags = 5

Total triangle count: 5313
Writing c:\program files (x86)\steam\steamapps\common\counter-strike global offensive\sdk_content\maps\stage_4.bsp
21 minutes, 26 seconds elapsed



[Reading texlights from 'lights.rad']
[3 texlights parsed from 'lights.rad']

Loading c:\program files (x86)\steam\steamapps\common\counter-strike global offensive\sdk_content\maps\stage_4.bsp
1873 faces
2135298 square feet [307482912.00 square inches]
0 Displacements
0 Square Feet [0.00 Square Inches]
1873 patches before subdivision
176721 patches after subdivision
431 direct lights
0...1...2...3...4...5...6...7...8...9...100...1...2...3...4...5...6...7...8...9...10transfers 28143679, max 751
transfer lists: 214.7 megs
0...1...2...3...4...5...6...7...8...9...10	Bounce #1 added RGB(140676, 92666, 43873)
0...1...2...3...4...5...6...7...8...9...10	Bounce #2 added RGB(56157, 17879, 5254)
0...1...2...3...4...5...6...7...8...9...10	Bounce #3 added RGB(25948, 3679, 750)
0...1...2...3...4...5...6...7...8...9...10	Bounce #4 added RGB(12554, 761, 109)
0...1...2...3...4...5...6...7...8...9...10	Bounce #5 added RGB(6481, 163, 18)
0...1...2...3...4...5...6...7...8...9...10	Bounce #6 added RGB(3468, 35, 3)
0...1...2...3...4...5...6...7...8...9...10	Bounce #7 added RGB(1915, 8, 1)
0...1...2...3...4...5...6...7...8...9...10	Bounce #8 added RGB(1079, 2, 0)
0...1...2...3...4...5...6...7...8...9...10	Bounce #9 added RGB(618, 0, 0)
0...1...2...3...4...5...6...7...8...9...10	Bounce #10 added RGB(358, 0, 0)
0...1...2...3...4...5...6...7...8...9...10	Bounce #11 added RGB(209, 0, 0)
0...1...2...3...4...5...6...7...8...9...10	Bounce #12 added RGB(123, 0, 0)
0...1...2...3...4...5...6...7...8...9...10	Bounce #13 added RGB(73, 0, 0)
0...1...2...3...4...5...6...7...8...9...10	Bounce #14 added RGB(44, 0, 0)
0...1...2...3...4...5...6...7...8...9...10	Bounce #15 added RGB(26, 0, 0)
0...1...2...3...4...5...6...7...8...9...10	Bounce #16 added RGB(16, 0, 0)
0...1...2...3...4...5...6...7...8...9...10	Bounce #17 added RGB(9, 0, 0)
0...1...2...3...4...5...6...7...8...9...10	Bounce #18 added RGB(6, 0, 0)
0...1...2...3...4...5...6...7...8...9...10	Bounce #19 added RGB(3, 0, 0)
0...1...2...3...4...5...6...7...8...9...10	Bounce #20 added RGB(2, 0, 0)
0...1...2...3...4...5...6...7...8...9...10	Bounce #21 added RGB(1, 0, 0)
0...1...2...3...4...5...6...7...8...9...10	Bounce #22 added RGB(1, 0, 0)
Build Patch/Sample Hash Table(s).....Done<1.2192 sec>
0...1...2...3...4...5...6...7...8...9...10FinalLightFace Done
28 of 383 (7% of) surface lights went in leaf ambient cubes.
0...1...2...3...4...5...6...7...8...9...10Writing leaf ambient...done
Ready to Finish

Object names       Objects/Maxobjs  Memory / Maxmem  Fullness 
------------       ---------------  ---------------  -------- 
models                   2/1024           96/49152    ( 0.2%) 
brushes                209/8192         2508/98304    ( 2.6%) 
brushsides            2783/65536       22264/524288   ( 4.2%) 
planes                4028/65536       80560/1310720  ( 6.1%) 
vertexes              3428/65536       41136/786432   ( 5.2%) 
nodes                  623/65536       19936/2097152  ( 1.0%) 
texinfos                50/12288        3600/884736   ( 0.4%) 
texdata                 12/2048          384/65536    ( 0.6%) 
dispinfos                0/0               0/0        ( 0.0%) 
disp_verts               0/0               0/0        ( 0.0%) 
disp_tris                0/0               0/0        ( 0.0%) 
disp_multiblend          0/0               0/0        ( 0.0%) 
disp_lmsamples           0/0               0/0        ( 0.0%) 
faces                 1873/65536      104888/3670016  ( 2.9%) 
hdr faces             1873/65536      104888/3670016  ( 2.9%) 
origfaces              301/65536       16856/3670016  ( 0.5%) 
facebrushes            767/0            1534/0        ( 0.0%) 
facebrushlists        1873/0            7492/0        ( 0.0%) 
leaves                 626/65536       20032/2097152  ( 1.0%) 
leaffaces             2942/65536        5884/131072   ( 4.5%) 
leafbrushes            977/65536        1954/131072   ( 1.5%) 
areas                    2/1024           16/8192     ( 0.2%) 
surfedges            10260/512000      41040/2048000  ( 2.0%) 
edges                 5981/256000      23924/1024000  ( 2.3%) 
LDR worldlights        431/8192        43100/819200   ( 5.3%) 
HDR worldlights        431/8192        43100/819200   ( 5.3%) 
leafwaterdata            0/32768           0/393216   ( 0.0%) 
waterstrips            313/32768        3130/327680   ( 1.0%) 
waterverts               0/65536           0/786432   ( 0.0%) 
waterindices          7143/65536       14286/131072   (10.9%) 
cubemapsamples           0/1024            0/16384    ( 0.0%) 
overlays                 0/1024            0/360448   ( 0.0%) 
LDR lightdata         [variable]     9466764/0        ( 0.0%) 
HDR lightdata         [variable]     9466764/0        ( 0.0%) 
visdata               [variable]        8315/16777216 ( 0.0%) 
entdata               [variable]       16726/393216   ( 4.3%) 
LDR ambient table      626/65536        2504/262144   ( 1.0%) 
HDR ambient table      626/65536        2504/262144   ( 1.0%) 
LDR leaf ambient      2980/65536       83440/1835008  ( 4.5%) 
HDR leaf ambient      2980/65536       83440/1835008  ( 4.5%) 
occluders                0/0               0/0        ( 0.0%) 
occluder polygons        0/0               0/0        ( 0.0%) 
occluder vert ind        0/0               0/0        ( 0.0%) 
detail props          [variable]           1/12       ( 8.3%) 
static props          [variable]           1/12       ( 8.3%) 
pakfile               [variable]       74757/0        ( 0.0%) 
physics               [variable]       77974/4194304  ( 1.9%) 
physics terrain       [variable]           2/1048576  ( 0.0%) 

Level flags = 7

Total triangle count: 5313
Writing c:\program files (x86)\steam\steamapps\common\counter-strike global offensive\sdk_content\maps\stage_4.bsp
22 minutes, 22 seconds elapsed
