PRT1
233
685
4 0 78 (3328 0 1818.611694 ) (3200 0 1818.611328 ) (3200 0 1453.682861 ) (3328 0 1453.682861 ) 
4 0 77 (3200 0 1453.682861 ) (3200 0 1152 ) (3328 0 1152 ) (3328 0 1453.682861 ) 
4 0 72 (3360 0 1818.611816 ) (3328 0 1818.611694 ) (3328 0 1152 ) (3360 0 1152 ) 
4 0 68 (4096 0 1152 ) (4096 0 1818.614136 ) (3360 0 1818.611816 ) (3360 0 1152 ) 
4 0 1 (4096 449.644775 1152 ) (3200 449.642822 1152 ) (3200 187.119080 1541.201416 ) (4096 187.123856 1541.197266 ) 
4 1 2 (4096 512 1760.231323 ) (3200 512 1760.238647 ) (3200 213.636414 1559.079346 ) (4096 213.633057 1559.069824 ) 
4 2 79 (3328 0 3712 ) (3200 0 3712 ) (3200 0 1875.807617 ) (3328 0 1875.805542 ) 
4 2 75 (3360 0 3712 ) (3328 0 3712 ) (3328 0 1875.805542 ) (3360 0 1875.805054 ) 
4 2 71 (4096 0 1875.793213 ) (4096 0 3712 ) (3360 0 3712 ) (3360 0 1875.805054 ) 
4 3 6 (2176 2048 896 ) (2048 2048 896 ) (2048 2048 -1408 ) (2176 2048 -1408 ) 
4 3 4 (2048 2688 -1408 ) (2048 2048 -1408 ) (2048 2048 896 ) (2048 2688 896 ) 
4 4 22 (1792 2048 896 ) (1024 2048 896 ) (1024 2048 -1408 ) (1792 2048 -1408 ) 
4 4 21 (2048 2048 -1408 ) (2048 2048 896 ) (1792 2048 896 ) (1792 2048 -1408 ) 
4 4 5 (1024 2048 -1408 ) (1024 2048 896 ) (1024 2688 896 ) (1024 2688 -1408 ) 
4 5 185 (0 2048 -1408 ) (0 2048 896 ) (0 2688 896 ) (0 2688 -1408 ) 
4 5 28 (0 2048 -359.306274 ) (0 2048 -588.128357 ) (1024 2048 -588.109009 ) (1024 2048 -359.318359 ) 
4 5 27 (0 2048 -588.128357 ) (0 2048 -1408 ) (1024 2048 -1408 ) (1024 2048 -588.109009 ) 
4 5 26 (0 2048 896 ) (0 2048 -359.306274 ) (1024 2048 -359.318359 ) (1024 2048 896 ) 
4 6 21 (2048 2048 896 ) (2048 2048 -1408 ) (2048 1024 -1408 ) (2048 1024 896 ) 
4 6 20 (2176 1024 896 ) (2048 1024 896 ) (2048 1024 -1408 ) (2176 1024 -1408 ) 
3 7 42 (2048 361.316986 2141.315430 ) (2048 768 2415.606934 ) (2048 768 1538.374512 ) 
3 7 15 (2775.312256 768 1538.366089 ) (2048 768 2415.612793 ) (2048 361.313965 2141.319824 ) 
5 7 13 (2048 768 1538.371826 ) (2775.312500 768 1538.363281 ) (2448.135010 585.054443 1809.599121 ) (2258.711914 585.054626 1809.601074 ) (2048 702.927551 1634.847168 ) 
4 8 45 (2048 495.567627 1713.390381 ) (2048 230.255920 1534.462036 ) (2048 213.628326 1559.113403 ) (2048 478.940674 1738.040161 ) 
4 8 38 (2048 230.255920 1534.462036 ) (2048 18.003662 1391.317383 ) (2048 1.377342 1415.971191 ) (2048 213.628326 1559.113403 ) 
4 8 14 (2077.736816 478.940979 1738.040039 ) (2077.739502 1.377465 1415.971069 ) (2048 18.003624 1391.317383 ) (2048 495.567932 1713.390015 ) 
3 8 11 (2048 18.001587 1391.319702 ) (2077.736572 1.377119 1415.970825 ) (2048 1.376993 1415.970947 ) 
4 8 9 (2048 1.378967 1415.971924 ) (2077.738281 1.379110 1415.971680 ) (2077.735107 478.941284 1738.039673 ) (2048 478.940857 1738.039795 ) 
3 9 135 (2048 0 1897.621338 ) (2048 0 1875.837891 ) (2066.061279 0 1875.836792 ) 
4 9 131 (2050.501221 0 1418.013550 ) (2080.203613 0 1418.013550 ) (2176 0 1533.545410 ) (2176 0 1569.387329 ) 
4 9 129 (2176 0 1533.545410 ) (2262.929688 0 1638.383789 ) (2248.065918 0 1656.311646 ) (2176 0 1569.387329 ) 
5 9 126 (2048 0 1875.837891 ) (2048 0 1418.013550 ) (2050.501221 0 1418.013550 ) (2248.065918 0 1656.311646 ) (2066.061279 0 1875.836792 ) 
5 9 45 (2048 0 1875.827881 ) (2048 0 1897.621338 ) (2048 255.191956 2069.738281 ) (2048 478.933472 1738.035278 ) (2048 213.628265 1559.113281 ) 
4 9 38 (2048 0 1418.013550 ) (2048 0 1875.827881 ) (2048 213.628265 1559.113281 ) (2048 1.377342 1415.971191 ) 
3 9 18 (2066.067139 0 1875.836670 ) (2262.932861 0 1638.387573 ) (2262.935059 110.084450 1712.632202 ) 
4 9 10 (2050.500488 0 1418.012817 ) (2048 0 1418.012817 ) (2048 1.376993 1415.970947 ) (2048.037842 1.376994 1415.970947 ) 
3 10 126 (2048 0 1418.013550 ) (2048 0 1414.997925 ) (2050.501221 0 1418.013550 ) 
3 10 38 (2048 0 1414.997925 ) (2048 0 1418.013550 ) (2048 1.397886 1415.940796 ) 
3 11 132 (2048 0 1414.997925 ) (2048 0 1379.175537 ) (2077.703125 0 1414.997925 ) 
4 11 38 (2048 0 1379.175537 ) (2048 0 1414.997925 ) (2048 1.397886 1415.940796 ) (2048 18.003662 1391.317383 ) 
4 11 14 (2077.702881 0 1414.997925 ) (2048 0 1379.175659 ) (2048 18.003624 1391.317383 ) (2077.702881 1.397882 1415.940796 ) 
4 12 127 (2048 0 1160.675415 ) (2048 0 1074.692139 ) (2730.257813 0 1074.716309 ) (2353.424805 0 1529.233032 ) 
4 12 123 (2048 0 1074.692139 ) (2048 0 1024 ) (2176 0 1024 ) (2176 0 1074.696655 ) 
4 12 114 (2176 0 1024 ) (2772.305908 0 1024 ) (2730.257813 0 1074.716309 ) (2176 0 1074.696655 ) 
5 12 44 (2048 331.531647 1384.315674 ) (2048 596.817627 1563.268799 ) (2048 768 1309.486206 ) (2048 768 1024 ) (2048 574.569397 1024 ) 
4 12 38 (2048 0 1024 ) (2048 0 1160.675415 ) (2048 331.531647 1384.315674 ) (2048 574.569397 1024 ) 
4 12 19 (2048 0 1024 ) (2048 768 1024 ) (2176 768 1024 ) (2176 0 1024 ) 
4 12 18 (2353.420898 160.682312 1637.619141 ) (2353.427979 0 1529.236816 ) (2448.139404 0 1415 ) (2448.135498 213.644913 1559.100098 ) 
6 12 17 (2772.312500 0 1024 ) (3072 535.937439 1024 ) (3072 768 1180.516602 ) (2965.087402 768 1309.468994 ) (2448.130859 478.931580 1738.030762 ) (2448.139404 0 1415 ) 
4 12 14 (2048 596.819092 1563.266724 ) (2048 0 1160.672485 ) (2258.742676 0 1414.976685 ) (2258.713135 478.941772 1738.019165 ) 
5 12 13 (2048 596.820496 1563.264404 ) (2258.730713 478.932556 1738.032349 ) (2448.122803 478.931763 1738.029907 ) (2965.078613 768 1309.468628 ) (2048 768 1309.486328 ) 
4 13 44 (2048 596.817627 1563.268799 ) (2048 702.928772 1634.847900 ) (2048 768 1538.374512 ) (2048 768 1309.486206 ) 
4 13 17 (2965.087402 768 1309.468994 ) (2775.312256 768 1538.366089 ) (2448.136963 585.055725 1809.599854 ) (2448.131592 478.932007 1738.030029 ) 
5 14 133 (2048 0 1379.175537 ) (2048 0 1160.675415 ) (2176 0 1315.133545 ) (2176 0 1414.990723 ) (2077.710938 0 1415.007446 ) 
3 14 130 (2176 0 1315.133545 ) (2258.740234 0 1414.976563 ) (2176 0 1414.990723 ) 
4 14 45 (2048 230.255905 1534.462036 ) (2048 495.560425 1713.385498 ) (2048 596.817566 1563.268799 ) (2048 331.531647 1384.315674 ) 
4 14 38 (2048 0 1160.675415 ) (2048 0 1379.175537 ) (2048 230.255905 1534.462036 ) (2048 331.531647 1384.315674 ) 
4 15 136 (3072 0 2676.827393 ) (3072 0 2688 ) (2048 0 2688 ) (2048 0 2676.934326 ) 
5 15 42 (2048 0 2676.934326 ) (2048 0 2688 ) (2048 768 2688 ) (2048 768 2415.606934 ) (2048 361.312775 2141.312500 ) 
4 15 17 (2448.124023 585.047913 1809.604004 ) (2775.316406 768 1538.355469 ) (2956.301270 768 1538.336548 ) (2629.119385 585.043457 1809.591675 ) 
5 15 16 (2956.301270 768 1538.336548 ) (3072 768 1538.324463 ) (3072 0 2676.833496 ) (2048 0 2676.940430 ) (2048 260.087952 2291.377197 ) 
5 16 136 (3072 0 1875.772705 ) (3072 0 2676.827393 ) (2048 0 2676.934326 ) (2048 0 2115.945313 ) (2247.064209 0 1875.825195 ) 
4 16 128 (2640.626221 0 1875.800171 ) (2430.047363 0 1875.813599 ) (2338.558105 0 1765.461304 ) (2443.893066 0 1638.401489 ) 
5 16 127 (3072 0 1074.728516 ) (3072 0 1875.772705 ) (2640.626221 0 1875.800171 ) (2443.893066 0 1638.401489 ) (2911.193848 0 1074.722778 ) 
3 16 126 (2430.047363 0 1875.813599 ) (2247.064209 0 1875.825195 ) (2338.558105 0 1765.461304 ) 
4 16 114 (3072 0 1024 ) (3072 0 1074.728516 ) (2911.193848 0 1074.722778 ) (2953.243896 0 1024 ) 
3 16 43 (2048 0 2115.945068 ) (2048 0 2676.934326 ) (2048 260.085205 2291.375488 ) 
3 16 18 (2629.109375 213.643951 1559.089966 ) (2629.104004 0 1414.991333 ) (2247.063965 0 1875.825195 ) 
6 16 17 (2629.118652 585.042725 1809.591187 ) (2956.300781 768 1538.335938 ) (3072 768 1398.774414 ) (3072 212.375793 1024 ) (2953.243164 0 1024 ) (2629.104004 0 1414.991333 ) 
4 17 127 (2448.133301 0 1415 ) (2730.257813 0 1074.716309 ) (2911.193604 0 1074.722778 ) (2629.104492 0 1414.991333 ) 
4 17 114 (2730.257813 0 1074.716309 ) (2772.305908 0 1024 ) (2953.243896 0 1024 ) (2911.193604 0 1074.722778 ) 
4 17 18 (2629.104492 0 1414.990723 ) (2629.109863 213.644150 1559.089600 ) (2448.129639 213.645020 1559.099854 ) (2448.133301 0 1415 ) 
4 18 128 (2248.065918 0 1656.311768 ) (2353.424805 0 1529.233154 ) (2443.893066 0 1638.401489 ) (2338.558105 0 1765.461304 ) 
4 18 127 (2353.424805 0 1529.233154 ) (2448.133301 0 1415 ) (2629.104492 0 1414.991333 ) (2443.893066 0 1638.401489 ) 
4 18 126 (2066.061279 0 1875.836792 ) (2248.065918 0 1656.311768 ) (2338.558105 0 1765.461304 ) (2247.064209 0 1875.825195 ) 
4 19 134 (2176 0 1024 ) (2048 0 1024 ) (2048 0 896 ) (2176 0 896 ) 
4 19 49 (2048 0 896 ) (2048 0 1024 ) (2048 896 1024 ) (2048 896 896 ) 
4 19 20 (2176 0 896 ) (2048 0 896 ) (2048 896 896 ) (2176 896 896 ) 
4 20 137 (2176 0 896 ) (2048 0 896 ) (2048 0 -1408 ) (2176 0 -1408 ) 
4 20 49 (2048 0 -1408 ) (2048 0 896 ) (2048 896 896 ) (2048 896 -1408 ) 
4 20 34 (2048 896 896 ) (2048 1024 896 ) (2048 1024 -1408 ) (2048 896 -1408 ) 
4 21 34 (2048 1024 -1408 ) (2048 1024 896 ) (1792 1024 896 ) (1792 1024 -1408 ) 
4 21 25 (1792 1046.924194 896 ) (1792 1201.282959 896 ) (1792 1408 589.525024 ) (1792 1408 360.705322 ) 
5 21 24 (1792 1024 -1408 ) (1792 1024 896 ) (1792 1046.924194 896 ) (1792 1408 360.705322 ) (1792 1408 -1408 ) 
3 21 23 (1792 1201.282959 896 ) (1792 1408 896 ) (1792 1408 589.525024 ) 
4 21 22 (1792 1408 896 ) (1792 2048 896 ) (1792 2048 -1408 ) (1792 1408 -1408 ) 
4 22 28 (1024 2048 -359.318359 ) (1024 2048 -588.109009 ) (1024 1408 360.690552 ) (1024 1408 589.534058 ) 
4 22 27 (1024 2048 -588.109009 ) (1024 2048 -1408 ) (1024 1408 -1408 ) (1024 1408 360.690552 ) 
4 22 26 (1024 2048 896 ) (1024 2048 -359.318359 ) (1024 1408 589.534058 ) (1024 1408 896 ) 
4 22 25 (1024 1408 589.533997 ) (1024 1408 360.690735 ) (1792 1408 360.705322 ) (1792 1408 589.525024 ) 
4 22 24 (1024 1408 360.690735 ) (1024 1408 -1408 ) (1792 1408 -1408 ) (1792 1408 360.705322 ) 
4 22 23 (1024 1408 896 ) (1024 1408 589.533997 ) (1792 1408 589.525024 ) (1792 1408 896 ) 
4 23 35 (1792 1024 1158.836670 ) (1792 1024 1536 ) (1024 1024 1536 ) (1024 1024 1158.845459 ) 
4 23 30 (1024 1024 1158.845459 ) (1024 1024 1536 ) (1024 1408 1536 ) (1024 1408 589.533997 ) 
5 23 25 (1024 1408 589.531067 ) (1792 1408 589.522095 ) (1792 1024 1158.833984 ) (1473.737549 1024 1158.837769 ) (1024 1275.489258 785.989380 ) 
4 24 36 (1792 1024 -1408 ) (1792 1024 929.984863 ) (1024 1024 929.970520 ) (1024 1024 -1408 ) 
4 24 31 (1024 1024 -1408 ) (1024 1024 929.970459 ) (1024 1408 360.690735 ) (1024 1408 -1408 ) 
5 24 25 (1792 1408 360.704803 ) (1024 1408 360.690247 ) (1024 1169.386597 714.434509 ) (1283.990967 1024 929.974976 ) (1792 1024 929.984558 ) 
4 25 37 (1792 1024 929.984863 ) (1792 1024 1158.836670 ) (1473.739624 1024 1158.840332 ) (1283.991333 1024 929.975403 ) 
4 25 33 (1024 1275.490479 785.990234 ) (1024 1408 589.533997 ) (1024 1408 360.690735 ) (1024 1169.386841 714.434631 ) 
4 26 192 (0 1408 589.546021 ) (0 1408 896 ) (0 2048 896 ) (0 2048 -359.306274 ) 
4 26 30 (0 1408 896 ) (0 1408 589.546021 ) (1024 1408 589.534058 ) (1024 1408 896 ) 
3 26 29 (0 1847.915894 -62.670227 ) (0 1848.100098 -62.943359 ) (0.164736 1848.007935 -62.806789 ) 
5 26 28 (0 2048 -359.311157 ) (1024 2048 -359.323090 ) (1024 1408 589.529053 ) (787.029541 1408 589.531799 ) (0 1848.100098 -62.943359 ) 
4 27 193 (0 1408 -1408 ) (0 1408 360.671265 ) (0 2048 -588.128357 ) (0 2048 -1408 ) 
4 27 31 (0 1408 360.671295 ) (0 1408 -1408 ) (1024 1408 -1408 ) (1024 1408 360.690552 ) 
3 27 29 (0 1742.005859 -134.492706 ) (0 1741.826660 -134.227081 ) (0.160217 1741.916260 -134.359894 ) 
5 27 28 (0 2048 -588.128784 ) (0 1742.005859 -134.492706 ) (597.293823 1408 360.682007 ) (1024 1408 360.690094 ) (1024 2048 -588.109253 ) 
4 28 194 (0 1848.102539 -62.941833 ) (0 2048 -359.306274 ) (0 2048 -588.128357 ) (0 1742.006104 -134.492554 ) 
4 28 33 (597.294189 1408 360.682526 ) (1024 1408 360.690552 ) (1024 1408 589.534058 ) (787.033691 1408 589.536804 ) 
4 28 29 (0.165222 1848.009399 -62.806458 ) (0 1848.101807 -62.943420 ) (0 1742.008057 -134.492523 ) (0.160765 1741.918213 -134.359238 ) 
4 29 194 (0 1847.918213 -62.668640 ) (0 1848.102539 -62.941833 ) (0 1742.006104 -134.492554 ) (0 1741.826904 -134.226929 ) 
4 30 195 (0 1024 1158.857422 ) (0 1024 1536 ) (0 1408 1536 ) (0 1408 589.545898 ) 
4 30 50 (0 1024 1536 ) (0 1024 1158.857544 ) (1024 1024 1158.845459 ) (1024 1024 1536 ) 
3 30 33 (787.031250 1408 589.533813 ) (1024 1408 589.531067 ) (1024 1275.489136 785.989380 ) 
3 30 32 (116.127502 1024 1158.853516 ) (0 1024 1158.854858 ) (0 1088.938110 1062.578613 ) 
4 31 196 (0 1024 -1408 ) (0 1024 929.951172 ) (0 1408 360.671204 ) (0 1408 -1408 ) 
4 31 51 (0 1024 929.951172 ) (0 1024 -1408 ) (1024 1024 -1408 ) (1024 1024 929.970459 ) 
3 31 33 (1024 1408 360.690247 ) (597.293945 1408 360.682159 ) (1024 1169.386597 714.434509 ) 
3 32 197 (0 1024 1018.784607 ) (0 1024 1158.857422 ) (0 1088.939331 1062.579468 ) 
3 32 52 (0 1024 1158.857544 ) (0 1024 1018.784607 ) (116.129639 1024 1158.856201 ) 
4 34 49 (1792 896 -1408 ) (2048 896 -1408 ) (2048 896 896 ) (1792 896 896 ) 
4 34 36 (1792 1024 -1408 ) (1792 896 -1408 ) (1792 896 896 ) (1792 1024 896 ) 
4 35 50 (1024 1024 1536 ) (1024 1024 1158.845459 ) (1024 896 1348.615967 ) (1024 896 1536 ) 
4 35 39 (1024 896 1408 ) (1024 896 1348.615967 ) (1664 896 1348.608398 ) (1664 896 1408 ) 
4 35 37 (1792 1024 1158.835205 ) (1792 896 1348.605469 ) (1702.640259 896 1348.606445 ) (1473.738403 1024 1158.838867 ) 
4 36 51 (1024 1024 929.970520 ) (1024 1024 -1408 ) (1024 896 -1408 ) (1024 896 1119.730469 ) 
4 36 40 (1664 896 1119.742432 ) (1024 896 1119.730347 ) (1024 896 1024 ) (1664 896 1024 ) 
4 36 49 (1024 896 -1408 ) (1792 896 -1408 ) (1792 896 1024 ) (1024 896 1024 ) 
4 36 37 (1512.889648 896 1119.738770 ) (1792 896 1119.744019 ) (1792 1024 929.984070 ) (1283.990601 1024 929.974487 ) 
3 37 41 (1664 896 1302 ) (1512.890381 896 1119.739624 ) (1664 896 1119.742432 ) 
4 38 164 (1024 0 1074.665039 ) (1024 0 1024 ) (1152 0 1024 ) (1152 0 1074.661743 ) 
4 38 161 (1152 0 1360.897217 ) (1024 0 1360.916504 ) (1024 0 1074.665039 ) (1152 0 1074.661743 ) 
4 38 157 (2048 0 1024 ) (2048 0 1360.761841 ) (2016 0 1360.766724 ) (2016 0 1024 ) 
4 38 160 (2016 0 1360.766724 ) (1152 0 1360.897217 ) (1152 0 1024 ) (2016 0 1024 ) 
5 38 147 (1464.181885 0 1875.828003 ) (1283.160889 0 1875.828003 ) (1024 0 1563.224731 ) (1024 0 1360.916504 ) (1037.301025 0 1360.914551 ) 
4 38 146 (2048 0 1360.761841 ) (2048 0 1875.828003 ) (1464.181885 0 1875.828003 ) (1037.301025 0 1360.914551 ) 
3 38 145 (1283.160889 0 1875.828003 ) (1024 0 1875.828003 ) (1024 0 1563.224731 ) 
3 38 56 (1024 0 1344.910034 ) (1024 0 1875.828003 ) (1024 246.126831 1510.932617 ) 
4 38 55 (1024 0 1024 ) (1024 0 1344.910034 ) (1024 246.126831 1510.932617 ) (1024 574.569397 1024 ) 
3 38 47 (1024 246.143524 1510.909302 ) (1024 213.644104 1559.091309 ) (1082.119995 213.643707 1559.091919 ) 
3 38 46 (1024 144.891327 1661.020752 ) (1024 0 1875.829468 ) (1283.105469 0 1875.829468 ) 
6 38 45 (1613.234741 574.570313 1024 ) (1024 574.570313 1024 ) (1024 246.143524 1510.909302 ) (1464.183105 0 1875.829468 ) (2048 0 1875.829468 ) (2048 331.452179 1384.434814 ) 
3 38 44 (2048 574.570313 1024 ) (1613.234741 574.570313 1024 ) (2048 331.452179 1384.434814 ) 
4 38 49 (2048 0 1024 ) (1024 0 1024 ) (1024 574.569336 1024 ) (2048 574.569397 1024 ) 
3 39 53 (1024 896 1408 ) (1024 896 1348.616089 ) (1024 855.945618 1408 ) 
4 40 58 (1024 896 1119.730469 ) (1024 896 1024 ) (1024 768 1024 ) (1024 768 1309.490234 ) 
5 40 45 (1024 768 1024 ) (1505.082642 768 1024 ) (1664 768 1215.678223 ) (1664 768 1309.502319 ) (1024 768 1309.490234 ) 
3 40 44 (1505.082642 768 1024 ) (1664 768 1024 ) (1664 768 1215.678223 ) 
3 40 41 (1664 811.500427 1245.014648 ) (1664 896 1119.744019 ) (1512.891724 896 1119.741211 ) 
4 40 49 (1024 768 1024 ) (1024 896 1024 ) (1664 896 1024 ) (1664 768 1024 ) 
4 42 149 (2048 0 2676.934326 ) (2048 0 2688 ) (1956.433228 0 2688 ) (1947.269775 0 2676.944824 ) 
4 42 148 (1956.433228 0 2688 ) (1392.709473 0 2688 ) (1401.828125 0 2677.001709 ) (1947.269775 0 2676.944824 ) 
4 42 145 (1392.709473 0 2688 ) (1024 0 2688 ) (1024 0 2677.041016 ) (1401.828125 0 2677.001709 ) 
4 42 54 (1024 0 2677.041016 ) (1024 0 2688 ) (1024 768 2688 ) (1024 768 1538.533081 ) 
4 42 48 (1765.109985 101.895508 2525.909424 ) (1582.889893 0 2676.981689 ) (1401.829102 0 2677 ) (1674.602173 152.523499 2450.866455 ) 
4 42 46 (1401.829102 0 2677 ) (1024 0 2677.040039 ) (1024 516.393066 1911.522217 ) (1674.604614 152.524841 2450.864258 ) 
3 42 44 (1931.594482 768 1538.437256 ) (2048 768 1538.425171 ) (2048 702.897583 1634.935181 ) 
3 42 43 (2048 260.084656 2291.375488 ) (2048 0 2676.933350 ) (1582.889893 0 2676.981689 ) 
4 43 149 (2048 0 2115.945313 ) (2048 0 2676.934326 ) (1947.269653 0 2676.944824 ) (1765.109985 0 2457.179932 ) 
3 43 148 (1947.269653 0 2676.944824 ) (1582.889160 0 2676.982666 ) (1765.109985 0 2457.179932 ) 
3 43 48 (1582.888062 0 2676.984619 ) (1765.110107 101.896927 2525.910645 ) (1765.109985 0 2457.179932 ) 
5 44 45 (1741.772339 768 1309.491943 ) (1505.075562 768 1024 ) (1613.229004 574.568115 1024 ) (2048 331.445648 1384.438965 ) (2048 596.754883 1563.361938 ) 
4 44 49 (1505.082764 768 1024 ) (2048 768 1024 ) (2048 574.569397 1024 ) (1613.235352 574.569397 1024 ) 
4 45 146 (2048 0 1875.828003 ) (2048 0 1897.621704 ) (1765.116211 0 2238.821777 ) (1464.181885 0 1875.828003 ) 
5 45 58 (1024 768 1309.505371 ) (1024 768 1024 ) (1024 574.569397 1024 ) (1024 246.142853 1510.908936 ) (1024 511.437653 1689.866211 ) 
4 45 47 (1024 511.437317 1689.866821 ) (1024 246.143951 1510.911133 ) (1082.118652 213.644989 1559.092773 ) (1082.102051 478.946655 1738.033936 ) 
4 45 49 (1024 574.569336 1024 ) (1024 768 1024 ) (1505.082764 768 1024 ) (1613.235352 574.569397 1024 ) 
5 46 145 (1401.828247 0 2677.001465 ) (1024 0 2677.041016 ) (1024 0 1875.828003 ) (1283.104248 0 1875.828003 ) (1674.593994 0 2348.005127 ) 
4 46 57 (1024 0 1875.828003 ) (1024 0 2677.041016 ) (1024 516.393555 1911.522583 ) (1024 144.890656 1661.020386 ) 
3 46 48 (1674.604980 152.533661 2450.870605 ) (1401.813843 0 2677.019775 ) (1674.594482 0 2348.005371 ) 
4 47 58 (1024 511.427307 1689.859253 ) (1024 246.142853 1510.908936 ) (1024 213.643494 1559.090820 ) (1024 478.936707 1738.026489 ) 
4 48 148 (1765.109863 0 2457.179932 ) (1582.889160 0 2676.982666 ) (1401.828247 0 2677.001465 ) (1674.605347 0 2347.991455 ) 
4 49 167 (2048 0 -1408 ) (2048 0 896 ) (1024 0 896 ) (1024 0 -1408 ) 
4 49 164 (1152 0 1024 ) (1024 0 1024 ) (1024 0 896 ) (1152 0 896 ) 
4 49 157 (2048 0 896 ) (2048 0 1024 ) (2016 0 1024 ) (2016 0 896 ) 
4 49 160 (2016 0 1024 ) (1152 0 1024 ) (1152 0 896 ) (2016 0 896 ) 
3 49 58 (1024 574.569336 1024 ) (1024 896 1024 ) (1024 896 547.463013 ) 
5 49 55 (1024 896 -1408 ) (1024 0 -1408 ) (1024 0 1024 ) (1024 574.569336 1024 ) (1024 896 547.463013 ) 
4 50 204 (0 1024 1536 ) (0 1024 1158.857544 ) (0 896 1348.627930 ) (0 896 1536 ) 
4 50 59 (640 896 1536 ) (0 896 1536 ) (0 896 1348.627930 ) (640 896 1348.620483 ) 
4 50 53 (1024 896 1348.615967 ) (1024 896 1408 ) (640 896 1408 ) (640 896 1348.620483 ) 
4 50 52 (0 1024 1158.852905 ) (116.125832 1024 1158.851563 ) (345.025452 896 1348.619507 ) (0 896 1348.623535 ) 
4 51 207 (0 1024 896 ) (0 1024 800.431885 ) (0 896 714.093994 ) (0 896 896 ) 
4 51 206 (0 1024 800.431885 ) (0 1024 -1408 ) (0 896 -1408 ) (0 896 714.093994 ) 
4 51 203 (0 1024 929.951172 ) (0 1024 896 ) (0 896 896 ) (0 896 1119.711182 ) 
4 51 63 (0 896 -1408 ) (640 896 -1408 ) (640 896 -253.737061 ) (0 896 -253.719727 ) 
4 51 60 (640 896 -253.737061 ) (640 896 1119.723145 ) (0 896 1119.711060 ) (0 896 -253.719727 ) 
4 51 58 (1024 896 547.463135 ) (1024 896 1119.730469 ) (640 896 1119.723145 ) (640 896 547.463135 ) 
4 51 55 (640 896 -1408 ) (1024 896 -1408 ) (1024 896 547.463135 ) (640 896 547.463135 ) 
3 51 52 (0 982.813904 991.008850 ) (0 896 1119.710449 ) (155.245331 896 1119.713379 ) 
5 52 204 (0 1024 1158.857544 ) (0 1024 1018.784607 ) (0 982.814209 991.009094 ) (0 896 1119.711182 ) (0 896 1348.627930 ) 
4 52 61 (345.029053 896 1348.623901 ) (0 896 1348.627930 ) (0 896 1119.711060 ) (155.245850 896 1119.713989 ) 
3 53 59 (640 896 1408 ) (640 896 1348.620239 ) (640 855.948425 1408 ) 
4 54 168 (1024 0 2677.009033 ) (1024 0 2688 ) (640 0 2688 ) (640 0 2677.013916 ) 
4 54 57 (640 0 2677.009277 ) (640 731.050781 1593.166382 ) (1024 516.318970 1911.519531 ) (1024 0 2677.004883 ) 
5 55 175 (1024 0 158.302368 ) (1024 0 896 ) (651.841919 0 896 ) (640 0 881.715881 ) (640 0 158.306763 ) 
4 55 174 (1024 0 -1408 ) (1024 0 158.302368 ) (640 0 158.306763 ) (640 0 -1408 ) 
3 55 170 (1024 0 896 ) (1024 0 1344.909912 ) (651.841919 0 896 ) 
6 55 67 (640 0 158.434570 ) (640 0 881.715820 ) (640 21.176147 896 ) (640 120.514732 896 ) (640 128 884.902283 ) (640 128 -31.317749 ) 
3 55 66 (640 120.514732 896 ) (640 128 896 ) (640 128 884.902283 ) 
4 55 65 (640 128 -1408 ) (640 0 -1408 ) (640 0 158.434570 ) (640 128 -31.317749 ) 
4 55 63 (640 896 -253.737122 ) (640 896 -1408 ) (640 128 -1408 ) (640 128 884.902344 ) 
5 55 60 (640 896 547.463135 ) (640 896 -253.737122 ) (640 128 884.902344 ) (640 128 968.057068 ) (640 460.857758 1192.583252 ) 
4 55 58 (1024 896 547.460938 ) (640 896 547.460938 ) (640 460.857239 1192.582764 ) (1024 246.126434 1510.932495 ) 
5 55 56 (1024 246.125916 1510.929199 ) (640 460.856812 1192.579834 ) (640 89.452698 942.052612 ) (799.967285 0 1074.671143 ) (1024 0 1344.907227 ) 
6 56 171 (1024 0 1344.909912 ) (1024 0 1414.988525 ) (901.106201 0 1414.988525 ) (640 0 1100.038696 ) (640 0 1074.675537 ) (799.964966 0 1074.671143 ) 
3 56 169 (1024 0 1414.988525 ) (1024 0 1563.224731 ) (901.106201 0 1414.988525 ) 
4 56 168 (1024 0 1563.224731 ) (1024 0 1875.827881 ) (640 0 1875.827881 ) (640 0 1100.038696 ) 
4 56 60 (640 229.218521 1536 ) (640 460.857758 1192.583252 ) (640 128 968.057068 ) (640 128 1536 ) 
5 56 58 (640 460.857239 1192.582764 ) (640 359.618835 1342.673950 ) (901.042358 213.643997 1559.089355 ) (1024 213.643204 1559.090576 ) (1024 246.126434 1510.932495 ) 
4 56 57 (640 359.618835 1342.673950 ) (640 0 1875.827759 ) (1024 0 1875.827759 ) (1024 144.886139 1661.026489 ) 
4 57 168 (1024 0 1875.827881 ) (1024 0 2677.009033 ) (640 0 2677.013916 ) (640 0 1875.827881 ) 
3 57 61 (640 615.205933 1536 ) (640 646.283997 1536 ) (640 624.923157 1521.594360 ) 
4 57 60 (640 359.619324 1342.674316 ) (640 229.218536 1536 ) (640 615.205933 1536 ) (640 624.923157 1521.594360 ) 
4 57 58 (901.043945 213.642120 1559.088013 ) (640 359.617920 1342.671509 ) (640 624.924988 1521.591431 ) (901.064880 478.936523 1738.024414 ) 
4 58 60 (640 896 1119.723022 ) (640 896 547.463135 ) (640 359.619324 1342.674316 ) (640 624.923218 1521.594360 ) 
3 59 204 (0 896 1536 ) (0 896 1348.627930 ) (0 769.617737 1536 ) 
4 59 61 (0 896 1348.620850 ) (345.023163 896 1348.616821 ) (571.045044 769.610718 1536 ) (0 769.615234 1536 ) 
5 60 207 (0 896 896 ) (0 896 714.093872 ) (0 447.339691 411.465393 ) (0 346.127319 561.523254 ) (0 842.019348 896 ) 
3 60 206 (0 896 714.093872 ) (0 896 -253.720215 ) (0 447.339691 411.465393 ) 
4 60 205 (0 346.127319 561.523254 ) (0 128 884.919678 ) (0 128 896 ) (0 842.019348 896 ) 
5 60 203 (0 896 1119.711060 ) (0 896 896 ) (0 128 896 ) (0 128 1536 ) (0 615.197876 1536 ) 
4 60 66 (640 128 884.902100 ) (640 128 896 ) (399.268127 128 896 ) (390.073120 128 884.908875 ) 
4 60 64 (0 128 896 ) (0 128 884.919434 ) (390.073120 128 884.908875 ) (399.268127 128 896 ) 
5 60 63 (0 896 -253.720963 ) (640 896 -253.738281 ) (640 128 884.902649 ) (571.071350 128 884.904541 ) (0 447.339630 411.465302 ) 
3 60 62 (390.073486 128 884.909424 ) (0 128 884.919922 ) (0 346.127258 561.523315 ) 
5 60 61 (0 615.197266 1536 ) (640 615.205444 1536 ) (640 624.922729 1521.594116 ) (155.245117 896 1119.713135 ) (0 896 1119.710205 ) 
4 61 204 (0 896 1348.627930 ) (0 896 1119.711060 ) (0 615.197876 1536 ) (0 769.617737 1536 ) 
3 62 205 (0 128 414.397339 ) (0 128 884.919678 ) (0 346.127289 561.523315 ) 
3 62 64 (390.073090 128 884.908875 ) (0 128 884.919434 ) (0 128 414.397400 ) 
5 63 206 (0 896 -253.720215 ) (0 896 -1408 ) (0 128 -1408 ) (0 128 196.065674 ) (0 447.339691 411.465363 ) 
5 63 67 (640 128 -31.317871 ) (640 128 884.902100 ) (571.070801 128 884.903992 ) (0 128 196.065674 ) (0 128 -31.308899 ) 
4 63 65 (0 128 -1408 ) (640 128 -1408 ) (640 128 -31.317871 ) (0 128 -31.308899 ) 
4 64 205 (0 0 328.062134 ) (0 0 896 ) (0 128 896 ) (0 128 414.397461 ) 
3 64 173 (0 0 896 ) (0 0 328.062012 ) (470.843689 0 896 ) 
3 64 66 (390.078918 128 884.908997 ) (399.273804 128 896 ) (403.457062 120.518997 896 ) 
3 65 209 (0 0 109.727661 ) (0 0 158.443237 ) (0 22.585371 124.961807 ) 
5 65 206 (0 0 -1408 ) (0 0 109.727661 ) (0 22.585371 124.961807 ) (0 128 -31.308899 ) (0 128 -1408 ) 
4 65 174 (0 0 158.443253 ) (0 0 -1408 ) (640 0 -1408 ) (640 0 158.434326 ) 
5 65 67 (640 128 -31.314697 ) (0 128 -31.305874 ) (0 22.586777 124.962769 ) (40.388992 0 158.445709 ) (640 0 158.437439 ) 
4 66 67 (640 120.515671 896 ) (584.454468 120.516685 896 ) (571.072144 128 884.905579 ) (640 128 884.903687 ) 
3 67 206 (0 128 196.065643 ) (0 128 -31.308899 ) (0 22.585373 124.961807 ) 
3 67 175 (40.386475 0 158.442688 ) (640 0 158.434326 ) (640 0 881.709839 ) 
4 68 86 (4096 -1024 2020.557129 ) (4096 -1024 2249.674805 ) (3360 -1024 2249.452637 ) (3360 -1024 2020.566406 ) 
4 68 84 (4096 -1024 2249.674805 ) (4096 -1024 3336.733643 ) (3360 -1024 3336.731445 ) (3360 -1024 2249.452637 ) 
4 68 73 (3360 -283.763306 1152 ) (3360 -438.143524 1152 ) (3360 -440.955597 1156.169067 ) (3360 -334.856995 1227.750000 ) 
5 68 72 (3360 0 1152 ) (3360 -283.763306 1152 ) (3360 -1024 2249.452637 ) (3360 -1024 3336.731445 ) (3360 0 1818.611572 ) 
4 68 70 (3360 -440.949585 1156.157227 ) (3360 -438.145508 1152 ) (4096 -438.151733 1152 ) (4096 -440.967773 1156.174927 ) 
4 69 87 (4096 -1024 1152 ) (4096 -1024 1963.341309 ) (3360 -1024 1963.316284 ) (3360 -1024 1152 ) 
3 69 74 (3360 -476.745789 1152 ) (3360 -1024 1152 ) (3360 -1024 1963.316284 ) 
3 70 73 (3360 -438.143524 1152 ) (3360 -447.106598 1152 ) (3360 -440.948303 1156.158203 ) 
4 71 85 (4096 -1024 3393.932129 ) (4096 -1024 3712 ) (3360 -1024 3712 ) (3360 -1024 3393.944092 ) 
4 71 75 (3360 -1024 3393.944092 ) (3360 -1024 3712 ) (3360 0 3712 ) (3360 0 1875.805176 ) 
4 72 84 (3328 -1024 3336.731445 ) (3328 -1024 2249.442871 ) (3360 -1024 2249.452637 ) (3360 -1024 3336.731445 ) 
5 72 78 (3328 -1024 2306.672363 ) (3328 -1024 3336.731445 ) (3328 0 1818.611572 ) (3328 0 1453.682861 ) (3328 -308.313690 1245.629517 ) 
4 72 77 (3328 0 1152 ) (3328 -283.769836 1152 ) (3328 -334.846558 1227.724854 ) (3328 0 1453.682861 ) 
4 72 73 (3328 -334.862244 1227.743896 ) (3328 -283.772705 1152 ) (3360 -283.765625 1152 ) (3360 -334.858582 1227.748901 ) 
3 73 76 (3328 -283.769836 1152 ) (3328 -447.131470 1152 ) (3328 -334.860352 1227.745239 ) 
4 74 89 (3328 -1024 1963.301025 ) (3328 -1024 1152 ) (3360 -1024 1152 ) (3360 -1024 1963.360474 ) 
3 74 76 (3328 -476.786255 1152 ) (3328 -1024 1152 ) (3328 -1024 1963.301025 ) 
4 75 85 (3360 -1024 3712 ) (3328 -1024 3712 ) (3328 -1024 3393.944580 ) (3360 -1024 3393.944092 ) 
4 75 79 (3328 -1024 3393.944580 ) (3328 -1024 3712 ) (3328 0 3712 ) (3328 0 1875.805542 ) 
4 76 93 (3200 -1024 2249.447754 ) (3200 -1024 1152 ) (3328 -1024 1152 ) (3328 -1024 2249.447754 ) 
4 76 77 (3328 -334.838257 1227.730469 ) (3328 -283.756958 1152 ) (3200 -283.756958 1152 ) (3200 -334.838257 1227.730469 ) 
4 77 78 (3200 0 1453.682129 ) (3200 -308.313080 1245.628662 ) (3328 -308.313049 1245.628662 ) (3328 0 1453.682129 ) 
4 78 94 (3200 -1024 2688 ) (3200 -1024 2306.672607 ) (3328 -1024 2306.672607 ) (3328 -1024 2688 ) 
4 78 90 (3200 -1024 3336.730957 ) (3200 -1024 2688 ) (3328 -1024 2688 ) (3328 -1024 3336.731445 ) 
5 78 80 (3200 -1024 2306.672607 ) (3200 -1024 2560 ) (3200 -512 2560 ) (3200 -512 2048 ) (3200 -849.522217 2048 ) 
4 79 92 (3328 -1024 3712 ) (3200 -1024 3712 ) (3200 -1024 3393.946533 ) (3328 -1024 3393.944580 ) 
5 80 128 (3072 -516.391968 2048 ) (3072 -656.515686 2048 ) (3072 -730.374756 2157.494629 ) (3072 -512 2304.785400 ) (3072 -512 2050.962646 ) 
3 80 127 (3072 -512 2048 ) (3072 -516.391968 2048 ) (3072 -512 2050.962646 ) 
4 80 126 (3072 -730.374756 2157.494629 ) (3072 -1001.882874 2560 ) (3072 -512 2560 ) (3072 -512 2304.785400 ) 
5 80 114 (3072 -656.515686 2048 ) (3072 -849.522278 2048 ) (3072 -1024 2306.672607 ) (3072 -1024 2560 ) (3072 -1001.882874 2560 ) 
4 80 95 (3200 -1024 2306.672607 ) (3200 -1024 2560 ) (3072 -1024 2560 ) (3072 -1024 2306.672607 ) 
4 81 103 (4096 -2048 3712 ) (4096 -2048 4854.879883 ) (3328 -2048 4854.860352 ) (3328 -2048 3712 ) 
4 81 88 (3360 -2048 3712 ) (3328 -2048 3712 ) (3328 -2010.501099 3712 ) (3360 -2010.494629 3712 ) 
4 81 86 (4096 -2010.344727 3712 ) (4096 -2048 3712 ) (3360 -2048 3712 ) (3360 -2010.494629 3712 ) 
4 81 83 (4096 -1277.125732 3712 ) (4096 -2010.344727 3712 ) (3328 -2010.501099 3712 ) (3328 -1277.139160 3712 ) 
3 82 91 (3328 -1238.550293 3712 ) (3328 -1172.658447 3712 ) (3328 -1217.924072 3681.430420 ) 
4 82 85 (3328 -1217.923340 3681.429443 ) (3328 -1172.656250 3712 ) (4096 -1172.656250 3712 ) (4096 -1217.900269 3681.445068 ) 
4 83 90 (3328 -2010.501099 3712 ) (3328 -1277.139282 3712 ) (3328 -1244.441040 3663.522461 ) (3328 -1748.291016 3323.254883 ) 
4 83 88 (3328 -2010.503906 3712 ) (3328 -1748.488892 3323.544678 ) (3360 -1748.471802 3323.529053 ) (3360 -2010.497437 3712 ) 
4 83 86 (3360 -1748.288086 3323.256592 ) (4096 -1748.185303 3323.326416 ) (4096 -2010.347534 3712 ) (3360 -2010.497437 3712 ) 
4 83 84 (4096 -1748.182983 3323.326172 ) (3328 -1748.290405 3323.253662 ) (3328 -1244.440308 3663.521484 ) (4096 -1244.431274 3663.527832 ) 
3 84 94 (3328 -1024 2688 ) (3328 -1024 2306.672363 ) (3328 -1281.210083 2688 ) 
5 84 90 (3328 -1024 3336.731445 ) (3328 -1024 2688 ) (3328 -1319.808716 2688 ) (3328 -1748.291016 3323.254883 ) (3328 -1244.431396 3663.529297 ) 
4 84 86 (3360 -1024 2249.449463 ) (4096 -1024 2249.671631 ) (4096 -1748.185303 3323.326416 ) (3360 -1748.288086 3323.256592 ) 
4 85 92 (3328 -1172.658447 3712 ) (3328 -1024 3712 ) (3328 -1024 3393.944580 ) (3328 -1217.915894 3681.436035 ) 
4 86 104 (4096 -2048 3538.697021 ) (4096 -2048 3712 ) (3360 -2048 3712 ) (3360 -2048 3538.706055 ) 
5 86 88 (3360 -2010.492188 3712 ) (3360 -1748.468384 3323.531250 ) (3360 -1854.578857 3251.947998 ) (3360 -2048 3538.706299 ) (3360 -2048 3712 ) 
4 87 105 (4096 -2048 1152 ) (4096 -2048 3481.443604 ) (3360 -2048 3481.418945 ) (3360 -2048 1152 ) 
4 87 89 (3360 -1024 1963.316406 ) (3360 -1024 1152 ) (3360 -2048 1152 ) (3360 -2048 3481.418945 ) 
4 88 104 (3360 -2048 3712 ) (3328 -2048 3712 ) (3328 -2048 3538.706543 ) (3360 -2048 3538.706299 ) 
5 88 90 (3328 -2048 3538.706787 ) (3328 -2048 3712 ) (3328 -2010.501099 3712 ) (3328 -1748.487061 3323.545654 ) (3328 -1854.591187 3251.966797 ) 
4 89 105 (3328 -2048 3481.470459 ) (3328 -2048 1152 ) (3360 -2048 1152 ) (3360 -2048 3481.469971 ) 
5 89 93 (3328 -2048 1152 ) (3328 -2048 2688 ) (3328 -1512.798828 2688 ) (3328 -1024 1963.324097 ) (3328 -1024 1152 ) 
3 89 90 (3328 -2048 2688 ) (3328 -2048 3481.470459 ) (3328 -1512.798828 2688 ) 
4 90 106 (3328 -2048 2688 ) (3328 -2048 3712 ) (3200 -2048 3712 ) (3200 -2048 2688 ) 
4 90 94 (3200 -1281.209961 2688 ) (3200 -1024 2688 ) (3328 -1024 2688 ) (3328 -1281.209961 2688 ) 
4 90 93 (3200 -2048 2688 ) (3200 -1319.810059 2688 ) (3328 -1319.810059 2688 ) (3328 -2048 2688 ) 
4 90 91 (3328 -1277.125000 3712 ) (3328 -1244.430664 3663.529541 ) (3200 -1244.430908 3663.529297 ) (3200 -1277.125244 3712 ) 
4 91 92 (3200 -1217.915161 3681.437012 ) (3200 -1172.660156 3712 ) (3328 -1172.660156 3712 ) (3328 -1217.916138 3681.436523 ) 
4 93 106 (3328 -2048 1152 ) (3328 -2048 2688 ) (3200 -2048 2688 ) (3200 -2048 1152 ) 
3 94 95 (3200 -1024 2560 ) (3200 -1024 2306.672607 ) (3200 -1194.872437 2560 ) 
3 95 141 (3072 -1194.872437 2560 ) (3072 -1024 2560 ) (3072 -1024 2306.672607 ) 
4 96 98 (3328 -3061.726563 6016 ) (3328 -3061.726563 5834.144531 ) (4096 -3061.726563 5834.154785 ) (4096 -3061.726563 6016 ) 
4 96 97 (4096 -3061.726563 5834.153320 ) (3328 -3061.726563 5834.143066 ) (3328 -2819.093750 5998.065918 ) (4096 -2819.089111 5998.079102 ) 
4 97 103 (3328 -3061.726563 5314.523438 ) (3328 -2358.043701 5314.523438 ) (4096 -2358.030029 5314.523438 ) (4096 -3061.726563 5314.523438 ) 
4 97 99 (4088 -3061.726563 5314.523438 ) (4096 -3061.726563 5314.523438 ) (4096 -3061.726563 5346.520508 ) (4088 -3061.726563 5346.520508 ) 
4 97 100 (3328 -3061.726563 5346.520508 ) (3328 -3061.726563 5314.523438 ) (3392 -3061.726563 5314.523438 ) (3392 -3061.726563 5346.520508 ) 
4 97 98 (3328 -3061.726563 5834.144531 ) (3328 -3061.726563 5346.520508 ) (4096 -3061.726563 5346.520508 ) (4096 -3061.726563 5834.154785 ) 
4 98 108 (4088 -3072 6016 ) (3392 -3072 6016 ) (3392 -3072 5346.520508 ) (4088 -3072 5346.520508 ) 
4 98 107 (4096 -3072 5346.520508 ) (4096 -3072 6016 ) (4088 -3072 6016 ) (4088 -3072 5346.520508 ) 
4 98 111 (3392 -3072 6016 ) (3328 -3072 6016 ) (3328 -3072 5346.520508 ) (3392 -3072 5346.520508 ) 
4 98 99 (4088 -3061.726563 5346.520508 ) (4096 -3061.726563 5346.520508 ) (4096 -3072 5346.520508 ) (4088 -3072 5346.520508 ) 
4 98 100 (3328 -3072 5346.520508 ) (3328 -3061.726563 5346.520508 ) (3392 -3061.726563 5346.520508 ) (3392 -3072 5346.520508 ) 
4 99 107 (4096 -3072 5314.523438 ) (4096 -3072 5346.520508 ) (4088 -3072 5346.520508 ) (4088 -3072 5314.523438 ) 
4 99 103 (4088 -3061.726563 5314.523438 ) (4096 -3061.726563 5314.523438 ) (4096 -3072 5314.523438 ) (4088 -3072 5314.523438 ) 
4 100 111 (3392 -3072 5346.520508 ) (3328 -3072 5346.520508 ) (3328 -3072 5314.523438 ) (3392 -3072 5314.523438 ) 
4 100 103 (3328 -3072 5314.523438 ) (3328 -3061.726563 5314.523438 ) (3392 -3061.726563 5314.523438 ) (3392 -3072 5314.523438 ) 
4 101 102 (4096 -2304 3861 ) (3328 -2304 3861.010742 ) (3328 -2304 3840 ) (4096 -2304 3840 ) 
4 102 112 (4096 -3072 3840 ) (4096 -3072 4999.607422 ) (3328 -3072 4999.617188 ) (3328 -3072 3840 ) 
4 103 109 (4088 -3072 5314.523438 ) (3392 -3072 5314.523438 ) (3392 -3072 5056.845215 ) (4088 -3072 5056.836426 ) 
4 103 107 (4096 -3072 5056.836426 ) (4096 -3072 5314.523438 ) (4088 -3072 5314.523438 ) (4088 -3072 5056.836426 ) 
4 103 111 (3392 -3072 5314.523438 ) (3328 -3072 5314.523438 ) (3328 -3072 5056.846191 ) (3392 -3072 5056.845215 ) 
4 103 104 (3328 -2048 3712 ) (4096 -2048 3712 ) (4096 -2164.894531 3712 ) (3328 -2164.887939 3712 ) 
3 104 106 (3328 -2164.888184 3712 ) (3328 -2048 3712 ) (3328 -2048 3538.706543 ) 
4 105 106 (3328 -2048 1152 ) (3328 -2176 1152 ) (3328 -2176 3671.238770 ) (3328 -2048 3481.470459 ) 
4 107 113 (4096 -3429.291748 5586.538574 ) (4096 -3456 5626.135254 ) (4088 -3456 5626.135254 ) (4088 -3429.291504 5586.538086 ) 
4 107 108 (4088 -3205.733398 5346.520508 ) (4088 -3205.733398 6016 ) (4088 -3072 6016 ) (4088 -3072 5346.520508 ) 
4 107 109 (4088 -3072 5056.837891 ) (4088 -3205.733398 5255.105469 ) (4088 -3205.733398 5314.523438 ) (4088 -3072 5314.523438 ) 
4 107 110 (4088 -3205.733398 5255.105469 ) (4088 -3456 5626.139648 ) (4088 -3456 6016 ) (4088 -3205.733398 6016 ) 
4 108 111 (3392 -3205.733398 5346.520508 ) (3392 -3205.733398 6016 ) (3392 -3072 6016 ) (3392 -3072 5346.520508 ) 
4 108 110 (3392 -3205.733398 6016 ) (3392 -3205.733398 5346.520508 ) (4088 -3205.733398 5346.520508 ) (4088 -3205.733398 6016 ) 
4 109 110 (3392 -3205.733398 5314.523438 ) (3392 -3205.733398 5255.113281 ) (4088 -3205.733398 5255.109375 ) (4088 -3205.733398 5314.523438 ) 
4 109 111 (3392 -3072 5056.843750 ) (3392 -3205.733398 5255.111328 ) (3392 -3205.733398 5314.523438 ) (3392 -3072 5314.523438 ) 
4 110 113 (4088 -3429.291504 5586.538086 ) (4088 -3456 5626.135254 ) (3392 -3456 5626.144043 ) (3392 -3429.273438 5586.520508 ) 
4 110 111 (3392 -3205.733398 5255.111328 ) (3392 -3456 5626.145508 ) (3392 -3456 6016 ) (3392 -3205.733398 6016 ) 
4 111 113 (3328 -3456 5626.145020 ) (3328 -3429.271729 5586.519043 ) (3392 -3429.273438 5586.520508 ) (3392 -3456 5626.144043 ) 
4 112 113 (3328 -3455.810791 5568.639648 ) (3328 -3456 5568.919922 ) (4096 -3456 5568.910156 ) (4096 -3455.831055 5568.659668 ) 
4 114 141 (3072 -1024 2306.672363 ) (3072 -1024 2592.788086 ) (2176 -1024 2592.756348 ) (2176 -1024 2306.672607 ) 
3 114 130 (2258.750000 -157.756912 1308.570679 ) (2176 -111.466019 1239.942383 ) (2176 -157.764771 1308.579468 ) 
4 114 129 (2176 -212.736572 1390.074219 ) (2176 -229.345703 1414.696899 ) (2248.036377 -269.627258 1474.416138 ) (2262.889893 -261.319092 1462.099976 ) 
4 114 128 (3072 -730.374573 2157.494873 ) (3072 -612.695068 1983.037109 ) (2353.389893 -210.699219 1387.060059 ) (2248.036377 -269.627258 1474.416138 ) 
4 114 127 (3072 -612.695068 1983.037109 ) (3072 0 1074.728027 ) (2176 0 1074.696045 ) (2176 -111.466019 1239.942383 ) 
4 114 126 (2176 -1024 2592.757324 ) (3072 -1024 2592.789063 ) (3072 -730.374573 2157.494873 ) (2176 -229.345703 1414.696899 ) 
4 114 125 (2176 -411.155518 1684.222534 ) (2176 -309.904541 1534.120239 ) (2176 -442.553223 1444.646851 ) (2176 -543.799438 1594.749756 ) 
4 114 124 (2176 -1024 2592.750732 ) (2176 -411.155518 1684.222534 ) (2176 -543.799438 1594.749756 ) (2176 -1024 2306.672607 ) 
4 114 121 (2176 -309.904541 1534.120239 ) (2176 -229.347244 1414.695923 ) (2176 -362 1325.223145 ) (2176 -442.553223 1444.646851 ) 
5 114 123 (2176 -157.770309 1308.584717 ) (2176 0 1074.693726 ) (2176 0 1024 ) (2176 -158.821854 1024 ) (2176 -290.426270 1219.110596 ) 
4 114 119 (2416.063965 -308.312805 1245.630127 ) (2448.060303 -290.420929 1219.104492 ) (2629.110840 -290.416931 1219.098511 ) (2597.108398 -308.312805 1245.630127 ) 
4 114 118 (2629.110840 -290.416931 1219.098511 ) (3072 -290.407104 1219.083862 ) (3072 -308.312836 1245.630005 ) (2597.108398 -308.312805 1245.630127 ) 
4 114 117 (2176 -308.312805 1245.630127 ) (2176 -290.426941 1219.113403 ) (2448.060303 -290.420929 1219.104492 ) (2416.063965 -308.312805 1245.630127 ) 
4 114 115 (2176 -290.426941 1219.113403 ) (2176 -158.820313 1024 ) (3072 -158.820374 1024 ) (3072 -290.407104 1219.083862 ) 
3 115 123 (2176 -158.821854 1024 ) (2176 -579.696777 1024 ) (2176 -290.427734 1219.112793 ) 
4 115 119 (2629.110840 -290.416229 1219.098999 ) (2448.060303 -290.420258 1219.104980 ) (2448.060059 -316.936005 1201.219971 ) (2629.110107 -316.937988 1201.209961 ) 
4 115 118 (3072 -290.406403 1219.084351 ) (2629.110840 -290.416229 1219.098999 ) (2629.102783 -579.664734 1024 ) (3072 -579.633301 1024 ) 
4 115 117 (2448.060303 -290.420258 1219.104980 ) (2176 -290.426300 1219.113892 ) (2176 -316.954803 1201.220337 ) (2448.060059 -316.948761 1201.211426 ) 
4 115 116 (2176 -316.954803 1201.220337 ) (2176 -579.696960 1024 ) (2448.057129 -579.677612 1024 ) (2448.060059 -316.948761 1201.211426 ) 
3 116 139 (2176 -1024 1052.452026 ) (2176 -1024 1024 ) (2199.588135 -1024 1024 ) 
4 116 122 (2176 -579.696777 1024 ) (2176 -808.596741 1024 ) (2176 -388.527893 1307.330811 ) (2176 -316.954742 1201.220215 ) 
5 116 121 (2176 -808.596741 1024 ) (2176 -1024 1024 ) (2176 -1024 1052.452026 ) (2176 -469.080383 1426.753662 ) (2176 -388.527893 1307.330811 ) 
4 116 117 (2416.074707 -334.840088 1227.729126 ) (2448.062500 -316.953125 1201.210938 ) (2176 -316.959137 1201.219849 ) (2176 -334.840118 1227.729126 ) 
4 117 122 (2176 -308.313599 1245.629517 ) (2176 -290.427734 1219.112793 ) (2176 -316.954742 1201.220215 ) (2176 -334.836884 1227.731323 ) 
4 117 119 (2448.059326 -316.945984 1201.207275 ) (2448.059570 -290.421875 1219.097656 ) (2416.058105 -308.316589 1245.627563 ) (2416.064697 -334.836853 1227.731323 ) 
4 118 120 (2597.119141 -334.834381 1227.727783 ) (2597.187500 -636.738037 1024 ) (3072 -636.738098 1024 ) (3072 -334.834412 1227.727783 ) 
4 118 119 (2629.112793 -290.414063 1219.097656 ) (2629.112061 -316.936676 1201.208130 ) (2597.117432 -334.827576 1227.730957 ) (2597.111328 -308.304688 1245.628906 ) 
5 120 140 (3072 -1024 1024 ) (3072 -1024 2249.447754 ) (2176 -1024 2249.447754 ) (2176 -1024 1270.836670 ) (2380.630615 -1024 1024 ) 
3 120 124 (2176 -1024 1270.836670 ) (2176 -1024 2249.447754 ) (2176 -570.326782 1576.856079 ) 
4 121 159 (2048 -514.128601 1550.761108 ) (2048 -381.482727 1640.232788 ) (2048 -300.922577 1520.803955 ) (2048 -433.572052 1431.331177 ) 
4 121 157 (2048 -300.922577 1520.803955 ) (2048 -157.770828 1308.584229 ) (2048 -290.427032 1219.110107 ) (2048 -433.572052 1431.331177 ) 
5 121 153 (2048 -579.701111 1024 ) (2048 -1024 1024 ) (2048 -1024 1206.845093 ) (2048 -514.128601 1550.761108 ) (2048 -290.427032 1219.110107 ) 
4 121 143 (2048 -1024 1206.845215 ) (2048 -1024 1024 ) (2176 -1024 1024 ) (2176 -1024 1052.452026 ) 
5 121 126 (2176 -309.902893 1534.121460 ) (2176 -229.345734 1414.696899 ) (2048.001709 -157.771027 1308.584229 ) (2048 -157.771027 1308.584229 ) (2048 -381.482666 1640.232544 ) 
4 121 125 (2176 -469.071228 1426.757080 ) (2176 -309.898438 1534.121094 ) (2048 -381.478363 1640.232300 ) (2048 -540.648987 1532.869751 ) 
4 121 122 (2176 -362 1325.213379 ) (2176 -808.582581 1024 ) (2048.005615 -579.695313 1024 ) (2048.004639 -290.420685 1219.110962 ) 
4 122 123 (2176 -290.421387 1219.112061 ) (2176 -579.698242 1024 ) (2048 -579.698242 1024 ) (2048 -290.421417 1219.111938 ) 
5 123 157 (2048 0 1074.692139 ) (2048 0 1024 ) (2048 -158.823563 1024 ) (2048 -290.427002 1219.110107 ) (2048 -157.770828 1308.584229 ) 
3 123 153 (2048 -158.823563 1024 ) (2048 -579.701111 1024 ) (2048 -290.427002 1219.110107 ) 
4 123 134 (2048 -512 1024 ) (2048 0 1024 ) (2176 0 1024 ) (2176 -512 1024 ) 
5 123 133 (2176 -157.768921 1308.585571 ) (2176 -111.466019 1239.942383 ) (2048 -39.861813 1133.785889 ) (2048 -141.168015 1283.970581 ) (2077.693604 -157.770538 1308.584595 ) 
3 123 132 (2048 -141.168015 1283.970581 ) (2048 -157.771027 1308.584229 ) (2077.693604 -157.770538 1308.584595 ) 
4 123 127 (2176 -111.466019 1239.942383 ) (2176 0 1074.696045 ) (2048 0 1074.691528 ) (2048 -39.861813 1133.785889 ) 
4 124 159 (2048 -497.775909 1812.635132 ) (2048 -482.736450 1790.339478 ) (2048 -615.377258 1700.868408 ) (2048 -630.419983 1723.170166 ) 
4 124 158 (2048 -931.757751 2169.921387 ) (2048 -799.126099 2259.380859 ) (2048 -497.775909 1812.635132 ) (2048 -630.419983 1723.170166 ) 
4 124 152 (2048 -1024 1425.237427 ) (2048 -1024 2107.704590 ) (2048 -931.757751 2169.921387 ) (2048 -615.377258 1700.868408 ) 
3 124 151 (2048 -1024 2107.704590 ) (2048 -1024 2592.751953 ) (2048 -799.126099 2259.380859 ) 
4 124 144 (2176 -1024 2592.756348 ) (2048 -1024 2592.751709 ) (2048 -1024 1425.237427 ) (2176 -1024 1270.836792 ) 
4 124 126 (2048 -1024 2592.752686 ) (2176 -1024 2592.757324 ) (2176 -411.153870 1684.224121 ) (2048 -482.736542 1790.339600 ) 
4 124 125 (2048 -482.731323 1790.342041 ) (2176 -411.148438 1684.226563 ) (2176 -570.327454 1576.854370 ) (2048 -641.908203 1682.971313 ) 
4 125 159 (2048 -615.377319 1700.868408 ) (2048 -482.736450 1790.339478 ) (2048 -381.482727 1640.232788 ) (2048 -514.128601 1550.761108 ) 
4 125 154 (2048 -641.908691 1682.972046 ) (2048 -615.377319 1700.868408 ) (2048 -514.128601 1550.761108 ) (2048 -540.650452 1532.871704 ) 
4 125 126 (2176 -411.153870 1684.224121 ) (2176 -309.902893 1534.121460 ) (2048 -381.482666 1640.232544 ) (2048 -482.736542 1790.339600 ) 
4 126 159 (2048 -300.922546 1520.803955 ) (2048 -497.775848 1812.635010 ) (2048 -365.117065 1902.110107 ) (2048 -168.282990 1610.270020 ) 
4 126 158 (2048 -497.775848 1812.635010 ) (2048 -799.126099 2259.380859 ) (2048 -666.441895 2348.875488 ) (2048 -365.117065 1902.110107 ) 
4 126 157 (2048 -25.141844 1398.038818 ) (2048 -157.769974 1308.583008 ) (2048 -300.922546 1520.803955 ) (2048 -168.282990 1610.270020 ) 
5 126 151 (2048 -799.126099 2259.380859 ) (2048 -1024 2592.751953 ) (2048 -1024 2688 ) (2048 -895.167297 2688 ) (2048 -666.441895 2348.875488 ) 
4 126 150 (2048 -248.876816 1729.764160 ) (2048 -350.078857 1879.813477 ) (2048 -111.318909 2040.859619 ) (2048 -10.099609 1890.809692 ) 
4 126 149 (2048 -350.078857 1879.813477 ) (2048 -666.475342 2348.925293 ) (2048 -427.751465 2509.946777 ) (2048 -111.318909 2040.859619 ) 
4 126 148 (2048 -666.475342 2348.925293 ) (2048 -895.167297 2688 ) (2048 -547.860962 2688 ) (2048 -427.751465 2509.946777 ) 
5 126 146 (2048 0 1875.837769 ) (2048 0 1414.996704 ) (2048 -25.141844 1398.038818 ) (2048 -248.876816 1729.764160 ) (2048 -10.099609 1890.809692 ) 
4 126 144 (2176 -1024 2688 ) (2048 -1024 2688 ) (2048 -1024 2592.751709 ) (2176 -1024 2592.756348 ) 
4 126 141 (3072 -1024 2592.788086 ) (3072 -1024 2688 ) (2176 -1024 2688 ) (2176 -1024 2592.756348 ) 
6 126 136 (2048 -547.863220 2688 ) (3072 -547.907166 2688 ) (3072 -359.010376 2407.975098 ) (2430.044678 0 1875.810425 ) (2247.066895 0 1875.822144 ) (2048 -111.320313 2040.858643 ) 
3 126 135 (2066.064209 0 1875.833618 ) (2048 0 1875.834717 ) (2048 -10.101165 1890.808960 ) 
3 126 131 (2050.501221 0 1418.013550 ) (2176 0 1569.387573 ) (2176 -70.167992 1522.059937 ) 
4 126 129 (2248.036621 -269.628448 1474.414917 ) (2176 -229.346786 1414.695557 ) (2176 0 1569.387573 ) (2248.037354 0 1656.277588 ) 
5 126 128 (3072 -730.375122 2157.492432 ) (2248.036621 -269.628448 1474.414917 ) (2248.037354 0 1656.277588 ) (2430.046875 0 1875.813477 ) (3072 -359.008972 2407.976318 ) 
3 127 157 (2048 0 1160.675415 ) (2048 0 1074.692139 ) (2048 -39.861576 1133.786133 ) 
3 127 136 (3072 -241.341492 2233.540039 ) (3072 0 1875.769653 ) (2640.623535 0 1875.796997 ) 
4 127 133 (2176 0 1315.136597 ) (2048 0 1160.678101 ) (2048 -39.862373 1133.787964 ) (2176 -111.466553 1239.944214 ) 
4 127 130 (2258.737549 0 1414.976685 ) (2176 0 1315.136597 ) (2176 -111.466553 1239.944214 ) (2258.748047 -157.756439 1308.571045 ) 
5 127 128 (3072 -241.342651 2233.543701 ) (2640.622314 0 1875.799805 ) (2353.382324 0 1529.185059 ) (2353.388916 -210.699249 1387.061035 ) (3072 -612.695862 1983.038696 ) 
4 128 136 (3072 -359.010376 2407.975098 ) (3072 -241.341492 2233.540039 ) (2640.623535 0 1875.796997 ) (2430.044678 0 1875.810425 ) 
4 128 129 (2262.890869 -261.323212 1462.098389 ) (2248.037354 -269.632813 1474.414063 ) (2248.038574 0 1656.279175 ) (2262.900635 0 1638.348511 ) 
4 129 131 (2176 -70.167267 1522.058960 ) (2176 0 1569.385864 ) (2176 0 1533.545410 ) (2176 -53.555733 1497.427002 ) 
4 130 133 (2176 0 1315.133057 ) (2176 -111.460938 1239.945313 ) (2176 -157.759842 1308.582886 ) (2176 0 1414.990723 ) 
4 132 157 (2048 -8.536438 1373.418457 ) (2048 -141.167923 1283.970825 ) (2048 -157.769974 1308.583008 ) (2048 -25.141846 1398.038818 ) 
4 132 146 (2048 0 1414.996704 ) (2048 0 1379.175537 ) (2048 -8.536438 1373.418457 ) (2048 -25.141846 1398.038818 ) 
4 132 133 (2077.693848 -157.770386 1308.584595 ) (2048 -141.167633 1283.970337 ) (2048 0 1379.175537 ) (2077.702881 0 1414.997925 ) 
5 133 157 (2048 0 1360.761719 ) (2048 0 1160.675415 ) (2048 -39.861576 1133.786133 ) (2048 -141.167923 1283.970825 ) (2048 -8.536438 1373.418457 ) 
3 133 146 (2048 0 1379.175537 ) (2048 0 1360.761719 ) (2048 -8.536438 1373.418457 ) 
4 134 157 (2048 0 1024 ) (2048 0 896 ) (2048 -72.486427 896 ) (2048 -158.823578 1024 ) 
4 134 156 (2048 -72.486427 896 ) (2048 -512 896 ) (2048 -512 1024 ) (2048 -158.823578 1024 ) 
4 134 137 (2048 -512 896 ) (2048 0 896 ) (2176 0 896 ) (2176 -512 896 ) 
3 135 146 (2048 0 1897.621460 ) (2048 0 1875.837769 ) (2048 -10.099621 1890.809692 ) 
5 136 149 (2048 0 2688 ) (2048 0 2115.945313 ) (2048 -111.318893 2040.859619 ) (2048 -427.751465 2509.946777 ) (2048 -163.777710 2688 ) 
3 136 148 (2048 -427.751465 2509.946777 ) (2048 -547.860962 2688 ) (2048 -163.777710 2688 ) 
4 137 167 (2048 0 896 ) (2048 0 -1408 ) (2048 -512 -1408 ) (2048 -512 896 ) 
3 138 142 (2176 -1792 1024 ) (2176 -1792 1442.496338 ) (2176 -1509.781250 1024 ) 
4 138 140 (2176 -1509.783081 1024 ) (2176 -1792 1442.493652 ) (3072 -1792 1442.670166 ) (3072 -1509.664063 1024 ) 
3 139 143 (2176 -1024 1052.452026 ) (2176 -1024 1024 ) (2176 -1066.181396 1024 ) 
7 140 144 (2176 -1792 1442.496338 ) (2176 -1792 2688 ) (2176 -1319.810059 2688 ) (2176 -1024 2249.447754 ) (2176 -1024 1270.836670 ) (2176 -1389.935059 1024 ) (2176 -1509.781250 1024 ) 
3 141 144 (2176 -1281.209961 2688 ) (2176 -1024 2688 ) (2176 -1024 2306.672607 ) 
3 142 176 (2048 -1792 1024 ) (2048 -1792 1442.471191 ) (2048 -1509.798218 1024 ) 
5 142 144 (2176 -1792 1442.496094 ) (2176 -1509.781494 1024 ) (2108.977051 -1509.790405 1024 ) (2048 -1543.889404 1074.552856 ) (2048 -1792 1442.470825 ) 
3 143 179 (2048 -1024 1206.845093 ) (2048 -1024 1024 ) (2048 -1295.076660 1024 ) 
5 144 178 (2048 -1792 1442.471191 ) (2048 -1792 1589.692017 ) (2048 -1024 2107.704590 ) (2048 -1024 1425.237427 ) (2048 -1543.889160 1074.552856 ) 
4 144 177 (2048 -1792 1589.692017 ) (2048 -1792 2688 ) (2048 -1024 2688 ) (2048 -1024 2107.704590 ) 
5 145 168 (1024 0 2688 ) (1024 0 1563.224731 ) (1024 -93.784332 1499.967651 ) (1024 -821.370178 2578.737793 ) (1024 -659.370605 2688 ) 
3 145 151 (1024 -821.372131 2578.736572 ) (1024 -93.786438 1499.966187 ) (1674.611084 -457.631409 2039.330444 ) 
5 145 148 (1024 -821.371277 2578.743408 ) (1674.614136 -457.629150 2039.335693 ) (1674.607300 0 2347.996094 ) (1392.714844 0 2688 ) (1024 -659.379883 2688 ) 
5 145 147 (1674.608276 -218.897079 2200.353760 ) (1674.611816 -457.632813 2039.332031 ) (1024 -93.787201 1499.967163 ) (1024 0 1563.226196 ) (1283.159546 0 1875.827881 ) 
3 146 161 (1037.297119 0 1360.909790 ) (1152 0 1360.892456 ) (1152 -64.144501 1455.997681 ) 
4 146 159 (2048 -168.285065 1610.268555 ) (2048 -248.878830 1729.762573 ) (2016 -266.769257 1756.292969 ) (2016 -168.276978 1610.261353 ) 
4 146 157 (2016 0 1360.761963 ) (2048 0 1360.757080 ) (2048 -168.285065 1610.268555 ) (2016 -168.276978 1610.261353 ) 
5 146 160 (1152 0 1360.892456 ) (2016 0 1360.761963 ) (2016 -266.769257 1756.292969 ) (1765.133179 -407.022736 1964.280762 ) (1152 -64.144501 1455.997681 ) 
4 146 150 (1765.136230 -407.020477 1964.286011 ) (2048 -248.878418 1729.770874 ) (2048 -10.103119 1890.815063 ) (1765.126221 -168.280365 2125.318604 ) 
4 146 147 (1037.308594 0 1360.924194 ) (1765.134888 -407.015625 1964.285156 ) (1765.124878 -168.281479 2125.313721 ) (1464.182983 0 1875.828003 ) 
3 147 171 (1024 0 1414.988525 ) (1024 0 1360.916382 ) (1024 -25.066242 1398.081299 ) 
4 147 169 (1024 0 1563.224731 ) (1024 0 1414.988525 ) (1024 -25.066242 1398.081299 ) (1024 -93.784332 1499.967651 ) 
5 147 161 (1024 -93.786438 1499.966187 ) (1024 0 1360.911743 ) (1037.297119 0 1360.909790 ) (1152 -64.144501 1455.997681 ) (1152 -165.368622 1606.079712 ) 
4 147 160 (1152 -64.144501 1455.997681 ) (1765.133179 -407.022736 1964.280762 ) (1674.611084 -457.631409 2039.330444 ) (1152 -165.368622 1606.079712 ) 
4 147 150 (1674.614136 -457.629150 2039.335693 ) (1765.136230 -407.020477 1964.286011 ) (1765.126221 -168.283386 2125.316650 ) (1674.610596 -218.897583 2200.354736 ) 
3 148 168 (1024 -821.370178 2578.737793 ) (1024 -895.062988 2688 ) (1024 -659.370605 2688 ) 
5 148 151 (2048 -895.170044 2688 ) (1024 -895.065735 2688 ) (1024 -821.372131 2578.736572 ) (1674.614990 -457.629242 2039.327148 ) (2048 -666.477234 2348.923828 ) 
4 148 150 (1765.108887 -508.241699 2114.366455 ) (1674.614868 -457.625000 2039.332031 ) (1674.609863 -218.892807 2200.353516 ) (1765.108887 -269.514465 2275.390625 ) 
5 148 149 (2048 -666.473389 2348.929932 ) (1765.108887 -508.241699 2114.366455 ) (1765.108887 0 2457.180908 ) (1956.430664 0 2688 ) (2048 -163.782852 2688 ) 
3 149 159 (2048 -350.080872 1879.812012 ) (2048 -365.119080 1902.108765 ) (2021.118286 -365.110596 1902.100220 ) 
5 149 158 (2048 -365.119080 1902.108765 ) (2048 -666.477234 2348.923828 ) (2016 -648.578430 2322.390625 ) (2016 -367.972260 1906.343872 ) (2021.118286 -365.110596 1902.100220 ) 
3 149 160 (2016 -648.578430 2322.390625 ) (1765.109863 -508.246399 2114.362061 ) (2016 -367.972260 1906.343872 ) 
4 149 150 (2048 -350.076660 1879.817383 ) (1765.110474 -508.242188 2114.367188 ) (1765.110474 -269.514954 2275.391113 ) (2048 -111.319969 2040.861328 ) 
5 150 159 (2016 -266.769226 1756.292969 ) (2048 -248.878830 1729.762573 ) (2048 -350.080872 1879.812012 ) (2021.118286 -365.110596 1902.100220 ) (2016 -365.109009 1902.098633 ) 
3 150 158 (2021.118286 -365.110596 1902.100220 ) (2016 -367.972260 1906.343872 ) (2016 -365.109009 1902.098633 ) 
4 150 160 (1674.614990 -457.629242 2039.327148 ) (2016 -266.769226 1756.292969 ) (2016 -367.972260 1906.343872 ) (1765.109863 -508.246399 2114.362061 ) 
4 151 181 (1024 -1024 1024 ) (1024 -1024 896 ) (1043.447876 -1024 896 ) (1149.565063 -1024 1024 ) 
5 151 177 (2048 -1024 2107.704590 ) (2048 -1024 2688 ) (1024 -1024 2688 ) (1024 -1024 1024 ) (1149.565063 -1024 1024 ) 
5 151 168 (1024 -989.220886 896 ) (1024 -1024 896 ) (1024 -1024 2688 ) (1024 -895.062988 2688 ) (1024 -93.784363 1499.967651 ) 
4 151 165 (1024 -385.664581 1303.088501 ) (1024 -226.486023 1410.453979 ) (1152 -298.063171 1516.570923 ) (1152 -457.241180 1409.205811 ) 
4 151 161 (1024 -226.486023 1410.453979 ) (1024 -93.784195 1499.961060 ) (1152 -165.366409 1606.074585 ) (1152 -298.063171 1516.570923 ) 
4 151 158 (2016 -648.546387 2322.340820 ) (2048 -666.441895 2348.869141 ) (2048 -931.754517 2169.916504 ) (2016 -913.864075 2143.384766 ) 
4 151 160 (1152 -165.366409 1606.074585 ) (2016 -648.546387 2322.340820 ) (2016 -913.864075 2143.384766 ) (1152 -430.822021 1427.025391 ) 
4 151 155 (1152 -457.241150 1409.205811 ) (1152 -430.822021 1427.025391 ) (1765.115479 -773.600464 1935.371460 ) (1765.115112 -800.090332 1917.503662 ) 
4 151 152 (2048 -931.754517 2169.916504 ) (2048 -1024 2107.697266 ) (1765.111450 -1024 1766.472900 ) (1765.115479 -773.600464 1935.371460 ) 
3 152 178 (2048 -1024 1425.237427 ) (2048 -1024 2107.704590 ) (1765.108276 -1024 1766.476807 ) 
3 152 159 (2048 -630.418335 1723.171387 ) (2048 -615.375427 1700.869385 ) (2021.111206 -630.414917 1723.159424 ) 
5 152 158 (2016 -913.866028 2143.390381 ) (2048 -931.756470 2169.922119 ) (2048 -630.418335 1723.171387 ) (2021.111206 -630.414917 1723.159424 ) (2016 -633.273743 1727.396484 ) 
3 152 160 (1765.112549 -773.600830 1935.374756 ) (2016 -913.866028 2143.390381 ) (2016 -633.273743 1727.396484 ) 
4 152 155 (1765.114502 -773.598999 1935.378418 ) (1855.617432 -722.978760 1860.354126 ) (1855.617188 -749.489685 1842.471802 ) (1765.114014 -800.093140 1917.507690 ) 
4 152 154 (1855.617432 -722.978760 1860.354126 ) (2048 -615.375000 1700.874512 ) (2048 -641.910828 1682.975098 ) (1855.617188 -749.495850 1842.467651 ) 
4 153 179 (2048 -1024 1024 ) (2048 -1024 1206.845093 ) (1765.079956 -1024 1548.102051 ) (1330.581177 -1024 1024 ) 
4 153 166 (1152 -197.440552 1024 ) (1152 -583.708374 1024 ) (1152 -621.516296 1080.072998 ) (1152 -356.033478 1259.145386 ) 
4 153 164 (1152 -329.608124 1276.969727 ) (1152 -158.977814 1024 ) (1152 -197.440552 1024 ) (1152 -356.033478 1259.145386 ) 
3 153 162 (1152 -583.708374 1024 ) (1152 -704.647095 1024 ) (1152 -621.516296 1080.072998 ) 
4 153 159 (2016 -532.024109 1577.288208 ) (2048 -514.126465 1550.762207 ) (2048 -433.569946 1431.332642 ) (2016 -433.567871 1431.321289 ) 
4 153 157 (2048 -433.569946 1431.332642 ) (2048 -158.819824 1024 ) (2016 -158.825348 1024 ) (2016 -433.567871 1431.321289 ) 
5 153 160 (1152 -158.974396 1024 ) (1152 -329.606506 1276.970825 ) (1765.079712 -672.364197 1785.285767 ) (2016 -532.024109 1577.288208 ) (2016 -158.825348 1024 ) 
4 153 156 (1152 -512 1024 ) (1152 -158.973572 1024 ) (2048 -158.819336 1024 ) (2048 -512 1024 ) 
4 153 155 (1765.080688 -698.861450 1767.411743 ) (1765.080688 -672.364807 1785.284180 ) (1152 -329.605042 1276.968262 ) (1152 -356.031860 1259.142944 ) 
4 153 154 (1765.076050 -672.367188 1785.285156 ) (1765.076050 -698.860657 1767.414917 ) (2048 -540.648987 1532.869629 ) (2048 -514.127808 1550.758545 ) 
5 154 159 (2021.111206 -630.414917 1723.159424 ) (2048 -615.375427 1700.869385 ) (2048 -514.126465 1550.762207 ) (2016 -532.024109 1577.288208 ) (2016 -630.414307 1723.157227 ) 
3 154 158 (2016 -633.273743 1727.396484 ) (2021.111206 -630.414917 1723.159424 ) (2016 -630.414307 1723.157227 ) 
4 154 160 (1765.079712 -672.364197 1785.285767 ) (1855.615479 -722.980469 1860.350464 ) (2016 -633.273743 1727.396484 ) (2016 -532.024109 1577.288208 ) 
4 154 155 (1855.618286 -749.495483 1842.467041 ) (1855.618530 -722.982544 1860.350708 ) (1765.080688 -672.364807 1785.284180 ) (1765.080688 -698.859436 1767.413086 ) 
4 155 165 (1152 -457.243347 1409.208862 ) (1152 -430.824097 1427.028564 ) (1152 -329.608124 1276.969727 ) (1152 -356.033478 1259.145386 ) 
4 155 160 (1152 -329.606506 1276.970825 ) (1152 -430.824219 1427.031250 ) (1765.112549 -773.600830 1935.374756 ) (1855.615479 -722.980469 1860.350464 ) 
4 156 167 (1152 -512 896 ) (1152 -72.640625 896 ) (2048 -72.486427 896 ) (2048 -512 896 ) 
5 156 166 (1152 -111.111458 896 ) (1152 -497.402771 896 ) (1152 -512 917.649170 ) (1152 -512 1024 ) (1152 -197.440552 1024 ) 
4 156 164 (1152 -158.977814 1024 ) (1152 -72.640671 896 ) (1152 -111.111458 896 ) (1152 -197.440552 1024 ) 
3 156 162 (1152 -497.402771 896 ) (1152 -512 896 ) (1152 -512 917.649170 ) 
4 156 157 (2048 -72.482498 896 ) (2016 -72.488007 896 ) (2016 -158.825348 1024 ) (2048 -158.819824 1024 ) 
4 156 160 (2016 -72.488007 896 ) (1152 -72.636719 896 ) (1152 -158.974396 1024 ) (2016 -158.825348 1024 ) 
4 157 167 (2016 0 896 ) (2048 0 896 ) (2048 -72.486427 896 ) (2016 -72.491936 896 ) 
4 157 159 (2048 -168.281570 1610.272827 ) (2016 -168.273438 1610.265625 ) (2016 -433.570313 1431.320313 ) (2048 -433.572418 1431.331543 ) 
5 157 160 (2016 -72.492188 896 ) (2016 -433.569824 1431.319946 ) (2016 -168.274933 1610.262695 ) (2016 0 1360.766479 ) (2016 0 896 ) 
4 158 160 (2016 -630.415649 1723.156128 ) (2016 -913.867188 2143.390625 ) (2016 -648.546875 2322.347900 ) (2016 -365.107086 1902.099976 ) 
4 158 159 (2048 -630.421936 1723.170288 ) (2016 -630.417969 1723.156250 ) (2016 -365.107727 1902.101074 ) (2048 -365.117737 1902.111084 ) 
4 159 160 (2016 -433.569824 1431.319946 ) (2016 -630.415649 1723.156128 ) (2016 -365.107086 1902.099976 ) (2016 -168.274933 1610.262695 ) 
4 160 167 (1152 -72.640625 896 ) (1152 0 896 ) (2016 0 896 ) (2016 -72.491936 896 ) 
4 160 165 (1152 -430.824097 1427.028564 ) (1152 -298.065094 1516.573975 ) (1152 -196.855881 1366.520874 ) (1152 -329.610046 1276.972656 ) 
5 160 164 (1152 -196.855881 1366.520874 ) (1152 0 1074.661621 ) (1152 0 896 ) (1152 -72.640671 896 ) (1152 -329.610046 1276.972656 ) 
4 160 161 (1152 -298.065094 1516.573975 ) (1152 -165.367188 1606.078125 ) (1152 0 1360.893066 ) (1152 0 1074.661621 ) 
5 161 171 (1024 0 1360.916382 ) (1024 0 1344.910034 ) (1024 -125.279037 1260.404297 ) (1024 -157.768692 1308.573486 ) (1024 -25.066246 1398.081299 ) 
3 161 170 (1024 0 1344.910034 ) (1024 0 1074.665161 ) (1024 -125.279037 1260.404297 ) 
4 161 169 (1024 -157.768692 1308.573486 ) (1024 -226.489258 1410.458862 ) (1024 -93.784363 1499.967651 ) (1024 -25.066246 1398.081299 ) 
5 161 165 (1152 -196.854004 1366.521973 ) (1152 -298.062500 1516.574219 ) (1024 -226.485443 1410.457275 ) (1024 -157.764648 1308.571533 ) (1082.102539 -157.767776 1308.574463 ) 
4 161 164 (1152 0 1074.665405 ) (1152 -196.854004 1366.521973 ) (1024 -125.277153 1260.405396 ) (1024 0 1074.668945 ) 
3 162 170 (1024 -497.401825 896 ) (1024 -665.513062 896 ) (1024 -549.956848 973.944458 ) 
4 162 167 (1024 -512 896 ) (1024 -497.401825 896 ) (1152 -497.402740 896 ) (1152 -512 896 ) 
4 162 166 (1152 -621.515686 1080.073364 ) (1152 -497.401855 896 ) (1024 -497.400757 896 ) (1024 -549.956177 973.944946 ) 
4 162 163 (1082.116577 -582.446777 1022.127930 ) (1024 -549.956238 973.941833 ) (1024 -665.507690 896 ) (1082.119751 -769.441406 896 ) 
4 163 172 (1024 -665.513062 896 ) (1024 -769.441284 896 ) (1024 -582.445679 1022.128662 ) (1024 -549.956848 973.944458 ) 
5 164 170 (1024 0 1074.665161 ) (1024 0 896 ) (1024 -111.105293 896 ) (1024 -284.458832 1153.030884 ) (1024 -125.279022 1260.404297 ) 
4 164 167 (1024 -111.105316 896 ) (1024 0 896 ) (1152 0 896 ) (1152 -111.111473 896 ) 
4 164 166 (1152 -111.113281 896 ) (1152 -356.036865 1259.146729 ) (1024 -284.460541 1153.029785 ) (1024 -111.107269 896 ) 
4 164 165 (1152 -196.851563 1366.515625 ) (1082.109131 -157.769043 1308.573608 ) (1082.111816 -316.950073 1201.204590 ) (1152 -356.031250 1259.144531 ) 
4 165 169 (1024 -316.947205 1201.201294 ) (1024 -385.667999 1303.093506 ) (1024 -226.489258 1410.458862 ) (1024 -157.766449 1308.570313 ) 
4 166 170 (1024 -111.105293 896 ) (1024 -497.401825 896 ) (1024 -549.955566 973.942566 ) (1024 -284.458832 1153.030884 ) 
4 166 167 (1024 -497.401825 896 ) (1024 -111.105316 896 ) (1152 -111.111473 896 ) (1152 -497.402740 896 ) 
3 167 175 (1024 0 896 ) (1024 0 158.302490 ) (1024 -497.401825 896 ) 
5 167 174 (1024 0 158.302490 ) (1024 0 -1408 ) (1024 -512 -1408 ) (1024 -512 896 ) (1024 -497.401825 896 ) 
4 168 182 (1024 -1024 896 ) (1024 -1024 2688 ) (640 -1024 2688 ) (640 -1024 896 ) 
3 168 173 (640 -512 896 ) (640 -302.505798 896 ) (757.145752 -512 896 ) 
3 168 172 (901.106201 -769.441345 896 ) (748.984985 -497.399780 896 ) (901.107056 -582.445068 1022.129150 ) 
4 168 171 (640 -11.756104 1092.105103 ) (640 0 1100.034546 ) (901.109619 0 1414.988647 ) (901.108948 -157.767181 1308.574585 ) 
4 168 169 (901.108215 -316.945984 1201.208374 ) (901.109619 0 1414.988647 ) (1024 0 1563.220703 ) (1024 -385.666138 1303.090698 ) 
4 169 171 (901.107788 -157.767181 1308.574585 ) (901.108459 0 1414.988647 ) (1024 0 1414.988647 ) (1024 -157.768723 1308.573486 ) 
4 170 175 (651.841858 0 896 ) (1024 0 896 ) (1024 -497.401825 896 ) (929.994507 -497.401093 896 ) 
4 170 174 (1024 -497.401825 896 ) (1024 -512 896 ) (938.158386 -512 896 ) (929.994507 -497.401093 896 ) 
3 170 172 (929.994629 -497.401062 896 ) (1024 -665.505432 896 ) (1024 -549.955811 973.942932 ) 
3 170 171 (1024 -125.279358 1260.404541 ) (1024 0 1344.910645 ) (799.965942 0 1074.671143 ) 
4 172 174 (929.994507 -497.401123 896 ) (938.158386 -512 896 ) (757.145813 -512 896 ) (748.981567 -497.399750 896 ) 
4 173 228 (0 -512 896 ) (0 0 896 ) (0 0 328.062073 ) (0 -512 -17.279297 ) 
4 173 174 (757.144531 -512 896 ) (0 -512 -17.278137 ) (0 -78.675537 274.997620 ) (748.980286 -497.399719 896 ) 
5 174 229 (0 0 158.313812 ) (0 0 -1408 ) (0 -512 -1408 ) (0 -512 -17.279297 ) (0 -78.674713 274.996368 ) 
4 174 175 (929.993774 -497.399811 896 ) (1024 -497.400513 896 ) (1024 0 158.303345 ) (40.281250 0 158.314255 ) 
3 176 182 (1024 -1509.934204 1024 ) (1024 -1792 1024 ) (1024 -1792 1442.269531 ) 
4 176 181 (1152 -1792 1024 ) (1024 -1792 1024 ) (1024 -1509.934204 1024 ) (1152 -1509.917236 1024 ) 
4 176 180 (1602.271240 -1509.857422 1024 ) (1421.262207 -1509.881470 1024 ) (1674.567505 -1651.484619 1234.029663 ) (1765.080078 -1600.870850 1158.993652 ) 
3 176 179 (1927.916870 -1509.814209 1024 ) (1602.271240 -1509.857422 1024 ) (1765.080078 -1600.870850 1158.993652 ) 
4 176 178 (1765.096680 -1702.092407 1309.092529 ) (1925.926880 -1792 1442.445801 ) (2048 -1792 1442.469849 ) (2048 -1543.889282 1074.552734 ) 
4 176 177 (1421.262207 -1509.881470 1024 ) (1024 -1509.934326 1024 ) (1024 -1792 1442.268066 ) (1925.926880 -1792 1442.445801 ) 
5 177 182 (1024 -1024 2688 ) (1024 -1024 1024 ) (1024 -1509.934204 1024 ) (1024 -1792 1442.269531 ) (1024 -1792 2688 ) 
5 177 181 (1024 -1509.934204 1024 ) (1024 -1024 1024 ) (1149.565063 -1024 1024 ) (1152 -1028.354492 1024 ) (1152 -1509.917114 1024 ) 
4 177 180 (1674.569092 -1651.484497 1234.028198 ) (1421.265625 -1509.882813 1024 ) (1334.865845 -1355.372314 1024 ) (1674.570068 -1545.334351 1305.626831 ) 
5 177 178 (2048 -1792 1589.687866 ) (1925.929688 -1792 1442.445313 ) (1765.098145 -1702.092041 1309.090820 ) (1765.110107 -1024 1766.474487 ) (2048 -1024 2107.699707 ) 
4 179 180 (1515.876343 -1355.364990 1024 ) (1602.273438 -1509.867188 1024 ) (1765.079346 -1600.876831 1158.990723 ) (1765.079346 -1494.717773 1230.596558 ) 
4 181 182 (1024 -1024 1024 ) (1024 -1024 896 ) (1024 -1792 896 ) (1024 -1792 1024 ) 
4 183 188 (-1152 3072 -4096 ) (-1152 3072 -1536 ) (-2048 3072 -1536 ) (-2048 3072 -4096 ) 
4 183 184 (-2048 3072 -4096 ) (-2048 3072 -1536 ) (-2048 3328 -1536 ) (-2048 3328 -4096 ) 
4 184 218 (-3072 3072 -4096 ) (-3072 3072 -1536 ) (-3072 3328 -1536 ) (-3072 3328 -4096 ) 
4 184 190 (-2048 3072 -4096 ) (-2048 3072 -1536 ) (-3072 3072 -1536 ) (-3072 3072 -4096 ) 
4 185 202 (-1024 2048 -359.294312 ) (-1024 2048 -588.147827 ) (-128 2048 -588.130798 ) (-128 2048 -359.304810 ) 
4 185 200 (-1024 2048 -588.147827 ) (-1024 2048 -1408 ) (-128 2048 -1408 ) (-128 2048 -588.130798 ) 
4 185 198 (-128 2048 896 ) (-1024 2048 896 ) (-1024 2048 -359.294312 ) (-128 2048 -359.304810 ) 
4 185 194 (0 2048 -588.128296 ) (0 2048 -359.306152 ) (-128 2048 -359.304688 ) (-128 2048 -588.130737 ) 
4 185 193 (0 2048 -1408 ) (0 2048 -588.128296 ) (-128 2048 -588.130737 ) (-128 2048 -1408 ) 
4 185 192 (0 2048 -359.306152 ) (0 2048 896 ) (-128 2048 896 ) (-128 2048 -359.304688 ) 
4 185 186 (-1024 2048 -1408 ) (-1024 2048 896 ) (-1024 2688 896 ) (-1024 2688 -1408 ) 
4 186 211 (-1152 2048 896 ) (-2048 2048 896 ) (-2048 2048 -1408 ) (-1152 2048 -1408 ) 
4 186 210 (-1024 2048 -1408 ) (-1024 2048 896 ) (-1152 2048 896 ) (-1152 2048 -1408 ) 
4 186 189 (-2048 2688 -1408 ) (-2048 2048 -1408 ) (-2048 2048 896 ) (-2048 2688 896 ) 
4 186 187 (-1152 2048 -1408 ) (-2048 2048 -1408 ) (-2048 2688 -1408 ) (-1152 2688 -1408 ) 
4 187 211 (-1152 2048 -1536 ) (-1152 2048 -1408 ) (-2048 2048 -1408 ) (-2048 2048 -1536 ) 
4 187 191 (-2048 2816 -1536 ) (-2048 2048 -1536 ) (-2048 2048 -1408 ) (-2048 2816 -1408 ) 
4 187 188 (-1152 2816 -1536 ) (-1152 2048 -1536 ) (-2048 2048 -1536 ) (-2048 2816 -1536 ) 
4 188 211 (-1152 2048 -4096 ) (-1152 2048 -1536 ) (-2048 2048 -1536 ) (-2048 2048 -4096 ) 
4 188 190 (-2048 3072 -1536 ) (-2048 3072 -4096 ) (-2048 2816 -4096 ) (-2048 2816 -1536 ) 
4 188 191 (-2048 2816 -4096 ) (-2048 2048 -4096 ) (-2048 2048 -1536 ) (-2048 2816 -1536 ) 
4 189 219 (-3072 2048 -1408 ) (-3072 2048 896 ) (-3072 2688 896 ) (-3072 2688 -1408 ) 
4 189 212 (-3072 2048 896 ) (-3072 2048 -1408 ) (-2048 2048 -1408 ) (-2048 2048 896 ) 
4 189 191 (-3072 2048 -1408 ) (-3072 2688 -1408 ) (-2048 2688 -1408 ) (-2048 2048 -1408 ) 
4 190 221 (-3072 3072 -1536 ) (-3072 3072 -4096 ) (-3072 2816 -4096 ) (-3072 2816 -1536 ) 
4 190 191 (-3072 2816 -4096 ) (-2048 2816 -4096 ) (-2048 2816 -1536 ) (-3072 2816 -1536 ) 
4 191 221 (-3072 2048 -4096 ) (-3072 2048 -1536 ) (-3072 2816 -1536 ) (-3072 2816 -4096 ) 
4 191 220 (-3072 2048 -1536 ) (-3072 2048 -1408 ) (-3072 2816 -1408 ) (-3072 2816 -1536 ) 
4 191 212 (-3072 2048 -1408 ) (-3072 2048 -4096 ) (-2048 2048 -4096 ) (-2048 2048 -1408 ) 
4 192 198 (-128 1408 589.547485 ) (-128 1408 896 ) (-128 2048 896 ) (-128 2048 -359.304688 ) 
4 192 195 (-128 1408 896 ) (-128 1408 589.547546 ) (0 1408 589.546021 ) (0 1408 896 ) 
4 192 194 (-128 1776.343872 43.445068 ) (-128 2048 -359.307495 ) (0 2048 -359.308990 ) (0 1847.916992 -62.669434 ) 
4 193 200 (-128 2048 -1408 ) (-128 1408 -1408 ) (-128 1408 360.668945 ) (-128 2048 -588.130737 ) 
4 193 196 (-128 1408 360.668884 ) (-128 1408 -1408 ) (0 1408 -1408 ) (0 1408 360.671265 ) 
4 193 194 (-128 2048 -588.131287 ) (-128 1670.249023 -28.115601 ) (0 1741.826660 -134.227020 ) (0 2048 -588.128784 ) 
4 194 202 (-128 1776.345093 43.445862 ) (-128 2048 -359.304688 ) (-128 2048 -588.130737 ) (-128 1670.249268 -28.115479 ) 
4 195 204 (0 1024 1158.857422 ) (0 1024 1536 ) (-128 1024 1536 ) (-128 1024 1158.858887 ) 
3 195 199 (-128 1408 896 ) (-128 1408 589.547485 ) (-128 1201.298096 896 ) 
4 195 197 (0 1088.937988 1062.578491 ) (0 1024 1158.854248 ) (-128 1024 1158.855713 ) (-128 1160.515259 956.460876 ) 
5 196 207 (0 1024 800.431885 ) (0 1024 896 ) (-101.760666 1024 896 ) (-128 1024 864.349792 ) (-128 1024 646.035461 ) 
4 196 206 (0 1024 -1408 ) (0 1024 800.431885 ) (-128 1024 646.035461 ) (-128 1024 -1408 ) 
3 196 205 (-101.760666 1024 896 ) (-128 1024 896 ) (-128 1024 864.349792 ) 
4 196 203 (0 1024 896 ) (0 1024 929.951172 ) (-128 1024 929.948608 ) (-128 1024 896 ) 
5 196 200 (-128 1408 -1408 ) (-128 1024 -1408 ) (-128 1024 896 ) (-128 1046.899536 896 ) (-128 1408 360.668823 ) 
3 196 197 (-128 1054.392090 884.891846 ) (-128 1024 929.948120 ) (-73.651169 1024 929.949158 ) 
5 197 204 (0 1024 1018.784607 ) (0 1024 1158.857422 ) (-128 1024 1158.858887 ) (-128 1024 929.948608 ) (-73.650703 1024 929.949707 ) 
3 197 201 (-128 1070.863525 896 ) (-128 1054.392334 884.891907 ) (-128 1046.899536 896 ) 
4 198 210 (-1024 2048 896 ) (-1024 2048 -359.293945 ) (-1024 1408 589.558472 ) (-1024 1408 896 ) 
5 198 202 (-1024 1661.558228 213.638489 ) (-1024 2048 -359.292969 ) (-128 2048 -359.304810 ) (-128 1776.345093 43.445923 ) (-678.651917 1468.440308 499.947205 ) 
3 198 201 (-1024 1408 589.559265 ) (-1024 1661.558228 213.638489 ) (-570.568115 1408 589.553467 ) 
4 198 199 (-1024 1408 589.560852 ) (-128 1408 589.550354 ) (-128 1408 896 ) (-1024 1408 896 ) 
3 199 210 (-1024 1408 589.558472 ) (-1024 1201.305420 896 ) (-1024 1408 896 ) 
4 199 201 (-1024 1201.306030 896 ) (-1024 1408 589.559265 ) (-570.568115 1408 589.553467 ) (-200.929688 1201.298950 896 ) 
5 200 210 (-1024 2048 -588.147705 ) (-1024 2048 -1408 ) (-1024 1024 -1408 ) (-1024 1024 896 ) (-1024 1046.888062 896 ) 
4 200 207 (-1024 1024 -216.417480 ) (-1024 1024 -434.739655 ) (-128 1024 646.035400 ) (-128 1024 864.349609 ) 
4 200 206 (-1024 1024 -434.739655 ) (-1024 1024 -1408 ) (-128 1024 -1408 ) (-128 1024 646.035400 ) 
4 200 205 (-1024 1024 896 ) (-1024 1024 -216.417480 ) (-128 1024 864.349609 ) (-128 1024 896 ) 
5 200 202 (-128 1670.248779 -28.115906 ) (-128 2048 -588.132080 ) (-1024 2048 -588.149109 ) (-1024 1555.439087 142.072205 ) (-678.656372 1362.321411 428.375702 ) 
4 200 201 (-1024 1046.887329 896 ) (-128 1046.898804 896 ) (-128 1054.391846 884.891602 ) (-1024 1555.439087 142.072205 ) 
4 201 210 (-1024 1555.439697 142.072510 ) (-1024 1046.888062 896 ) (-1024 1201.305420 896 ) (-1024 1661.557861 213.638184 ) 
4 201 202 (-678.656677 1362.326294 428.379303 ) (-1024 1555.443848 142.076050 ) (-1024 1661.555664 213.637756 ) (-678.652405 1468.438232 499.946411 ) 
4 202 210 (-1024 2048 -359.293945 ) (-1024 2048 -588.147705 ) (-1024 1555.439697 142.072510 ) (-1024 1661.557861 213.638184 ) 
3 203 207 (-101.760666 1024 896 ) (0 1024 896 ) (0 842.019348 896 ) 
5 203 205 (-128 128 896 ) (-128 1024 896 ) (-101.760666 1024 896 ) (0 842.019348 896 ) (0 128 896 ) 
5 203 204 (-73.652122 1024 929.947998 ) (-128 1024 929.946960 ) (-128 615.195618 1536 ) (0 615.197266 1536 ) (0 982.813416 991.008545 ) 
4 205 228 (0 0 328.062012 ) (0 0 896 ) (-1024 0 896 ) (-1024 0 -907.100464 ) 
4 205 214 (-1024 0 -907.100464 ) (-1024 0 896 ) (-1024 128 896 ) (-1024 128 -820.765076 ) 
4 205 213 (-1024 128 896 ) (-1024 1024 896 ) (-1024 1024 -216.417480 ) (-1024 128 -820.765076 ) 
3 205 209 (-140.617447 0 158.445190 ) (-678.955078 0 -490.905945 ) (-678.947510 301.051910 -287.838348 ) 
4 205 208 (-1024 0 -907.104492 ) (-1024 918.745056 -287.413940 ) (-678.936890 725.787048 -1.343079 ) (-678.955078 0 -490.905945 ) 
5 205 207 (-1024 918.745056 -287.413940 ) (-1024 1024 -216.419800 ) (-101.759766 1024 896 ) (0 842.020874 896 ) (0 346.128113 561.522217 ) 
4 206 229 (0 0 -1408 ) (0 0 109.727539 ) (-1024 0 -1125.443970 ) (-1024 0 -1408 ) 
4 206 214 (-1024 0 -1408 ) (-1024 0 -1125.443970 ) (-1024 128 -1039.105957 ) (-1024 128 -1408 ) 
4 206 213 (-1024 128 -1039.105957 ) (-1024 1024 -434.739655 ) (-1024 1024 -1408 ) (-1024 128 -1408 ) 
4 206 209 (-497.944824 0 -490.905945 ) (0 0 109.725708 ) (0 22.586266 124.960495 ) (-497.942017 301.050751 -287.839172 ) 
4 206 208 (-1024 0 -1125.444946 ) (-497.944824 0 -490.905945 ) (-497.938019 725.784851 -1.344635 ) (-1024 1019.955688 -437.469055 ) 
4 206 207 (0 447.340729 411.463989 ) (0 1024 800.429626 ) (-1024 1024 -434.741089 ) (-1024 1019.955688 -437.469055 ) 
4 207 213 (-1024 918.743958 -287.412170 ) (-1024 1024 -216.417480 ) (-1024 1024 -434.739655 ) (-1024 1019.955017 -437.468048 ) 
4 207 208 (-678.935974 725.787476 -1.342834 ) (-1024 918.746033 -287.414429 ) (-1024 1019.952271 -437.463715 ) (-497.944580 725.784973 -1.344482 ) 
4 208 229 (-678.957825 0 -490.906006 ) (-1024 0 -907.100464 ) (-1024 0 -1125.443970 ) (-497.945984 0 -490.905945 ) 
4 208 214 (-1024 0 -1125.443970 ) (-1024 0 -907.100464 ) (-1024 128 -820.765076 ) (-1024 128 -1039.105957 ) 
4 208 213 (-1024 128 -820.765076 ) (-1024 918.743958 -287.412170 ) (-1024 1019.955017 -437.468048 ) (-1024 128 -1039.105957 ) 
4 208 209 (-678.948242 301.050995 -287.837006 ) (-678.956177 0 -490.903992 ) (-497.944061 0 -490.904053 ) (-497.941345 301.049835 -287.837830 ) 
5 209 229 (0 0 109.727539 ) (0 0 158.443253 ) (-140.619247 0 158.445206 ) (-678.957825 0 -490.906006 ) (-497.945984 0 -490.905945 ) 
4 210 213 (-1024 1024 -1408 ) (-1024 1024 896 ) (-1152 1024 896 ) (-1152 1024 -1408 ) 
4 210 211 (-1152 1024 -1408 ) (-1152 1024 896 ) (-1152 2048 896 ) (-1152 2048 -1408 ) 
4 211 215 (-1152 1024 -4096 ) (-1152 1024 -1408 ) (-2048 1024 -1408 ) (-2048 1024 -4096 ) 
4 211 213 (-1152 1024 -1408 ) (-1152 1024 896 ) (-2048 1024 896 ) (-2048 1024 -1408 ) 
4 211 212 (-2048 2048 896 ) (-2048 2048 -4096 ) (-2048 1024 -4096 ) (-2048 1024 896 ) 
4 212 223 (-3072 1024 -4096 ) (-3072 1024 -1408 ) (-3072 2048 -1408 ) (-3072 2048 -4096 ) 
4 212 222 (-3072 1024 -1408 ) (-3072 1024 896 ) (-3072 2048 896 ) (-3072 2048 -1408 ) 
4 212 216 (-3072 1024 896 ) (-3072 1024 -4096 ) (-2048 1024 -4096 ) (-2048 1024 896 ) 
4 213 217 (-2048 384 -1408 ) (-2048 128 -1408 ) (-2048 128 896 ) (-2048 384 896 ) 
4 213 216 (-2048 1024 896 ) (-2048 1024 -1408 ) (-2048 384 -1408 ) (-2048 384 896 ) 
4 213 215 (-2048 384 -1408 ) (-2048 1024 -1408 ) (-1152 1024 -1408 ) (-1152 384 -1408 ) 
4 213 214 (-2048 128 -1408 ) (-1024 128 -1408 ) (-1024 128 896 ) (-2048 128 896 ) 
4 214 230 (-1024 0 -1408 ) (-1024 0 896 ) (-2048 0 896 ) (-2048 0 -1408 ) 
4 214 217 (-2048 128 -1408 ) (-2048 0 -1408 ) (-2048 0 896 ) (-2048 128 896 ) 
4 215 216 (-2048 1024 -1408 ) (-2048 1024 -4096 ) (-2048 384 -4096 ) (-2048 384 -1408 ) 
4 216 227 (-3072 1024 -1536 ) (-3072 1024 -4096 ) (-3072 384 -4096 ) (-3072 384 -1536 ) 
4 216 226 (-3072 1024 -1408 ) (-3072 1024 -1536 ) (-3072 384 -1536 ) (-3072 384 -1408 ) 
4 216 225 (-3072 384 896 ) (-3072 1024 896 ) (-3072 1024 -1408 ) (-3072 384 -1408 ) 
4 216 217 (-2048 384 -1408 ) (-2048 384 896 ) (-3072 384 896 ) (-3072 384 -1408 ) 
4 217 231 (-2048 0 -1408 ) (-2048 0 896 ) (-3072 0 896 ) (-3072 0 -1408 ) 
4 217 225 (-3072 0 -1408 ) (-3072 0 896 ) (-3072 384 896 ) (-3072 384 -1408 ) 
4 218 221 (-3072 3072 -4096 ) (-3072 3072 -1536 ) (-4096 3072 -1536 ) (-4096 3072 -4096 ) 
4 219 222 (-3072 2048 -1408 ) (-3072 2048 896 ) (-3456 2048 896 ) (-3456 2048 -1408 ) 
4 219 220 (-3072 2048 -1408 ) (-3456 2048 -1408 ) (-3456 2688 -1408 ) (-3072 2688 -1408 ) 
4 220 223 (-3072 2048 -1536 ) (-3072 2048 -1408 ) (-3584 2048 -1408 ) (-3584 2048 -1536 ) 
4 220 221 (-3072 2816 -1536 ) (-3072 2048 -1536 ) (-3584 2048 -1536 ) (-3584 2816 -1536 ) 
4 221 224 (-3584 2048 -1536 ) (-4096 2048 -1536 ) (-4096 2048 -4096 ) (-3584 2048 -4096 ) 
4 221 223 (-3072 2048 -4096 ) (-3072 2048 -1536 ) (-3584 2048 -1536 ) (-3584 2048 -4096 ) 
4 222 225 (-3072 1024 -1408 ) (-3072 1024 896 ) (-3456 1024 896 ) (-3456 1024 -1408 ) 
4 222 223 (-3456 2048 -1408 ) (-3072 2048 -1408 ) (-3072 1024 -1408 ) (-3456 1024 -1408 ) 
4 223 227 (-3072 1024 -4096 ) (-3072 1024 -1536 ) (-3584 1024 -1536 ) (-3584 1024 -4096 ) 
4 223 226 (-3072 1024 -1536 ) (-3072 1024 -1408 ) (-3584 1024 -1408 ) (-3584 1024 -1536 ) 
4 223 224 (-3584 2048 -4096 ) (-3584 1024 -4096 ) (-3584 1024 -1536 ) (-3584 2048 -1536 ) 
4 224 227 (-4096 1024 -1536 ) (-4096 1024 -4096 ) (-3584 1024 -4096 ) (-3584 1024 -1536 ) 
4 225 232 (-3072 0 -1408 ) (-3072 0 896 ) (-3456 0 896 ) (-3456 0 -1408 ) 
4 225 226 (-3456 1024 -1408 ) (-3072 1024 -1408 ) (-3072 384 -1408 ) (-3456 384 -1408 ) 
4 226 227 (-3584 384 -1536 ) (-3584 1024 -1536 ) (-3072 1024 -1536 ) (-3072 384 -1536 ) 
4 228 230 (-1024 0 896 ) (-1024 0 -907.100464 ) (-1024 -512 -1252.441895 ) (-1024 -512 896 ) 
5 228 229 (0 -512 -17.278076 ) (-1024 -512 -1252.440796 ) (-1024 0 -907.099487 ) (-140.619995 0 158.445190 ) (0 -78.639282 275.021149 ) 
4 229 230 (-1024 0 -907.100464 ) (-1024 0 -1408 ) (-1024 -512 -1408 ) (-1024 -512 -1252.441895 ) 
4 230 231 (-2048 0 896 ) (-2048 0 -1408 ) (-2048 -512 -1408 ) (-2048 -512 896 ) 
4 231 232 (-3072 0 896 ) (-3072 0 -1408 ) (-3072 -512 -1408 ) (-3072 -512 896 ) 
