PRT1
157
343
4 0 6 (0 5120 -4608 ) (0 5120 -1408 ) (0 6016 -1408 ) (0 6016 -4608 ) 
4 0 1 (64 5120 -1408 ) (0 5120 -1408 ) (0 5120 -4608 ) (64 5120 -4608 ) 
4 1 11 (0 4096 -4608 ) (0 4096 -1408 ) (0 4992 -1408 ) (0 4992 -4608 ) 
4 1 10 (0 4992 -1408 ) (0 5120 -1408 ) (0 5120 -4608 ) (0 4992 -4608 ) 
4 1 3 (64 4096 -1408 ) (0 4096 -1408 ) (0 4096 -4608 ) (64 4096 -4608 ) 
4 2 55 (2304 2048 896 ) (2048 2048 896 ) (2048 2048 -1408 ) (2304 2048 -1408 ) 
4 2 4 (2048 2048 -1408 ) (2048 2048 896 ) (2048 2176 896 ) (2048 2176 -1408 ) 
4 3 14 (0 3200 -1408 ) (0 4096 -1408 ) (0 4096 -4608 ) (0 3200 -4608 ) 
4 4 56 (2048 2048 -1408 ) (2048 2048 896 ) (1024 2048 896 ) (1024 2048 -1408 ) 
4 4 5 (1024 2176 -1408 ) (1024 2048 -1408 ) (1024 2048 896 ) (1024 2176 896 ) 
4 5 57 (1024 2048 -1408 ) (1024 2048 896 ) (0 2048 896 ) (0 2048 -1408 ) 
4 5 16 (0 2048 -1408 ) (0 2048 896 ) (0 2176 896 ) (0 2176 -1408 ) 
4 6 10 (0 5120 -4608 ) (0 5120 -1408 ) (-896 5120 -1408 ) (-896 5120 -4608 ) 
4 6 7 (-896 5120 -4608 ) (-896 5120 -2944 ) (-896 6016 -2944 ) (-896 6016 -4608 ) 
4 7 8 (-1024 5120 -4608 ) (-1024 5120 -2944 ) (-1024 6016 -2944 ) (-1024 6016 -4608 ) 
4 8 9 (-2048 5120 -4608 ) (-2048 5120 -2944 ) (-2048 6016 -2944 ) (-2048 6016 -4608 ) 
4 9 29 (-3072 5120 -4608 ) (-3072 5120 -2944 ) (-3072 6016 -2944 ) (-3072 6016 -4608 ) 
4 10 11 (0 4992 -4608 ) (0 4992 -1408 ) (-896 4992 -1408 ) (-896 4992 -4608 ) 
4 11 14 (0 4096 -4608 ) (0 4096 -1408 ) (-896 4096 -1408 ) (-896 4096 -4608 ) 
4 12 17 (-1024 4096 -3328 ) (-1024 4096 -896 ) (-2048 4096 -896 ) (-2048 4096 -3328 ) 
4 12 13 (-2048 4096 -3328 ) (-2048 4096 -896 ) (-2048 4992 -896 ) (-2048 4992 -3328 ) 
4 13 32 (-3072 4096 -3328 ) (-3072 4096 -896 ) (-3072 4992 -896 ) (-3072 4992 -3328 ) 
4 13 18 (-3072 4096 -896 ) (-3072 4096 -3328 ) (-2048 4096 -3328 ) (-2048 4096 -896 ) 
4 14 15 (-896 4096 -1792 ) (-896 4096 -2304 ) (-896 3584 -2304 ) (-896 3584 -1792 ) 
4 15 17 (-1024 4096 -1792 ) (-1024 4096 -2304 ) (-1024 3584 -2304 ) (-1024 3584 -1792 ) 
4 16 132 (0 2048 -1408 ) (0 2048 896 ) (-1024 2048 896 ) (-1024 2048 -1408 ) 
4 16 21 (-1024 2048 -1408 ) (-1024 2048 896 ) (-1024 2176 896 ) (-1024 2176 -1408 ) 
4 17 19 (-1024 3072 -3328 ) (-1024 3072 -896 ) (-2048 3072 -896 ) (-2048 3072 -3328 ) 
4 17 18 (-2048 4096 -896 ) (-2048 4096 -3328 ) (-2048 3072 -3328 ) (-2048 3072 -896 ) 
4 18 34 (-3072 3072 -3328 ) (-3072 3072 -896 ) (-3072 4096 -896 ) (-3072 4096 -3328 ) 
4 18 24 (-3072 3072 -896 ) (-3072 3072 -3328 ) (-2048 3072 -3328 ) (-2048 3072 -896 ) 
4 19 24 (-2048 3072 -896 ) (-2048 3072 -3328 ) (-2048 2944 -3328 ) (-2048 2944 -896 ) 
5 19 20 (-2048 2944 -2562.899170 ) (-2048 2944 -2772.113037 ) (-1795.324707 2944 -3076.812256 ) (-1340.118408 2944 -2533.891602 ) (-1682.048828 2944 -2121.468506 ) 
4 20 25 (-2048 2816 -2772.113037 ) (-2048 2816 -2562.899170 ) (-2048 2944 -2562.898926 ) (-2048 2944 -2772.113037 ) 
5 20 23 (-2048 2816 -2562.898926 ) (-2048 2816 -2772.113037 ) (-1795.324829 2816 -3076.812012 ) (-1340.118530 2816 -2533.891602 ) (-1682.048950 2816 -2121.468506 ) 
4 21 133 (-1024 2048 -1408 ) (-1024 2048 896 ) (-2048 2048 896 ) (-2048 2048 -1408 ) 
4 21 26 (-2048 2048 -1408 ) (-2048 2048 896 ) (-2048 2176 896 ) (-2048 2176 -1408 ) 
4 21 22 (-1024 2048 -1408 ) (-2048 2048 -1408 ) (-2048 2176 -1408 ) (-1024 2176 -1408 ) 
4 22 133 (-1024 2048 -1536 ) (-1024 2048 -1408 ) (-2048 2048 -1408 ) (-2048 2048 -1536 ) 
4 22 28 (-2048 2048 -1536 ) (-2048 2048 -1408 ) (-2048 2304 -1408 ) (-2048 2304 -1536 ) 
4 22 23 (-1024 2304 -1536 ) (-1024 2048 -1536 ) (-2048 2048 -1536 ) (-2048 2304 -1536 ) 
4 23 133 (-1024 2048 -4096 ) (-1024 2048 -1536 ) (-2048 2048 -1536 ) (-2048 2048 -4096 ) 
4 23 27 (-2048 2304 -1536 ) (-2048 2816 -1536 ) (-2048 2816 -4096 ) (-2048 2304 -4096 ) 
4 23 28 (-2048 2048 -4096 ) (-2048 2048 -1536 ) (-2048 2304 -1536 ) (-2048 2304 -4096 ) 
4 24 40 (-3072 2944 -3328 ) (-3072 2944 -1536 ) (-3072 3072 -1536 ) (-3072 3072 -3328 ) 
4 24 38 (-3072 2944 -1536 ) (-3072 2944 -1408 ) (-3072 3072 -1408 ) (-3072 3072 -1536 ) 
4 24 36 (-3072 2944 -1408 ) (-3072 2944 -896 ) (-3072 3072 -896 ) (-3072 3072 -1408 ) 
3 24 25 (-2048 2944 -2772.113281 ) (-2048 2944 -2562.898926 ) (-2134.733643 2944 -2667.521973 ) 
3 25 27 (-2048 2816 -2772.113037 ) (-2048 2816 -2562.899170 ) (-2134.733398 2816 -2667.521973 ) 
4 26 134 (-2048 2048 -1408 ) (-2048 2048 896 ) (-3072 2048 896 ) (-3072 2048 -1408 ) 
4 26 37 (-3072 2048 -1408 ) (-3072 2048 896 ) (-3072 2176 896 ) (-3072 2176 -1408 ) 
4 26 28 (-3072 2048 -1408 ) (-3072 2176 -1408 ) (-2048 2176 -1408 ) (-2048 2048 -1408 ) 
4 27 41 (-3072 2816 -1536 ) (-3072 2816 -4096 ) (-3072 2304 -4096 ) (-3072 2304 -1536 ) 
4 27 28 (-3072 2304 -4096 ) (-2048 2304 -4096 ) (-2048 2304 -1536 ) (-3072 2304 -1536 ) 
4 28 134 (-2048 2048 -4096 ) (-2048 2048 -1408 ) (-3072 2048 -1408 ) (-3072 2048 -4096 ) 
4 28 41 (-3072 2048 -4096 ) (-3072 2048 -1536 ) (-3072 2304 -1536 ) (-3072 2304 -4096 ) 
4 28 39 (-3072 2048 -1536 ) (-3072 2048 -1408 ) (-3072 2304 -1408 ) (-3072 2304 -1536 ) 
4 29 30 (-4096 5120 -4608 ) (-4096 5120 -2944 ) (-4096 6016 -2944 ) (-4096 6016 -4608 ) 
4 30 31 (-5120 5120 -4608 ) (-5120 5120 -2944 ) (-5120 6016 -2944 ) (-5120 6016 -4608 ) 
4 31 43 (-5120 5120 -3328 ) (-5120 5120 -2944 ) (-5888 5120 -2944 ) (-5888 5120 -3328 ) 
4 32 34 (-3072 4096 -3328 ) (-3072 4096 -896 ) (-4096 4096 -896 ) (-4096 4096 -3328 ) 
4 32 33 (-4096 4096 -3328 ) (-4096 4096 -896 ) (-4096 4992 -896 ) (-4096 4992 -3328 ) 
4 33 44 (-5120 4096 -3328 ) (-5120 4096 -896 ) (-5120 4992 -896 ) (-5120 4992 -3328 ) 
4 33 35 (-4096 4096 -3328 ) (-4096 4096 -896 ) (-5120 4096 -896 ) (-5120 4096 -3328 ) 
4 34 40 (-3072 3072 -3328 ) (-3072 3072 -1536 ) (-4096 3072 -1536 ) (-4096 3072 -3328 ) 
4 34 38 (-3072 3072 -1536 ) (-3072 3072 -1408 ) (-4096 3072 -1408 ) (-4096 3072 -1536 ) 
4 34 36 (-3072 3072 -1408 ) (-3072 3072 -896 ) (-4096 3072 -896 ) (-4096 3072 -1408 ) 
4 34 35 (-4096 3072 -3328 ) (-4096 3072 -896 ) (-4096 4096 -896 ) (-4096 4096 -3328 ) 
4 35 45 (-5120 3072 -3328 ) (-5120 3072 -896 ) (-5120 4096 -896 ) (-5120 4096 -3328 ) 
4 35 42 (-5120 3072 -896 ) (-5120 3072 -3328 ) (-4096 3072 -3328 ) (-4096 3072 -896 ) 
4 36 42 (-4096 3072 -896 ) (-4096 3072 -1408 ) (-4096 2944 -1408 ) (-4096 2944 -896 ) 
4 36 38 (-4096 2944 -1408 ) (-4096 3072 -1408 ) (-3072 3072 -1408 ) (-3072 2944 -1408 ) 
4 37 146 (-3072 2048 -1408 ) (-3072 2048 896 ) (-3328 2048 896 ) (-3328 2048 -1408 ) 
4 37 39 (-3072 2048 -1408 ) (-3328 2048 -1408 ) (-3328 2176 -1408 ) (-3072 2176 -1408 ) 
4 38 42 (-4096 3072 -1408 ) (-4096 3072 -1536 ) (-4096 2944 -1536 ) (-4096 2944 -1408 ) 
4 38 40 (-4096 2944 -1536 ) (-4096 3072 -1536 ) (-3072 3072 -1536 ) (-3072 2944 -1536 ) 
4 39 147 (-3072 2048 -1536 ) (-3072 2048 -1408 ) (-3456 2048 -1408 ) (-3456 2048 -1536 ) 
4 39 41 (-3456 2304 -1536 ) (-3072 2304 -1536 ) (-3072 2048 -1536 ) (-3456 2048 -1536 ) 
4 40 42 (-4096 3072 -1536 ) (-4096 3072 -3328 ) (-4096 2944 -3328 ) (-4096 2944 -1536 ) 
4 41 148 (-3456 2048 -1536 ) (-3968 2048 -1536 ) (-3968 2048 -4096 ) (-3456 2048 -4096 ) 
4 41 147 (-3072 2048 -4096 ) (-3072 2048 -1536 ) (-3456 2048 -1536 ) (-3456 2048 -4096 ) 
4 42 46 (-5120 2944 -3328 ) (-5120 2944 -896 ) (-5120 3072 -896 ) (-5120 3072 -3328 ) 
4 43 44 (-5888 4992 -2944 ) (-5888 4992 -3328 ) (-5120 4992 -3328 ) (-5120 4992 -2944 ) 
4 44 45 (-5120 4096 -3328 ) (-5120 4096 -896 ) (-5888 4096 -896 ) (-5888 4096 -3328 ) 
4 45 46 (-5120 3072 -3328 ) (-5120 3072 -896 ) (-5888 3072 -896 ) (-5888 3072 -3328 ) 
4 47 58 (3072 0 1024 ) (3072 0 2688 ) (3072 256 2688 ) (3072 256 1024 ) 
4 47 54 (3072 0 2688 ) (3072 0 1024 ) (3200 0 1024 ) (3200 0 2688 ) 
4 48 91 (4224 -1024 2577.594727 ) (4224 -1024 2635.241455 ) (4096 -1024 2635.233887 ) (4096 -1024 2577.593018 ) 
4 48 90 (4224 -1024 1152 ) (4224 -1024 2577.594727 ) (4096 -1024 2577.593018 ) (4096 -1024 1152 ) 
4 48 89 (4224 -1024 2635.241455 ) (4224 -1024 3712 ) (4096 -1024 3712 ) (4096 -1024 2635.233887 ) 
4 48 49 (4096 0 3712 ) (4096 0 1152 ) (4096 -1024 1152 ) (4096 -1024 3712 ) 
4 49 98 (4096 -1024 1152 ) (4096 -1024 1490.553467 ) (3488 -1024 1490.370117 ) (3488 -1024 1152 ) 
4 49 96 (4096 -1024 2577.593262 ) (4096 -1024 2635.234131 ) (3488 -1024 2635.198730 ) (3488 -1024 2577.585205 ) 
4 49 95 (4096 -1024 1490.553467 ) (4096 -1024 2577.593262 ) (3488 -1024 2577.585205 ) (3488 -1024 1490.370117 ) 
4 49 94 (4096 -1024 2635.234131 ) (4096 -1024 3712 ) (3488 -1024 3712 ) (3488 -1024 2635.198730 ) 
3 49 52 (3488 -988.745605 1152 ) (3488 -1024 1152 ) (3488 -1024 1204.268311 ) 
3 49 51 (3488 -795.768799 1152 ) (3488 -959.134949 1152 ) (3488 -846.861633 1227.749023 ) 
5 49 50 (3488 0 1152 ) (3488 -795.768799 1152 ) (3488 -1024 1490.369873 ) (3488 -1024 3712 ) (3488 0 3712 ) 
4 50 96 (3456 -1024 2635.196777 ) (3456 -1024 2577.584717 ) (3488 -1024 2577.584961 ) (3488 -1024 2635.198730 ) 
4 50 95 (3456 -1024 2577.584717 ) (3456 -1024 1490.360352 ) (3488 -1024 1490.369873 ) (3488 -1024 2577.584961 ) 
4 50 94 (3488 -1024 3712 ) (3456 -1024 3712 ) (3456 -1024 2635.196777 ) (3488 -1024 2635.198730 ) 
4 50 51 (3456 -846.864319 1227.738525 ) (3456 -795.778564 1152 ) (3488 -795.765625 1152 ) (3488 -846.859436 1227.750366 ) 
5 50 53 (3456 0 1152 ) (3456 -795.775330 1152 ) (3456 -1024 1490.360229 ) (3456 -1024 3712 ) (3456 0 3712 ) 
3 51 53 (3456 -795.775330 1152 ) (3456 -959.121887 1152 ) (3456 -846.862061 1227.739990 ) 
4 52 99 (3456 -1024 1204.208984 ) (3456 -1024 1152 ) (3488 -1024 1152 ) (3488 -1024 1204.268311 ) 
3 52 53 (3456 -988.785645 1152 ) (3456 -1024 1152 ) (3456 -1024 1204.208862 ) 
4 53 100 (3456 -1024 3712 ) (3328 -1024 3712 ) (3328 -1024 1152 ) (3456 -1024 1152 ) 
4 54 102 (3200 -1024 1024 ) (3200 -1024 2688 ) (3072 -1024 2688 ) (3072 -1024 1024 ) 
4 54 61 (3072 -1024 1024 ) (3072 -1024 2688 ) (3072 0 2688 ) (3072 0 1024 ) 
4 55 60 (2304 1024 896 ) (2048 1024 896 ) (2048 1024 -1408 ) (2304 1024 -1408 ) 
4 55 56 (2048 2048 896 ) (2048 2048 -1408 ) (2048 1024 -1408 ) (2048 1024 896 ) 
4 56 70 (1920 1024 896 ) (1024 1024 896 ) (1024 1024 -1408 ) (1920 1024 -1408 ) 
4 56 69 (2048 1024 -1408 ) (2048 1024 896 ) (1920 1024 896 ) (1920 1024 -1408 ) 
4 56 57 (1024 1024 -1408 ) (1024 1024 896 ) (1024 2048 896 ) (1024 2048 -1408 ) 
4 57 132 (0 2048 896 ) (0 2048 -1408 ) (0 1024 -1408 ) (0 1024 896 ) 
4 57 76 (1024 1024 -1408 ) (1024 1024 896 ) (0 1024 896 ) (0 1024 -1408 ) 
4 58 73 (2048 256 1024 ) (2048 0 1024 ) (2048 0 2688 ) (2048 256 2688 ) 
4 58 62 (2176 0 2688 ) (2144 0 2688 ) (2144 0 1024 ) (2176 0 1024 ) 
4 58 61 (3072 0 1024 ) (3072 0 2688 ) (2176 0 2688 ) (2176 0 1024 ) 
4 58 67 (2144 0 2688 ) (2048 0 2688 ) (2048 0 1024 ) (2144 0 1024 ) 
4 58 59 (2048 0 1024 ) (2048 256 1024 ) (2304 256 1024 ) (2304 0 1024 ) 
4 59 72 (2048 384 896 ) (2048 256 896 ) (2048 256 1024 ) (2048 384 1024 ) 
4 59 73 (2048 256 896 ) (2048 0 896 ) (2048 0 1024 ) (2048 256 1024 ) 
4 59 68 (2304 0 1024 ) (2048 0 1024 ) (2048 0 896 ) (2304 0 896 ) 
4 59 60 (2304 0 896 ) (2048 0 896 ) (2048 384 896 ) (2304 384 896 ) 
4 60 72 (2048 384 -1408 ) (2048 256 -1408 ) (2048 256 896 ) (2048 384 896 ) 
4 60 73 (2048 256 -1408 ) (2048 0 -1408 ) (2048 0 896 ) (2048 256 896 ) 
4 60 69 (2048 1024 896 ) (2048 1024 -1408 ) (2048 384 -1408 ) (2048 384 896 ) 
4 60 68 (2304 0 896 ) (2048 0 896 ) (2048 0 -1408 ) (2304 0 -1408 ) 
4 61 116 (3072 -1024 1024 ) (3072 -1024 2688 ) (2176 -1024 2688 ) (2176 -1024 1024 ) 
4 61 68 (2304 -1024 1024 ) (2176 -1024 1024 ) (2176 0 1024 ) (2304 0 1024 ) 
5 61 66 (2176 -945.572876 1431.329834 ) (2176 -1024 1547.603760 ) (2176 -1024 1803.041016 ) (2176 -877.116211 1902.109985 ) (2176 -680.283997 1610.269775 ) 
3 61 65 (2176 -1024 1803.041016 ) (2176 -1024 2119.892578 ) (2176 -877.116211 1902.109985 ) 
4 61 64 (2176 -284.873230 1024 ) (2176 -670.827759 1024 ) (2176 -945.572876 1431.329834 ) (2176 -680.283997 1610.269775 ) 
3 61 63 (2176 -670.827759 1024 ) (2176 -1024 1024 ) (2176 -1024 1547.603760 ) 
5 61 62 (2176 0 1024 ) (2176 -284.873230 1024 ) (2176 -1024 2119.892578 ) (2176 -1024 2688 ) (2176 0 2688 ) 
4 62 118 (2176 -1024 2688 ) (2144 -1024 2688 ) (2144 -1024 2119.894531 ) (2176 -1024 2119.892578 ) 
4 62 68 (2144 -284.871887 1024 ) (2144 0 1024 ) (2176 0 1024 ) (2176 -284.873230 1024 ) 
4 62 66 (2144 -877.110962 1902.103516 ) (2144 -680.276428 1610.259644 ) (2176 -680.284546 1610.269531 ) (2176 -877.116333 1902.109863 ) 
4 62 65 (2144 -1024 2119.893799 ) (2144 -877.110962 1902.103516 ) (2176 -877.116333 1902.109863 ) (2176 -1024 2119.892578 ) 
4 62 64 (2144 -680.276428 1610.259644 ) (2144 -284.872681 1024 ) (2176 -284.875000 1024 ) (2176 -680.284546 1610.269531 ) 
5 62 67 (2144 0 1024 ) (2144 -284.871918 1024 ) (2144 -1024 2119.894531 ) (2144 -1024 2688 ) (2144 0 2688 ) 
4 63 117 (2144 -1024 1547.593750 ) (2144 -1024 1024 ) (2176 -1024 1024 ) (2176 -1024 1547.603760 ) 
4 63 68 (2176 -1024 1024 ) (2144 -1024 1024 ) (2144 -670.834473 1024 ) (2176 -670.827759 1024 ) 
4 63 66 (2176 -1024 1547.605957 ) (2176 -945.571838 1431.330566 ) (2144 -945.571777 1431.315186 ) (2144 -1024 1547.590576 ) 
4 63 64 (2176 -945.571838 1431.330566 ) (2176 -670.826172 1024 ) (2144 -670.835938 1024 ) (2144 -945.571777 1431.315186 ) 
3 63 67 (2144 -670.834473 1024 ) (2144 -1024 1024 ) (2144 -1024 1547.593750 ) 
4 64 68 (2144 -670.834473 1024 ) (2144 -284.871887 1024 ) (2176 -284.873230 1024 ) (2176 -670.827759 1024 ) 
4 64 66 (2176 -680.284790 1610.270264 ) (2144 -680.276733 1610.260254 ) (2144 -945.569824 1431.317871 ) (2176 -945.572327 1431.331543 ) 
4 64 67 (2144 -284.871918 1024 ) (2144 -670.834473 1024 ) (2144 -945.570374 1431.316040 ) (2144 -680.276001 1610.259766 ) 
4 65 118 (2144 -1024 2119.894531 ) (2144 -1024 1803.031006 ) (2176 -1024 1803.041016 ) (2176 -1024 2119.892578 ) 
3 65 67 (2144 -1024 1803.031006 ) (2144 -1024 2119.894531 ) (2144 -877.110596 1902.103638 ) 
4 65 66 (2144 -1024 1803.030884 ) (2144 -877.110779 1902.103638 ) (2176 -877.116333 1902.109863 ) (2176 -1024 1803.040771 ) 
4 66 119 (2144 -1024 1803.031006 ) (2144 -1024 1547.593750 ) (2176 -1024 1547.603760 ) (2176 -1024 1803.041016 ) 
5 66 67 (2144 -945.570374 1431.316040 ) (2144 -1024 1547.593750 ) (2144 -1024 1803.031006 ) (2144 -877.110596 1902.103638 ) (2144 -680.276001 1610.259766 ) 
4 67 120 (2144 -1024 2688 ) (2048 -1024 2688 ) (2048 -1024 1024 ) (2144 -1024 1024 ) 
4 67 83 (2048 -1024 1024 ) (2048 -1024 2688 ) (2048 0 2688 ) (2048 0 1024 ) 
4 67 68 (2144 -1024 1024 ) (2048 -1024 1024 ) (2048 0 1024 ) (2144 0 1024 ) 
4 68 83 (2048 -1024 -1408 ) (2048 -1024 1024 ) (2048 0 1024 ) (2048 0 -1408 ) 
4 69 72 (2048 384 -1408 ) (2048 384 896 ) (1920 384 896 ) (1920 384 -1408 ) 
4 69 71 (1920 896 -1408 ) (1920 384 -1408 ) (1920 384 896 ) (1920 896 896 ) 
4 69 70 (1920 1024 896 ) (1920 1024 -1408 ) (1920 896 -1408 ) (1920 896 896 ) 
4 70 76 (1024 1024 896 ) (1024 1024 -1408 ) (1024 896 -1408 ) (1024 896 896 ) 
4 70 71 (1920 896 -1408 ) (1920 896 896 ) (1024 896 896 ) (1024 896 -1408 ) 
4 71 77 (1024 384 -1408 ) (1024 384 1536 ) (1024 896 1536 ) (1024 896 -1408 ) 
4 71 74 (1024 384 1408 ) (1024 384 -1408 ) (1792 384 -1408 ) (1792 384 1408 ) 
4 71 72 (1920 384 -1408 ) (1920 384 1024 ) (1792 384 1024 ) (1792 384 -1408 ) 
4 72 74 (1792 384 1024 ) (1792 384 -1408 ) (1792 256 -1408 ) (1792 256 1024 ) 
4 72 73 (1792 256 1024 ) (1792 256 -1408 ) (2048 256 -1408 ) (2048 256 1024 ) 
4 73 83 (2048 0 -1408 ) (2048 0 2688 ) (1792 0 2688 ) (1792 0 -1408 ) 
4 73 75 (1792 0 -1408 ) (1792 0 2688 ) (1792 256 2688 ) (1792 256 -1408 ) 
4 74 80 (1024 384 1408 ) (1024 384 -1408 ) (1024 256 -1408 ) (1024 256 1408 ) 
4 74 75 (1024 256 -1408 ) (1792 256 -1408 ) (1792 256 1408 ) (1024 256 1408 ) 
4 75 83 (1792 0 -1408 ) (1792 0 2688 ) (1024 0 2688 ) (1024 0 -1408 ) 
4 75 80 (1024 0 -1408 ) (1024 0 1408 ) (1024 256 1408 ) (1024 256 -1408 ) 
4 75 79 (1024 0 1408 ) (1024 0 2688 ) (1024 256 2688 ) (1024 256 1408 ) 
4 76 135 (0 896 -1408 ) (0 896 896 ) (0 1024 896 ) (0 1024 -1408 ) 
4 76 78 (640 896 896 ) (0 896 896 ) (0 896 -1408 ) (640 896 -1408 ) 
4 76 77 (1024 896 -1408 ) (1024 896 896 ) (640 896 896 ) (640 896 -1408 ) 
4 77 81 (768 384 1536 ) (640 384 1536 ) (640 384 -1408 ) (768 384 -1408 ) 
4 77 80 (1024 384 -1408 ) (1024 384 1408 ) (768 384 1408 ) (768 384 -1408 ) 
4 77 78 (640 896 1536 ) (640 896 -1408 ) (640 384 -1408 ) (640 384 1536 ) 
4 78 136 (0 384 -1408 ) (0 384 2048 ) (0 896 2048 ) (0 896 -1408 ) 
4 78 82 (0 384 2048 ) (0 384 -1408 ) (640 384 -1408 ) (640 384 2048 ) 
4 79 84 (1024 0 1408 ) (1024 0 2688 ) (768 0 2688 ) (768 0 1408 ) 
4 79 81 (768 256 1408 ) (768 0 1408 ) (768 0 1536 ) (768 256 1536 ) 
4 79 80 (768 0 1408 ) (768 256 1408 ) (1024 256 1408 ) (1024 0 1408 ) 
4 80 84 (1024 0 -1408 ) (1024 0 1408 ) (768 0 1408 ) (768 0 -1408 ) 
4 80 81 (768 384 1408 ) (768 384 -1408 ) (768 0 -1408 ) (768 0 1408 ) 
4 81 85 (768 0 -1408 ) (768 0 1536 ) (640 0 1536 ) (640 0 -1408 ) 
4 81 82 (640 384 1536 ) (640 384 -1408 ) (640 0 -1408 ) (640 0 1536 ) 
4 82 136 (0 0 -1408 ) (0 0 2048 ) (0 384 2048 ) (0 384 -1408 ) 
4 82 87 (640 0 -1408 ) (640 0 2048 ) (0 0 2048 ) (0 0 -1408 ) 
4 83 123 (1280 -1024 1024 ) (1024 -1024 1024 ) (1024 -1024 896 ) (1280 -1024 896 ) 
4 83 122 (2048 -1024 1024 ) (2048 -1024 2688 ) (1024 -1024 2688 ) (1024 -1024 1024 ) 
4 83 84 (1024 0 2688 ) (1024 0 -1408 ) (1024 -1024 -1408 ) (1024 -1024 2688 ) 
4 84 124 (1024 -1024 896 ) (1024 -1024 2688 ) (768 -1024 2688 ) (768 -1024 896 ) 
4 84 86 (768 -384 -1408 ) (768 -1024 -1408 ) (768 -1024 896 ) (768 -384 896 ) 
4 84 85 (768 0 -1408 ) (768 -384 -1408 ) (768 -384 1536 ) (768 0 1536 ) 
4 85 87 (640 0 1536 ) (640 0 -1408 ) (640 -384 -1408 ) (640 -384 1536 ) 
4 85 86 (640 -384 896 ) (640 -384 -1408 ) (768 -384 -1408 ) (768 -384 896 ) 
4 86 87 (640 -384 -1408 ) (640 -1024 -1408 ) (640 -1024 896 ) (640 -384 896 ) 
4 87 137 (0 -1024 -1408 ) (0 -1024 2048 ) (0 0 2048 ) (0 0 -1408 ) 
4 87 126 (0 -1024 896 ) (0 -1024 -256 ) (512 -1024 -256 ) (512 -1024 896 ) 
4 87 125 (0 -1024 1152 ) (0 -1024 896 ) (640 -1024 896 ) (640 -1024 1152 ) 
4 88 103 (4224 -2048 6016 ) (4096 -2048 6016 ) (4096 -2048 3712 ) (4224 -2048 3712 ) 
4 88 93 (4096 -1760 3712 ) (4096 -2048 3712 ) (4096 -2048 6016 ) (4096 -1760 6016 ) 
4 88 92 (4224 -2048 3712 ) (4096 -2048 3712 ) (4096 -1776 3712 ) (4224 -1776 3712 ) 
3 89 94 (4096 -1024 3712 ) (4096 -1024 2635.233887 ) (4096 -1750.525024 3712 ) 
4 89 91 (4096 -1024 2635.235352 ) (4224 -1024 2635.242676 ) (4224 -1729.891846 3681.428467 ) (4096 -1729.894897 3681.425537 ) 
4 90 98 (4096 -1024 1490.553467 ) (4096 -1024 1152 ) (4096 -1776 1152 ) (4096 -1776 2605.450439 ) 
4 90 95 (4096 -1024 2577.593018 ) (4096 -1024 1490.553467 ) (4096 -1776 2605.450439 ) (4096 -1776 3692.538818 ) 
4 90 91 (4096 -1024 2577.590332 ) (4096 -1756.421631 3663.507813 ) (4224 -1756.421265 3663.509277 ) (4224 -1024 2577.592041 ) 
4 90 92 (4096 -1776 1152 ) (4224 -1776 1152 ) (4224 -1776 3692.540283 ) (4096 -1776 3692.538818 ) 
4 91 96 (4096 -1024 2635.233887 ) (4096 -1024 2577.593018 ) (4096 -1756.420166 3663.508789 ) (4096 -1729.895386 3681.425293 ) 
4 92 105 (4224 -2048 1152 ) (4224 -2048 3712 ) (4096 -2048 3712 ) (4096 -2048 1152 ) 
4 92 98 (4096 -1776 1152 ) (4096 -2048 1152 ) (4096 -2048 3008.710938 ) (4096 -1776 2605.450195 ) 
4 92 97 (4096 -2048 3008.710938 ) (4096 -2048 3712 ) (4096 -1776 3712 ) (4096 -1776 2605.450195 ) 
4 93 106 (4096 -2048 3712 ) (4096 -2048 6016 ) (3456 -2048 6016 ) (3456 -2048 3712 ) 
4 93 97 (4096 -2048 3712 ) (3456 -2048 3712 ) (3456 -1776 3712 ) (4096 -1776 3712 ) 
4 94 96 (3456 -1729.909546 3681.410156 ) (3456 -1024 2635.197998 ) (4096 -1024 2635.235107 ) (4096 -1729.894897 3681.425293 ) 
3 94 100 (3456 -1750.550049 3712 ) (3456 -1024 3712 ) (3456 -1024 2635.196777 ) 
4 95 98 (3488 -1024 1490.366577 ) (4096 -1024 1490.550171 ) (4096 -1776 2605.445801 ) (3488 -1776 2605.262207 ) 
4 95 96 (3456 -1024 2577.581787 ) (3456 -1756.422974 3663.501709 ) (4096 -1756.421631 3663.507813 ) (4096 -1024 2577.590088 ) 
4 95 100 (3456 -1024 2577.584717 ) (3456 -1024 1490.360352 ) (3456 -1776 2605.257080 ) (3456 -1776 3692.530273 ) 
4 95 97 (3456 -1776 3692.530273 ) (3456 -1776 2605.252197 ) (4096 -1776 2605.445313 ) (4096 -1776 3692.538574 ) 
4 96 100 (3456 -1729.910034 3681.409912 ) (3456 -1024 2635.196777 ) (3456 -1024 2577.584717 ) (3456 -1756.421631 3663.502441 ) 
4 97 109 (3488 -2048 3712 ) (3456 -2048 3712 ) (3456 -2048 3008.517578 ) (3488 -2048 3008.527344 ) 
4 97 108 (4096 -2048 3008.710938 ) (4096 -2048 3712 ) (3488 -2048 3712 ) (3488 -2048 3008.527344 ) 
4 97 98 (3488 -1776 2605.262207 ) (4096 -1776 2605.445801 ) (4096 -2048 3008.706055 ) (3488 -2048 3008.522461 ) 
4 97 100 (3456 -2048 3008.517578 ) (3456 -2048 3712 ) (3456 -1776 3712 ) (3456 -1776 2605.257080 ) 
4 98 108 (4096 -2048 1152 ) (4096 -2048 3008.710938 ) (3488 -2048 3008.527344 ) (3488 -2048 1152 ) 
4 98 99 (3488 -1024 1204.268311 ) (3488 -1024 1152 ) (3488 -2048 1152 ) (3488 -2048 2722.453613 ) 
4 99 111 (3456 -2048 2722.394043 ) (3456 -2048 1152 ) (3488 -2048 1152 ) (3488 -2048 2722.453613 ) 
4 99 100 (3456 -1024 1152 ) (3456 -2048 1152 ) (3456 -2048 2722.394043 ) (3456 -1024 1204.208984 ) 
4 100 112 (3456 -2048 3712 ) (3328 -2048 3712 ) (3328 -2048 1152 ) (3456 -2048 1152 ) 
4 100 101 (3328 -1707.091187 2560 ) (3328 -1024 2560 ) (3328 -1024 2048 ) (3328 -1361.571167 2048 ) 
4 101 102 (3200 -1707.091187 2560 ) (3200 -1024 2560 ) (3200 -1024 2048 ) (3200 -1361.571167 2048 ) 
4 102 116 (3072 -1024 2688 ) (3072 -1024 1024 ) (3072 -2048 1024 ) (3072 -2048 2688 ) 
4 102 113 (3200 -2048 1024 ) (3200 -2048 2688 ) (3072 -2048 2688 ) (3072 -2048 1024 ) 
4 103 106 (4096 -2048 6016 ) (4096 -2048 3712 ) (4096 -2816 3712 ) (4096 -2816 6016 ) 
4 103 105 (4096 -2688 3712 ) (4096 -2048 3712 ) (4224 -2048 3712 ) (4224 -2688 3712 ) 
4 103 104 (4224 -2816 3840 ) (4224 -2816 6016 ) (4096 -2816 6016 ) (4096 -2816 3840 ) 
4 104 114 (4224 -3072 6016 ) (4096 -3072 6016 ) (4096 -3072 3840 ) (4224 -3072 3840 ) 
4 104 107 (4096 -3072 3840 ) (4096 -3072 6016 ) (4096 -2816 6016 ) (4096 -2816 3840 ) 
4 105 108 (4096 -2048 3712 ) (4096 -2048 1152 ) (4096 -2688 1152 ) (4096 -2688 3712 ) 
4 106 110 (3488 -2522.493896 3712 ) (3488 -2688 3712 ) (3456 -2688 3712 ) (3456 -2522.500488 3712 ) 
4 106 109 (3456 -2048 3712 ) (3488 -2048 3712 ) (3488 -2522.493896 3712 ) (3456 -2522.500488 3712 ) 
4 106 108 (3488 -2048 3712 ) (4096 -2048 3712 ) (4096 -2688 3712 ) (3488 -2688 3712 ) 
4 106 107 (4096 -2816 3840 ) (4096 -2816 6016 ) (3456 -2816 6016 ) (3456 -2816 3840 ) 
4 107 115 (4096 -3072 3840 ) (4096 -3072 6016 ) (3456 -3072 6016 ) (3456 -3072 3840 ) 
5 108 111 (3488 -2048 1152 ) (3488 -2688 1152 ) (3488 -2688 3035.100342 ) (3488 -2393.080078 3234.070313 ) (3488 -2048 2722.453369 ) 
4 108 110 (3488 -2688 3035.100342 ) (3488 -2688 3712 ) (3488 -2522.493896 3712 ) (3488 -2260.473145 3323.534668 ) 
3 108 109 (3488 -2522.493896 3712 ) (3488 -2048 3712 ) (3488 -2048 3008.527100 ) 
4 109 110 (3456 -2522.501953 3712 ) (3456 -2260.491455 3323.549561 ) (3488 -2260.471191 3323.536133 ) (3488 -2522.490723 3712 ) 
3 109 112 (3456 -2522.500488 3712 ) (3456 -2048 3712 ) (3456 -2048 3008.517578 ) 
4 110 111 (3456 -2688 3035.126465 ) (3456 -2393.119873 3234.069824 ) (3488 -2393.079834 3234.069824 ) (3488 -2688 3035.099609 ) 
4 110 112 (3456 -2688 3035.127441 ) (3456 -2688 3712 ) (3456 -2522.500488 3712 ) (3456 -2260.490234 3323.550049 ) 
5 111 112 (3456 -2048 1152 ) (3456 -2688 1152 ) (3456 -2688 3035.127441 ) (3456 -2393.120117 3234.070313 ) (3456 -2048 2722.394043 ) 
4 113 121 (3072 -2304 1024 ) (3072 -2304 2688 ) (3072 -2048 2688 ) (3072 -2048 1024 ) 
4 114 115 (4096 -3072 6016 ) (4096 -3072 3840 ) (4096 -3968 3840 ) (4096 -3968 6016 ) 
4 116 121 (3072 -2048 1024 ) (3072 -2048 2688 ) (2176 -2048 2688 ) (2176 -2048 1024 ) 
3 116 119 (2176 -1024 1803.041016 ) (2176 -1024 1547.603638 ) (2176 -1142.420166 1723.170044 ) 
4 116 118 (2176 -1793.200806 2688 ) (2176 -1024 2688 ) (2176 -1024 1803.041016 ) (2176 -1142.420166 1723.170044 ) 
5 116 117 (2176 -1024 1024 ) (2176 -2048 1024 ) (2176 -2048 2688 ) (2176 -1793.200806 2688 ) (2176 -1024 1547.603638 ) 
4 117 121 (2176 -2048 2688 ) (2144 -2048 2688 ) (2144 -2048 1024 ) (2176 -2048 1024 ) 
4 117 119 (2176 -1142.418945 1723.170898 ) (2176 -1024 1547.605957 ) (2144 -1024 1547.590576 ) (2144 -1142.421631 1723.158936 ) 
4 117 118 (2176 -1793.199219 2688 ) (2176 -1142.418945 1723.170898 ) (2144 -1142.421631 1723.158936 ) (2144 -1793.210938 2688 ) 
5 117 120 (2144 -1024 1024 ) (2144 -2048 1024 ) (2144 -2048 2688 ) (2144 -1793.207642 2688 ) (2144 -1024 1547.593628 ) 
4 118 120 (2144 -1793.207642 2688 ) (2144 -1024 2688 ) (2144 -1024 1803.031006 ) (2144 -1142.420166 1723.160034 ) 
4 118 119 (2176 -1142.417969 1723.171143 ) (2144 -1142.417969 1723.161133 ) (2144 -1024 1803.030640 ) (2176 -1024 1803.040771 ) 
3 119 120 (2144 -1024 1803.031006 ) (2144 -1024 1547.593628 ) (2144 -1142.420166 1723.160034 ) 
4 120 122 (2048 -1024 2688 ) (2048 -1024 1024 ) (2048 -2048 1024 ) (2048 -2048 2688 ) 
4 120 121 (2144 -2048 2688 ) (2048 -2048 2688 ) (2048 -2048 1024 ) (2144 -2048 1024 ) 
4 121 129 (2048 -2304 1024 ) (2048 -2304 2688 ) (2048 -2048 2688 ) (2048 -2048 1024 ) 
4 122 129 (2048 -2048 1024 ) (2048 -2048 2688 ) (1280 -2048 2688 ) (1280 -2048 1024 ) 
4 122 130 (1280 -2048 2688 ) (1024 -2048 2688 ) (1024 -2048 1024 ) (1280 -2048 1024 ) 
4 122 127 (1024 -1152 1024 ) (1024 -2048 1024 ) (1024 -2048 2688 ) (1024 -1152 2688 ) 
4 122 124 (1024 -1024 2688 ) (1024 -1024 1024 ) (1024 -1152 1024 ) (1024 -1152 2688 ) 
4 122 123 (1024 -2048 1024 ) (1024 -1024 1024 ) (1280 -1024 1024 ) (1280 -2048 1024 ) 
4 123 130 (1280 -2048 1024 ) (1024 -2048 1024 ) (1024 -2048 896 ) (1280 -2048 896 ) 
4 123 127 (1024 -1152 896 ) (1024 -2048 896 ) (1024 -2048 1024 ) (1024 -1152 1024 ) 
4 123 124 (1024 -1024 1024 ) (1024 -1024 896 ) (1024 -1152 896 ) (1024 -1152 1024 ) 
4 124 127 (1024 -1152 896 ) (1024 -1152 2688 ) (768 -1152 2688 ) (768 -1152 896 ) 
4 125 155 (0 -1152 896 ) (0 -1152 1152 ) (0 -1024 1152 ) (0 -1024 896 ) 
4 125 128 (0 -1152 1152 ) (0 -1152 896 ) (512 -1152 896 ) (512 -1152 1152 ) 
4 125 126 (512 -1152 896 ) (0 -1152 896 ) (0 -1024 896 ) (512 -1024 896 ) 
4 126 155 (0 -1152 -256 ) (0 -1152 896 ) (0 -1024 896 ) (0 -1024 -256 ) 
4 126 128 (512 -1152 896 ) (0 -1152 896 ) (0 -1152 -256 ) (512 -1152 -256 ) 
4 127 131 (1024 -2048 896 ) (1024 -2048 2688 ) (768 -2048 2688 ) (768 -2048 896 ) 
4 128 155 (0 -1664 -256 ) (0 -1664 1152 ) (0 -1152 1152 ) (0 -1152 -256 ) 
4 129 130 (1280 -2304 1024 ) (1280 -2304 2688 ) (1280 -2048 2688 ) (1280 -2048 1024 ) 
4 130 131 (1024 -2048 2688 ) (1024 -2048 896 ) (1024 -2304 896 ) (1024 -2304 2688 ) 
4 132 135 (0 1024 -1408 ) (0 1024 896 ) (-1024 1024 896 ) (-1024 1024 -1408 ) 
4 132 133 (-1024 2048 896 ) (-1024 2048 -1408 ) (-1024 1024 -1408 ) (-1024 1024 896 ) 
4 133 139 (-1024 1024 -4096 ) (-1024 1024 896 ) (-2048 1024 896 ) (-2048 1024 -4096 ) 
4 133 134 (-2048 1024 -4096 ) (-2048 1024 896 ) (-2048 2048 896 ) (-2048 2048 -4096 ) 
4 134 147 (-3072 2048 -1408 ) (-3072 2048 -4096 ) (-3072 1024 -4096 ) (-3072 1024 -1408 ) 
4 134 146 (-3072 2048 896 ) (-3072 2048 -1408 ) (-3072 1024 -1408 ) (-3072 1024 896 ) 
4 134 140 (-2048 1024 -4096 ) (-2048 1024 896 ) (-3072 1024 896 ) (-3072 1024 -4096 ) 
4 135 139 (-1024 1024 896 ) (-1024 1024 -1408 ) (-1024 896 -1408 ) (-1024 896 896 ) 
4 135 136 (-1024 896 896 ) (-1024 896 -1408 ) (0 896 -1408 ) (0 896 896 ) 
4 136 139 (-1024 0 -1408 ) (-1024 0 896 ) (-1024 896 896 ) (-1024 896 -1408 ) 
4 136 138 (-1024 0 896 ) (-1024 0 2048 ) (-1024 896 2048 ) (-1024 896 896 ) 
4 136 137 (0 0 -1408 ) (0 0 2048 ) (-1024 0 2048 ) (-1024 0 -1408 ) 
4 137 155 (0 -1024 -256 ) (0 -1024 1152 ) (-1024 -1024 1152 ) (-1024 -1024 -256 ) 
4 137 143 (-1024 -1024 -1408 ) (-1024 -1024 896 ) (-1024 -128 896 ) (-1024 -128 -1408 ) 
4 137 142 (-1024 -128 896 ) (-1024 0 896 ) (-1024 0 -1408 ) (-1024 -128 -1408 ) 
4 137 141 (-1024 -1024 896 ) (-1024 -1024 2048 ) (-1024 0 2048 ) (-1024 0 896 ) 
4 138 141 (-1024 0 896 ) (-1024 0 2048 ) (-1152 0 2048 ) (-1152 0 896 ) 
4 138 139 (-1024 0 896 ) (-1152 0 896 ) (-1152 896 896 ) (-1024 896 896 ) 
4 139 142 (-1024 0 -4096 ) (-1024 0 896 ) (-2048 0 896 ) (-2048 0 -4096 ) 
4 139 140 (-2048 1024 896 ) (-2048 1024 -4096 ) (-2048 0 -4096 ) (-2048 0 896 ) 
4 140 150 (-3072 0 -4096 ) (-3072 0 -1408 ) (-3072 1024 -1408 ) (-3072 1024 -4096 ) 
4 140 149 (-3072 0 -1408 ) (-3072 0 896 ) (-3072 1024 896 ) (-3072 1024 -1408 ) 
4 140 145 (-2048 0 -4096 ) (-2048 0 -1408 ) (-3072 0 -1408 ) (-3072 0 -4096 ) 
4 140 144 (-2048 0 -1408 ) (-2048 0 896 ) (-3072 0 896 ) (-3072 0 -1408 ) 
4 141 156 (-1024 -1024 896 ) (-1024 -1024 1152 ) (-1152 -1024 1152 ) (-1152 -1024 896 ) 
4 141 143 (-1024 -128 896 ) (-1024 -1024 896 ) (-1152 -1024 896 ) (-1152 -128 896 ) 
4 141 142 (-1152 0 896 ) (-1024 0 896 ) (-1024 -128 896 ) (-1152 -128 896 ) 
4 142 145 (-2048 0 -1408 ) (-2048 0 -4096 ) (-2048 -128 -4096 ) (-2048 -128 -1408 ) 
4 142 144 (-2048 0 896 ) (-2048 0 -1408 ) (-2048 -128 -1408 ) (-2048 -128 896 ) 
4 142 143 (-1024 -128 -1408 ) (-1024 -128 896 ) (-2048 -128 896 ) (-2048 -128 -1408 ) 
4 143 156 (-1024 -1024 -256 ) (-1024 -1024 896 ) (-1152 -1024 896 ) (-1152 -1024 -256 ) 
4 143 144 (-2048 -1024 -1408 ) (-2048 -1024 896 ) (-2048 -128 896 ) (-2048 -128 -1408 ) 
4 144 152 (-3072 -1024 -1408 ) (-3072 -1024 896 ) (-3072 0 896 ) (-3072 0 -1408 ) 
4 144 145 (-3072 -128 -1408 ) (-3072 0 -1408 ) (-2048 0 -1408 ) (-2048 -128 -1408 ) 
4 145 154 (-3072 0 -1536 ) (-3072 0 -4096 ) (-3072 -128 -4096 ) (-3072 -128 -1536 ) 
4 145 153 (-3072 -128 -1408 ) (-3072 0 -1408 ) (-3072 0 -1536 ) (-3072 -128 -1536 ) 
4 146 149 (-3072 1024 -1408 ) (-3072 1024 896 ) (-3328 1024 896 ) (-3328 1024 -1408 ) 
4 146 147 (-3072 1024 -1408 ) (-3328 1024 -1408 ) (-3328 2048 -1408 ) (-3072 2048 -1408 ) 
4 147 150 (-3072 1024 -4096 ) (-3072 1024 -1408 ) (-3456 1024 -1408 ) (-3456 1024 -4096 ) 
4 147 148 (-3456 2048 -1536 ) (-3456 2048 -4096 ) (-3456 1024 -4096 ) (-3456 1024 -1536 ) 
4 148 151 (-3456 1024 -4096 ) (-3456 1024 -1536 ) (-3968 1024 -1536 ) (-3968 1024 -4096 ) 
4 149 152 (-3072 0 -1408 ) (-3072 0 896 ) (-3328 0 896 ) (-3328 0 -1408 ) 
4 149 150 (-3072 0 -1408 ) (-3328 0 -1408 ) (-3328 1024 -1408 ) (-3072 1024 -1408 ) 
4 150 154 (-3072 0 -4096 ) (-3072 0 -1536 ) (-3456 0 -1536 ) (-3456 0 -4096 ) 
4 150 153 (-3072 0 -1536 ) (-3072 0 -1408 ) (-3456 0 -1408 ) (-3456 0 -1536 ) 
4 150 151 (-3456 1024 -1536 ) (-3456 1024 -4096 ) (-3456 0 -4096 ) (-3456 0 -1536 ) 
4 151 154 (-3456 0 -4096 ) (-3456 0 -1536 ) (-3968 0 -1536 ) (-3968 0 -4096 ) 
4 152 153 (-3328 -128 -1408 ) (-3328 0 -1408 ) (-3072 0 -1408 ) (-3072 -128 -1408 ) 
4 153 154 (-3456 0 -1536 ) (-3072 0 -1536 ) (-3072 -128 -1536 ) (-3456 -128 -1536 ) 
4 155 156 (-1024 -1024 1152 ) (-1024 -1024 -256 ) (-1024 -1664 -256 ) (-1024 -1664 1152 ) 
