PRT1
173
369
4 0 3 (64 5120 -1408 ) (0 5120 -1408 ) (0 5120 -4608 ) (64 5120 -4608 ) 
4 0 1 (0 5120 -4608 ) (0 5120 -1408 ) (0 6016 -1408 ) (0 6016 -4608 ) 
4 1 4 (0 5120 -4608 ) (0 5120 -1408 ) (-896 5120 -1408 ) (-896 5120 -4608 ) 
4 1 2 (-896 6016 -4608 ) (-896 5120 -4608 ) (-896 5120 -2944 ) (-896 6016 -2944 ) 
4 2 9 (-1024 5120 -4608 ) (-1024 5120 -2944 ) (-1024 6016 -2944 ) (-1024 6016 -4608 ) 
4 3 6 (64 4096 -1408 ) (0 4096 -1408 ) (0 4096 -4608 ) (64 4096 -4608 ) 
4 3 5 (0 4992 -4608 ) (0 4096 -4608 ) (0 4096 -1408 ) (0 4992 -1408 ) 
4 3 4 (0 5120 -1408 ) (0 5120 -4608 ) (0 4992 -4608 ) (0 4992 -1408 ) 
4 4 5 (0 4992 -4608 ) (0 4992 -1408 ) (-896 4992 -1408 ) (-896 4992 -4608 ) 
4 5 7 (0 4096 -4608 ) (0 4096 -1408 ) (-896 4096 -1408 ) (-896 4096 -4608 ) 
4 6 7 (0 4096 -1408 ) (0 4096 -4608 ) (0 3200 -4608 ) (0 3200 -1408 ) 
4 7 8 (-896 4096 -1792 ) (-896 4096 -2304 ) (-896 3584 -2304 ) (-896 3584 -1792 ) 
4 8 17 (-1024 3584 -2304 ) (-1024 3584 -1792 ) (-1024 4096 -1792 ) (-1024 4096 -2304 ) 
4 9 10 (-2048 5120 -4608 ) (-2048 5120 -2944 ) (-2048 6016 -2944 ) (-2048 6016 -4608 ) 
4 10 12 (-3072 5120 -4608 ) (-3072 5120 -2944 ) (-3072 6016 -2944 ) (-3072 6016 -4608 ) 
4 11 23 (-5120 6144 -2816 ) (-5120 6144 -1664 ) (-5120 6400 -1664 ) (-5120 6400 -2816 ) 
4 11 13 (-5120 6144 -1664 ) (-5120 6144 -2816 ) (-4352 6144 -2816 ) (-4352 6144 -1664 ) 
4 12 14 (-4096 6016 -4608 ) (-4096 5120 -4608 ) (-4096 5120 -2944 ) (-4096 6016 -2944 ) 
4 13 26 (-5120 5120 -2184 ) (-5120 5120 -2176 ) (-5120 5384 -2176 ) (-5120 5384 -2184 ) 
4 13 25 (-5120 5120 -2176 ) (-5120 5120 -1664 ) (-5120 5384 -1664 ) (-5120 5384 -2176 ) 
4 13 27 (-5120 5120 -2816 ) (-5120 5120 -2184 ) (-5120 5384 -2184 ) (-5120 5384 -2816 ) 
4 13 24 (-5120 5384 -1664 ) (-5120 6144 -1664 ) (-5120 6144 -2816 ) (-5120 5384 -2816 ) 
4 14 29 (-5120 5120 -4608 ) (-5120 5120 -2944 ) (-5120 6016 -2944 ) (-5120 6016 -4608 ) 
4 15 17 (-1024 4096 -3328 ) (-1024 4096 -896 ) (-2048 4096 -896 ) (-2048 4096 -3328 ) 
4 15 16 (-2048 4096 -3328 ) (-2048 4096 -896 ) (-2048 4992 -896 ) (-2048 4992 -3328 ) 
4 16 19 (-3072 4096 -3328 ) (-3072 4096 -896 ) (-3072 4992 -896 ) (-3072 4992 -3328 ) 
4 16 18 (-2048 4096 -3328 ) (-2048 4096 -896 ) (-3072 4096 -896 ) (-3072 4096 -3328 ) 
4 17 133 (-1024 3072 -3328 ) (-1024 3072 -896 ) (-2048 3072 -896 ) (-2048 3072 -3328 ) 
4 17 18 (-2048 4096 -896 ) (-2048 4096 -3328 ) (-2048 3072 -3328 ) (-2048 3072 -896 ) 
4 18 138 (-2048 3072 -3328 ) (-2048 3072 -896 ) (-3072 3072 -896 ) (-3072 3072 -3328 ) 
4 18 21 (-3072 3072 -3328 ) (-3072 3072 -896 ) (-3072 4096 -896 ) (-3072 4096 -3328 ) 
4 19 21 (-3072 4096 -3328 ) (-3072 4096 -896 ) (-4096 4096 -896 ) (-4096 4096 -3328 ) 
4 19 20 (-4096 4096 -3328 ) (-4096 4096 -896 ) (-4096 4992 -896 ) (-4096 4992 -3328 ) 
4 20 33 (-5120 4096 -3328 ) (-5120 4096 -896 ) (-5120 4992 -896 ) (-5120 4992 -3328 ) 
4 20 22 (-5120 4096 -896 ) (-5120 4096 -3328 ) (-4096 4096 -3328 ) (-4096 4096 -896 ) 
4 21 149 (-3072 3072 -3328 ) (-3072 3072 -1536 ) (-4096 3072 -1536 ) (-4096 3072 -3328 ) 
4 21 147 (-3072 3072 -1536 ) (-3072 3072 -1408 ) (-4096 3072 -1408 ) (-4096 3072 -1536 ) 
4 21 145 (-3072 3072 -1408 ) (-3072 3072 -896 ) (-4096 3072 -896 ) (-4096 3072 -1408 ) 
4 21 22 (-4096 4096 -896 ) (-4096 4096 -3328 ) (-4096 3072 -3328 ) (-4096 3072 -896 ) 
4 22 151 (-4096 3072 -3328 ) (-4096 3072 -896 ) (-5120 3072 -896 ) (-5120 3072 -3328 ) 
4 22 35 (-5120 3072 -3328 ) (-5120 3072 -896 ) (-5120 4096 -896 ) (-5120 4096 -3328 ) 
4 23 24 (-5120 6144 -2816 ) (-5120 6144 -1664 ) (-5888 6144 -1664 ) (-5888 6144 -2816 ) 
4 24 26 (-5888 5384 -2176 ) (-5888 5384 -2184 ) (-5120 5384 -2184 ) (-5120 5384 -2176 ) 
4 24 25 (-5120 5384 -1664 ) (-5888 5384 -1664 ) (-5888 5384 -2176 ) (-5120 5384 -2176 ) 
4 24 27 (-5888 5384 -2184 ) (-5888 5384 -2816 ) (-5120 5384 -2816 ) (-5120 5384 -2184 ) 
4 25 32 (-5120 5120 -2176 ) (-5120 5120 -1664 ) (-5888 5120 -1664 ) (-5888 5120 -2176 ) 
4 25 26 (-5888 5120 -2176 ) (-5888 5384 -2176 ) (-5120 5384 -2176 ) (-5120 5120 -2176 ) 
4 26 27 (-5120 5120 -2184 ) (-5888 5120 -2184 ) (-5888 5384 -2184 ) (-5120 5384 -2184 ) 
4 27 28 (-5120 5120 -2816 ) (-5632 5120 -2816 ) (-5632 5376 -2816 ) (-5120 5376 -2816 ) 
4 28 29 (-5632 5376 -2944 ) (-5120 5376 -2944 ) (-5120 5120 -2944 ) (-5632 5120 -2944 ) 
4 29 30 (-6144 6016 -4608 ) (-6144 5120 -4608 ) (-6144 5120 -2944 ) (-6144 6016 -2944 ) 
4 30 31 (-7168 5120 -4608 ) (-7168 5120 -2944 ) (-7168 6016 -2944 ) (-7168 6016 -4608 ) 
4 32 33 (-5120 4992 -2176 ) (-5120 4992 -1664 ) (-5888 4992 -1664 ) (-5888 4992 -2176 ) 
4 33 35 (-5120 4096 -3328 ) (-5120 4096 -896 ) (-6144 4096 -896 ) (-6144 4096 -3328 ) 
4 33 34 (-6144 4096 -3328 ) (-6144 4096 -896 ) (-6144 4992 -896 ) (-6144 4992 -3328 ) 
4 34 37 (-7168 4096 -3328 ) (-7168 4096 -896 ) (-7168 4992 -896 ) (-7168 4992 -3328 ) 
4 34 36 (-6144 4096 -3328 ) (-6144 4096 -896 ) (-7168 4096 -896 ) (-7168 4096 -3328 ) 
4 35 169 (-5120 3072 -3328 ) (-5120 3072 -896 ) (-6144 3072 -896 ) (-6144 3072 -3328 ) 
4 35 36 (-6144 4096 -896 ) (-6144 4096 -3328 ) (-6144 3072 -3328 ) (-6144 3072 -896 ) 
4 36 170 (-6144 3072 -3328 ) (-6144 3072 -896 ) (-7168 3072 -896 ) (-7168 3072 -3328 ) 
4 36 38 (-7168 3072 -3328 ) (-7168 3072 -896 ) (-7168 4096 -896 ) (-7168 4096 -3328 ) 
4 37 38 (-7168 4096 -3328 ) (-7168 4096 -896 ) (-7680 4096 -896 ) (-7680 4096 -3328 ) 
4 38 171 (-7168 3072 -3328 ) (-7168 3072 -896 ) (-7680 3072 -896 ) (-7680 3072 -3328 ) 
4 39 55 (3072 0 1024 ) (3072 0 2688 ) (3072 256 2688 ) (3072 256 1024 ) 
4 39 46 (3072 0 2688 ) (3072 0 1024 ) (3200 0 1024 ) (3200 0 2688 ) 
4 40 91 (4224 -1024 2577.594727 ) (4224 -1024 2635.241455 ) (4096 -1024 2635.233887 ) (4096 -1024 2577.593018 ) 
4 40 90 (4224 -1024 1152 ) (4224 -1024 2577.594727 ) (4096 -1024 2577.593018 ) (4096 -1024 1152 ) 
4 40 89 (4224 -1024 2635.241455 ) (4224 -1024 3712 ) (4096 -1024 3712 ) (4096 -1024 2635.233887 ) 
4 40 41 (4096 0 3712 ) (4096 0 1152 ) (4096 -1024 1152 ) (4096 -1024 3712 ) 
4 41 98 (4096 -1024 1152 ) (4096 -1024 1490.553467 ) (3488 -1024 1490.370117 ) (3488 -1024 1152 ) 
4 41 96 (4096 -1024 2577.593262 ) (4096 -1024 2635.234131 ) (3488 -1024 2635.198730 ) (3488 -1024 2577.585205 ) 
4 41 95 (4096 -1024 1490.553467 ) (4096 -1024 2577.593262 ) (3488 -1024 2577.585205 ) (3488 -1024 1490.370117 ) 
4 41 94 (4096 -1024 2635.234131 ) (4096 -1024 3712 ) (3488 -1024 3712 ) (3488 -1024 2635.198730 ) 
3 41 44 (3488 -988.745605 1152 ) (3488 -1024 1152 ) (3488 -1024 1204.268311 ) 
3 41 43 (3488 -795.768799 1152 ) (3488 -959.134949 1152 ) (3488 -846.861633 1227.749023 ) 
5 41 42 (3488 0 1152 ) (3488 -795.768799 1152 ) (3488 -1024 1490.369873 ) (3488 -1024 3712 ) (3488 0 3712 ) 
4 42 96 (3456 -1024 2635.196777 ) (3456 -1024 2577.584717 ) (3488 -1024 2577.584961 ) (3488 -1024 2635.198730 ) 
4 42 95 (3456 -1024 2577.584717 ) (3456 -1024 1490.360352 ) (3488 -1024 1490.369873 ) (3488 -1024 2577.584961 ) 
4 42 94 (3488 -1024 3712 ) (3456 -1024 3712 ) (3456 -1024 2635.196777 ) (3488 -1024 2635.198730 ) 
4 42 43 (3456 -846.864319 1227.738525 ) (3456 -795.778564 1152 ) (3488 -795.765625 1152 ) (3488 -846.859436 1227.750366 ) 
5 42 45 (3456 0 1152 ) (3456 -795.775330 1152 ) (3456 -1024 1490.360229 ) (3456 -1024 3712 ) (3456 0 3712 ) 
3 43 45 (3456 -795.775330 1152 ) (3456 -959.121887 1152 ) (3456 -846.862061 1227.739990 ) 
4 44 99 (3456 -1024 1204.208984 ) (3456 -1024 1152 ) (3488 -1024 1152 ) (3488 -1024 1204.268311 ) 
3 44 45 (3456 -988.785645 1152 ) (3456 -1024 1152 ) (3456 -1024 1204.208862 ) 
4 45 100 (3456 -1024 3712 ) (3328 -1024 3712 ) (3328 -1024 1152 ) (3456 -1024 1152 ) 
4 46 102 (3200 -1024 1024 ) (3200 -1024 2688 ) (3072 -1024 2688 ) (3072 -1024 1024 ) 
4 46 65 (3072 -1024 1024 ) (3072 -1024 2688 ) (3072 0 2688 ) (3072 0 1024 ) 
4 47 49 (2304 2048 896 ) (2048 2048 896 ) (2048 2048 -1408 ) (2304 2048 -1408 ) 
4 47 48 (2048 2176 -1408 ) (2048 2048 -1408 ) (2048 2048 896 ) (2048 2176 896 ) 
4 48 51 (1024 2176 -1408 ) (1024 2048 -1408 ) (1024 2048 896 ) (1024 2176 896 ) 
4 48 50 (2048 2048 -1408 ) (2048 2048 896 ) (1024 2048 896 ) (1024 2048 -1408 ) 
4 49 57 (2304 1024 896 ) (2048 1024 896 ) (2048 1024 -1408 ) (2304 1024 -1408 ) 
4 49 50 (2048 2048 896 ) (2048 2048 -1408 ) (2048 1024 -1408 ) (2048 1024 896 ) 
4 50 59 (1920 1024 896 ) (1024 1024 896 ) (1024 1024 -1408 ) (1920 1024 -1408 ) 
4 50 58 (2048 1024 -1408 ) (2048 1024 896 ) (1920 1024 896 ) (1920 1024 -1408 ) 
4 50 53 (1024 1024 -1408 ) (1024 1024 896 ) (1024 2048 896 ) (1024 2048 -1408 ) 
4 51 53 (1024 2048 -1408 ) (1024 2048 896 ) (0 2048 896 ) (0 2048 -1408 ) 
4 51 52 (0 2176 -1408 ) (0 2048 -1408 ) (0 2048 896 ) (0 2176 896 ) 
4 52 135 (-1024 2176 -1408 ) (-1024 2048 -1408 ) (-1024 2048 896 ) (-1024 2176 896 ) 
4 52 54 (0 2048 -1408 ) (0 2048 896 ) (-1024 2048 896 ) (-1024 2048 -1408 ) 
4 53 74 (1024 1024 -1408 ) (1024 1024 896 ) (0 1024 896 ) (0 1024 -1408 ) 
4 53 54 (0 2048 896 ) (0 2048 -1408 ) (0 1024 -1408 ) (0 1024 896 ) 
4 54 143 (-1024 1024 -1408 ) (-1024 1024 896 ) (-1024 2048 896 ) (-1024 2048 -1408 ) 
4 54 81 (0 1024 -1408 ) (0 1024 896 ) (-1024 1024 896 ) (-1024 1024 -1408 ) 
4 55 66 (2176 0 2688 ) (2144 0 2688 ) (2144 0 1024 ) (2176 0 1024 ) 
4 55 65 (3072 0 1024 ) (3072 0 2688 ) (2176 0 2688 ) (2176 0 1024 ) 
4 55 71 (2144 0 2688 ) (2048 0 2688 ) (2048 0 1024 ) (2144 0 1024 ) 
4 55 62 (2048 256 1024 ) (2048 0 1024 ) (2048 0 2688 ) (2048 256 2688 ) 
4 55 56 (2304 0 1024 ) (2048 0 1024 ) (2048 256 1024 ) (2304 256 1024 ) 
4 56 72 (2304 0 1024 ) (2048 0 1024 ) (2048 0 896 ) (2304 0 896 ) 
4 56 61 (2048 384 896 ) (2048 256 896 ) (2048 256 1024 ) (2048 384 1024 ) 
4 56 62 (2048 256 896 ) (2048 0 896 ) (2048 0 1024 ) (2048 256 1024 ) 
4 56 57 (2048 0 896 ) (2048 384 896 ) (2304 384 896 ) (2304 0 896 ) 
4 57 72 (2304 0 896 ) (2048 0 896 ) (2048 0 -1408 ) (2304 0 -1408 ) 
4 57 61 (2048 384 -1408 ) (2048 256 -1408 ) (2048 256 896 ) (2048 384 896 ) 
4 57 62 (2048 256 -1408 ) (2048 0 -1408 ) (2048 0 896 ) (2048 256 896 ) 
4 57 58 (2048 1024 896 ) (2048 1024 -1408 ) (2048 384 -1408 ) (2048 384 896 ) 
4 58 61 (2048 384 -1408 ) (2048 384 896 ) (1920 384 896 ) (1920 384 -1408 ) 
4 58 60 (1920 896 -1408 ) (1920 384 -1408 ) (1920 384 896 ) (1920 896 896 ) 
4 58 59 (1920 1024 896 ) (1920 1024 -1408 ) (1920 896 -1408 ) (1920 896 896 ) 
4 59 74 (1024 1024 896 ) (1024 1024 -1408 ) (1024 896 -1408 ) (1024 896 896 ) 
4 59 60 (1920 896 -1408 ) (1920 896 896 ) (1024 896 896 ) (1024 896 -1408 ) 
4 60 75 (1024 384 -1408 ) (1024 384 1536 ) (1024 896 1536 ) (1024 896 -1408 ) 
4 60 63 (1024 384 1408 ) (1024 384 -1408 ) (1792 384 -1408 ) (1792 384 1408 ) 
4 60 61 (1920 384 -1408 ) (1920 384 1024 ) (1792 384 1024 ) (1792 384 -1408 ) 
4 61 63 (1792 384 1024 ) (1792 384 -1408 ) (1792 256 -1408 ) (1792 256 1024 ) 
4 61 62 (1792 256 1024 ) (1792 256 -1408 ) (2048 256 -1408 ) (2048 256 1024 ) 
4 62 73 (2048 0 -1408 ) (2048 0 2688 ) (1792 0 2688 ) (1792 0 -1408 ) 
4 62 64 (1792 0 -1408 ) (1792 0 2688 ) (1792 256 2688 ) (1792 256 -1408 ) 
4 63 78 (1024 384 1408 ) (1024 384 -1408 ) (1024 256 -1408 ) (1024 256 1408 ) 
4 63 64 (1024 256 -1408 ) (1792 256 -1408 ) (1792 256 1408 ) (1024 256 1408 ) 
4 64 78 (1024 0 -1408 ) (1024 0 1408 ) (1024 256 1408 ) (1024 256 -1408 ) 
4 64 77 (1024 0 1408 ) (1024 0 2688 ) (1024 256 2688 ) (1024 256 1408 ) 
4 64 73 (1792 0 -1408 ) (1792 0 2688 ) (1024 0 2688 ) (1024 0 -1408 ) 
4 65 116 (3072 -1024 1024 ) (3072 -1024 2688 ) (2176 -1024 2688 ) (2176 -1024 1024 ) 
4 65 72 (2304 -1024 1024 ) (2176 -1024 1024 ) (2176 0 1024 ) (2304 0 1024 ) 
5 65 70 (2176 -945.572876 1431.329834 ) (2176 -1024 1547.603760 ) (2176 -1024 1803.041016 ) (2176 -877.116211 1902.109985 ) (2176 -680.283997 1610.269775 ) 
3 65 69 (2176 -1024 1803.041016 ) (2176 -1024 2119.892578 ) (2176 -877.116211 1902.109985 ) 
4 65 68 (2176 -284.873230 1024 ) (2176 -670.827759 1024 ) (2176 -945.572876 1431.329834 ) (2176 -680.283997 1610.269775 ) 
3 65 67 (2176 -670.827759 1024 ) (2176 -1024 1024 ) (2176 -1024 1547.603760 ) 
5 65 66 (2176 0 1024 ) (2176 -284.873230 1024 ) (2176 -1024 2119.892578 ) (2176 -1024 2688 ) (2176 0 2688 ) 
4 66 118 (2176 -1024 2688 ) (2144 -1024 2688 ) (2144 -1024 2119.894531 ) (2176 -1024 2119.892578 ) 
4 66 72 (2144 -284.871887 1024 ) (2144 0 1024 ) (2176 0 1024 ) (2176 -284.873230 1024 ) 
4 66 70 (2144 -877.110962 1902.103516 ) (2144 -680.276428 1610.259644 ) (2176 -680.284546 1610.269531 ) (2176 -877.116333 1902.109863 ) 
4 66 69 (2144 -1024 2119.893799 ) (2144 -877.110962 1902.103516 ) (2176 -877.116333 1902.109863 ) (2176 -1024 2119.892578 ) 
4 66 68 (2144 -680.276428 1610.259644 ) (2144 -284.872681 1024 ) (2176 -284.875000 1024 ) (2176 -680.284546 1610.269531 ) 
5 66 71 (2144 0 1024 ) (2144 -284.871918 1024 ) (2144 -1024 2119.894531 ) (2144 -1024 2688 ) (2144 0 2688 ) 
4 67 117 (2144 -1024 1547.593750 ) (2144 -1024 1024 ) (2176 -1024 1024 ) (2176 -1024 1547.603760 ) 
4 67 72 (2176 -1024 1024 ) (2144 -1024 1024 ) (2144 -670.834473 1024 ) (2176 -670.827759 1024 ) 
4 67 70 (2176 -1024 1547.605957 ) (2176 -945.571838 1431.330566 ) (2144 -945.571777 1431.315186 ) (2144 -1024 1547.590576 ) 
4 67 68 (2176 -945.571838 1431.330566 ) (2176 -670.826172 1024 ) (2144 -670.835938 1024 ) (2144 -945.571777 1431.315186 ) 
3 67 71 (2144 -670.834473 1024 ) (2144 -1024 1024 ) (2144 -1024 1547.593750 ) 
4 68 72 (2144 -670.834473 1024 ) (2144 -284.871887 1024 ) (2176 -284.873230 1024 ) (2176 -670.827759 1024 ) 
4 68 70 (2176 -680.284790 1610.270264 ) (2144 -680.276733 1610.260254 ) (2144 -945.569824 1431.317871 ) (2176 -945.572327 1431.331543 ) 
4 68 71 (2144 -284.871918 1024 ) (2144 -670.834473 1024 ) (2144 -945.570374 1431.316040 ) (2144 -680.276001 1610.259766 ) 
4 69 118 (2144 -1024 2119.894531 ) (2144 -1024 1803.031006 ) (2176 -1024 1803.041016 ) (2176 -1024 2119.892578 ) 
3 69 71 (2144 -1024 1803.031006 ) (2144 -1024 2119.894531 ) (2144 -877.110596 1902.103638 ) 
4 69 70 (2144 -1024 1803.030884 ) (2144 -877.110779 1902.103638 ) (2176 -877.116333 1902.109863 ) (2176 -1024 1803.040771 ) 
4 70 119 (2144 -1024 1803.031006 ) (2144 -1024 1547.593750 ) (2176 -1024 1547.603760 ) (2176 -1024 1803.041016 ) 
5 70 71 (2144 -945.570374 1431.316040 ) (2144 -1024 1547.593750 ) (2144 -1024 1803.031006 ) (2144 -877.110596 1902.103638 ) (2144 -680.276001 1610.259766 ) 
4 71 120 (2144 -1024 2688 ) (2048 -1024 2688 ) (2048 -1024 1024 ) (2144 -1024 1024 ) 
4 71 73 (2048 0 2688 ) (2048 0 1024 ) (2048 -1024 1024 ) (2048 -1024 2688 ) 
4 71 72 (2144 -1024 1024 ) (2048 -1024 1024 ) (2048 0 1024 ) (2144 0 1024 ) 
4 72 73 (2048 0 1024 ) (2048 0 -1408 ) (2048 -1024 -1408 ) (2048 -1024 1024 ) 
4 73 122 (1280 -1024 1024 ) (1024 -1024 1024 ) (1024 -1024 896 ) (1280 -1024 896 ) 
4 73 121 (2048 -1024 1024 ) (2048 -1024 2688 ) (1024 -1024 2688 ) (1024 -1024 1024 ) 
4 73 83 (1024 -1024 -1408 ) (1024 -1024 2688 ) (1024 0 2688 ) (1024 0 -1408 ) 
4 74 81 (0 1024 896 ) (0 1024 -1408 ) (0 896 -1408 ) (0 896 896 ) 
4 74 76 (640 896 896 ) (0 896 896 ) (0 896 -1408 ) (640 896 -1408 ) 
4 74 75 (1024 896 -1408 ) (1024 896 896 ) (640 896 896 ) (640 896 -1408 ) 
4 75 79 (768 384 1536 ) (640 384 1536 ) (640 384 -1408 ) (768 384 -1408 ) 
4 75 78 (1024 384 -1408 ) (1024 384 1408 ) (768 384 1408 ) (768 384 -1408 ) 
4 75 76 (640 896 1536 ) (640 896 -1408 ) (640 384 -1408 ) (640 384 1536 ) 
4 76 82 (0 384 -1408 ) (0 384 2048 ) (0 896 2048 ) (0 896 -1408 ) 
4 76 80 (0 384 2048 ) (0 384 -1408 ) (640 384 -1408 ) (640 384 2048 ) 
4 77 83 (1024 0 1408 ) (1024 0 2688 ) (768 0 2688 ) (768 0 1408 ) 
4 77 79 (768 256 1408 ) (768 0 1408 ) (768 0 1536 ) (768 256 1536 ) 
4 77 78 (1024 0 1408 ) (768 0 1408 ) (768 256 1408 ) (1024 256 1408 ) 
4 78 83 (1024 0 -1408 ) (1024 0 1408 ) (768 0 1408 ) (768 0 -1408 ) 
4 78 79 (768 384 1408 ) (768 384 -1408 ) (768 0 -1408 ) (768 0 1408 ) 
4 79 84 (768 0 -1408 ) (768 0 1536 ) (640 0 1536 ) (640 0 -1408 ) 
4 79 80 (640 384 1536 ) (640 384 -1408 ) (640 0 -1408 ) (640 0 1536 ) 
4 80 86 (640 0 -1408 ) (640 0 2048 ) (0 0 2048 ) (0 0 -1408 ) 
4 80 82 (0 0 -1408 ) (0 0 2048 ) (0 384 2048 ) (0 384 -1408 ) 
4 81 156 (-1024 896 -1408 ) (-1024 896 896 ) (-1024 1024 896 ) (-1024 1024 -1408 ) 
4 81 82 (0 896 -1408 ) (0 896 896 ) (-1024 896 896 ) (-1024 896 -1408 ) 
4 82 156 (-1024 0 -1408 ) (-1024 0 896 ) (-1024 896 896 ) (-1024 896 -1408 ) 
4 82 155 (-1024 0 896 ) (-1024 0 2048 ) (-1024 896 2048 ) (-1024 896 896 ) 
4 82 87 (0 0 -1408 ) (0 0 2048 ) (-1024 0 2048 ) (-1024 0 -1408 ) 
4 83 126 (1024 -1024 896 ) (1024 -1024 2688 ) (768 -1024 2688 ) (768 -1024 896 ) 
4 83 85 (768 -384 -1408 ) (768 -1024 -1408 ) (768 -1024 896 ) (768 -384 896 ) 
4 83 84 (768 0 -1408 ) (768 -384 -1408 ) (768 -384 1536 ) (768 0 1536 ) 
4 84 86 (640 0 1536 ) (640 0 -1408 ) (640 -384 -1408 ) (640 -384 1536 ) 
4 84 85 (640 -384 896 ) (640 -384 -1408 ) (768 -384 -1408 ) (768 -384 896 ) 
4 85 86 (640 -384 -1408 ) (640 -1024 -1408 ) (640 -1024 896 ) (640 -384 896 ) 
4 86 128 (0 -1024 896 ) (0 -1024 -256 ) (512 -1024 -256 ) (512 -1024 896 ) 
4 86 127 (0 -1024 1152 ) (0 -1024 896 ) (640 -1024 896 ) (640 -1024 1152 ) 
4 86 87 (0 0 2048 ) (0 0 -1408 ) (0 -1024 -1408 ) (0 -1024 2048 ) 
4 87 160 (-1024 -1024 -1408 ) (-1024 -1024 896 ) (-1024 -128 896 ) (-1024 -128 -1408 ) 
4 87 159 (-1024 -128 896 ) (-1024 0 896 ) (-1024 0 -1408 ) (-1024 -128 -1408 ) 
4 87 158 (-1024 -1024 896 ) (-1024 -1024 2048 ) (-1024 0 2048 ) (-1024 0 896 ) 
4 87 131 (0 -1024 -256 ) (0 -1024 1152 ) (-1024 -1024 1152 ) (-1024 -1024 -256 ) 
4 88 103 (4224 -2048 6016 ) (4096 -2048 6016 ) (4096 -2048 3712 ) (4224 -2048 3712 ) 
4 88 93 (4096 -1760 3712 ) (4096 -2048 3712 ) (4096 -2048 6016 ) (4096 -1760 6016 ) 
4 88 92 (4224 -2048 3712 ) (4096 -2048 3712 ) (4096 -1776 3712 ) (4224 -1776 3712 ) 
3 89 94 (4096 -1024 3712 ) (4096 -1024 2635.233887 ) (4096 -1750.525024 3712 ) 
4 89 91 (4096 -1024 2635.235352 ) (4224 -1024 2635.242676 ) (4224 -1729.891846 3681.428467 ) (4096 -1729.894897 3681.425537 ) 
4 90 98 (4096 -1024 1490.553467 ) (4096 -1024 1152 ) (4096 -1776 1152 ) (4096 -1776 2605.450439 ) 
4 90 95 (4096 -1024 2577.593018 ) (4096 -1024 1490.553467 ) (4096 -1776 2605.450439 ) (4096 -1776 3692.538818 ) 
4 90 91 (4096 -1024 2577.590332 ) (4096 -1756.421631 3663.507813 ) (4224 -1756.421265 3663.509277 ) (4224 -1024 2577.592041 ) 
4 90 92 (4096 -1776 1152 ) (4224 -1776 1152 ) (4224 -1776 3692.540283 ) (4096 -1776 3692.538818 ) 
4 91 96 (4096 -1024 2635.233887 ) (4096 -1024 2577.593018 ) (4096 -1756.420166 3663.508789 ) (4096 -1729.895386 3681.425293 ) 
4 92 105 (4224 -2048 1152 ) (4224 -2048 3712 ) (4096 -2048 3712 ) (4096 -2048 1152 ) 
4 92 98 (4096 -1776 1152 ) (4096 -2048 1152 ) (4096 -2048 3008.710938 ) (4096 -1776 2605.450195 ) 
4 92 97 (4096 -2048 3008.710938 ) (4096 -2048 3712 ) (4096 -1776 3712 ) (4096 -1776 2605.450195 ) 
4 93 106 (4096 -2048 3712 ) (4096 -2048 6016 ) (3456 -2048 6016 ) (3456 -2048 3712 ) 
4 93 97 (4096 -2048 3712 ) (3456 -2048 3712 ) (3456 -1776 3712 ) (4096 -1776 3712 ) 
4 94 96 (3456 -1729.909546 3681.410156 ) (3456 -1024 2635.197998 ) (4096 -1024 2635.235107 ) (4096 -1729.894897 3681.425293 ) 
3 94 100 (3456 -1750.550049 3712 ) (3456 -1024 3712 ) (3456 -1024 2635.196777 ) 
4 95 98 (3488 -1024 1490.366577 ) (4096 -1024 1490.550171 ) (4096 -1776 2605.445801 ) (3488 -1776 2605.262207 ) 
4 95 96 (3456 -1024 2577.581787 ) (3456 -1756.422974 3663.501709 ) (4096 -1756.421631 3663.507813 ) (4096 -1024 2577.590088 ) 
4 95 100 (3456 -1024 2577.584717 ) (3456 -1024 1490.360352 ) (3456 -1776 2605.257080 ) (3456 -1776 3692.530273 ) 
4 95 97 (3456 -1776 3692.530273 ) (3456 -1776 2605.252197 ) (4096 -1776 2605.445313 ) (4096 -1776 3692.538574 ) 
4 96 100 (3456 -1729.910034 3681.409912 ) (3456 -1024 2635.196777 ) (3456 -1024 2577.584717 ) (3456 -1756.421631 3663.502441 ) 
4 97 109 (3488 -2048 3712 ) (3456 -2048 3712 ) (3456 -2048 3008.517578 ) (3488 -2048 3008.527344 ) 
4 97 108 (4096 -2048 3008.710938 ) (4096 -2048 3712 ) (3488 -2048 3712 ) (3488 -2048 3008.527344 ) 
4 97 98 (3488 -1776 2605.262207 ) (4096 -1776 2605.445801 ) (4096 -2048 3008.706055 ) (3488 -2048 3008.522461 ) 
4 97 100 (3456 -2048 3008.517578 ) (3456 -2048 3712 ) (3456 -1776 3712 ) (3456 -1776 2605.257080 ) 
4 98 108 (4096 -2048 1152 ) (4096 -2048 3008.710938 ) (3488 -2048 3008.527344 ) (3488 -2048 1152 ) 
4 98 99 (3488 -1024 1204.268311 ) (3488 -1024 1152 ) (3488 -2048 1152 ) (3488 -2048 2722.453613 ) 
4 99 111 (3456 -2048 2722.394043 ) (3456 -2048 1152 ) (3488 -2048 1152 ) (3488 -2048 2722.453613 ) 
4 99 100 (3456 -1024 1152 ) (3456 -2048 1152 ) (3456 -2048 2722.394043 ) (3456 -1024 1204.208984 ) 
4 100 112 (3456 -2048 3712 ) (3328 -2048 3712 ) (3328 -2048 1152 ) (3456 -2048 1152 ) 
4 100 101 (3328 -1707.091187 2560 ) (3328 -1024 2560 ) (3328 -1024 2048 ) (3328 -1361.571167 2048 ) 
4 101 102 (3200 -1707.091187 2560 ) (3200 -1024 2560 ) (3200 -1024 2048 ) (3200 -1361.571167 2048 ) 
4 102 116 (3072 -1024 2688 ) (3072 -1024 1024 ) (3072 -2048 1024 ) (3072 -2048 2688 ) 
4 102 113 (3200 -2048 1024 ) (3200 -2048 2688 ) (3072 -2048 2688 ) (3072 -2048 1024 ) 
4 103 106 (4096 -2048 6016 ) (4096 -2048 3712 ) (4096 -2816 3712 ) (4096 -2816 6016 ) 
4 103 105 (4096 -2688 3712 ) (4096 -2048 3712 ) (4224 -2048 3712 ) (4224 -2688 3712 ) 
4 103 104 (4224 -2816 3840 ) (4224 -2816 6016 ) (4096 -2816 6016 ) (4096 -2816 3840 ) 
4 104 114 (4224 -3072 6016 ) (4096 -3072 6016 ) (4096 -3072 3840 ) (4224 -3072 3840 ) 
4 104 107 (4096 -3072 3840 ) (4096 -3072 6016 ) (4096 -2816 6016 ) (4096 -2816 3840 ) 
4 105 108 (4096 -2048 3712 ) (4096 -2048 1152 ) (4096 -2688 1152 ) (4096 -2688 3712 ) 
4 106 110 (3488 -2522.493896 3712 ) (3488 -2688 3712 ) (3456 -2688 3712 ) (3456 -2522.500488 3712 ) 
4 106 109 (3456 -2048 3712 ) (3488 -2048 3712 ) (3488 -2522.493896 3712 ) (3456 -2522.500488 3712 ) 
4 106 108 (3488 -2048 3712 ) (4096 -2048 3712 ) (4096 -2688 3712 ) (3488 -2688 3712 ) 
4 106 107 (4096 -2816 3840 ) (4096 -2816 6016 ) (3456 -2816 6016 ) (3456 -2816 3840 ) 
4 107 115 (4096 -3072 3840 ) (4096 -3072 6016 ) (3456 -3072 6016 ) (3456 -3072 3840 ) 
5 108 111 (3488 -2048 1152 ) (3488 -2688 1152 ) (3488 -2688 3035.100342 ) (3488 -2393.080078 3234.070313 ) (3488 -2048 2722.453369 ) 
4 108 110 (3488 -2688 3035.100342 ) (3488 -2688 3712 ) (3488 -2522.493896 3712 ) (3488 -2260.473145 3323.534668 ) 
3 108 109 (3488 -2522.493896 3712 ) (3488 -2048 3712 ) (3488 -2048 3008.527100 ) 
4 109 110 (3456 -2522.501953 3712 ) (3456 -2260.491455 3323.549561 ) (3488 -2260.471191 3323.536133 ) (3488 -2522.490723 3712 ) 
3 109 112 (3456 -2522.500488 3712 ) (3456 -2048 3712 ) (3456 -2048 3008.517578 ) 
4 110 111 (3456 -2688 3035.126465 ) (3456 -2393.119873 3234.069824 ) (3488 -2393.079834 3234.069824 ) (3488 -2688 3035.099609 ) 
4 110 112 (3456 -2688 3035.127441 ) (3456 -2688 3712 ) (3456 -2522.500488 3712 ) (3456 -2260.490234 3323.550049 ) 
5 111 112 (3456 -2048 1152 ) (3456 -2688 1152 ) (3456 -2688 3035.127441 ) (3456 -2393.120117 3234.070313 ) (3456 -2048 2722.394043 ) 
4 113 123 (3072 -2304 1024 ) (3072 -2304 2688 ) (3072 -2048 2688 ) (3072 -2048 1024 ) 
4 114 115 (4096 -3072 6016 ) (4096 -3072 3840 ) (4096 -3968 3840 ) (4096 -3968 6016 ) 
4 116 123 (3072 -2048 1024 ) (3072 -2048 2688 ) (2176 -2048 2688 ) (2176 -2048 1024 ) 
3 116 119 (2176 -1024 1803.041016 ) (2176 -1024 1547.603638 ) (2176 -1142.420166 1723.170044 ) 
4 116 118 (2176 -1793.200806 2688 ) (2176 -1024 2688 ) (2176 -1024 1803.041016 ) (2176 -1142.420166 1723.170044 ) 
5 116 117 (2176 -1024 1024 ) (2176 -2048 1024 ) (2176 -2048 2688 ) (2176 -1793.200806 2688 ) (2176 -1024 1547.603638 ) 
4 117 123 (2176 -2048 2688 ) (2144 -2048 2688 ) (2144 -2048 1024 ) (2176 -2048 1024 ) 
4 117 119 (2176 -1142.418945 1723.170898 ) (2176 -1024 1547.605957 ) (2144 -1024 1547.590576 ) (2144 -1142.421631 1723.158936 ) 
4 117 118 (2176 -1793.199219 2688 ) (2176 -1142.418945 1723.170898 ) (2144 -1142.421631 1723.158936 ) (2144 -1793.210938 2688 ) 
5 117 120 (2144 -1024 1024 ) (2144 -2048 1024 ) (2144 -2048 2688 ) (2144 -1793.207642 2688 ) (2144 -1024 1547.593628 ) 
4 118 120 (2144 -1793.207642 2688 ) (2144 -1024 2688 ) (2144 -1024 1803.031006 ) (2144 -1142.420166 1723.160034 ) 
4 118 119 (2176 -1142.417969 1723.171143 ) (2144 -1142.417969 1723.161133 ) (2144 -1024 1803.030640 ) (2176 -1024 1803.040771 ) 
3 119 120 (2144 -1024 1803.031006 ) (2144 -1024 1547.593628 ) (2144 -1142.420166 1723.160034 ) 
4 120 123 (2144 -2048 2688 ) (2048 -2048 2688 ) (2048 -2048 1024 ) (2144 -2048 1024 ) 
4 120 121 (2048 -1024 2688 ) (2048 -1024 1024 ) (2048 -2048 1024 ) (2048 -2048 2688 ) 
4 121 129 (1024 -1152 1024 ) (1024 -2048 1024 ) (1024 -2048 2688 ) (1024 -1152 2688 ) 
4 121 126 (1024 -1024 2688 ) (1024 -1024 1024 ) (1024 -1152 1024 ) (1024 -1152 2688 ) 
4 121 124 (2048 -2048 1024 ) (2048 -2048 2688 ) (1280 -2048 2688 ) (1280 -2048 1024 ) 
4 121 125 (1280 -2048 2688 ) (1024 -2048 2688 ) (1024 -2048 1024 ) (1280 -2048 1024 ) 
4 121 122 (1280 -2048 1024 ) (1024 -2048 1024 ) (1024 -1024 1024 ) (1280 -1024 1024 ) 
4 122 129 (1024 -1152 896 ) (1024 -2048 896 ) (1024 -2048 1024 ) (1024 -1152 1024 ) 
4 122 126 (1024 -1024 1024 ) (1024 -1024 896 ) (1024 -1152 896 ) (1024 -1152 1024 ) 
4 122 125 (1280 -2048 1024 ) (1024 -2048 1024 ) (1024 -2048 896 ) (1280 -2048 896 ) 
4 123 124 (2048 -2048 2688 ) (2048 -2048 1024 ) (2048 -2304 1024 ) (2048 -2304 2688 ) 
4 124 125 (1280 -2304 1024 ) (1280 -2304 2688 ) (1280 -2048 2688 ) (1280 -2048 1024 ) 
4 125 132 (1024 -2304 2688 ) (1024 -2048 2688 ) (1024 -2048 896 ) (1024 -2304 896 ) 
4 126 129 (1024 -1152 896 ) (1024 -1152 2688 ) (768 -1152 2688 ) (768 -1152 896 ) 
4 127 131 (0 -1024 1152 ) (0 -1024 896 ) (0 -1152 896 ) (0 -1152 1152 ) 
4 127 130 (0 -1152 1152 ) (0 -1152 896 ) (512 -1152 896 ) (512 -1152 1152 ) 
4 127 128 (512 -1152 896 ) (0 -1152 896 ) (0 -1024 896 ) (512 -1024 896 ) 
4 128 131 (0 -1024 896 ) (0 -1024 -256 ) (0 -1152 -256 ) (0 -1152 896 ) 
4 128 130 (512 -1152 896 ) (0 -1152 896 ) (0 -1152 -256 ) (512 -1152 -256 ) 
4 129 132 (1024 -2048 896 ) (1024 -2048 2688 ) (768 -2048 2688 ) (768 -2048 896 ) 
4 130 131 (0 -1664 -256 ) (0 -1664 1152 ) (0 -1152 1152 ) (0 -1152 -256 ) 
4 131 172 (-1024 -1664 -256 ) (-1024 -1664 1152 ) (-1024 -1024 1152 ) (-1024 -1024 -256 ) 
4 133 138 (-2048 3072 -896 ) (-2048 3072 -3328 ) (-2048 2944 -3328 ) (-2048 2944 -896 ) 
5 133 134 (-2048 2944 -2562.899170 ) (-2048 2944 -2772.113037 ) (-1795.324707 2944 -3076.812256 ) (-1340.118408 2944 -2533.891602 ) (-1682.048828 2944 -2121.468506 ) 
4 134 139 (-2048 2816 -2772.113037 ) (-2048 2816 -2562.899170 ) (-2048 2944 -2562.898926 ) (-2048 2944 -2772.113037 ) 
5 134 137 (-2048 2816 -2562.898926 ) (-2048 2816 -2772.113037 ) (-1795.324829 2816 -3076.812012 ) (-1340.118530 2816 -2533.891602 ) (-1682.048950 2816 -2121.468506 ) 
4 135 143 (-1024 2048 -1408 ) (-1024 2048 896 ) (-2048 2048 896 ) (-2048 2048 -1408 ) 
4 135 140 (-2048 2048 -1408 ) (-2048 2048 896 ) (-2048 2176 896 ) (-2048 2176 -1408 ) 
4 135 136 (-2048 2048 -1408 ) (-2048 2176 -1408 ) (-1024 2176 -1408 ) (-1024 2048 -1408 ) 
4 136 143 (-1024 2048 -1536 ) (-1024 2048 -1408 ) (-2048 2048 -1408 ) (-2048 2048 -1536 ) 
4 136 142 (-2048 2048 -1536 ) (-2048 2048 -1408 ) (-2048 2304 -1408 ) (-2048 2304 -1536 ) 
4 136 137 (-1024 2048 -1536 ) (-2048 2048 -1536 ) (-2048 2304 -1536 ) (-1024 2304 -1536 ) 
4 137 143 (-1024 2048 -4096 ) (-1024 2048 -1536 ) (-2048 2048 -1536 ) (-2048 2048 -4096 ) 
4 137 141 (-2048 2304 -1536 ) (-2048 2816 -1536 ) (-2048 2816 -4096 ) (-2048 2304 -4096 ) 
4 137 142 (-2048 2048 -4096 ) (-2048 2048 -1536 ) (-2048 2304 -1536 ) (-2048 2304 -4096 ) 
4 138 149 (-3072 3072 -1536 ) (-3072 3072 -3328 ) (-3072 2944 -3328 ) (-3072 2944 -1536 ) 
4 138 147 (-3072 3072 -1408 ) (-3072 3072 -1536 ) (-3072 2944 -1536 ) (-3072 2944 -1408 ) 
4 138 145 (-3072 3072 -896 ) (-3072 3072 -1408 ) (-3072 2944 -1408 ) (-3072 2944 -896 ) 
3 138 139 (-2048 2944 -2772.113281 ) (-2048 2944 -2562.898926 ) (-2134.733643 2944 -2667.521973 ) 
3 139 141 (-2048 2816 -2772.113037 ) (-2048 2816 -2562.899170 ) (-2134.733398 2816 -2667.521973 ) 
4 140 146 (-3072 2048 -1408 ) (-3072 2048 896 ) (-3072 2176 896 ) (-3072 2176 -1408 ) 
4 140 144 (-2048 2048 -1408 ) (-2048 2048 896 ) (-3072 2048 896 ) (-3072 2048 -1408 ) 
4 140 142 (-2048 2176 -1408 ) (-2048 2048 -1408 ) (-3072 2048 -1408 ) (-3072 2176 -1408 ) 
4 141 150 (-3072 2816 -1536 ) (-3072 2816 -4096 ) (-3072 2304 -4096 ) (-3072 2304 -1536 ) 
4 141 142 (-3072 2304 -4096 ) (-2048 2304 -4096 ) (-2048 2304 -1536 ) (-3072 2304 -1536 ) 
4 142 150 (-3072 2048 -4096 ) (-3072 2048 -1536 ) (-3072 2304 -1536 ) (-3072 2304 -4096 ) 
4 142 148 (-3072 2048 -1536 ) (-3072 2048 -1408 ) (-3072 2304 -1408 ) (-3072 2304 -1536 ) 
4 142 144 (-2048 2048 -4096 ) (-2048 2048 -1408 ) (-3072 2048 -1408 ) (-3072 2048 -4096 ) 
4 143 156 (-1024 1024 -4096 ) (-1024 1024 896 ) (-2048 1024 896 ) (-2048 1024 -4096 ) 
4 143 144 (-2048 2048 896 ) (-2048 2048 -4096 ) (-2048 1024 -4096 ) (-2048 1024 896 ) 
4 144 157 (-2048 1024 -4096 ) (-2048 1024 896 ) (-3072 1024 896 ) (-3072 1024 -4096 ) 
4 144 153 (-3072 1024 -4096 ) (-3072 1024 -1408 ) (-3072 2048 -1408 ) (-3072 2048 -4096 ) 
4 144 152 (-3072 1024 -1408 ) (-3072 1024 896 ) (-3072 2048 896 ) (-3072 2048 -1408 ) 
4 145 151 (-4096 3072 -896 ) (-4096 3072 -1408 ) (-4096 2944 -1408 ) (-4096 2944 -896 ) 
4 145 147 (-4096 2944 -1408 ) (-4096 3072 -1408 ) (-3072 3072 -1408 ) (-3072 2944 -1408 ) 
4 146 152 (-3072 2048 -1408 ) (-3072 2048 896 ) (-3328 2048 896 ) (-3328 2048 -1408 ) 
4 146 148 (-3072 2048 -1408 ) (-3328 2048 -1408 ) (-3328 2176 -1408 ) (-3072 2176 -1408 ) 
4 147 151 (-4096 3072 -1408 ) (-4096 3072 -1536 ) (-4096 2944 -1536 ) (-4096 2944 -1408 ) 
4 147 149 (-4096 2944 -1536 ) (-4096 3072 -1536 ) (-3072 3072 -1536 ) (-3072 2944 -1536 ) 
4 148 153 (-3072 2048 -1536 ) (-3072 2048 -1408 ) (-3456 2048 -1408 ) (-3456 2048 -1536 ) 
4 148 150 (-3456 2304 -1536 ) (-3072 2304 -1536 ) (-3072 2048 -1536 ) (-3456 2048 -1536 ) 
4 149 151 (-4096 3072 -1536 ) (-4096 3072 -3328 ) (-4096 2944 -3328 ) (-4096 2944 -1536 ) 
4 150 154 (-3456 2048 -1536 ) (-3968 2048 -1536 ) (-3968 2048 -4096 ) (-3456 2048 -4096 ) 
4 150 153 (-3072 2048 -4096 ) (-3072 2048 -1536 ) (-3456 2048 -1536 ) (-3456 2048 -4096 ) 
4 151 169 (-5120 3072 -896 ) (-5120 3072 -3328 ) (-5120 2944 -3328 ) (-5120 2944 -896 ) 
4 152 163 (-3072 1024 -1408 ) (-3072 1024 896 ) (-3328 1024 896 ) (-3328 1024 -1408 ) 
4 152 153 (-3328 2048 -1408 ) (-3072 2048 -1408 ) (-3072 1024 -1408 ) (-3328 1024 -1408 ) 
4 153 164 (-3072 1024 -4096 ) (-3072 1024 -1408 ) (-3456 1024 -1408 ) (-3456 1024 -4096 ) 
4 153 154 (-3456 1024 -4096 ) (-3456 1024 -1536 ) (-3456 2048 -1536 ) (-3456 2048 -4096 ) 
4 154 165 (-3456 1024 -4096 ) (-3456 1024 -1536 ) (-3968 1024 -1536 ) (-3968 1024 -4096 ) 
4 155 158 (-1024 0 896 ) (-1024 0 2048 ) (-1152 0 2048 ) (-1152 0 896 ) 
4 155 156 (-1024 0 896 ) (-1152 0 896 ) (-1152 896 896 ) (-1024 896 896 ) 
4 156 159 (-1024 0 -4096 ) (-1024 0 896 ) (-2048 0 896 ) (-2048 0 -4096 ) 
4 156 157 (-2048 1024 896 ) (-2048 1024 -4096 ) (-2048 0 -4096 ) (-2048 0 896 ) 
4 157 164 (-3072 1024 -1408 ) (-3072 1024 -4096 ) (-3072 0 -4096 ) (-3072 0 -1408 ) 
4 157 163 (-3072 1024 896 ) (-3072 1024 -1408 ) (-3072 0 -1408 ) (-3072 0 896 ) 
4 157 162 (-2048 0 -4096 ) (-2048 0 -1408 ) (-3072 0 -1408 ) (-3072 0 -4096 ) 
4 157 161 (-2048 0 -1408 ) (-2048 0 896 ) (-3072 0 896 ) (-3072 0 -1408 ) 
4 158 172 (-1024 -1024 896 ) (-1024 -1024 1152 ) (-1152 -1024 1152 ) (-1152 -1024 896 ) 
4 158 160 (-1024 -1024 896 ) (-1152 -1024 896 ) (-1152 -128 896 ) (-1024 -128 896 ) 
4 158 159 (-1152 -128 896 ) (-1152 0 896 ) (-1024 0 896 ) (-1024 -128 896 ) 
4 159 162 (-2048 0 -1408 ) (-2048 0 -4096 ) (-2048 -128 -4096 ) (-2048 -128 -1408 ) 
4 159 161 (-2048 0 896 ) (-2048 0 -1408 ) (-2048 -128 -1408 ) (-2048 -128 896 ) 
4 159 160 (-1024 -128 -1408 ) (-1024 -128 896 ) (-2048 -128 896 ) (-2048 -128 -1408 ) 
4 160 172 (-1024 -1024 -256 ) (-1024 -1024 896 ) (-1152 -1024 896 ) (-1152 -1024 -256 ) 
4 160 161 (-2048 -1024 -1408 ) (-2048 -1024 896 ) (-2048 -128 896 ) (-2048 -128 -1408 ) 
4 161 166 (-3072 -1024 -1408 ) (-3072 -1024 896 ) (-3072 0 896 ) (-3072 0 -1408 ) 
4 161 162 (-3072 -128 -1408 ) (-3072 0 -1408 ) (-2048 0 -1408 ) (-2048 -128 -1408 ) 
4 162 168 (-3072 0 -1536 ) (-3072 0 -4096 ) (-3072 -128 -4096 ) (-3072 -128 -1536 ) 
4 162 167 (-3072 -128 -1408 ) (-3072 0 -1408 ) (-3072 0 -1536 ) (-3072 -128 -1536 ) 
4 163 166 (-3072 0 -1408 ) (-3072 0 896 ) (-3328 0 896 ) (-3328 0 -1408 ) 
4 163 164 (-3072 0 -1408 ) (-3328 0 -1408 ) (-3328 1024 -1408 ) (-3072 1024 -1408 ) 
4 164 168 (-3072 0 -4096 ) (-3072 0 -1536 ) (-3456 0 -1536 ) (-3456 0 -4096 ) 
4 164 167 (-3072 0 -1536 ) (-3072 0 -1408 ) (-3456 0 -1408 ) (-3456 0 -1536 ) 
4 164 165 (-3456 0 -4096 ) (-3456 0 -1536 ) (-3456 1024 -1536 ) (-3456 1024 -4096 ) 
4 165 168 (-3456 0 -4096 ) (-3456 0 -1536 ) (-3968 0 -1536 ) (-3968 0 -4096 ) 
4 166 167 (-3328 -128 -1408 ) (-3328 0 -1408 ) (-3072 0 -1408 ) (-3072 -128 -1408 ) 
4 167 168 (-3456 0 -1536 ) (-3072 0 -1536 ) (-3072 -128 -1536 ) (-3456 -128 -1536 ) 
4 169 170 (-6144 3072 -896 ) (-6144 3072 -3328 ) (-6144 2944 -3328 ) (-6144 2944 -896 ) 
4 170 171 (-7168 3072 -896 ) (-7168 3072 -3328 ) (-7168 2944 -3328 ) (-7168 2944 -896 ) 
