PRT1
222
483
4 0 7 (-1536 7168 2464 ) (-1536 7168 4096 ) (-2048 7168 4096 ) (-2048 7168 2464 ) 
4 0 3 (-2048 7168 2464 ) (-2048 7168 4096 ) (-2048 8192 4096 ) (-2048 8192 2464 ) 
4 1 8 (-1536 7168 960 ) (-1536 7168 2400 ) (-2048 7168 2400 ) (-2048 7168 960 ) 
4 1 5 (-2048 7168 960 ) (-2048 7168 2400 ) (-2048 8192 2400 ) (-2048 8192 960 ) 
4 2 10 (-1536 7168 -2560 ) (-1536 7168 896 ) (-2048 7168 896 ) (-2048 7168 -2560 ) 
4 2 6 (-2048 7168 -2560 ) (-2048 7168 896 ) (-2048 8192 896 ) (-2048 8192 -2560 ) 
4 3 11 (-2048 7168 2464 ) (-2048 7168 4096 ) (-2240 7168 4096 ) (-2240 7168 2464 ) 
4 4 33 (-3072 7168 2464 ) (-3072 7168 3160 ) (-3072 8192 3160 ) (-3072 8192 2464 ) 
4 4 31 (-3072 7168 3160 ) (-3072 7168 4096 ) (-3072 8192 4096 ) (-3072 8192 3160 ) 
4 4 14 (-3072 7168 3456 ) (-3072 7168 2464 ) (-2304 7168 2464 ) (-2304 7168 3456 ) 
4 4 12 (-3072 7168 4096 ) (-3072 7168 3456 ) (-2304 7168 3456 ) (-2304 7168 4096 ) 
4 5 17 (-2048 7168 960 ) (-2048 7168 2400 ) (-2944 7168 2400 ) (-2944 7168 960 ) 
4 6 19 (-2944 7168 -2560 ) (-2048 7168 -2560 ) (-2048 7168 896 ) (-2944 7168 896 ) 
4 7 20 (-1536 6144 2464 ) (-1536 6144 4096 ) (-2048 6144 4096 ) (-2048 6144 2464 ) 
4 7 11 (-2048 7168 4096 ) (-2048 7168 2464 ) (-2048 6144 2464 ) (-2048 6144 4096 ) 
4 8 21 (-1536 6144 960 ) (-1536 6144 2400 ) (-2048 6144 2400 ) (-2048 6144 960 ) 
4 8 17 (-2048 7168 2400 ) (-2048 7168 960 ) (-2048 6144 960 ) (-2048 6144 2400 ) 
4 8 9 (-2048 6208 960 ) (-2048 6464 960 ) (-1792 6464 960 ) (-1792 6208 960 ) 
4 9 18 (-2048 6464 896 ) (-2048 6208 896 ) (-2048 6208 960 ) (-2048 6464 960 ) 
4 9 10 (-1792 6208 896 ) (-2048 6208 896 ) (-2048 6464 896 ) (-1792 6464 896 ) 
4 10 22 (-1536 6144 -2560 ) (-1536 6144 896 ) (-2048 6144 896 ) (-2048 6144 -2560 ) 
4 10 19 (-2048 7168 896 ) (-2048 7168 -2560 ) (-2048 6144 -2560 ) (-2048 6144 896 ) 
4 11 23 (-2048 6144 2464 ) (-2048 6144 4096 ) (-2240 6144 4096 ) (-2240 6144 2464 ) 
4 12 59 (-3072 7168 3664 ) (-3072 7168 3456 ) (-3072 6640 3456 ) (-3072 6640 3664 ) 
4 12 50 (-3072 6640 4096 ) (-3072 7168 4096 ) (-3072 7168 3664 ) (-3072 6640 3664 ) 
4 12 14 (-2304 7168 3456 ) (-2304 6640 3456 ) (-3072 6640 3456 ) (-3072 7168 3456 ) 
5 12 13 (-3072 6640 3456 ) (-2560 6640 3456 ) (-2304 6640 3840 ) (-2304 6640 4096 ) (-3072 6640 4096 ) 
4 13 60 (-3072 6144 3456 ) (-3072 6144 3664 ) (-3072 6344 3664 ) (-3072 6344 3456 ) 
4 13 59 (-3072 6344 3664 ) (-3072 6640 3664 ) (-3072 6640 3456 ) (-3072 6344 3456 ) 
4 13 50 (-3072 6144 3664 ) (-3072 6144 4096 ) (-3072 6640 4096 ) (-3072 6640 3664 ) 
5 13 24 (-3072 6144 4096 ) (-3072 6144 3456 ) (-2560 6144 3456 ) (-2304 6144 3840 ) (-2304 6144 4096 ) 
4 13 15 (-2560 6144 3456 ) (-3072 6144 3456 ) (-3072 6344 3456 ) (-2560 6344 3456 ) 
4 13 14 (-3072 6344 3456 ) (-3072 6640 3456 ) (-2560 6640 3456 ) (-2560 6344 3456 ) 
4 14 62 (-3072 7168 2552 ) (-3072 7168 2464 ) (-3072 6344 2464 ) (-3072 6344 2552 ) 
4 14 59 (-3072 6344 3456 ) (-3072 7168 3456 ) (-3072 7168 2552 ) (-3072 6344 2552 ) 
5 14 15 (-2304 6344 2552 ) (-2304 6344 3456 ) (-3072 6344 3456 ) (-3072 6344 2808.003906 ) (-2901.330078 6344 2552 ) 
4 14 16 (-3072 6344 2464 ) (-2304 6344 2464 ) (-2304 6344 2552 ) (-3072 6344 2552 ) 
4 15 60 (-3072 6144 2808.003906 ) (-3072 6144 3456 ) (-3072 6344 3456 ) (-3072 6344 2808.003906 ) 
5 15 26 (-3072 6144 3456 ) (-3072 6144 2808.003906 ) (-2901.330078 6144 2552 ) (-2304 6144 2552 ) (-2304 6144 3456 ) 
4 15 16 (-2901.330078 6344 2552 ) (-2304 6344 2552 ) (-2304 6144 2552 ) (-2901.330078 6144 2552 ) 
4 16 62 (-3072 6144 2464 ) (-3072 6144 2552 ) (-3072 6344 2552 ) (-3072 6344 2464 ) 
4 16 27 (-3072 6144 2552 ) (-3072 6144 2464 ) (-2304 6144 2464 ) (-2304 6144 2552 ) 
4 17 29 (-2048 6144 960 ) (-2048 6144 2400 ) (-2944 6144 2400 ) (-2944 6144 960 ) 
4 17 18 (-2400 6464 960 ) (-2048 6464 960 ) (-2048 6208 960 ) (-2400 6208 960 ) 
4 18 19 (-2400 6464 896 ) (-2048 6464 896 ) (-2048 6208 896 ) (-2400 6208 896 ) 
4 19 30 (-2048 6144 -2560 ) (-2048 6144 896 ) (-2944 6144 896 ) (-2944 6144 -2560 ) 
4 20 110 (-1536 5120 4096 ) (-2048 5120 4096 ) (-2048 5120 2464 ) (-1536 5120 2464 ) 
4 20 23 (-2048 6144 4096 ) (-2048 6144 2464 ) (-2048 5120 2464 ) (-2048 5120 4096 ) 
4 21 111 (-2048 5120 2400 ) (-2048 5120 960 ) (-1536 5120 960 ) (-1536 5120 2400 ) 
4 21 29 (-2048 6144 2400 ) (-2048 6144 960 ) (-2048 5120 960 ) (-2048 5120 2400 ) 
4 22 114 (-2048 5120 64 ) (-2048 5120 -2560 ) (-1536 5120 -2560 ) (-1536 5120 64 ) 
4 22 112 (-2048 5120 896 ) (-2048 5120 64 ) (-1536 5120 64 ) (-1536 5120 896 ) 
4 22 30 (-2048 6144 896 ) (-2048 6144 -2560 ) (-2048 5120 -2560 ) (-2048 5120 896 ) 
4 23 116 (-2048 5120 2464 ) (-2048 5120 4096 ) (-2240 5120 4096 ) (-2240 5120 2464 ) 
4 24 86 (-3072 5568 4096 ) (-3072 6144 4096 ) (-3072 6144 3456 ) (-3072 5568 3456 ) 
4 24 88 (-3072 5336 4096 ) (-3072 5568 4096 ) (-3072 5568 3456 ) (-3072 5336 3456 ) 
4 24 26 (-3072 5568 3456 ) (-3072 6144 3456 ) (-2560 6144 3456 ) (-2560 5568 3456 ) 
4 24 28 (-3072 5336 3456 ) (-3072 5568 3456 ) (-2560 5568 3456 ) (-2560 5336 3456 ) 
5 24 25 (-3072 5336 3456 ) (-2560 5336 3456 ) (-2304 5336 3840 ) (-2304 5336 4096 ) (-3072 5336 4096 ) 
4 25 123 (-3072 5120 4096 ) (-3072 5120 3456 ) (-2752 5120 3456 ) (-2752 5120 4096 ) 
4 25 118 (-2560 5120 3456 ) (-2496 5120 3456 ) (-2496 5120 4096 ) (-2560 5120 4096 ) 
4 25 117 (-2496 5120 3456 ) (-2304 5120 3456 ) (-2304 5120 4096 ) (-2496 5120 4096 ) 
4 25 122 (-2752 5120 3456 ) (-2560 5120 3456 ) (-2560 5120 4096 ) (-2752 5120 4096 ) 
4 25 88 (-3072 5120 3456 ) (-3072 5120 4096 ) (-3072 5336 4096 ) (-3072 5336 3456 ) 
4 25 28 (-3072 5120 3456 ) (-3072 5336 3456 ) (-2304 5336 3456 ) (-2304 5120 3456 ) 
4 26 86 (-3072 5568 3456 ) (-3072 6144 3456 ) (-3072 6144 2808.003906 ) (-3072 5568 2808.003906 ) 
4 26 27 (-2304 5568 2552 ) (-2901.330078 5568 2552 ) (-2901.330078 6144 2552 ) (-2304 6144 2552 ) 
5 26 28 (-2304 5568 2552 ) (-2304 5568 3456 ) (-3072 5568 3456 ) (-3072 5568 2808.003906 ) (-2901.330078 5568 2552 ) 
4 27 87 (-3072 6144 2552 ) (-3072 6144 2464 ) (-3072 5568 2464 ) (-3072 5568 2552 ) 
4 27 28 (-3072 5568 2464 ) (-2304 5568 2464 ) (-2304 5568 2552 ) (-3072 5568 2552 ) 
4 28 124 (-3072 5120 3456 ) (-3072 5120 2464 ) (-2752 5120 2464 ) (-2752 5120 3456 ) 
4 28 118 (-2560 5120 2464 ) (-2496 5120 2464 ) (-2496 5120 3456 ) (-2560 5120 3456 ) 
4 28 117 (-2496 5120 2464 ) (-2304 5120 2464 ) (-2304 5120 3456 ) (-2496 5120 3456 ) 
4 28 122 (-2752 5120 2464 ) (-2560 5120 2464 ) (-2560 5120 3456 ) (-2752 5120 3456 ) 
4 28 88 (-3072 5120 2464 ) (-3072 5120 3456 ) (-3072 5568 3456 ) (-3072 5568 2464 ) 
4 29 126 (-2048 5120 960 ) (-2048 5120 2400 ) (-2944 5120 2400 ) (-2944 5120 960 ) 
4 30 127 (-2048 5120 -2560 ) (-2048 5120 896 ) (-2944 5120 896 ) (-2944 5120 -2560 ) 
4 31 59 (-3072 7168 3160 ) (-3072 7168 3664 ) (-3552 7168 3664 ) (-3552 7168 3160 ) 
4 31 61 (-3552 7168 3664 ) (-3608 7168 3664 ) (-3608 7168 3160 ) (-3552 7168 3160 ) 
4 31 50 (-3072 7168 3664 ) (-3072 7168 4096 ) (-3608 7168 4096 ) (-3608 7168 3664 ) 
4 31 33 (-3072 7168 3160 ) (-3608 7168 3160 ) (-3608 8192 3160 ) (-3072 8192 3160 ) 
4 31 32 (-3608 8192 3160 ) (-3608 7232 3160 ) (-3608 7232 4096 ) (-3608 8192 4096 ) 
4 32 35 (-4096 7232 3160 ) (-4096 7680 3160 ) (-3712 7680 3160 ) (-3712 7232 3160 ) 
4 32 34 (-4096 7680 3160 ) (-4096 8192 3160 ) (-3712 8192 3160 ) (-3712 7680 3160 ) 
4 32 33 (-3712 8192 3160 ) (-3608 8192 3160 ) (-3608 7232 3160 ) (-3712 7232 3160 ) 
4 33 77 (-3608 7168 3160 ) (-3712 7168 3160 ) (-3712 7168 2464 ) (-3608 7168 2464 ) 
4 33 62 (-3072 7168 2464 ) (-3072 7168 2552 ) (-3608 7168 2552 ) (-3608 7168 2464 ) 
4 33 59 (-3072 7168 2552 ) (-3072 7168 3160 ) (-3552 7168 3160 ) (-3552 7168 2552 ) 
4 33 61 (-3552 7168 3160 ) (-3608 7168 3160 ) (-3608 7168 2552 ) (-3552 7168 2552 ) 
4 33 35 (-3712 7168 2935.990234 ) (-3712 7168 3160 ) (-3712 7680 3160 ) (-3712 7680 2935.989990 ) 
4 33 36 (-3712 7680 2464 ) (-3712 7168 2464 ) (-3712 7168 2551.989990 ) (-3712 7680 2551.989990 ) 
4 33 34 (-3712 8192 2464 ) (-3712 7680 2464 ) (-3712 7680 3160 ) (-3712 8192 3160 ) 
5 34 35 (-3712 7680 2935.990234 ) (-3712 7680 3160 ) (-4096 7680 3160 ) (-4096 7680 2551.989990 ) (-3968 7680 2551.989990 ) 
4 34 36 (-4096 7680 2464 ) (-3712 7680 2464 ) (-3712 7680 2551.989990 ) (-4096 7680 2551.989990 ) 
5 35 78 (-3712 7168 3160 ) (-4096 7168 3160 ) (-4096 7168 2551.989990 ) (-3968 7168 2551.989990 ) (-3712 7168 2935.990234 ) 
4 35 36 (-4096 7168 2551.989990 ) (-4096 7680 2551.989990 ) (-3968 7680 2551.989990 ) (-3968 7168 2551.989990 ) 
4 36 79 (-4096 7168 2551.989990 ) (-4096 7168 2464 ) (-3712 7168 2464 ) (-3712 7168 2551.989990 ) 
4 37 46 (-4096 8189 64 ) (-4096 8192 64 ) (-4004 8192 64 ) (-4004 8189 64 ) 
4 37 42 (-3940 8036 64 ) (-3996 8036 64 ) (-3996 8092 64 ) (-3940 8092 64 ) 
4 37 38 (-3200 7680 91.678253 ) (-3200 7680 872 ) (-4096 7680 872 ) (-4096 7680 91.678223 ) 
4 38 80 (-3200 7168 2400 ) (-4096 7168 2400 ) (-4096 7168 822.897217 ) (-3200 7168 822.897278 ) 
4 39 81 (-4096 7168 711.320313 ) (-4096 7168 64 ) (-3200 7168 64 ) (-3200 7168 711.320374 ) 
4 40 48 (-3932 8028 0 ) (-3932 8028 -2560 ) (-3200 8028 -2560 ) (-3200 8028 0 ) 
4 40 45 (-3932 8028 -2560 ) (-3932 8028 -2559 ) (-3932 8036 -2559 ) (-3932 8036 -2560 ) 
4 40 43 (-3932 8192 -2559 ) (-3932 8192 -2560 ) (-3932 8036 -2560 ) (-3932 8036 -2559 ) 
4 40 41 (-3932 8100 0 ) (-3932 8192 0 ) (-3932 8192 -2559 ) (-3932 8100 -2559 ) 
4 41 47 (-4004 8192 0 ) (-4004 8192 -2559 ) (-4004 8100 -2559 ) (-4004 8100 0 ) 
4 41 43 (-4004 8100 -2559 ) (-4004 8192 -2559 ) (-3932 8192 -2559 ) (-3932 8100 -2559 ) 
4 42 44 (-3940 8036 -2528 ) (-3940 8036 -2416 ) (-3996 8036 -2416 ) (-3996 8036 -2528 ) 
4 42 43 (-3940 8036 -2559 ) (-3996 8036 -2559 ) (-3996 8092 -2559 ) (-3940 8092 -2559 ) 
4 43 47 (-4004 8192 -2559 ) (-4004 8192 -2560 ) (-4004 8036 -2560 ) (-4004 8036 -2559 ) 
4 43 45 (-4004 8036 -2559 ) (-4004 8036 -2560 ) (-3932 8036 -2560 ) (-3932 8036 -2559 ) 
4 44 48 (-3996 8028 -2528 ) (-3940 8028 -2528 ) (-3940 8028 -2416 ) (-3996 8028 -2416 ) 
4 45 48 (-4004 8028 -2559 ) (-4004 8028 -2560 ) (-3932 8028 -2560 ) (-3932 8028 -2559 ) 
4 45 47 (-4004 8028 -2560 ) (-4004 8028 -2559 ) (-4004 8036 -2559 ) (-4004 8036 -2560 ) 
4 46 47 (-4096 8192 0 ) (-4004 8192 0 ) (-4004 8189 0 ) (-4096 8189 0 ) 
4 47 48 (-4096 8028 0 ) (-4096 8028 -2560 ) (-4004 8028 -2560 ) (-4004 8028 0 ) 
4 49 85 (-4096 7168 0 ) (-4096 7168 -2560 ) (-3200 7168 -2560 ) (-3200 7168 0 ) 
4 50 86 (-3072 6144 3664 ) (-3072 6144 4096 ) (-3552 6144 4096 ) (-3552 6144 3664 ) 
4 50 89 (-3552 6144 4096 ) (-3608 6144 4096 ) (-3608 6144 3664 ) (-3552 6144 3664 ) 
4 50 60 (-3072 6344 3664 ) (-3072 6144 3664 ) (-3552 6144 3664 ) (-3552 6344 3664 ) 
4 50 59 (-3552 7168 3664 ) (-3072 7168 3664 ) (-3072 6344 3664 ) (-3552 6344 3664 ) 
4 50 61 (-3608 7168 3664 ) (-3552 7168 3664 ) (-3552 6144 3664 ) (-3608 6144 3664 ) 
4 51 63 (-3712 7168 3664 ) (-3696 7168 3664 ) (-3696 6912 3664 ) (-3712 6912 3664 ) 
4 51 55 (-3712 6912 3664 ) (-3696 6912 3664 ) (-3664 6912 3712 ) (-3712 6912 3712 ) 
4 51 52 (-3712 6912 3968 ) (-3712 6912 4096 ) (-3712 7168 4096 ) (-3712 7168 3968 ) 
4 51 53 (-3712 7168 3664 ) (-3712 6912 3664 ) (-3712 6912 3960 ) (-3712 7168 3960 ) 
4 53 63 (-3920 7168 3664 ) (-3712 7168 3664 ) (-3712 6912 3664 ) (-3920 6912 3664 ) 
4 53 64 (-4096 6912 3664 ) (-4096 7168 3664 ) (-3920 7168 3664 ) (-3920 6912 3664 ) 
4 53 55 (-4096 6912 3664 ) (-3712 6912 3664 ) (-3712 6912 3712 ) (-4096 6912 3712 ) 
4 54 56 (-4096 6352 4096 ) (-4096 6352 3712 ) (-3664 6352 3712 ) (-3664 6352 4096 ) 
4 54 55 (-3664 6352 3712 ) (-4096 6352 3712 ) (-4096 6880 3712 ) (-3664 6880 3712 ) 
4 55 63 (-3920 6912 3664 ) (-3696 6912 3664 ) (-3696 6352 3664 ) (-3920 6352 3664 ) 
4 55 64 (-4096 6352 3664 ) (-4096 6912 3664 ) (-3920 6912 3664 ) (-3920 6352 3664 ) 
4 55 57 (-4096 6352 3672 ) (-4096 6352 3664 ) (-3792 6352 3664 ) (-3792 6352 3672 ) 
4 55 56 (-4096 6352 3712 ) (-4096 6352 3672 ) (-3690.666504 6352 3672 ) (-3664 6352 3712 ) 
5 56 58 (-3664 6208 3712 ) (-3664 6208 4096 ) (-4096 6208 4096 ) (-4096 6208 3672 ) (-3690.669434 6208 3672 ) 
4 56 57 (-3792 6208 3672 ) (-4096 6208 3672 ) (-4096 6352 3672 ) (-3792 6352 3672 ) 
4 57 67 (-4096 6208 3664 ) (-4096 6216 3664 ) (-3792 6216 3664 ) (-3792 6208 3664 ) 
4 57 66 (-4096 6216 3664 ) (-4096 6344 3664 ) (-3792 6344 3664 ) (-3792 6216 3664 ) 
4 57 65 (-4096 6344 3664 ) (-4096 6352 3664 ) (-3792 6352 3664 ) (-3792 6344 3664 ) 
4 57 58 (-4096 6208 3664 ) (-3792 6208 3664 ) (-3792 6208 3672 ) (-4096 6208 3672 ) 
5 58 93 (-3920 6144 3664 ) (-3696 6144 3664 ) (-3664 6144 3712 ) (-3664 6144 3872 ) (-3920 6144 3872 ) 
4 58 94 (-4096 6144 3872 ) (-4096 6144 3664 ) (-3920 6144 3664 ) (-3920 6144 3872 ) 
4 58 91 (-3872 6144 3872 ) (-3864 6144 3872 ) (-3864 6144 4096 ) (-3872 6144 4096 ) 
4 58 90 (-3864 6144 3872 ) (-3664 6144 3872 ) (-3664 6144 4096 ) (-3864 6144 4096 ) 
4 58 92 (-4096 6144 4096 ) (-4096 6144 3872 ) (-3872 6144 3872 ) (-3872 6144 4096 ) 
4 58 75 (-3920 6208 3664 ) (-3696 6208 3664 ) (-3696 6144 3664 ) (-3920 6144 3664 ) 
4 58 76 (-4096 6144 3664 ) (-4096 6208 3664 ) (-3920 6208 3664 ) (-3920 6144 3664 ) 
4 59 62 (-3552 6344 2552 ) (-3552 7168 2552 ) (-3072 7168 2552 ) (-3072 6344 2552 ) 
4 59 60 (-3552 6344 3664 ) (-3552 6344 3528 ) (-3072 6344 2808.003906 ) (-3072 6344 3664 ) 
4 59 61 (-3552 7168 2552 ) (-3552 6344 2552 ) (-3552 6344 3664 ) (-3552 7168 3664 ) 
4 60 86 (-3072 6144 2808.003906 ) (-3072 6144 3664 ) (-3552 6144 3664 ) (-3552 6144 3528 ) 
4 60 61 (-3552 6144 3528 ) (-3552 6144 3664 ) (-3552 6344 3664 ) (-3552 6344 3528 ) 
4 61 89 (-3552 6144 3664 ) (-3608 6144 3664 ) (-3608 6144 2552 ) (-3552 6144 2552 ) 
4 61 77 (-3608 6144 2552 ) (-3608 6144 3160 ) (-3608 7168 3160 ) (-3608 7168 2552 ) 
4 61 66 (-3608 6216 3664 ) (-3608 6344 3664 ) (-3608 6344 3536 ) (-3608 6216 3536 ) 
4 61 62 (-3552 6144 2552 ) (-3608 6144 2552 ) (-3608 7168 2552 ) (-3552 7168 2552 ) 
4 62 87 (-3072 6144 2464 ) (-3072 6144 2552 ) (-3552 6144 2552 ) (-3552 6144 2464 ) 
4 62 89 (-3552 6144 2552 ) (-3608 6144 2552 ) (-3608 6144 2464 ) (-3552 6144 2464 ) 
4 62 77 (-3608 6144 2464 ) (-3608 6144 2552 ) (-3608 7168 2552 ) (-3608 7168 2464 ) 
3 63 71 (-3920 6352 3528 ) (-3920 6352 3328 ) (-3786.666504 6352 3528 ) 
4 63 68 (-3920 6352 3536 ) (-3920 6352 3528 ) (-3792 6352 3528 ) (-3792 6352 3536 ) 
4 63 65 (-3792 6352 3664 ) (-3920 6352 3664 ) (-3920 6352 3536 ) (-3792 6352 3536 ) 
4 63 64 (-3920 6352 3328 ) (-3920 6352 3664 ) (-3920 7168 3664 ) (-3920 7168 3328 ) 
4 64 74 (-4096 6352 3224 ) (-3920 6352 3224 ) (-3920 6352 3536 ) (-4096 6352 3536 ) 
4 64 65 (-3920 6352 3536 ) (-3920 6352 3664 ) (-4096 6352 3664 ) (-4096 6352 3536 ) 
4 65 68 (-3920 6352 3536 ) (-3792 6352 3536 ) (-3792 6344 3536 ) (-3920 6344 3536 ) 
4 65 74 (-4096 6344 3536 ) (-4096 6352 3536 ) (-3920 6352 3536 ) (-3920 6344 3536 ) 
4 65 66 (-4096 6344 3536 ) (-3792 6344 3536 ) (-3792 6344 3664 ) (-4096 6344 3664 ) 
4 66 69 (-3920 6344 3536 ) (-3792 6344 3536 ) (-3792 6216 3536 ) (-3920 6216 3536 ) 
4 66 74 (-4096 6216 3536 ) (-4096 6344 3536 ) (-3920 6344 3536 ) (-3920 6216 3536 ) 
4 66 67 (-4096 6216 3536 ) (-3792 6216 3536 ) (-3792 6216 3664 ) (-4096 6216 3664 ) 
4 67 75 (-3792 6208 3664 ) (-3920 6208 3664 ) (-3920 6208 3536 ) (-3792 6208 3536 ) 
4 67 76 (-3920 6208 3664 ) (-4096 6208 3664 ) (-4096 6208 3536 ) (-3920 6208 3536 ) 
4 67 70 (-3792 6208 3536 ) (-3920 6208 3536 ) (-3920 6216 3536 ) (-3792 6216 3536 ) 
4 67 74 (-3920 6208 3536 ) (-4096 6208 3536 ) (-4096 6216 3536 ) (-3920 6216 3536 ) 
4 68 71 (-3920 6344 3528 ) (-3920 6352 3528 ) (-3792 6352 3528 ) (-3792 6344 3528 ) 
4 68 69 (-3920 6344 3536 ) (-3920 6344 3528 ) (-3792 6344 3528 ) (-3792 6344 3536 ) 
4 68 74 (-3920 6344 3536 ) (-3920 6352 3536 ) (-3920 6352 3528 ) (-3920 6344 3528 ) 
4 69 72 (-3920 6216 3528 ) (-3920 6344 3528 ) (-3792 6344 3528 ) (-3792 6216 3528 ) 
4 69 70 (-3920 6216 3536 ) (-3920 6216 3528 ) (-3792 6216 3528 ) (-3792 6216 3536 ) 
4 69 74 (-3920 6216 3536 ) (-3920 6344 3536 ) (-3920 6344 3528 ) (-3920 6216 3528 ) 
4 70 75 (-3792 6208 3536 ) (-3920 6208 3536 ) (-3920 6208 3528 ) (-3792 6208 3528 ) 
4 70 73 (-3792 6208 3528 ) (-3920 6208 3528 ) (-3920 6216 3528 ) (-3792 6216 3528 ) 
4 70 74 (-3920 6208 3528 ) (-3920 6208 3536 ) (-3920 6216 3536 ) (-3920 6216 3528 ) 
3 71 72 (-3786.666748 6344 3528 ) (-3920 6344 3528 ) (-3920 6344 3328 ) 
4 71 74 (-3920 6344 3528 ) (-3920 6352 3528 ) (-3920 6352 3328 ) (-3920 6344 3328 ) 
3 72 73 (-3786.666748 6216 3528 ) (-3920 6216 3528 ) (-3920 6216 3328 ) 
4 72 74 (-3920 6216 3528 ) (-3920 6344 3528 ) (-3920 6344 3328 ) (-3920 6216 3328 ) 
3 73 75 (-3786.666748 6208 3528 ) (-3920 6208 3528 ) (-3920 6208 3328 ) 
4 73 74 (-3920 6208 3328 ) (-3920 6208 3528 ) (-3920 6216 3528 ) (-3920 6216 3328 ) 
4 74 76 (-4096 6208 3224 ) (-3920 6208 3224 ) (-3920 6208 3536 ) (-4096 6208 3536 ) 
3 75 93 (-3696 6144 3664 ) (-3920 6144 3664 ) (-3920 6144 3328 ) 
4 75 76 (-3920 6208 3664 ) (-3920 6208 3328 ) (-3920 6144 3328 ) (-3920 6144 3664 ) 
4 76 94 (-3920 6144 3664 ) (-4096 6144 3664 ) (-4096 6144 3224 ) (-3920 6144 3224 ) 
4 77 98 (-3712 6144 2464 ) (-3608 6144 2464 ) (-3608 6144 2551.989990 ) (-3712 6144 2551.989990 ) 
4 77 96 (-3608 6144 2551.989990 ) (-3608 6144 3160 ) (-3712 6144 3160 ) (-3712 6144 2551.989990 ) 
4 77 78 (-3712 6144 2935.990234 ) (-3712 6144 3160 ) (-3712 7168 3160 ) (-3712 7168 2935.989990 ) 
4 77 79 (-3712 7168 2464 ) (-3712 6144 2464 ) (-3712 6144 2551.989990 ) (-3712 7168 2551.989990 ) 
5 78 97 (-4096 6144 3160 ) (-4096 6144 2551.989990 ) (-3968 6144 2551.989990 ) (-3712 6144 2935.990234 ) (-3712 6144 3160 ) 
4 78 79 (-4096 7168 2551.989990 ) (-3968 7168 2551.989990 ) (-3968 6144 2551.989990 ) (-4096 6144 2551.989990 ) 
4 79 98 (-4096 6144 2551.989990 ) (-4096 6144 2464 ) (-3712 6144 2464 ) (-3712 6144 2551.989990 ) 
4 80 82 (-3200 7072 960 ) (-3200 7072 2400 ) (-4096 7072 2400 ) (-4096 7072 960 ) 
4 81 82 (-4096 7072 64 ) (-3200 7072 64 ) (-3200 7072 848.421814 ) (-4096 7072 848.421814 ) 
4 82 83 (-3200 7071.880371 960 ) (-3200 7071.880371 2400 ) (-4096 7071.880371 2400 ) (-4096 7071.880371 960 ) 
4 82 84 (-4096 7071.880371 64 ) (-3200 7071.880371 64 ) (-3200 7071.880371 896 ) (-4096 7071.880371 896 ) 
4 83 105 (-3200 6144 960 ) (-3200 6144 2400 ) (-4096 6144 2400 ) (-4096 6144 960 ) 
4 84 106 (-3200 6144 64 ) (-3200 6144 896 ) (-4096 6144 896 ) (-4096 6144 64 ) 
4 85 107 (-3200 6144 -2560 ) (-3200 6144 0 ) (-4096 6144 0 ) (-4096 6144 -2560 ) 
4 86 89 (-3552 5568 3528 ) (-3552 5568 4096 ) (-3552 6144 4096 ) (-3552 6144 3528 ) 
4 86 88 (-3552 5568 4096 ) (-3552 5568 3528 ) (-3072 5568 2808.003906 ) (-3072 5568 4096 ) 
4 87 88 (-3552 5568 2552 ) (-3552 5568 2464 ) (-3072 5568 2464 ) (-3072 5568 2552 ) 
4 87 89 (-3552 6144 2464 ) (-3552 5568 2464 ) (-3552 5568 2552 ) (-3552 6144 2552 ) 
4 88 159 (-3072 5120 2464 ) (-3072 5120 3456 ) (-3552 5120 3456 ) (-3552 5120 2464 ) 
4 88 157 (-3072 5120 3456 ) (-3072 5120 4096 ) (-3552 5120 4096 ) (-3552 5120 3456 ) 
4 88 89 (-3552 5568 2464 ) (-3552 5120 2464 ) (-3552 5120 4096 ) (-3552 5568 4096 ) 
4 89 159 (-3608 5120 3456 ) (-3608 5120 2464 ) (-3552 5120 2464 ) (-3552 5120 3456 ) 
4 89 157 (-3552 5120 4096 ) (-3608 5120 4096 ) (-3608 5120 3456 ) (-3552 5120 3456 ) 
4 89 101 (-3608 5120 2464 ) (-3608 5120 3456 ) (-3608 5952 3456 ) (-3608 5952 2464 ) 
4 89 99 (-3608 5280 4096 ) (-3608 5952 4096 ) (-3608 5952 3456 ) (-3608 5280 3456 ) 
4 89 100 (-3608 5120 3456 ) (-3608 5120 4096 ) (-3608 5280 4096 ) (-3608 5280 3456 ) 
4 89 98 (-3608 6144 2551.989990 ) (-3608 6144 2464 ) (-3608 5952 2464 ) (-3608 5952 2551.989990 ) 
4 89 96 (-3608 6144 3160 ) (-3608 6144 2551.989990 ) (-3608 5952 2551.989990 ) (-3608 5952 3160 ) 
4 90 93 (-3664 6016 3872 ) (-3864 6016 3872 ) (-3864 6144 3872 ) (-3664 6144 3872 ) 
4 90 91 (-3864 6144 3872 ) (-3864 6080 3872 ) (-3864 6080 4096 ) (-3864 6144 4096 ) 
4 91 93 (-3872 6080 3872 ) (-3872 6144 3872 ) (-3864 6144 3872 ) (-3864 6080 3872 ) 
4 91 92 (-3872 6144 3872 ) (-3872 6080 3872 ) (-3872 6080 4096 ) (-3872 6144 4096 ) 
4 92 95 (-3872 6016 4096 ) (-4096 6016 4096 ) (-4096 6016 3872 ) (-3872 6016 3872 ) 
4 92 93 (-3872 6016 3872 ) (-3920 6016 3872 ) (-3920 6144 3872 ) (-3872 6144 3872 ) 
4 92 94 (-3920 6016 3872 ) (-4096 6016 3872 ) (-4096 6144 3872 ) (-3920 6144 3872 ) 
4 93 94 (-3920 6016 3328 ) (-3920 6016 3872 ) (-3920 6144 3872 ) (-3920 6144 3328 ) 
4 95 99 (-3872 5952 4096 ) (-4096 5952 4096 ) (-4096 5952 3872 ) (-3872 5952 3872 ) 
4 96 101 (-3608 5952 2551.989990 ) (-3608 5952 3160 ) (-3712 5952 3160 ) (-3712 5952 2551.989990 ) 
4 96 98 (-3608 5952 2551.989990 ) (-3712 5952 2551.989990 ) (-3712 6144 2551.989990 ) (-3608 6144 2551.989990 ) 
4 96 97 (-3712 5952 2935.990234 ) (-3712 5952 3160 ) (-3712 6144 3160 ) (-3712 6144 2935.989990 ) 
5 97 102 (-3712 5952 3160 ) (-4096 5952 3160 ) (-4096 5952 2551.989990 ) (-3968 5952 2551.989990 ) (-3712 5952 2935.990234 ) 
4 97 98 (-3968 5952 2551.989990 ) (-4096 5952 2551.989990 ) (-4096 6144 2551.989990 ) (-3968 6144 2551.989990 ) 
4 98 103 (-3712 5952 2551.989990 ) (-4096 5952 2551.989990 ) (-4096 5952 2464 ) (-3712 5952 2464 ) 
4 98 101 (-3608 5952 2464 ) (-3608 5952 2551.989990 ) (-3712 5952 2551.989990 ) (-3712 5952 2464 ) 
4 99 102 (-3840 5952 3456 ) (-3712 5952 3456 ) (-3712 5576 3456 ) (-3840 5576 3456 ) 
4 99 104 (-3712 5576 3456 ) (-3712 5280 3456 ) (-3840 5280 3456 ) (-3840 5576 3456 ) 
4 99 101 (-3712 5952 3456 ) (-3608 5952 3456 ) (-3608 5280 3456 ) (-3712 5280 3456 ) 
5 99 100 (-3840 5280 3456 ) (-3608 5280 3456 ) (-3608 5280 4096 ) (-4096 5280 4096 ) (-4096 5280 3840 ) 
4 100 157 (-3608 5120 4096 ) (-3704 5120 4096 ) (-3704 5120 3456 ) (-3608 5120 3456 ) 
4 100 158 (-3704 5120 4096 ) (-4096 5120 4096 ) (-4096 5120 3456 ) (-3704 5120 3456 ) 
4 100 104 (-4096 5120 3456 ) (-4096 5280 3456 ) (-3712 5280 3456 ) (-3712 5120 3456 ) 
4 100 101 (-3712 5280 3456 ) (-3608 5280 3456 ) (-3608 5120 3456 ) (-3712 5120 3456 ) 
4 101 159 (-3712 5120 2464 ) (-3608 5120 2464 ) (-3608 5120 3456 ) (-3712 5120 3456 ) 
4 101 102 (-3712 5576 2935.990234 ) (-3712 5576 3456 ) (-3712 5952 3456 ) (-3712 5952 2935.990234 ) 
4 101 103 (-3712 5952 2464 ) (-3712 5576 2464 ) (-3712 5576 2551.989990 ) (-3712 5952 2551.989990 ) 
4 101 104 (-3712 5576 2464 ) (-3712 5120 2464 ) (-3712 5120 3456 ) (-3712 5576 3456 ) 
4 102 103 (-3968 5576 2551.989990 ) (-4096 5576 2551.989990 ) (-4096 5952 2551.989990 ) (-3968 5952 2551.989990 ) 
5 102 104 (-3712 5576 2935.990234 ) (-3712 5576 3456 ) (-4096 5576 3456 ) (-4096 5576 2551.989990 ) (-3968 5576 2551.989990 ) 
4 103 104 (-4096 5576 2464 ) (-3712 5576 2464 ) (-3712 5576 2551.989990 ) (-4096 5576 2551.989990 ) 
4 104 159 (-4096 5120 3456 ) (-4096 5120 2464 ) (-3712 5120 2464 ) (-3712 5120 3456 ) 
4 105 161 (-3200 5120 960 ) (-3200 5120 2400 ) (-4096 5120 2400 ) (-4096 5120 960 ) 
4 106 162 (-3200 5120 64 ) (-3200 5120 896 ) (-4096 5120 896 ) (-4096 5120 64 ) 
4 107 163 (-3200 5120 -2560 ) (-3200 5120 0 ) (-4096 5120 0 ) (-4096 5120 -2560 ) 
4 108 130 (-1024 4096 0 ) (-1024 4096 -2560 ) (-576 4096 -2560 ) (-576 4096 0 ) 
4 108 109 (-1024 4096 -2560 ) (-1024 4096 0 ) (-1024 5120 0 ) (-1024 5120 -2560 ) 
4 109 134 (-1280 4096 -1584 ) (-1472 4096 -1584 ) (-1472 4096 -2560 ) (-1280 4096 -2560 ) 
4 109 133 (-1024 4096 -2560 ) (-1024 4096 -1584 ) (-1280 4096 -1584 ) (-1280 4096 -2560 ) 
4 109 132 (-1024 4096 -1584 ) (-1024 4096 0 ) (-1472 4096 0 ) (-1472 4096 -1584 ) 
4 110 136 (-1536 4096 2464 ) (-1536 4096 4096 ) (-2048 4096 4096 ) (-2048 4096 2464 ) 
4 110 125 (-2048 4800 2464 ) (-2048 4096 2464 ) (-2048 4096 4096 ) (-2048 4800 4096 ) 
4 110 116 (-2048 5120 4096 ) (-2048 5120 2464 ) (-2048 4800 2464 ) (-2048 4800 4096 ) 
4 111 126 (-2048 5120 2400 ) (-2048 5120 960 ) (-2048 4480 960 ) (-2048 4480 2400 ) 
4 111 113 (-1536 4480 960 ) (-1536 4480 2400 ) (-2048 4480 2400 ) (-2048 4480 960 ) 
4 112 127 (-2048 5120 896 ) (-2048 5120 64 ) (-2048 4480 64 ) (-2048 4480 896 ) 
4 112 114 (-2048 5120 64 ) (-1536 5120 64 ) (-1536 4480 64 ) (-2048 4480 64 ) 
4 112 113 (-1536 4480 192 ) (-1536 4480 896 ) (-2048 4480 896 ) (-2048 4480 192 ) 
4 113 137 (-1536 4096 192 ) (-1536 4096 2400 ) (-2048 4096 2400 ) (-2048 4096 192 ) 
4 113 128 (-2048 4096 192 ) (-2048 4096 2400 ) (-2048 4480 2400 ) (-2048 4480 192 ) 
4 114 127 (-2048 5120 64 ) (-2048 5120 -2560 ) (-2048 4480 -2560 ) (-2048 4480 64 ) 
4 114 115 (-2048 4480 -2560 ) (-1536 4480 -2560 ) (-1536 4480 0 ) (-2048 4480 0 ) 
4 115 139 (-1536 4096 -2560 ) (-1536 4096 0 ) (-2048 4096 0 ) (-2048 4096 -2560 ) 
4 115 129 (-2048 4480 -2560 ) (-2048 4096 -2560 ) (-2048 4096 0 ) (-2048 4480 0 ) 
4 116 125 (-2048 4800 2464 ) (-2048 4800 4096 ) (-2240 4800 4096 ) (-2240 4800 2464 ) 
4 117 119 (-2496 4952 3056 ) (-2496 4952 4096 ) (-2496 5016 4096 ) (-2496 5016 3056 ) 
4 117 120 (-2496 5016 2464 ) (-2496 4952 2464 ) (-2496 4952 3048 ) (-2496 5016 3048 ) 
4 117 118 (-2496 5120 2464 ) (-2496 5016 2464 ) (-2496 5016 4096 ) (-2496 5120 4096 ) 
4 117 121 (-2496 4952 2464 ) (-2496 4864 2464 ) (-2496 4864 4096 ) (-2496 4952 4096 ) 
4 118 119 (-2560 5016 4096 ) (-2560 5016 3056 ) (-2496 5016 3056 ) (-2496 5016 4096 ) 
4 118 120 (-2560 5016 3048 ) (-2560 5016 2464 ) (-2496 5016 2464 ) (-2496 5016 3048 ) 
4 118 122 (-2560 5120 2464 ) (-2560 5016 2464 ) (-2560 5016 4096 ) (-2560 5120 4096 ) 
4 119 121 (-2560 4952 4096 ) (-2560 4952 3056 ) (-2496 4952 3056 ) (-2496 4952 4096 ) 
4 119 122 (-2560 4952 3056 ) (-2560 4952 4096 ) (-2560 5016 4096 ) (-2560 5016 3056 ) 
4 120 122 (-2560 5016 2464 ) (-2560 4952 2464 ) (-2560 4952 3048 ) (-2560 5016 3048 ) 
4 120 121 (-2560 4952 3048 ) (-2560 4952 2464 ) (-2496 4952 2464 ) (-2496 4952 3048 ) 
4 121 122 (-2560 4952 2464 ) (-2560 4864 2464 ) (-2560 4864 4096 ) (-2560 4952 4096 ) 
4 122 123 (-2752 4864 3840 ) (-2752 4864 4096 ) (-2752 5120 4096 ) (-2752 5120 3456 ) 
4 122 124 (-2752 5120 2464 ) (-2752 4864 2464 ) (-2752 4864 3456 ) (-2752 5120 3456 ) 
4 123 157 (-3072 5120 4096 ) (-3072 5120 3456 ) (-3072 4864 3840 ) (-3072 4864 4096 ) 
4 124 159 (-3072 5120 3456 ) (-3072 5120 2464 ) (-3072 4864 2464 ) (-3072 4864 3456 ) 
4 125 160 (-3072 4096 2464 ) (-3072 4096 4096 ) (-3072 4800 4096 ) (-3072 4800 2464 ) 
4 125 140 (-2048 4096 2464 ) (-2048 4096 4096 ) (-3072 4096 4096 ) (-3072 4096 2464 ) 
4 126 128 (-2048 4480 960 ) (-2048 4480 2400 ) (-2944 4480 2400 ) (-2944 4480 960 ) 
4 127 129 (-2048 4480 -2560 ) (-2048 4480 0 ) (-2944 4480 0 ) (-2944 4480 -2560 ) 
4 127 128 (-2048 4480 192 ) (-2048 4480 896 ) (-2944 4480 896 ) (-2944 4480 192 ) 
4 128 164 (-3072 4096 192 ) (-3072 4096 2400 ) (-3072 4480 2400 ) (-3072 4480 192 ) 
4 128 141 (-2048 4096 192 ) (-2048 4096 2400 ) (-3072 4096 2400 ) (-3072 4096 192 ) 
4 129 165 (-3072 4096 -2560 ) (-3072 4096 0 ) (-3072 4480 0 ) (-3072 4480 -2560 ) 
4 129 143 (-2048 4096 -2560 ) (-2048 4096 0 ) (-3072 4096 0 ) (-3072 4096 -2560 ) 
4 130 133 (-1024 4096 -1584 ) (-1024 4096 -2560 ) (-1024 3072 -2560 ) (-1024 3072 -1584 ) 
4 130 132 (-1024 4096 0 ) (-1024 4096 -1584 ) (-1024 3072 -1584 ) (-1024 3072 0 ) 
4 130 131 (-1024 3072 0 ) (-1024 3072 -2560 ) (-576 3072 -2560 ) (-576 3072 0 ) 
4 131 175 (-1024 2048 0 ) (-1024 2048 -2560 ) (-576 2048 -2560 ) (-576 2048 0 ) 
4 131 145 (-1024 2048 -2560 ) (-1024 2048 -1584 ) (-1024 3072 -1584 ) (-1024 3072 -2560 ) 
4 131 144 (-1024 2048 -1584 ) (-1024 2048 0 ) (-1024 3072 0 ) (-1024 3072 -1584 ) 
4 132 144 (-1024 3072 -1584 ) (-1024 3072 0 ) (-1472 3072 0 ) (-1472 3072 -1584 ) 
4 132 134 (-1472 3773 -1584 ) (-1472 4096 -1584 ) (-1280 4096 -1584 ) (-1280 3773 -1584 ) 
4 132 133 (-1024 3072 -1584 ) (-1280 3072 -1584 ) (-1280 4096 -1584 ) (-1024 4096 -1584 ) 
4 133 145 (-1024 3072 -2560 ) (-1024 3072 -1584 ) (-1280 3072 -1584 ) (-1280 3072 -2560 ) 
4 133 135 (-1280 3773 -2560 ) (-1280 3072 -2560 ) (-1280 3072 -2352 ) (-1280 3773 -2352 ) 
4 133 134 (-1280 4096 -2560 ) (-1280 3773 -2560 ) (-1280 3773 -1584 ) (-1280 4096 -1584 ) 
4 134 135 (-1280 3773 -2560 ) (-1280 3773 -2352 ) (-1472 3773 -2352 ) (-1472 3773 -2560 ) 
4 135 146 (-1472 3072 -2352 ) (-1472 3072 -2560 ) (-1280 3072 -2560 ) (-1280 3072 -2352 ) 
4 136 147 (-1536 3072 2464 ) (-1536 3072 4096 ) (-2048 3072 4096 ) (-2048 3072 2464 ) 
4 136 140 (-2048 4096 4096 ) (-2048 4096 2464 ) (-2048 3072 2464 ) (-2048 3072 4096 ) 
4 137 149 (-1536 3072 192 ) (-1536 3072 2400 ) (-2048 3072 2400 ) (-2048 3072 192 ) 
4 137 141 (-2048 4096 2400 ) (-2048 4096 192 ) (-2048 3072 192 ) (-2048 3072 2400 ) 
4 137 138 (-1536 3968 192 ) (-1536 3072 192 ) (-2048 3072 192 ) (-2048 3968 192 ) 
4 138 149 (-1536 3072 64 ) (-1536 3072 192 ) (-2048 3072 192 ) (-2048 3072 64 ) 
4 138 142 (-2048 3968 64 ) (-2048 3072 64 ) (-2048 3072 192 ) (-2048 3968 192 ) 
4 139 151 (-1536 3072 -2560 ) (-1536 3072 0 ) (-2048 3072 0 ) (-2048 3072 -2560 ) 
4 139 143 (-2048 4096 0 ) (-2048 4096 -2560 ) (-2048 3072 -2560 ) (-2048 3072 0 ) 
4 140 166 (-3072 3072 2464 ) (-3072 3072 4096 ) (-3072 4096 4096 ) (-3072 4096 2464 ) 
4 140 152 (-2048 3072 2464 ) (-2048 3072 4096 ) (-3072 3072 4096 ) (-3072 3072 2464 ) 
4 141 167 (-3072 3072 192 ) (-3072 3072 2400 ) (-3072 4096 2400 ) (-3072 4096 192 ) 
4 141 154 (-2048 3072 192 ) (-2048 3072 2400 ) (-3072 3072 2400 ) (-3072 3072 192 ) 
4 141 142 (-2048 3968 192 ) (-2048 3072 192 ) (-3072 3072 192 ) (-3072 3968 192 ) 
4 142 168 (-3072 3072 64 ) (-3072 3072 192 ) (-3072 3968 192 ) (-3072 3968 64 ) 
4 142 154 (-2048 3072 64 ) (-2048 3072 192 ) (-3072 3072 192 ) (-3072 3072 64 ) 
4 143 169 (-3072 3072 -2560 ) (-3072 3072 0 ) (-3072 4096 0 ) (-3072 4096 -2560 ) 
4 143 156 (-2048 3072 -2560 ) (-2048 3072 0 ) (-3072 3072 0 ) (-3072 3072 -2560 ) 
4 144 177 (-1280 2048 0 ) (-1472 2048 0 ) (-1472 2048 -1584 ) (-1280 2048 -1584 ) 
4 144 176 (-1024 2048 -1584 ) (-1024 2048 0 ) (-1280 2048 0 ) (-1280 2048 -1584 ) 
4 144 145 (-1280 3072 -1584 ) (-1024 3072 -1584 ) (-1024 2048 -1584 ) (-1280 2048 -1584 ) 
4 145 179 (-1024 2048 -2560 ) (-1024 2048 -2352 ) (-1280 2048 -2352 ) (-1280 2048 -2560 ) 
4 145 176 (-1024 2048 -2352 ) (-1024 2048 -1584 ) (-1280 2048 -1584 ) (-1280 2048 -2352 ) 
4 145 146 (-1280 3072 -2560 ) (-1280 2048 -2560 ) (-1280 2048 -2352 ) (-1280 3072 -2352 ) 
4 146 179 (-1472 2048 -2352 ) (-1472 2048 -2560 ) (-1280 2048 -2560 ) (-1280 2048 -2352 ) 
4 147 180 (-1536 2048 2464 ) (-1536 2048 4096 ) (-2048 2048 4096 ) (-2048 2048 2464 ) 
4 147 152 (-2048 3072 4096 ) (-2048 3072 2464 ) (-2048 2048 2464 ) (-2048 2048 4096 ) 
4 147 148 (-1536 2976 2464 ) (-1536 2048 2464 ) (-2048 2048 2464 ) (-2048 2976 2464 ) 
4 148 180 (-1536 2048 2400 ) (-1536 2048 2464 ) (-2048 2048 2464 ) (-2048 2048 2400 ) 
4 148 153 (-2048 2976 2400 ) (-2048 2048 2400 ) (-2048 2048 2464 ) (-2048 2976 2464 ) 
4 148 150 (-2048 2048 2400 ) (-2048 2976 2400 ) (-1536 2976 2400 ) (-1536 2048 2400 ) 
4 149 154 (-2048 3072 2400 ) (-2048 3072 64 ) (-2048 3032 64 ) (-2048 3032 2400 ) 
4 150 180 (-1536 2048 64 ) (-1536 2048 2400 ) (-2048 2048 2400 ) (-2048 2048 64 ) 
4 150 155 (-2048 2976 64 ) (-2048 2048 64 ) (-2048 2048 2400 ) (-2048 2976 2400 ) 
4 151 181 (-1536 2048 -2560 ) (-1536 2048 0 ) (-2048 2048 0 ) (-2048 2048 -2560 ) 
4 151 156 (-2048 3072 0 ) (-2048 3072 -2560 ) (-2048 2048 -2560 ) (-2048 2048 0 ) 
4 152 182 (-2048 2048 2464 ) (-2048 2048 4096 ) (-3072 2048 4096 ) (-3072 2048 2464 ) 
4 152 170 (-3072 2048 2464 ) (-3072 2048 4096 ) (-3072 3072 4096 ) (-3072 3072 2464 ) 
4 152 153 (-2048 2976 2464 ) (-2048 2048 2464 ) (-3072 2048 2464 ) (-3072 2976 2464 ) 
4 153 182 (-2048 2048 2400 ) (-2048 2048 2464 ) (-3072 2048 2464 ) (-3072 2048 2400 ) 
4 153 171 (-3072 2048 2400 ) (-3072 2048 2464 ) (-3072 2976 2464 ) (-3072 2976 2400 ) 
4 153 155 (-2048 2048 2400 ) (-3072 2048 2400 ) (-3072 2976 2400 ) (-2048 2976 2400 ) 
4 154 172 (-3072 3032 2400 ) (-3072 3072 2400 ) (-3072 3072 64 ) (-3072 3032 64 ) 
4 155 182 (-2048 2048 64 ) (-2048 2048 2400 ) (-3072 2048 2400 ) (-3072 2048 64 ) 
4 155 173 (-3072 2048 64 ) (-3072 2048 2400 ) (-3072 2976 2400 ) (-3072 2976 64 ) 
4 156 183 (-2048 2048 -2560 ) (-2048 2048 0 ) (-3072 2048 0 ) (-3072 2048 -2560 ) 
4 156 174 (-3072 2048 -2560 ) (-3072 2048 0 ) (-3072 3072 0 ) (-3072 3072 -2560 ) 
4 157 158 (-3704 5120 3456 ) (-3704 4864 3840 ) (-3704 4864 4096 ) (-3704 5120 4096 ) 
4 158 159 (-3704 4864 3456 ) (-4096 4864 3456 ) (-4096 5120 3456 ) (-3704 5120 3456 ) 
4 160 166 (-3072 4096 2464 ) (-3072 4096 4096 ) (-4096 4096 4096 ) (-4096 4096 2464 ) 
4 161 164 (-3200 4480 2400 ) (-4096 4480 2400 ) (-4096 4480 960 ) (-3200 4480 960 ) 
4 162 164 (-4096 4480 896 ) (-4096 4480 192 ) (-3200 4480 192 ) (-3200 4480 896 ) 
4 163 165 (-4096 4480 0 ) (-4096 4480 -2560 ) (-3200 4480 -2560 ) (-3200 4480 0 ) 
4 164 167 (-3072 4096 192 ) (-3072 4096 2400 ) (-4096 4096 2400 ) (-4096 4096 192 ) 
4 165 169 (-3072 4096 -2560 ) (-3072 4096 0 ) (-4096 4096 0 ) (-4096 4096 -2560 ) 
4 166 170 (-3072 3072 2464 ) (-3072 3072 4096 ) (-4096 3072 4096 ) (-4096 3072 2464 ) 
4 167 172 (-3072 3072 192 ) (-3072 3072 2400 ) (-4096 3072 2400 ) (-4096 3072 192 ) 
4 167 168 (-4096 3072 192 ) (-4096 3968 192 ) (-3072 3968 192 ) (-3072 3072 192 ) 
4 168 172 (-3072 3072 64 ) (-3072 3072 192 ) (-4096 3072 192 ) (-4096 3072 64 ) 
4 169 174 (-3072 3072 -2560 ) (-3072 3072 0 ) (-4096 3072 0 ) (-4096 3072 -2560 ) 
4 170 205 (-3072 2048 2464 ) (-3072 2048 4096 ) (-4096 2048 4096 ) (-4096 2048 2464 ) 
4 170 171 (-3072 2048 2464 ) (-4096 2048 2464 ) (-4096 2976 2464 ) (-3072 2976 2464 ) 
4 171 205 (-3072 2048 2400 ) (-3072 2048 2464 ) (-4096 2048 2464 ) (-4096 2048 2400 ) 
4 171 173 (-3072 2976 2400 ) (-3072 2048 2400 ) (-4096 2048 2400 ) (-4096 2976 2400 ) 
4 173 205 (-3072 2048 64 ) (-3072 2048 2400 ) (-4096 2048 2400 ) (-4096 2048 64 ) 
4 174 206 (-3072 2048 -2560 ) (-3072 2048 0 ) (-4096 2048 0 ) (-4096 2048 -2560 ) 
4 175 184 (-1024 1024 0 ) (-1024 1024 -2560 ) (-576 1024 -2560 ) (-576 1024 0 ) 
4 175 179 (-1024 2048 -2352 ) (-1024 2048 -2560 ) (-1024 1024 -2560 ) (-1024 1024 -2352 ) 
4 175 176 (-1024 2048 0 ) (-1024 2048 -2352 ) (-1024 1024 -2352 ) (-1024 1024 0 ) 
4 176 185 (-1024 1024 -2352 ) (-1024 1024 0 ) (-1280 1024 0 ) (-1280 1024 -2352 ) 
4 176 179 (-1024 1024 -2352 ) (-1280 1024 -2352 ) (-1280 2048 -2352 ) (-1024 2048 -2352 ) 
4 176 177 (-1280 1213 -1584 ) (-1280 1213 0 ) (-1280 2048 0 ) (-1280 2048 -1584 ) 
4 176 178 (-1280 1213 -2352 ) (-1280 1024 -2352 ) (-1280 1024 0 ) (-1280 1213 0 ) 
4 177 178 (-1280 1213 -1584 ) (-1280 1213 0 ) (-1472 1213 0 ) (-1472 1213 -1584 ) 
4 178 185 (-1280 1024 0 ) (-1472 1024 0 ) (-1472 1024 -2352 ) (-1280 1024 -2352 ) 
4 178 179 (-1280 1024 -2352 ) (-1472 1024 -2352 ) (-1472 1213 -2352 ) (-1280 1213 -2352 ) 
4 179 185 (-1024 1024 -2560 ) (-1024 1024 -2352 ) (-1472 1024 -2352 ) (-1472 1024 -2560 ) 
4 180 186 (-1536 1024 4096 ) (-2048 1024 4096 ) (-2048 1024 64 ) (-1536 1024 64 ) 
4 180 182 (-2048 1024 64 ) (-2048 1024 4096 ) (-2048 2048 4096 ) (-2048 2048 64 ) 
4 181 187 (-2048 1024 0 ) (-2048 1024 -2560 ) (-1536 1024 -2560 ) (-1536 1024 0 ) 
4 181 183 (-2048 1024 -2560 ) (-2048 1024 0 ) (-2048 2048 0 ) (-2048 2048 -2560 ) 
4 182 205 (-3072 2048 4096 ) (-3072 2048 64 ) (-3072 1024 64 ) (-3072 1024 4096 ) 
4 182 203 (-2048 1024 64 ) (-2048 1024 4096 ) (-3072 1024 4096 ) (-3072 1024 64 ) 
4 183 206 (-3072 2048 0 ) (-3072 2048 -2560 ) (-3072 1024 -2560 ) (-3072 1024 0 ) 
4 183 204 (-2048 1024 -2560 ) (-2048 1024 0 ) (-3072 1024 0 ) (-3072 1024 -2560 ) 
4 184 200 (-1024 644 -2560 ) (-1024 512 -2560 ) (-1024 512 0 ) (-1024 644 0 ) 
4 184 198 (-1024 788 -2560 ) (-1024 644 -2560 ) (-1024 644 -291 ) (-1024 788 -291 ) 
4 184 196 (-1024 644 -291 ) (-1024 644 -283 ) (-1024 788 -283 ) (-1024 788 -291 ) 
4 184 193 (-1024 644 -283 ) (-1024 644 -155 ) (-1024 788 -155 ) (-1024 788 -283 ) 
4 184 191 (-1024 644 -155 ) (-1024 644 -147 ) (-1024 788 -147 ) (-1024 788 -155 ) 
4 184 188 (-1024 644 -147 ) (-1024 644 0 ) (-1024 788 0 ) (-1024 788 -147 ) 
4 184 185 (-1024 1024 0 ) (-1024 1024 -2560 ) (-1024 788 -2560 ) (-1024 788 0 ) 
4 185 198 (-1472 788 -2560 ) (-1024 788 -2560 ) (-1024 788 -291 ) (-1472 788 -291 ) 
4 185 196 (-1024 788 -291 ) (-1024 788 -283 ) (-1453.599976 788 -283 ) (-1453.599976 788 -291 ) 
4 185 193 (-1024 788 -283 ) (-1024 788 -155 ) (-1453.599976 788 -155 ) (-1453.599976 788 -283 ) 
4 185 191 (-1024 788 -155 ) (-1024 788 -147 ) (-1453.599976 788 -147 ) (-1453.599976 788 -155 ) 
4 185 188 (-1024 788 -147 ) (-1024 788 0 ) (-1472 788 0 ) (-1472 788 -147 ) 
4 186 203 (-2048 1024 4096 ) (-2048 1024 64 ) (-2048 788 64 ) (-2048 788 4096 ) 
4 186 189 (-1536 788 64 ) (-1536 788 4096 ) (-2048 788 4096 ) (-2048 788 64 ) 
4 187 204 (-2048 1024 0 ) (-2048 1024 -2560 ) (-2048 788 -2560 ) (-2048 788 0 ) 
4 187 199 (-2048 788 -2560 ) (-1536 788 -2560 ) (-1536 788 -291 ) (-2048 788 -291 ) 
4 187 197 (-1581.599976 788 -283 ) (-2048 788 -283 ) (-2048 788 -291 ) (-1581.599976 788 -291 ) 
4 187 195 (-1581.599976 788 -155 ) (-2048 788 -155 ) (-2048 788 -283 ) (-1581.599976 788 -283 ) 
4 187 192 (-1581.599976 788 -147 ) (-2048 788 -147 ) (-2048 788 -155 ) (-1581.599976 788 -155 ) 
4 187 190 (-1536 788 -147 ) (-1536 788 0 ) (-2048 788 0 ) (-2048 788 -147 ) 
4 188 200 (-1024 644 -147 ) (-1024 644 0 ) (-1472 644 0 ) (-1472 644 -147 ) 
4 188 191 (-1024 644 -147 ) (-1453.599976 644 -147 ) (-1453.599976 788 -147 ) (-1024 788 -147 ) 
4 189 203 (-2048 644 64 ) (-2048 644 4096 ) (-2048 788 4096 ) (-2048 788 64 ) 
4 189 201 (-1536 644 4096 ) (-2048 644 4096 ) (-2048 644 64 ) (-1536 644 64 ) 
4 190 204 (-2048 644 -147 ) (-2048 644 0 ) (-2048 788 0 ) (-2048 788 -147 ) 
4 190 202 (-2048 644 0 ) (-2048 644 -147 ) (-1536 644 -147 ) (-1536 644 0 ) 
4 190 192 (-1581.599976 644 -147 ) (-2048 644 -147 ) (-2048 788 -147 ) (-1581.599976 788 -147 ) 
4 191 200 (-1024 644 -155 ) (-1024 644 -147 ) (-1453.599976 644 -147 ) (-1453.599976 644 -155 ) 
4 191 193 (-1024 644 -155 ) (-1453.599976 644 -155 ) (-1453.599976 788 -155 ) (-1024 788 -155 ) 
4 192 204 (-2048 644 -155 ) (-2048 644 -147 ) (-2048 788 -147 ) (-2048 788 -155 ) 
4 192 202 (-1581.599976 644 -147 ) (-2048 644 -147 ) (-2048 644 -155 ) (-1581.599976 644 -155 ) 
4 192 195 (-1581.599976 644 -155 ) (-2048 644 -155 ) (-2048 788 -155 ) (-1581.599976 788 -155 ) 
4 193 200 (-1024 644 -283 ) (-1024 644 -155 ) (-1453.599976 644 -155 ) (-1453.599976 644 -283 ) 
4 193 196 (-1024 644 -283 ) (-1453.599976 644 -283 ) (-1453.599976 788 -283 ) (-1024 788 -283 ) 
4 193 194 (-1453.599976 780 -283 ) (-1453.599976 652 -283 ) (-1453.599976 652 -155 ) (-1453.599976 780 -155 ) 
4 194 195 (-1581.599976 780 -283 ) (-1581.599976 652 -283 ) (-1581.599976 652 -155 ) (-1581.599976 780 -155 ) 
4 195 204 (-2048 644 -283 ) (-2048 644 -155 ) (-2048 788 -155 ) (-2048 788 -283 ) 
4 195 202 (-1581.599976 644 -155 ) (-2048 644 -155 ) (-2048 644 -283 ) (-1581.599976 644 -283 ) 
4 195 197 (-1581.599976 644 -283 ) (-2048 644 -283 ) (-2048 788 -283 ) (-1581.599976 788 -283 ) 
4 196 200 (-1024 644 -291 ) (-1024 644 -283 ) (-1453.599976 644 -283 ) (-1453.599976 644 -291 ) 
4 196 198 (-1024 644 -291 ) (-1453.599976 644 -291 ) (-1453.599976 788 -291 ) (-1024 788 -291 ) 
4 197 204 (-2048 644 -291 ) (-2048 644 -283 ) (-2048 788 -283 ) (-2048 788 -291 ) 
4 197 202 (-1581.599976 644 -283 ) (-2048 644 -283 ) (-2048 644 -291 ) (-1581.599976 644 -291 ) 
4 197 199 (-1581.599976 644 -291 ) (-2048 644 -291 ) (-2048 788 -291 ) (-1581.599976 788 -291 ) 
4 198 200 (-1472 644 -2560 ) (-1024 644 -2560 ) (-1024 644 -291 ) (-1472 644 -291 ) 
4 199 204 (-2048 788 -2560 ) (-2048 644 -2560 ) (-2048 644 -291 ) (-2048 788 -291 ) 
4 199 202 (-2048 644 -2560 ) (-1536 644 -2560 ) (-1536 644 -291 ) (-2048 644 -291 ) 
4 201 203 (-2048 512 64 ) (-2048 512 4096 ) (-2048 644 4096 ) (-2048 644 64 ) 
4 202 204 (-2048 644 -2560 ) (-2048 512 -2560 ) (-2048 512 0 ) (-2048 644 0 ) 
4 203 220 (-3072 1024 3968 ) (-3072 1024 64 ) (-3072 512 64 ) (-3072 512 3968 ) 
4 203 218 (-3072 1024 3976 ) (-3072 1024 3968 ) (-3072 512 3968 ) (-3072 512 3976 ) 
4 203 209 (-3072 512 4096 ) (-3072 952 4096 ) (-3072 952 3976 ) (-3072 512 3976 ) 
4 203 207 (-3072 952 4096 ) (-3072 1024 4096 ) (-3072 1024 3976 ) (-3072 952 3976 ) 
4 204 221 (-3072 1024 0 ) (-3072 1024 -2560 ) (-3072 512 -2560 ) (-3072 512 0 ) 
4 205 220 (-3072 1024 64 ) (-3072 1024 3968 ) (-4096 1024 3968 ) (-4096 1024 64 ) 
4 205 219 (-3648 1024 3976 ) (-4096 1024 3976 ) (-4096 1024 3968 ) (-3648 1024 3968 ) 
4 205 218 (-3072 1024 3968 ) (-3072 1024 3976 ) (-3648 1024 3976 ) (-3648 1024 3968 ) 
4 205 208 (-3648 1024 4096 ) (-4096 1024 4096 ) (-4096 1024 3976 ) (-3648 1024 3976 ) 
4 205 207 (-3072 1024 3976 ) (-3072 1024 4096 ) (-3648 1024 4096 ) (-3648 1024 3976 ) 
4 206 221 (-3072 1024 -2560 ) (-3072 1024 0 ) (-4096 1024 0 ) (-4096 1024 -2560 ) 
4 207 218 (-3648 1024 3976 ) (-3072 1024 3976 ) (-3072 952 3976 ) (-3648 952 3976 ) 
4 207 209 (-3648 952 3976 ) (-3072 952 3976 ) (-3072 952 4096 ) (-3648 952 4096 ) 
4 207 208 (-3648 1024 3976 ) (-3648 960 3976 ) (-3648 960 4096 ) (-3648 1024 4096 ) 
4 208 219 (-4096 960 3976 ) (-4096 1024 3976 ) (-3648 1024 3976 ) (-3648 960 3976 ) 
4 209 218 (-3648 952 3976 ) (-3072 952 3976 ) (-3072 512 3976 ) (-3648 512 3976 ) 
4 210 213 (-3872 872 4072 ) (-3872 872 4096 ) (-3872 944 4096 ) (-3872 944 4072 ) 
4 210 214 (-3872 944 3976 ) (-3872 872 3976 ) (-3872 872 4040 ) (-3872 944 4040 ) 
4 210 212 (-3872 952 4096 ) (-3872 952 3976 ) (-3872 944 3976 ) (-3872 944 4096 ) 
4 211 216 (-3872 864 3976 ) (-3872 512 3976 ) (-3872 512 4096 ) (-3872 864 4096 ) 
4 212 213 (-3920 944 4096 ) (-3920 944 4072 ) (-3872 944 4072 ) (-3872 944 4096 ) 
4 212 214 (-3920 944 4040 ) (-3920 944 3976 ) (-3872 944 3976 ) (-3872 944 4040 ) 
4 212 215 (-3920 952 4096 ) (-3920 952 3976 ) (-3920 944 3976 ) (-3920 944 4096 ) 
4 213 216 (-3872 872 4072 ) (-3872 872 4096 ) (-3912 872 4096 ) (-3912 872 4072 ) 
4 213 215 (-3920 872 4072 ) (-3920 872 4096 ) (-3920 944 4096 ) (-3920 944 4072 ) 
4 214 216 (-3912 872 3976 ) (-3872 872 3976 ) (-3872 872 4040 ) (-3912 872 4040 ) 
4 214 215 (-3920 944 3976 ) (-3920 872 3976 ) (-3920 872 4040 ) (-3920 944 4040 ) 
4 215 217 (-4096 872 3976 ) (-3920 872 3976 ) (-3920 872 4096 ) (-4096 872 4096 ) 
4 218 220 (-3072 512 3968 ) (-3648 512 3968 ) (-3648 1024 3968 ) (-3072 1024 3968 ) 
4 218 219 (-3648 1024 3968 ) (-3648 960 3968 ) (-3648 960 3976 ) (-3648 1024 3976 ) 
4 219 220 (-4096 960 3968 ) (-4096 1024 3968 ) (-3648 1024 3968 ) (-3648 960 3968 ) 
